"frac-mass-ch4-rfile"
"Time Step" "frac-mass-ch4 etc.."
("Time Step" "frac-mass-ch4" "flow-time")
0 0.0001853534304708396 0
1 0.0002072781596357794 0.1
2 0.0002118051831183619 0.2
3 0.000169927245341812 0.3
4 0.0001268421271252644 0.4
5 9.206754686570396e-05 0.5
6 6.550148204134248e-05 0.6000000000000001
7 4.820118505538057e-05 0.7000000000000001
8 4.031505043338513e-05 0.8
9 3.722092052676785e-05 0.9
10 3.56104058735546e-05 1
11 3.388869089217654e-05 1.1
12 3.117797714187219e-05 1.2
13 2.78994781353223e-05 1.3
14 2.491530929981061e-05 1.4
15 2.288924717436676e-05 1.5
16 2.265761052266421e-05 1.6
17 2.237622864433564e-05 1.7
18 2.320096469638236e-05 1.8
19 2.540110809209085e-05 1.9
20 2.780382482882923e-05 2
21 3.281770106739427e-05 2.1
22 3.549568319605453e-05 2.2
23 4.273435308632885e-05 2.3
24 4.69335609729831e-05 2.4
25 5.1875515335434e-05 2.5
26 5.711129505891184e-05 2.6
27 6.247694630942853e-05 2.7
28 6.757631400258843e-05 2.8
29 7.187146038630207e-05 2.9
30 7.530503607129265e-05 3
31 7.756276396707279e-05 3.1
32 7.856670779969512e-05 3.2
33 7.833587808610521e-05 3.3
34 7.691878258818013e-05 3.4
35 7.467820314628627e-05 3.5
36 7.174123289922553e-05 3.6
37 6.832511784836999e-05 3.7
38 6.45698857132999e-05 3.8
39 6.078911991764929e-05 3.9
40 5.705635794107372e-05 4
41 5.34702268168439e-05 4.100000000000001
42 5.010233995199383e-05 4.2
43 4.6983633389144e-05 4.3
44 4.413533082442821e-05 4.4
45 4.155602667297387e-05 4.5
46 3.925284831604251e-05 4.600000000000001
47 3.723349725215034e-05 4.7
48 3.541123862311001e-05 4.800000000000001
49 3.379621446616407e-05 4.9
50 3.237479280541208e-05 5
51 3.111367485970729e-05 5.100000000000001
52 3.000679358033914e-05 5.2
53 2.900803493329423e-05 5.300000000000001
54 2.811436788313318e-05 5.4
55 2.727592304022278e-05 5.5
56 2.651000670843693e-05 5.600000000000001
57 2.579595385025947e-05 5.7
58 2.512383077167911e-05 5.800000000000001
59 2.448557340527577e-05 5.9
60 2.386285121514494e-05 6
61 2.326118411812474e-05 6.100000000000001
62 2.266864899764783e-05 6.2
63 2.208269310788586e-05 6.300000000000001
64 2.149259625094381e-05 6.4
65 2.090195199043951e-05 6.5
66 2.03151375257136e-05 6.600000000000001
67 1.972995585942077e-05 6.7
68 1.914910228322204e-05 6.800000000000001
69 1.856475919430211e-05 6.9
70 1.797487846731689e-05 7
71 1.739153675956053e-05 7.100000000000001
72 1.680548614026776e-05 7.2
73 1.623364457857448e-05 7.300000000000001
74 1.564788455180848e-05 7.4
75 1.508416925598241e-05 7.5
76 1.451855643812922e-05 7.600000000000001
77 1.396845196476031e-05 7.7
78 1.342527886008321e-05 7.800000000000001
79 1.289786851230753e-05 7.9
80 1.239025583484749e-05 8
81 1.189904925635581e-05 8.1
82 1.142913567776696e-05 8.200000000000001
83 1.098312024198154e-05 8.300000000000001
84 1.057508803537086e-05 8.4
85 1.021587048551142e-05 8.5
86 1.014123257270146e-05 8.6
87 9.83160200570581e-06 8.700000000000001
88 9.569865099947176e-06 8.800000000000001
89 9.523789205099113e-06 8.9
90 9.350459692446198e-06 9
91 9.315791329064757e-06 9.1
92 9.239205637050786e-06 9.200000000000001
93 9.231634570106131e-06 9.300000000000001
94 9.245161751870125e-06 9.4
95 9.2639378172607e-06 9.5
96 9.376359288501634e-06 9.600000000000001
97 9.422057102486563e-06 9.700000000000001
98 9.640559221564984e-06 9.800000000000001
99 9.716015945383495e-06 9.9
100 1.01642705968925e-05 10
101 1.01626673830221e-05 10.1
102 1.081689765360921e-05 10.2
103 1.083718765868229e-05 10.3
104 1.17494260267474e-05 10.4
105 1.189252668796692e-05 10.5
106 1.312985414996361e-05 10.6
107 1.334622589462245e-05 10.7
108 1.511491649600958e-05 10.8
109 1.559557188263686e-05 10.9
110 1.858201189950663e-05 11
111 1.913323567873704e-05 11.1
112 2.403132708603333e-05 11.2
113 2.49830445994338e-05 11.3
114 3.378088096924043e-05 11.4
115 3.613679632260645e-05 11.5
116 5.391182378437325e-05 11.6
117 5.89339140053194e-05 11.7
118 9.141966269966534e-05 11.8
119 0.0001011557088967839 11.9
120 0.0001476594468459436 12
121 0.0001714226618727372 12.1
122 0.0001886816662319649 12.2
123 0.0002634806181790006 12.3
124 0.0003022383999381857 12.4
125 0.0003350450016774952 12.5
126 0.0004565257139621629 12.6
127 0.000527652528754079 12.7
128 0.0008572177921465152 12.8
129 0.001352194229726238 12.9
130 0.001860213229674124 13
131 0.002368776005880973 13.1
132 0.002878062136977014 13.2
133 0.003388746163079411 13.3
134 0.003900993591403443 13.4
135 0.004417711278594424 13.5
136 0.004938333388057723 13.6
137 0.005460576982034494 13.7
138 0.005981844523549264 13.8
139 0.00650021018273172 13.9
140 0.007013743292997395 14
141 0.007521045247615944 14.1
142 0.0080211936964102 14.2
143 0.00851428163643793 14.3
144 0.009002237041441007 14.4
145 0.009449677999143407 14.5
146 0.009901420764740999 14.6
147 0.01038841481262158 14.7
148 0.01087444308500409 14.8
149 0.01132072779774604 14.9
150 0.01180705135031022 15
151 0.01225260919456156 15.1
152 0.01273779224300415 15.2
153 0.01318301614095187 15.3
154 0.01366693665439099 15.4
155 0.0141099850834144 15.5
156 0.01459326184132585 15.6
157 0.01503806257813919 15.7
158 0.01548472340761619 15.8
159 0.01596693629025916 15.9
160 0.01640966037406825 16
161 0.01689159999644228 16.1
162 0.01733380203616613 16.2
163 0.01777610950139899 16.3
164 0.01822080133352329 16.4
165 0.01870146217245228 16.5
166 0.01918162362226512 16.6
167 0.01962169459702288 16.7
168 0.02006250244156502 16.8
169 0.02050619332336761 16.9
170 0.02098559604634847 17
171 0.02142544488086483 17.1
172 0.02190454887626762 17.2
173 0.02234408261780479 17.3
174 0.02282263820673834 17.4
175 0.02326159277160402 17.5
176 0.02373971063821017 17.6
177 0.02417784653521927 17.7
178 0.02461652833480829 17.8
179 0.02509341933099569 17.9
180 0.02553148301760151 18
181 0.02596940217006139 18.1
182 0.02644614873212701 18.2
183 0.02688339949469241 18.3
184 0.02732068581041723 18.4
185 0.02779725886016504 18.5
186 0.02823494673825724 18.6
187 0.02871019819709796 18.7
188 0.02914621999626803 18.8
189 0.02958201458380792 18.9
190 0.0300563267936812 19
191 0.03049142003575182 19.1
192 0.03092649305042027 19.2
193 0.0313998482366017 19.3
194 0.03183415388941863 19.4
195 0.03227001240897851 19.5
196 0.03274355142346254 19.6
197 0.03317725848545617 19.7
198 0.03361075110080108 19.8
199 0.03408275233647431 19.9
200 0.03451566312679247 20
201 0.03498652852363804 20.1
202 0.03541860326155754 20.2
203 0.03585380327586621 20.3
204 0.03628899647198638 20.4
205 0.03675866919216348 20.5
206 0.03718973887902513 20.6
207 0.03765867994116653 20.7
208 0.03808925002066821 20.8
209 0.03851976766661526 20.9
210 0.03898824428410001 21
211 0.03941777187627284 21.1
212 0.03988602128247067 21.2
213 0.04031554343728901 21.3
214 0.04078298760748863 21.4
215 0.04121134016013264 21.5
216 0.0416395244269413 21.6
217 0.04210580529218528 21.7
218 0.0425333954299129 21.8
219 0.04299917862916109 21.9
220 0.04342670763065529 22
221 0.04385340029585412 22.1
222 0.04428051065532157 22.2
223 0.04474502342079018 22.3
224 0.04517076502022253 22.4
225 0.0455969844117232 22.5
226 0.04602300229950127 22.6
227 0.04645276370068656 22.7
228 0.04691584101244452 22.8
229 0.04734076488539526 22.9
230 0.04780350719441578 23
231 0.04822758258560307 23.1
232 0.04865200637730385 23.2
233 0.04907912418682624 23.3
234 0.0495406016970579 23.4
235 0.0499642318350709 23.5
236 0.05038728258320684 23.6
237 0.0508479151980011 23.7
238 0.0512705662709247 23.8
239 0.05169319121736065 23.9
240 0.05211535009129586 24
241 0.05257504787154486 24.1
242 0.05299626671684771 24.2
243 0.05341742177989339 24.3
244 0.05387608651691592 24.4
245 0.05429633734225034 24.5
246 0.05471640298808719 24.6
247 0.05513643056294477 24.7
248 0.05559373933834325 24.8
249 0.05601329289235774 24.9
250 0.05643236606965209 25
251 0.05685161741623783 25.1
252 0.05730813540001185 25.2
253 0.05772635779610306 25.3
254 0.05814465316976349 25.4
255 0.05856288450853703 25.5
256 0.05898103320386432 25.6
257 0.0594362127054523 25.7
258 0.05985360634383832 25.8
259 0.06027042455736965 25.9
260 0.06068746305763885 26
261 0.06114140005425304 26.1
262 0.06155760387418739 26.2
263 0.06197395748014416 26.3
264 0.06238991633490905 26.4
265 0.06284289440513686 26.5
266 0.06325818095367275 26.6
267 0.06367344694977846 26.7
268 0.06408873054984555 26.8
269 0.06450345210395589 26.9
270 0.06491811189540939 27
271 0.06533249063986318 27.1
272 0.06578367491033274 27.2
273 0.06619721310131835 27.3
274 0.06661055120409165 27.4
275 0.06702408561641073 27.5
276 0.06743721754647586 27.6
277 0.06785035704011458 27.7
278 0.06826334892845903 27.8
279 0.0687126360566183 27.9
280 0.06912445103587467 28
281 0.06953679377103306 28.1
282 0.06994864522371644 28.2
283 0.07035985918317755 28.3
284 0.07080788773426247 28.4
285 0.0712188245346861 28.5
286 0.07163243596968685 28.6
287 0.07204309054844006 28.7
288 0.07245324104063053 28.8
289 0.07286360667671297 28.9
290 0.07331020802968827 29
291 0.07371960387218904 29.1
292 0.0741294396806966 29.2
293 0.0745387401826083 29.3
294 0.07494756335079436 29.4
295 0.07535637317818319 29.5
296 0.0757650474454256 29.6
297 0.07617344498457712 29.7
298 0.07658150930034553 29.8
299 0.07698952859834196 29.9
300 0.07739718016490403 30
301 0.07780466270944142 30.1
302 0.07821185082642168 30.2
303 0.078622999698486 30.3
304 0.07906632172139445 30.4
305 0.07947293288650711 30.5
306 0.07987905576187232 30.6
307 0.08028532608452185 30.7
308 0.08069104486678562 30.8
309 0.08109689702885806 30.9
310 0.08150228851640627 31
311 0.08190717673599225 31.1
312 0.08231178367830984 31.2
313 0.08271937066409345 31.3
314 0.08312667189355269 31.4
315 0.08353428112126096 31.5
316 0.0839408813683087 31.6
317 0.08438112590609127 31.7
318 0.0847846368384636 31.8
319 0.08518800729372436 31.9
320 0.08559414050519568 32
321 0.08600074851444311 32.1
322 0.08640353646916241 32.2
323 0.08680604355983998 32.3
324 0.0872087268028946 32.4
325 0.08761084247396769 32.5
326 0.08801322761071784 32.6
327 0.08841452145618225 32.7
328 0.08881557448539946 32.8
329 0.08921688373466408 32.9
330 0.08961969294435748 33
331 0.09002053456678734 33.1
332 0.09042152683045092 33.2
333 0.09082206454397236 33.3
334 0.09122265676442573 33.4
335 0.09162247565502558 33.5
336 0.09202242774784959 33.6
337 0.09242173576995572 33.7
338 0.09282496400298403 33.8
339 0.09322393227017478 33.9
340 0.09362291013792844 34
341 0.09402185817083526 34.1
342 0.09442168814157803 34.2
343 0.09482024958126223 34.3
344 0.09521781519964512 34.4
345 0.09561526458969789 34.5
346 0.09601295316702899 34.6
347 0.09640990972427417 34.7
348 0.09681029067652826 34.8
349 0.09724292847318536 34.9
350 0.09763964256861822 35
351 0.09803708965171798 35.1
352 0.09843294793836709 35.2
353 0.09882912571644047 35.3
354 0.09922513943202155 35.4
355 0.09962038057905637 35.5
356 0.1000156273886191 35.6
357 0.100411060697747 35.7
358 0.1008063547883455 35.8
359 0.1012009961485583 35.9
360 0.1015956481124631 36
361 0.1019898009632588 36.1
362 0.102383587697953 36.2
363 0.1027772881945852 36.3
364 0.1031710249415596 36.4
365 0.1035642316936142 36.5
366 0.1039575532250709 36.6
367 0.1043505948830477 36.7
368 0.1047430833328336 36.8
369 0.1051359823671366 36.9
370 0.105528578257034 37
371 0.1059209171322169 37.1
372 0.1063127305796509 37.2
373 0.106704716903021 37.3
374 0.1070959236902261 37.4
375 0.1074871531114281 37.5
376 0.1078783978319418 37.6
377 0.1082693270335988 37.7
378 0.1086603343323154 37.8
379 0.1090505127609439 37.9
380 0.1094406293235241 38
381 0.1098309240535188 38.1
382 0.1102209243943761 38.2
383 0.1106108136723693 38.3
384 0.1110000523546078 38.40000000000001
385 0.1113893330816721 38.5
386 0.111778243619178 38.6
387 0.1121672089313277 38.7
388 0.1125557737414792 38.8
389 0.1129442793097697 38.90000000000001
390 0.1133327336931467 39
391 0.1137205491935033 39.1
392 0.1141086633770843 39.2
393 0.1144964875959164 39.3
394 0.1148835938694016 39.40000000000001
395 0.1152707111533455 39.5
396 0.1156576566076424 39.6
397 0.11604665098609 39.7
398 0.1164333468246653 39.8
399 0.1168192850756443 39.90000000000001
400 0.117205122121217 40
401 0.1175908801135887 40.1
402 0.1179768699433468 40.2
403 0.1183621848335285 40.3
404 0.1187476174652824 40.40000000000001
405 0.1191324311999445 40.5
406 0.119517298713288 40.6
407 0.1199020678468856 40.7
408 0.1202865597257368 40.8
409 0.1206745490521624 40.90000000000001
410 0.1210587248007218 41
411 0.1214419684360195 41.1
412 0.1218249912389186 41.2
413 0.1222078263089691 41.3
414 0.1225907212865722 41.40000000000001
415 0.1229732192113067 41.5
416 0.1233555987312079 41.6
417 0.1237375377601326 41.7
418 0.1241195043451528 41.8
419 0.1245015250311698 41.90000000000001
420 0.124883295292512 42
421 0.1252645889073341 42.1
422 0.1256455644969736 42.2
423 0.126026175366054 42.3
424 0.1264067018117961 42.40000000000001
425 0.1267873499898209 42.5
426 0.1271705017399829 42.6
427 0.1275499605079978 42.7
428 0.1279293999815685 42.8
429 0.1283084672246662 42.90000000000001
430 0.1286877145068074 43
431 0.1290663119163952 43.1
432 0.1294449185941367 43.2
433 0.1298230887460799 43.3
434 0.1302015217953851 43.40000000000001
435 0.1305797414015666 43.5
436 0.1309574721440502 43.6
437 0.1313348993416353 43.7
438 0.1317120246418992 43.8
439 0.1320892286555039 43.90000000000001
440 0.1324659521800173 44
441 0.1328420277745116 44.1
442 0.1332185946294193 44.2
443 0.1335947140919311 44.3
444 0.1339706244129581 44.40000000000001
445 0.1343460894230309 44.5
446 0.1347218731828477 44.6
447 0.1350967321659228 44.7
448 0.1354715096881796 44.8
449 0.1358498689736042 44.90000000000001
450 0.1362257931101122 45
451 0.1365999100468296 45.1
452 0.1369740745631912 45.2
453 0.1373505097740894 45.3
454 0.1377281803053707 45.40000000000001
455 0.138101480793722 45.5
456 0.1384745299016353 45.6
457 0.1388470893073125 45.7
458 0.139219606581295 45.8
459 0.13959402389923 45.90000000000001
460 0.1399662898326261 46
461 0.1403380767927748 46.1
462 0.1407100479236187 46.2
463 0.141081993241963 46.3
464 0.1414533236187914 46.40000000000001
465 0.1418275647887519 46.5
466 0.1421988304184928 46.6
467 0.1425698765290828 46.7
468 0.1429402213205087 46.8
469 0.1433109938394902 46.90000000000001
470 0.1436849314794646 47
471 0.1440546928512454 47.1
472 0.1444246144344155 47.2
473 0.1447940056100213 47.3
474 0.1451633428324025 47.40000000000001
475 0.1455322651695679 47.5
476 0.1459007970383912 47.6
477 0.1462696821012422 47.7
478 0.1466409724054556 47.8
479 0.1470123966278498 47.90000000000001
480 0.1473827819666916 48
481 0.1477506267416213 48.1
482 0.1481183474317242 48.2
483 0.148486141291512 48.3
484 0.1488538700928513 48.40000000000001
485 0.1492207142282131 48.5
486 0.1495877443898091 48.6
487 0.1499541899608381 48.7
488 0.1503206729477692 48.8
489 0.1506867465664241 48.90000000000001
490 0.1510526831807511 49
491 0.1514184391488806 49.1
492 0.1517839508855482 49.2
493 0.1521494386931208 49.3
494 0.15251487348541 49.40000000000001
495 0.152879968022559 49.5
496 0.1532449628222833 49.6
497 0.153609277621257 49.7
498 0.1539738380736222 49.8
499 0.1543379508574618 49.90000000000001
500 0.1547021722664238 50
501 0.1531364348075945 50.01
502 0.1511095944883057 50.02
503 0.1491635628787127 50.03
504 0.1469000473877537 50.04
505 0.144313894315614 50.05
506 0.1416107236257329 50.06
507 0.1388419495224227 50.07
508 0.1360408707446717 50.08
509 0.1332476790573935 50.09
510 0.1304590917413353 50.1
511 0.1276914363101934 50.11
512 0.1249416127021784 50.12
513 0.1222412254361464 50.13
514 0.1196291186377524 50.14
515 0.1171111350037184 50.15
516 0.1146980245689336 50.16
517 0.1124171090657038 50.17
518 0.1102501411687049 50.18
519 0.1081932237183162 50.19
520 0.106267672406939 50.2
521 0.1044635138153222 50.21
522 0.1027820445761577 50.22
523 0.1012019501593746 50.23
524 0.0997200317332911 50.24
525 0.09833406139027524 50.25
526 0.09703418231213448 50.26
527 0.09579632235784898 50.27
528 0.09459363197393962 50.28
529 0.09343824221118084 50.29
530 0.09231385766102386 50.3
531 0.09120779911113264 50.31
532 0.09010462648648514 50.32
533 0.08900708858026014 50.33
534 0.08790707085819709 50.34
535 0.08680477726219876 50.35
536 0.08570410841849897 50.36
537 0.0845972732436012 50.37
538 0.08349411473306177 50.38
539 0.08240156093537039 50.39
540 0.08132653773463162 50.4
541 0.0802755085504545 50.41
542 0.07925078474657139 50.42
543 0.0782550243045811 50.43
544 0.07729195284707269 50.44
545 0.07636955889594216 50.45
546 0.07548804423629386 50.46
547 0.07464476294469971 50.47
548 0.07383614268936547 50.48
549 0.07305066810603064 50.49
550 0.07227205995413583 50.5
551 0.07150928461183038 50.51
552 0.07076719811793865 50.52
553 0.07002371406077483 50.53
554 0.06929370004384013 50.54
555 0.06856859002140606 50.55
556 0.06785519863574781 50.56
557 0.067152480317534 50.57
558 0.06645695897889788 50.58
559 0.06576864399140034 50.59
560 0.06508992943396956 50.6
561 0.06442196963747064 50.61
562 0.06377133894399405 50.62
563 0.06313396465087766 50.63
564 0.06250835468746607 50.64
565 0.06189949613734189 50.65
566 0.06131068347297567 50.66
567 0.06073779566700093 50.67
568 0.06018181727600209 50.68
569 0.05963718976128558 50.69
570 0.05910432565539411 50.7
571 0.05858210275214005 50.71
572 0.05807074326909855 50.72
573 0.05757072699157518 50.73
574 0.05707841408360492 50.74
575 0.05659363927758944 50.75
576 0.0561164060597328 50.76
577 0.0556443028388001 50.77
578 0.05517729034985636 50.78
579 0.05471680619141387 50.79
580 0.05426062381312934 50.8
581 0.05381084596220886 50.81
582 0.05337179046319949 50.82
583 0.05293903797578999 50.83
584 0.05250948882525749 50.84
585 0.05208555864227225 50.85
586 0.05166907674062462 50.86
587 0.05126196010507555 50.87
588 0.05086165325169047 50.88
589 0.05047028713133641 50.89
590 0.05008638582868626 50.9
591 0.04970590757865397 50.91
592 0.04933450051793628 50.92
593 0.04896907793929516 50.93
594 0.0486084179953846 50.94
595 0.04825759144192823 50.95
596 0.04791379465247064 50.96
597 0.04757319553646065 50.97
598 0.04723942348474021 50.98
599 0.04691383491096433 50.99
600 0.04659290587963928 51
601 0.04627567538359718 51.01
602 0.04596156861721994 51.02
603 0.04565310202880092 51.03
604 0.04535027959248132 51.04
605 0.04505353077391058 51.05
606 0.04475831986043198 51.06
607 0.04446348133840189 51.07
608 0.044174192773915 51.08
609 0.0438937107286164 51.09
610 0.04361705488237374 51.1
611 0.04334268005074618 51.11
612 0.0430697879036803 51.12
613 0.04280103932086502 51.13
614 0.04253782176028602 51.14
615 0.04227812541633262 51.15
616 0.04202032495421679 51.16
617 0.04176587743701404 51.17
618 0.04151380633807708 51.18
619 0.0412640340606094 51.19
620 0.04101661077136383 51.2
621 0.04077066794906327 51.21
622 0.04052603431078987 51.22
623 0.04028316394097819 51.23
624 0.04004119109541762 51.24
625 0.03980170472526717 51.25
626 0.03956544629609204 51.26
627 0.03933184369314681 51.27
628 0.03910161610442442 51.28
629 0.03887474874970593 51.29
630 0.03864954911044743 51.3
631 0.03842821077404978 51.31
632 0.03821350846707609 51.32
633 0.03799999679174058 51.33
634 0.03778912391444481 51.34
635 0.0375807751060046 51.35
636 0.03737331469157956 51.36
637 0.03716553171193566 51.37
638 0.03695787597565305 51.38
639 0.03675086280808404 51.39
640 0.03654718746538305 51.4
641 0.0363459417442886 51.41
642 0.03614649401490257 51.42
643 0.03594759173787396 51.43
644 0.0357527773033106 51.44
645 0.03555986072411343 51.45
646 0.03536933342783861 51.46
647 0.0351812550944567 51.47
648 0.03499584357817612 51.48
649 0.03481178172093802 51.49
650 0.034629157371066 51.5
651 0.03444687928292298 51.51
652 0.03426569520494433 51.52
653 0.034086692545807 51.53
654 0.03391057961390939 51.54
655 0.03373620233924933 51.55
656 0.03356397142757502 51.56
657 0.03339476760739198 51.57
658 0.03322803405005186 51.58
659 0.03306300321720369 51.59
660 0.03289892232012178 51.6
661 0.0327385352049321 51.61
662 0.03257879449424652 51.62
663 0.03242362605367843 51.63
664 0.03226851459265283 51.64
665 0.0321140743055519 51.65
666 0.03195935447502567 51.66
667 0.03180346883949585 51.67
668 0.0316469914505415 51.68
669 0.03149214571369777 51.69
670 0.03133940738034136 51.7
671 0.03118855758905751 51.71
672 0.03104038689692397 51.72
673 0.03089417980814818 51.73
674 0.03074814469530411 51.74
675 0.03060250261124004 51.75
676 0.03045908353211266 51.76
677 0.03031672083432446 51.77
678 0.03017548751022464 51.78
679 0.03003403603035323 51.79
680 0.02989330641626692 51.8
681 0.02975498810488214 51.81
682 0.02961958881012643 51.82
683 0.02948607843111151 51.83
684 0.02935334999188 51.84
685 0.02922095738359527 51.85
686 0.02909055520149744 51.86
687 0.02896122582970886 51.87
688 0.02883421647347201 51.88
689 0.02870918033214045 51.89
690 0.0285855270713587 51.9
691 0.02846174832566388 51.91
692 0.02834003870980215 51.92
693 0.02822003632777434 51.93
694 0.02810108910691062 51.94
695 0.02798240653938211 51.95
696 0.02786386553656986 51.96
697 0.02774525332254555 51.97
698 0.0276260313784896 51.98
699 0.02750815282535473 51.99
700 0.02739155008594081 52
701 0.02727683907203447 52.01
702 0.02716267851028422 52.02
703 0.02705024553321866 52.03
704 0.02693955551806961 52.04
705 0.0268292707795756 52.05
706 0.02672006347838513 52.06
707 0.02661026458493611 52.07
708 0.02650072168351936 52.08
709 0.02639142954160353 52.09
710 0.0262825913361318 52.1
711 0.02617567961866888 52.11
712 0.02606938961045769 52.12
713 0.02596323789193836 52.13
714 0.02585793677841303 52.14
715 0.02575325998295201 52.15
716 0.02564945709008069 52.16
717 0.02554727253655626 52.17
718 0.02544466039640657 52.18
719 0.02534162364760564 52.19
720 0.025238571571183 52.2
721 0.02513564761080537 52.21
722 0.02503400200889972 52.22
723 0.02493354291179216 52.23
724 0.02483446570699489 52.24
725 0.02473740368248387 52.25
726 0.02464314485407569 52.26
727 0.02454904784293552 52.27
728 0.02445514694755475 52.28
729 0.02436078654268046 52.29
730 0.02426742497837043 52.3
731 0.02417520333490875 52.31
732 0.02408410544485394 52.32
733 0.02399280693381309 52.33
734 0.0239020498124876 52.34
735 0.02381052142591546 52.35
736 0.02371947442047328 52.36
737 0.02362851077455512 52.37
738 0.02353954672740219 52.38
739 0.02345178290980552 52.39
740 0.02336534452952449 52.4
741 0.02328003230038171 52.41
742 0.02319610914954583 52.42
743 0.02311286269666953 52.43
744 0.0230288254333789 52.44
745 0.02294526194248987 52.45
746 0.02286231375714919 52.46
747 0.02278018816338212 52.47
748 0.02269890369823801 52.48
749 0.02261963659545065 52.49
750 0.02254117967478874 52.5
751 0.02246316845692001 52.51
752 0.02238538833070223 52.52
753 0.0223071832847984 52.53
754 0.02222878923178559 52.54
755 0.0221505996615854 52.55
756 0.02207289249808897 52.56
757 0.02199609229246044 52.57
758 0.02191907113799373 52.58
759 0.02184194004690245 52.59
760 0.02176628002629874 52.6
761 0.02169144882927519 52.61
762 0.02161737287660528 52.62
763 0.0215439394503648 52.63
764 0.02147004364856544 52.64
765 0.02139675481860108 52.65
766 0.02132332965016083 52.66
767 0.02124917749118506 52.67
768 0.02117518908735738 52.68
769 0.02110162022792201 52.69
770 0.02102880059231375 52.7
771 0.02095640571565371 52.71
772 0.02088342102607676 52.72
773 0.02081007154897367 52.73
774 0.02073773126704501 52.74
775 0.02066641219798648 52.75
776 0.02059577188674109 52.76
777 0.02052238326639523 52.77
778 0.02044874508488997 52.78
779 0.02037724851281176 52.79
780 0.02031278024520481 52.8
781 0.02024899589273122 52.81
782 0.02018789447544451 52.82
783 0.02012608562018837 52.83
784 0.02006229520135735 52.84
785 0.01999784534244404 52.85
786 0.01993269712839198 52.86
787 0.01986799225621477 52.87
788 0.01980425845590658 52.88
789 0.01974201528401183 52.89
790 0.01968008365936494 52.9
791 0.01961786429580245 52.91
792 0.01955515222742552 52.92
793 0.01949179956259283 52.93
794 0.01942868792349965 52.94
795 0.01936730378658313 52.95
796 0.01930666903558135 52.96
797 0.01924751796139108 52.97
798 0.01918856970407467 52.98
799 0.01912933958271817 52.99
800 0.01907023874443473 53
801 0.01901065097635475 53.01
802 0.0189510725753291 53.02
803 0.01889189059898515 53.03
804 0.01883311576999553 53.04
805 0.01877518774705967 53.05
806 0.01871842673447615 53.06
807 0.0186621184414601 53.07
808 0.01860600028608288 53.08
809 0.01855003705160565 53.09
810 0.01849402641303385 53.1
811 0.01843786510349497 53.11
812 0.01838155716398433 53.12
813 0.01832609804848566 53.13
814 0.0182710417309967 53.14
815 0.01821582373570248 53.15
816 0.01816128788210968 53.16
817 0.01810760854133725 53.17
818 0.0180543486163563 53.18
819 0.01800058515682637 53.19
820 0.01794616462421517 53.2
821 0.01789167740489697 53.21
822 0.01783731498803097 53.22
823 0.01778277889320189 53.23
824 0.01772880339496951 53.24
825 0.01767406557611679 53.25
826 0.01761790652130239 53.26
827 0.01756147338602678 53.27
828 0.01750477435400291 53.28
829 0.01744875508655192 53.29
830 0.01739377958029055 53.3
831 0.01734131603247223 53.31
832 0.01729221984085936 53.32
833 0.01724473514891529 53.33
834 0.01719659426317569 53.34
835 0.01714767366119903 53.35
836 0.01709645260631503 53.36
837 0.01704850610102715 53.37
838 0.01699691287544376 53.38
839 0.01697200041189651 53.39
840 0.01694913249000496 53.4
841 0.0169110626843488 53.41
842 0.01686037488065657 53.42
843 0.01679665643469409 53.43
844 0.01672774917916093 53.44
845 0.01665804268161504 53.45
846 0.01659582180411993 53.46
847 0.01654060061701049 53.47
848 0.01649406410440478 53.48
849 0.01645204180614658 53.49
850 0.01640818850973001 53.5
851 0.01635977715930869 53.51
852 0.01630621163372794 53.52
853 0.0162498100942481 53.53
854 0.01619326692141353 53.54
855 0.01613841794370299 53.55
856 0.01608435180101591 53.56
857 0.01603279194568348 53.57
858 0.01598288092356867 53.58
859 0.01593463409160071 53.59
860 0.0158852118573775 53.6
861 0.01583351142717207 53.61
862 0.01577926348837925 53.62
863 0.01572427299824233 53.63
864 0.01567474198751486 53.64
865 0.01563335382789429 53.65
866 0.01558929277271087 53.66
867 0.01554261298478492 53.67
868 0.01548702354684444 53.68
869 0.01542471064133527 53.69
870 0.01536132534747882 53.7
871 0.01530019177884611 53.71
872 0.015249622414703 53.72
873 0.01520108386861193 53.73
874 0.01515372010283477 53.74
875 0.01510926156293335 53.75
876 0.0150656765436491 53.76
877 0.01502752288317108 53.77
878 0.01498725576376585 53.78
879 0.01494470408233794 53.79
880 0.01489996378072032 53.8
881 0.01485641585259627 53.81
882 0.01480631693914817 53.82
883 0.01473152439991993 53.83
884 0.01465206097534962 53.84
885 0.01457418921776944 53.85
886 0.01449590840218805 53.86
887 0.01439495051891342 53.87
888 0.01431484063595177 53.88
889 0.01424276533370456 53.89
890 0.01418298217263253 53.9
891 0.0141251338157342 53.91
892 0.01408411721701725 53.92
893 0.0140460534650489 53.93
894 0.01399398345165252 53.94
895 0.0139622008177753 53.95
896 0.01393630608094975 53.96
897 0.01391965472064268 53.97
898 0.01390031753010204 53.98
899 0.01387582061561162 53.99
900 0.01384287535140877 54
901 0.01380091892337146 54.01
902 0.0137487398399681 54.02
903 0.0136893915527071 54.03
904 0.01361925834745496 54.04
905 0.01353833558221621 54.05
906 0.01345715781688282 54.06
907 0.01337311913308683 54.07
908 0.01329050305395603 54.08
909 0.01320910664279617 54.09
910 0.01312610457179623 54.1
911 0.0130435779345085 54.11
912 0.01296009591461262 54.12
913 0.01287674407311541 54.13
914 0.01278798318803303 54.14
915 0.01269792325933446 54.15
916 0.01261083979916186 54.16
917 0.01252470210660018 54.17
918 0.01243576658942882 54.18
919 0.01235008690896218 54.19
920 0.0122885895754174 54.2
921 0.01225584582980204 54.21
922 0.01223846576276929 54.22
923 0.0122250048480554 54.23
924 0.01221054307403916 54.24
925 0.01219219514902757 54.25
926 0.01216701611389794 54.26
927 0.01213865380433188 54.27
928 0.01208115885851926 54.28
929 0.01191182272079465 54.29
930 0.01179851205787882 54.3
931 0.01166213789781225 54.31
932 0.01151390263040922 54.32
933 0.0113459575497888 54.33
934 0.01116063940679324 54.34
935 0.01092306397304364 54.35
936 0.01065015108245712 54.36
937 0.01036518148412289 54.37
938 0.01009041486322067 54.38
939 0.009837798838462154 54.39
940 0.009615428784677686 54.4
941 0.009422902979825693 54.41
942 0.009263926906573803 54.42
943 0.009133148361521922 54.43
944 0.009026646073398774 54.44
945 0.008943065966855727 54.45
946 0.008880738670467321 54.46
947 0.00883331293119205 54.47
948 0.00879094602725557 54.48
949 0.008753181422179577 54.49
950 0.008703733750972591 54.5
951 0.008641898333245248 54.51
952 0.008559758339356875 54.52
953 0.008467057884496676 54.53
954 0.008374513589597144 54.54
955 0.008281467834484021 54.55
956 0.008197620657414308 54.56
957 0.008115194584682848 54.57
958 0.008029978669177887 54.58
959 0.00794472303083796 54.59
960 0.007864328462040779 54.6
961 0.007837299509202769 54.61
962 0.00782531080215197 54.62
963 0.007819739634337474 54.63
964 0.007781055887091621 54.64
965 0.007717164752508215 54.65
966 0.007630030013865046 54.66
967 0.007573090124776504 54.67
968 0.007530003237227298 54.68
969 0.007485276981789945 54.69
970 0.007423999984993828 54.7
971 0.007339561432119953 54.71
972 0.007235545495218451 54.72
973 0.007140209977666291 54.73
974 0.007054913264315951 54.74
975 0.006986655325760742 54.75
976 0.006929041043986435 54.76
977 0.006881707261532773 54.77
978 0.006831599928138077 54.78
979 0.006771142301983619 54.79
980 0.00668102183772482 54.8
981 0.006578269274324013 54.81
982 0.006473312085367356 54.82
983 0.006430007040362412 54.83
984 0.00641722743654064 54.84
985 0.006406342417960405 54.85
986 0.006388847131054659 54.86
987 0.006340853134646805 54.87
988 0.006268760519069993 54.88
989 0.006178381399598919 54.89
990 0.006115747425135512 54.9
991 0.006060055076692421 54.91
992 0.005999246562743581 54.92
993 0.005939375003109757 54.93
994 0.005885947540203942 54.94
995 0.005823567896563553 54.95
996 0.005750570457959395 54.96
997 0.005687908952121208 54.97
998 0.005638743243657882 54.98
999 0.005622374723392019 54.99
1000 0.00561709335412269 55
1001 0.005611976194455149 55.01
1002 0.005618032055144533 55.02
1003 0.005627707931355651 55.03
1004 0.005826119574356919 55.04
1005 0.005223907700362284 55.05
1006 0.005210842649595004 55.06
1007 0.005192479572963552 55.07
1008 0.005213066991243053 55.08
1009 0.005253146377124578 55.09
1010 0.005279157289329223 55.1
1011 0.00551337964286314 55.11
1012 0.005570019287836075 55.12
1013 0.007269593742779867 55.13
1014 0.00430159403406512 55.14
1015 0.004482763018476698 55.15
1016 0.005931809663176288 55.16
1017 0.008692814708393793 55.17
1018 0.004294534702584818 55.18
1019 0.004257046624588545 55.19
1020 0.005635450281818674 55.2
1021 0.005457487707229057 55.21
1022 0.005660490918616946 55.22
1023 0.006089525575996006 55.23
1024 0.007805113021494574 55.24
1025 0.006936278273628179 55.25
1026 0.007288450803039765 55.26
1027 0.005272267359558071 55.27
1028 0.005195851406299236 55.28
1029 0.008169678691435927 55.29
1030 0.01255076867774431 55.3
1031 0.01749697247370734 55.31
1032 0.02827889483364093 55.32
1033 0.018328852707962 55.33
1034 0.02215564857301366 55.34
1035 0.02529324233586006 55.35
1036 0.02785611212210604 55.36
1037 0.0285225692449888 55.37
1038 0.02692860718620254 55.38
1039 0.02372121147774932 55.39
1040 0.01957232270415961 55.4
1041 0.01495808467624278 55.41
1042 0.01003322335543994 55.42
1043 0.00675245195218887 55.43
1044 0.005151024233194907 55.44
1045 0.003773115642378847 55.45
1046 0.003071964438588422 55.46
1047 0.002669116169591936 55.47
1048 0.002453738860016604 55.48
1049 0.002277345928009324 55.49
1050 0.002250409112314991 55.5
1051 0.002992016515332472 55.51
1052 0.002688567678401802 55.52
1053 0.002868692885405309 55.53
1054 0.002624775112183957 55.54
1055 0.002543300949582137 55.55
1056 0.002384458470018689 55.56
1057 0.002532198061120427 55.57
1058 0.002446895068403207 55.58
1059 0.002329348573609609 55.59
1060 0.002247534157908535 55.6
1061 0.002179175924239356 55.61
1062 0.00211914283649635 55.62
1063 0.001996602316408191 55.63
1064 0.001963987148595207 55.64
1065 0.001930249558492914 55.65
1066 0.001889765909802355 55.66
1067 0.001858392558322961 55.67
1068 0.001822467221130022 55.68
1069 0.001781428586819511 55.69
1070 0.001747798156917353 55.7
1071 0.001755378088412452 55.71
1072 0.001704713156833836 55.72
1073 0.001674320769904479 55.73
1074 0.001643296968143018 55.74
1075 0.001648131025264653 55.75
1076 0.001644077345298426 55.76
1077 0.001637447558214431 55.77
1078 0.001630250492694865 55.78
1079 0.001623557652901233 55.79
1080 0.001617796521123751 55.8
1081 0.001684117188842276 55.81
1082 0.001701166412634067 55.82
1083 0.001715967546032696 55.83
1084 0.001715141978114716 55.84
1085 0.001709434606653937 55.85
1086 0.001646824093959292 55.86
1087 0.001702953574115321 55.87
1088 0.001649826002732361 55.88
1089 0.00174065685480984 55.89
1090 0.001696525666856123 55.9
1091 0.001664966979861986 55.91
1092 0.001664917831480713 55.92
1093 0.001670449827007372 55.93
1094 0.001678382222087216 55.94
1095 0.001687964200551486 55.95
1096 0.001707505706681717 55.96
1097 0.001779669001094604 55.97
1098 0.001750732496399614 55.98
1099 0.001820805050561162 55.99
1100 0.001865175622729606 56
1101 0.001876181461086374 56.01
1102 0.001900354233642902 56.02
1103 0.00192139661518341 56.03
1104 0.001898500561107985 56.04
1105 0.001901880487538186 56.05
1106 0.001918897569542442 56.06
1107 0.001937915052577821 56.07
1108 0.001967696325636605 56.08
1109 0.002001181812255076 56.09
1110 0.00203607573877852 56.1
1111 0.002075465935832046 56.11
1112 0.002117633518950115 56.12
1113 0.00216402569968516 56.13
1114 0.002214176635022544 56.14
1115 0.002268261195358894 56.15
1116 0.002326641902457291 56.16
1117 0.002389628653631492 56.17
1118 0.002457549258418696 56.18
1119 0.00253080034411962 56.19
1120 0.002609858491452076 56.2
1121 0.002695070877967639 56.21
1122 0.002786998014298813 56.22
1123 0.002886157940263994 56.23
1124 0.002993032972368442 56.24
1125 0.003108302523354152 56.25
1126 0.003232657150307877 56.26
1127 0.003366743858987412 56.27
1128 0.003511225448107387 56.28
1129 0.003666982752911463 56.29
1130 0.00383523714124824 56.3
1131 0.004016963282060869 56.31
1132 0.004213065587260282 56.32
1133 0.004424292893055127 56.33
1134 0.00465210673162395 56.34
1135 0.00489790601283528 56.35
1136 0.005163140127201129 56.36
1137 0.005449362710680056 56.37
1138 0.005758171852309071 56.38
1139 0.006091492364316749 56.39
1140 0.006451241416532929 56.4
1141 0.006839627638228605 56.41
1142 0.007258763710726195 56.42
1143 0.007710931051746504 56.43
1144 0.008198576254140952 56.44
1145 0.008724556955232322 56.45
1146 0.009292017333296963 56.46
1147 0.009904732779448424 56.47
1148 0.01056507911196692 56.48
1149 0.01127706138837975 56.49
1150 0.01204665128948957 56.5
1151 0.01292481354604755 56.51
1152 0.01385047208842114 56.52
1153 0.01480877298871418 56.53
1154 0.01581444445696198 56.54
1155 0.01688226290160024 56.55
1156 0.01801855331469705 56.56
1157 0.01922862190320677 56.57
1158 0.02051710098005081 56.58
1159 0.02188841483119305 56.59
1160 0.02334748367547696 56.6
1161 0.02489994592006 56.61
1162 0.02654969173359449 56.62
1163 0.02829950774579361 56.63
1164 0.03015405395022992 56.64
1165 0.03211866544224645 56.65
1166 0.03420199383236548 56.66
1167 0.03641604747522029 56.67
1168 0.03877150055609513 56.68
1169 0.04128089829853677 56.69
1170 0.04395294030786425 56.7
1171 0.0468005194866355 56.71
1172 0.04982824356500951 56.72
1173 0.05306171121462362 56.73
1174 0.05651616150796186 56.74
1175 0.06018798206493649 56.75
1176 0.06411322735881464 56.76
1177 0.06826766671621078 56.77
1178 0.07269781821352853 56.78
1179 0.0773821833693135 56.79
1180 0.08234007039552339 56.8
1181 0.08755537718650032 56.81
1182 0.09311388388241816 56.82
1183 0.09911145595695907 56.83
1184 0.1040072642627934 56.84
1185 0.1075369814680021 56.85
1186 0.09785916154747359 56.86
1187 0.09038378464402909 56.87
1188 0.0829408664945131 56.88
1189 0.07917918288622375 56.89
1190 0.07448755025581727 56.9
1191 0.06495755751258539 56.91
1192 0.06232839924385798 56.92
1193 0.06125780621965665 56.93
1194 0.06061008712968558 56.94
1195 0.06162965020759012 56.95
1196 0.06211109920547182 56.96
1197 0.06544822914779745 56.97
1198 0.06749896191369899 56.98
1199 0.06681873932402935 56.99
1200 0.06286857957184371 57
1201 0.05836982421105971 57.01
1202 0.04733852254979771 57.02
1203 0.04417751627833532 57.03
1204 0.03943951745900125 57.04
1205 0.03471478747776713 57.05
1206 0.03417758720991639 57.06
1207 0.02880010686198155 57.07
1208 0.02464726758614224 57.08
1209 0.02236738241394156 57.09
1210 0.02168646515472639 57.1
1211 0.01987850354110916 57.11
1212 0.01837352202961928 57.12
1213 0.01729491189809757 57.13
1214 0.0162773367316835 57.14
1215 0.01527902307086195 57.15
1216 0.01447421789948876 57.16
1217 0.01338854882013886 57.17
1218 0.01205968794623267 57.18
1219 0.01129477587008325 57.19
1220 0.01074538172483776 57.2
1221 0.01005501090635258 57.21
1222 0.009282933337085877 57.22
1223 0.00822648198890198 57.23
1224 0.007297251466061733 57.24
1225 0.006120389944733178 57.25
1226 0.005344882113118281 57.26
1227 0.004889151872809244 57.27
1228 0.00411974862316669 57.28
1229 0.003448370995127354 57.29
1230 0.003220405818324963 57.3
1231 0.01247309636944898 57.31
1232 0.009728824338165147 57.32
1233 0.008833192596386021 57.33
1234 0.008577220986602236 57.34
1235 0.009798413755203659 57.35
1236 0.009981803830635429 57.36
1237 0.01003894259499883 57.37
1238 0.009975808985143499 57.38
1239 0.009899981028932881 57.39
1240 0.009876456638926574 57.4
1241 0.009770723674238476 57.41
1242 0.009547055183227193 57.42
1243 0.009881624368629485 57.43
1244 0.01000634809464868 57.44
1245 0.01038848595873263 57.45
1246 0.01057873875460154 57.46
1247 0.01079253908248879 57.47
1248 0.01084113058931992 57.48
1249 0.01102467384888121 57.49
1250 0.01125728688253425 57.5
1251 0.01150114062468418 57.51
1252 0.01193698662411619 57.52
1253 0.0124381836974189 57.53
1254 0.01283746805503477 57.54
1255 0.01307693899129247 57.55
1256 0.01347697414898835 57.56
1257 0.01382733633286145 57.57
1258 0.01388862669799919 57.58
1259 0.01378686435185899 57.59
1260 0.01365599166701115 57.6
1261 0.01361821989857533 57.61
1262 0.01375713698367166 57.62
1263 0.01402860894296741 57.63
1264 0.01395883661247358 57.64
1265 0.0134477989215497 57.65
1266 0.01290649190885858 57.66
1267 0.01233697733899061 57.67
1268 0.01183408812276098 57.68
1269 0.01146847304977902 57.69
1270 0.0112604411800882 57.7
1271 0.01101931218480954 57.71
1272 0.01069629916114093 57.72
1273 0.01020736296472948 57.73
1274 0.009584382890032713 57.74
1275 0.009177721558792241 57.75
1276 0.008578237646966861 57.76
1277 0.007902859531063264 57.77
1278 0.007355669453668642 57.78
1279 0.006994476956616106 57.79
1280 0.006786935826206961 57.8
1281 0.006824415743225331 57.81
1282 0.006959352067010083 57.82
1283 0.00704919372094935 57.83
1284 0.007087601389265767 57.84
1285 0.007214102637559928 57.85
1286 0.007398190628545873 57.86
1287 0.007669961815129116 57.87
1288 0.007904738917316478 57.88
1289 0.007998164797912984 57.89
1290 0.008237237532067922 57.9
1291 0.008323032477264538 57.91
1292 0.008194617271649928 57.92
1293 0.007965728080366248 57.93
1294 0.007771354252489045 57.94
1295 0.007223570098255552 57.95
1296 0.006507075831079458 57.96
1297 0.005897036616948433 57.97
1298 0.005504610110208415 57.98
1299 0.005388617216869457 57.99
1300 0.005434979791312823 58
1301 0.005254389785252356 58.01
1302 0.004989602081097059 58.02
1303 0.004638131466070646 58.03
1304 0.004279823546843067 58.04
1305 0.003851086257347567 58.05
1306 0.003361367079949555 58.06
1307 0.003143235614826727 58.07
1308 0.003103013423965983 58.08
1309 0.003056402136337652 58.09
1310 0.003000025450995587 58.1
1311 0.002910933328088157 58.11
1312 0.00280489788847343 58.12
1313 0.002839184965868053 58.13
1314 0.002763998106292012 58.14
1315 0.002596572819964494 58.15
1316 0.002277432973787977 58.16
1317 0.001935870428895195 58.17
1318 0.001756035580815611 58.18
1319 0.001556107047560543 58.19
1320 0.001255924291238017 58.2
1321 0.0009786814647004508 58.21
1322 0.0007481617237625515 58.22
1323 0.0005762889035257029 58.23
1324 0.0004218151719716792 58.24
1325 0.0002838028573110795 58.25
1326 0.0001816572336812394 58.26
1327 0.0001073355112488138 58.27
1328 5.623051119840467e-05 58.28
1329 2.549485676499178e-05 58.29
1330 1.020658532830211e-05 58.3
1331 3.831211704813285e-06 58.31
1332 1.306136977208672e-06 58.32
1333 6.305557054420782e-07 58.33
1334 6.08444614570684e-07 58.34
1335 6.889983877535043e-07 58.35
1336 2.954116557691618e-07 58.36
1337 1.631694691742342e-07 58.37
1338 1.391759213471826e-07 58.38
1339 1.230687743592249e-07 58.39
1340 1.093368230744028e-07 58.4
1341 9.424531981195525e-08 58.41
1342 8.367398012992886e-08 58.42
1343 9.508449920931755e-08 58.43
1344 8.955913508188069e-08 58.44
1345 6.528002336635319e-08 58.45
1346 5.93024338290347e-08 58.46
1347 5.656873037297246e-08 58.47
1348 5.352428567934185e-08 58.48
1349 4.893990551232056e-08 58.49
1350 4.344225241269764e-08 58.5
1351 4.042460753165391e-08 58.51
1352 3.776548129761367e-08 58.52
1353 3.343802457379849e-08 58.53
1354 3.121839277290936e-08 58.54
1355 2.833397391638822e-08 58.55
1356 2.687978026092609e-08 58.56
1357 2.512302316962758e-08 58.57
1358 1.911546560194743e-08 58.58
1359 1.707571094495894e-08 58.59
1360 1.340593454193655e-08 58.6
1361 9.936685679555135e-09 58.61
1362 7.890995584624686e-09 58.62
1363 5.063909993838887e-09 58.63
1364 1.213486991327483e-09 58.64
1365 4.173048906805777e-13 58.65
1366 2.359829548192657e-13 58.66
1367 2.335558151399858e-13 58.67
1368 2.313695965553962e-13 58.68
1369 2.297695562300273e-13 58.69
1370 2.278586993554926e-13 58.7
1371 2.258719064639608e-13 58.71
1372 2.248440914319951e-13 58.72
1373 2.232620525372338e-13 58.73
1374 2.211156554319494e-13 58.74
1375 2.192562861917469e-13 58.75
1376 2.181705340715016e-13 58.76
1377 2.177243253973909e-13 58.77
1378 2.170924510297051e-13 58.78
1379 2.167933835138127e-13 58.79
1380 2.167212395924091e-13 58.8
1381 2.162775950462195e-13 58.81
1382 2.156750524654609e-13 58.82
1383 2.150432176964324e-13 58.83
1384 2.143942548401178e-13 58.84
1385 2.141034386362992e-13 58.85
1386 2.137390847601017e-13 58.86
1387 2.277125594117029e-13 58.87
1388 2.249770087208345e-13 58.88
1389 2.113904290715002e-13 58.89
1390 2.109298588187182e-13 58.9
1391 2.108868824132957e-13 58.91
1392 2.101696063456891e-13 58.92
1393 2.082747015558327e-13 58.93
1394 2.043221794703491e-13 58.94
1395 2.027275331569626e-13 58.95
1396 2.004620331571853e-13 58.96
1397 1.983008793102236e-13 58.97
1398 1.993535383976113e-13 58.98
1399 1.944210773092136e-13 58.99
1400 1.89735755638915e-13 59
1401 1.886462236163583e-13 59.01
1402 1.835889067107419e-13 59.02
1403 1.81153305793229e-13 59.03
1404 1.785427557410876e-13 59.04
1405 1.758915047607362e-13 59.05
1406 2.302045108757132e-13 59.06
1407 2.394351296291201e-13 59.07
1408 2.242528233381146e-13 59.08
1409 2.185937063478578e-13 59.09
1410 2.088277481071006e-13 59.1
1411 1.961750042494218e-13 59.11
1412 1.880973503242255e-13 59.12
1413 1.802205378006872e-13 59.13
1414 1.744821446392899e-13 59.14
1415 1.703318520259893e-13 59.15
1416 1.648384558940803e-13 59.16
1417 1.603070377290645e-13 59.17
1418 1.576728734988372e-13 59.18
1419 1.548253491299171e-13 59.19
1420 1.529402447526284e-13 59.2
1421 1.513917091536689e-13 59.21
1422 1.506224466680483e-13 59.22
1423 1.487849803953941e-13 59.23
1424 1.49957336446026e-13 59.24
1425 1.527735919656208e-13 59.25
1426 1.498060827497e-13 59.26
1427 1.475586517701707e-13 59.27
1428 1.479880437114012e-13 59.28
1429 7.76414161429744e-13 59.29
1430 1.393349329121498e-13 59.3
1431 1.515979966960478e-13 59.31
1432 1.512634444147052e-13 59.32
1433 1.462431879895402e-13 59.33
1434 1.45985748010983e-13 59.34
1435 1.459641053550188e-13 59.35
1436 1.456222523578118e-13 59.36
1437 1.826519438348727e-13 59.37
1438 5.06427212928567e-13 59.38
1439 1.436162277642703e-13 59.39
1440 1.827621627698988e-13 59.4
1441 5.352082887596519e-13 59.41
1442 1.493671192146588e-13 59.42
1443 1.945861012185378e-13 59.43
1444 5.605211607976789e-13 59.44
1445 1.569444204188125e-13 59.45
1446 1.985643901308113e-13 59.46
1447 5.201409783786981e-13 59.47
1448 1.505894449752101e-13 59.48
1449 1.938660322609458e-13 59.49
1450 4.845724412319961e-13 59.5
1451 1.85586515049636e-13 59.51
1452 1.83937363105745e-13 59.52
1453 1.837889340397768e-13 59.53
1454 1.842928137747631e-13 59.54
1455 1.838215181646307e-13 59.55
1456 1.847638210813068e-13 59.56
1457 1.85586080770295e-13 59.57
1458 1.871424079593477e-13 59.58
1459 1.894869946238894e-13 59.59
1460 1.916179295635713e-13 59.6
1461 1.943807267337021e-13 59.61
1462 1.976499869375993e-13 59.62
1463 2.00060212198574e-13 59.63
1464 2.019619432319831e-13 59.64
1465 2.016967161902449e-13 59.65
1466 4.978874286387333e-13 59.66
1467 1.922407311577095e-13 59.67
1468 2.543795493005782e-13 59.68
1469 5.240792382963127e-13 59.69
1470 1.936180810382226e-13 59.7
1471 2.554349347613335e-13 59.71
1472 2.623225183803409e-13 59.72
1473 2.629533055193016e-13 59.73
1474 2.652121465316842e-13 59.74
1475 2.670726617585335e-13 59.75
1476 2.671439486111717e-13 59.76
1477 2.64864636877245e-13 59.77
1478 2.585455228405083e-13 59.78
1479 2.492180999002845e-13 59.79
1480 2.477489647109619e-13 59.8
1481 2.45820474744933e-13 59.81
1482 2.4574124186305e-13 59.82
1483 2.466851441386695e-13 59.83
1484 2.484252428643954e-13 59.84
1485 2.509843630707642e-13 59.85
1486 2.539977654383963e-13 59.86
1487 2.57267208181353e-13 59.87
1488 2.606433289895476e-13 59.88
1489 2.623455338789397e-13 59.89
1490 2.649042266349495e-13 59.9
1491 2.682924231856908e-13 59.91
1492 2.707672424381418e-13 59.92
1493 2.755127579095725e-13 59.93
1494 2.800534611026518e-13 59.94
1495 2.849073147891081e-13 59.95
1496 2.889312985618834e-13 59.96
1497 2.92391389314551e-13 59.97
1498 2.95594412717879e-13 59.98
1499 2.98584327513591e-13 59.99
1500 3.019540444781498e-13 60
1501 3.060652835674116e-13 60.01
1502 3.101567390038428e-13 60.02
1503 3.13834324493909e-13 60.03
1504 3.162526317408109e-13 60.04
1505 3.235039688350071e-13 60.05
1506 3.247695906909705e-13 60.06
1507 3.217184813605107e-13 60.07
1508 3.224841572934908e-13 60.08
1509 3.229493210420576e-13 60.09
1510 3.236995259441771e-13 60.1
1511 3.234435567424131e-13 60.11
1512 3.225715119207632e-13 60.12
1513 3.203679959058633e-13 60.13
1514 3.192798133826862e-13 60.14
1515 3.189462550528349e-13 60.15
1516 3.168402239007715e-13 60.16
1517 3.168247370664059e-13 60.17
1518 3.186497095241613e-13 60.18
1519 3.20532278959311e-13 60.19
1520 3.208371172637662e-13 60.2
1521 3.219240641747866e-13 60.21
1522 3.24885911631934e-13 60.22
1523 3.286437094219742e-13 60.23
1524 3.353146781657072e-13 60.24
1525 3.993802760536406e-13 60.25
1526 4.303402661596744e-13 60.26
1527 4.091457921339067e-13 60.27
1528 4.022464306021619e-13 60.28
1529 4.009279607892629e-13 60.29
1530 3.978989129413669e-13 60.3
1531 3.89608555955599e-13 60.31
1532 3.818088903859691e-13 60.32
1533 3.790900552530793e-13 60.33
1534 3.791069796418637e-13 60.34
1535 3.798381692641331e-13 60.35
1536 3.809235409930342e-13 60.36
1537 3.793381239360265e-13 60.37
1538 3.769791211180177e-13 60.38
1539 3.712687052884557e-13 60.39
1540 3.678921026400333e-13 60.4
1541 3.616849728567113e-13 60.41
1542 3.572042198562653e-13 60.42
1543 3.526158144528553e-13 60.43
1544 3.489192637490146e-13 60.44
1545 4.301931431232374e-13 60.45
1546 4.508392074378112e-13 60.46
1547 4.055534529792467e-13 60.47
1548 4.008402604351663e-13 60.48
1549 3.989451776751736e-13 60.49
1550 3.797296957923814e-13 60.5
1551 3.558395693546964e-13 60.51
1552 3.498722386202545e-13 60.52
1553 3.439977072405318e-13 60.53
1554 3.467619915634902e-13 60.54
1555 3.578604558794283e-13 60.55
1556 3.581169668703929e-13 60.56
1557 3.627272667682816e-13 60.57
1558 3.885581270210385e-13 60.58
1559 4.265458531024935e-13 60.59
1560 4.309956297195561e-13 60.6
1561 4.085408804677688e-13 60.61
1562 3.962055200596346e-13 60.62
1563 4.080745568882811e-13 60.63
1564 4.158386495725663e-13 60.64
1565 4.033273751127541e-13 60.65
1566 3.939113538362678e-13 60.66
1567 3.903218366507273e-13 60.67
1568 3.90945926667196e-13 60.68
1569 3.92457305411532e-13 60.69
1570 3.949946015134676e-13 60.7
1571 3.989654003384079e-13 60.71
1572 4.041840707787601e-13 60.72
1573 4.082612590718799e-13 60.73
1574 4.145625077278467e-13 60.74
1575 4.189459196455606e-13 60.75
1576 4.238066768458468e-13 60.76
1577 4.283874698433471e-13 60.77
1578 4.326530496393015e-13 60.78
1579 4.424621461945759e-13 60.79
1580 4.525431684730551e-13 60.8
1581 5.678839359690161e-13 60.81
1582 4.540842898836398e-13 60.82
1583 5.832150132771251e-13 60.83
1584 9.777951433957885e-13 60.84
1585 1.327245423603201e-12 60.85
1586 4.967351107805777e-13 60.86
1587 6.850660724039375e-13 60.87
1588 4.822919911443732e-13 60.88
1589 5.933321493607855e-13 60.89
1590 6.01582729393468e-13 60.9
1591 4.941465030022101e-13 60.91
1592 4.890317517457255e-13 60.92
1593 4.912791975560083e-13 60.93
1594 5.38971417291556e-13 60.94
1595 6.495167301368911e-13 60.95
1596 6.562872129943123e-13 60.96
1597 6.980476809168153e-13 60.97
1598 5.459346702502296e-13 60.98
1599 1.472906462899355e-12 60.99
1600 9.469455700591734e-12 61
1601 1.070123347249511e-11 61.01
1602 9.60160795394231e-13 61.02
1603 1.149301229095751e-11 61.03
1604 1.664261611666763e-11 61.04
1605 2.895740555188598e-11 61.05
1606 1.906486835270734e-11 61.06
1607 1.646109764591018e-11 61.07
1608 2.180611578717212e-11 61.08
1609 2.840907750650566e-11 61.09
1610 3.385494446826337e-11 61.1
1611 3.692765521470632e-11 61.11
1612 3.757520405130137e-11 61.12
1613 4.108250282503651e-11 61.13
1614 5.374501250531407e-11 61.14
1615 4.591951502462201e-11 61.15
1616 3.459632050295982e-11 61.16
1617 4.806889074522163e-11 61.17
1618 2.400094553355808e-11 61.18
1619 1.352368787030931e-11 61.19
1620 8.218493438302864e-12 61.2
1621 3.737749172885375e-12 61.21
1622 4.592567948518344e-12 61.22
1623 4.178192871131162e-12 61.23
1624 3.353136521065606e-12 61.24
1625 1.212860573731312e-11 61.25
1626 9.015579501181567e-12 61.26
1627 7.810376004705741e-12 61.27
1628 7.454096494513588e-12 61.28
1629 7.548597826563757e-12 61.29
1630 8.015063588916722e-12 61.3
1631 8.06409159139501e-12 61.31
1632 8.649781386580821e-12 61.32
1633 7.613362039679691e-12 61.33
1634 7.043748467447347e-12 61.34
1635 5.593944132012007e-12 61.35
1636 4.670604154762979e-12 61.36
1637 4.256830115726231e-12 61.37
1638 4.170530897032698e-12 61.38
1639 4.193644204899393e-12 61.39
1640 4.076867414569896e-12 61.4
1641 3.939078810469394e-12 61.41
1642 4.014253841745172e-12 61.42
1643 4.340654720218804e-12 61.43
1644 4.745999023150702e-12 61.44
1645 5.295899944177928e-12 61.45
1646 5.82782074498259e-12 61.46
1647 6.447962365666041e-12 61.47
1648 7.100033061988319e-12 61.48
1649 7.839917688793502e-12 61.49
1650 8.670492861446641e-12 61.5
1651 8.913014482958246e-12 61.51
1652 9.731453194796214e-12 61.52
1653 9.569291490920848e-12 61.53
1654 1.030185908467404e-11 61.54
1655 3.595613231620715e-11 61.55
1656 2.700623598792234e-11 61.56
1657 1.451534166543265e-11 61.57
1658 3.245477197889843e-11 61.58
1659 1.575433974443858e-10 61.59
1660 1.739277252876211e-10 61.6
1661 2.934434512774678e-10 61.61
1662 2.623157753992477e-11 61.62
1663 3.821528615847772e-10 61.63
1664 8.522720103337187e-10 61.64
1665 2.101629356531452e-09 61.65
1666 2.206379909417068e-09 61.66
1667 2.447698269396331e-09 61.67
1668 1.780715800930246e-09 61.68
1669 1.317506594222385e-09 61.69
1670 1.679567433857028e-09 61.7
1671 1.755015007479798e-09 61.71
1672 1.83521626755202e-09 61.72
1673 1.667995953625811e-09 61.73
1674 1.519252092261985e-09 61.74
1675 1.694428273065002e-09 61.75
1676 1.952487102847026e-09 61.76
1677 1.089656520542947e-11 61.77
1678 2.402032249058803e-12 61.78
1679 2.319642324934659e-12 61.79
1680 2.258315192421526e-11 61.8
1681 2.109269129639607e-12 61.81
1682 2.101114493142341e-12 61.82
1683 2.335491835817952e-12 61.83
1684 2.468275280791976e-12 61.84
1685 2.561868494956334e-12 61.85
1686 2.35280555953536e-11 61.86
1687 2.787349881559635e-12 61.87
1688 2.424360551264751e-12 61.88
1689 2.35733787910211e-12 61.89
1690 1.498464765914734e-11 61.9
1691 1.308591358142953e-10 61.91
1692 2.433301791888303e-10 61.92
1693 3.180075477803362e-10 61.93
1694 1.62636413047446e-10 61.94
1695 3.160389965789964e-10 61.95
1696 5.06963171143734e-10 61.96
1697 6.148930900594537e-10 61.97
1698 8.783164012870568e-10 61.98
1699 1.045062596884044e-09 61.99
1700 9.48852392238938e-10 62
1701 8.829692210306039e-10 62.01
1702 1.757051955503946e-09 62.02
1703 2.331918482749034e-10 62.03
1704 1.867167167384292e-11 62.04
1705 5.153329910851164e-12 62.05
1706 6.808585465375037e-12 62.06
1707 5.429844004832747e-12 62.07
1708 6.545417918947398e-12 62.08
1709 2.757425150811005e-11 62.09
1710 1.285332191350027e-08 62.1
1711 2.028222192887502e-08 62.11
1712 2.279980112660674e-08 62.12
1713 2.358371441967198e-08 62.13
1714 2.413141775120134e-08 62.14
1715 2.392712838778543e-08 62.15
1716 2.58026718553586e-08 62.16
1717 2.593673938992171e-08 62.17
1718 2.603065393098672e-08 62.18
1719 2.057679934882766e-07 62.19
1720 3.467515251102012e-07 62.2
1721 4.51540015394516e-07 62.21
1722 8.587517947821627e-07 62.22
1723 1.8353669689747e-06 62.23
1724 2.175297023724351e-06 62.24
1725 3.132165714690195e-06 62.25
1726 3.407900761583751e-06 62.26
1727 3.56108926690464e-06 62.27
1728 3.624786994192192e-06 62.28
1729 3.717676631537434e-06 62.29
1730 3.738135265438181e-06 62.3
1731 3.758365563206666e-06 62.31
1732 3.831682326779955e-06 62.32
1733 3.866484294689085e-06 62.33
1734 3.844808382371232e-06 62.34
1735 3.847749179776173e-06 62.35
1736 3.830246867230062e-06 62.36
1737 3.797036282822768e-06 62.37
1738 3.791816953672561e-06 62.38
1739 3.824368985649483e-06 62.39
1740 3.818326885488937e-06 62.4
1741 3.791074255096103e-06 62.41
1742 3.792901735829887e-06 62.42
1743 3.82644326569173e-06 62.43
1744 3.808930270672878e-06 62.44
1745 3.80444537189872e-06 62.45
1746 3.809468999110295e-06 62.46
1747 3.834405937184436e-06 62.47
1748 3.863858352573991e-06 62.48
1749 3.890246065360142e-06 62.49
1750 3.894278015232307e-06 62.5
1751 3.867087483157789e-06 62.51
1752 3.857040685859689e-06 62.52
1753 3.853600565783782e-06 62.53
1754 3.850660320035617e-06 62.54
1755 3.844565669606366e-06 62.55
1756 3.849082849574984e-06 62.56
1757 3.864690588464117e-06 62.57
1758 3.876046899724224e-06 62.58
1759 3.89013473146659e-06 62.59
1760 3.905556764258186e-06 62.6
1761 3.922651359976001e-06 62.61
1762 3.916988519972475e-06 62.62
1763 3.878310302169867e-06 62.63
1764 3.843188948883145e-06 62.64
1765 3.849464853043395e-06 62.65
1766 3.829231432407191e-06 62.66
1767 3.810952720075137e-06 62.67
1768 3.826445465346799e-06 62.68
1769 3.816514835631445e-06 62.69
1770 3.813988460860833e-06 62.7
1771 3.855348256178199e-06 62.71
1772 3.856098265030232e-06 62.72
1773 3.847882417563828e-06 62.73
1774 3.841034475141828e-06 62.74
1775 3.838355819542942e-06 62.75
1776 3.840383827899833e-06 62.76
1777 3.8404046390266e-06 62.77
1778 3.850493162748119e-06 62.78
1779 3.878862224349239e-06 62.79
1780 3.899596428151097e-06 62.8
1781 3.900759569949953e-06 62.81
1782 3.890246519689432e-06 62.82
1783 3.894371653589433e-06 62.83
1784 3.883745803824576e-06 62.84
1785 3.8752263961193e-06 62.85
1786 3.863655419200963e-06 62.86
1787 3.874068469489077e-06 62.87
1788 3.862477784969512e-06 62.88
1789 3.864111924484513e-06 62.89
1790 3.862947330117408e-06 62.9
1791 3.857297698019859e-06 62.91
1792 3.855203676973498e-06 62.92
1793 3.86622312912686e-06 62.93
1794 3.87125249005064e-06 62.94
1795 3.874472133012658e-06 62.95
1796 3.876312371543748e-06 62.96
1797 3.885125755519535e-06 62.97
1798 3.893730213798035e-06 62.98
1799 3.905049938385174e-06 62.99
1800 3.91186612306974e-06 63
1801 3.923215468888413e-06 63.01
1802 3.936988430182948e-06 63.02
1803 3.95866724758874e-06 63.03
1804 3.986679971094086e-06 63.04
1805 4.011484373963607e-06 63.05
1806 4.018904751847956e-06 63.06
1807 4.027210284729585e-06 63.07
1808 4.032556043739765e-06 63.08
1809 4.053223650578757e-06 63.09
1810 4.074947030070173e-06 63.1
1811 4.103226603735782e-06 63.11
1812 4.112165870506016e-06 63.12
1813 4.124732471172772e-06 63.13
1814 4.144012551040754e-06 63.14
1815 4.148477715431738e-06 63.15
1816 4.128323900232709e-06 63.16
1817 4.11283656298352e-06 63.17
1818 4.112833087662015e-06 63.18
1819 4.121995149025313e-06 63.19
1820 4.135435941385818e-06 63.2
1821 4.156773752775551e-06 63.21
1822 4.177530359176251e-06 63.22
1823 4.186990408602311e-06 63.23
1824 4.180335997205014e-06 63.24
1825 4.165927090110419e-06 63.25
1826 4.152990085934678e-06 63.26
1827 4.153016835051446e-06 63.27
1828 4.142855166981273e-06 63.28
1829 4.133720221635643e-06 63.29
1830 4.130693769977233e-06 63.3
1831 4.124171792044452e-06 63.31
1832 4.117874368289109e-06 63.32
1833 4.119363536223808e-06 63.33
1834 4.108111730041206e-06 63.34
1835 4.078386691638476e-06 63.35
1836 4.054434918107428e-06 63.36
1837 4.02877969636316e-06 63.37
1838 4.010205546384419e-06 63.38
1839 3.999359131443226e-06 63.39
1840 3.987254089536802e-06 63.4
1841 3.968520632953523e-06 63.41
1842 3.951146032064263e-06 63.42
1843 3.941611607105748e-06 63.43
1844 3.935466488688587e-06 63.44
1845 3.948185160195089e-06 63.45
1846 3.964619728878685e-06 63.46
1847 3.997323505521028e-06 63.47
1848 4.037929615709111e-06 63.48
1849 4.077646945833398e-06 63.49
1850 4.113357387956748e-06 63.5
1851 0.001027696278708287 63.51
1852 0.008058459398816524 63.52
1853 3.997377111246116e-09 63.53
1854 0.009017047856713098 63.54
1855 0.01297843378447368 63.55
1856 0.06427348144008861 63.56
1857 0.2213672023957978 63.57
1858 0.6090025028577671 63.58
1859 0.7514315662666738 63.59
1860 0.6906125029762441 63.6
1861 0.4808119975587724 63.61
1862 0.3422542444156071 63.62
1863 0.2613083967943652 63.63
1864 0.1992728670721823 63.64
1865 0.159367983183254 63.65
1866 0.1145133049006043 63.66
1867 0.07672219897767271 63.67
1868 0.0553744396492899 63.68
1869 0.04316168237261412 63.69
1870 0.03569140280400549 63.7
1871 0.02971500143846485 63.71
1872 0.02310084539390037 63.72
1873 0.01774650448550648 63.73
1874 0.01422922053892658 63.74
1875 0.01039322875803528 63.75
1876 0.008112040755245775 63.76
1877 0.006086607251129613 63.77
1878 0.004348346261269881 63.78
1879 0.003218374672349797 63.79
1880 0.002019192776668068 63.8
1881 0.0008306423987122176 63.81
1882 0.0001748296910806927 63.82
1883 1.498206170454334e-05 63.83
1884 1.975404572027393e-06 63.84
1885 7.618545070633227e-07 63.85
1886 5.569660831316875e-07 63.86
1887 4.619825800951467e-07 63.87
1888 3.713170008119265e-07 63.88
1889 3.075258358754384e-07 63.89
1890 2.411201434244234e-07 63.9
1891 2.072367964952119e-07 63.91
1892 1.845393079710256e-07 63.92
1893 1.626930904843486e-07 63.93
1894 1.41186836599168e-07 63.94
1895 1.213810809703348e-07 63.95
1896 1.018688559478804e-07 63.96
1897 8.576930207501807e-08 63.97
1898 7.088509061152318e-08 63.98
1899 7.946131587256359e-10 63.99
1900 4.155458950170599e-12 64
1901 4.244772301367213e-09 64.01000000000001
1902 1.39232772117006e-05 64.02
1903 2.605479946543551e-08 64.03
1904 0.0001655445800740904 64.04000000000001
1905 2.287597369498927e-05 64.05
1906 5.758931622066362e-05 64.06
1907 1.815552850574755e-06 64.06999999999999
1908 2.742643095862982e-05 64.08
1909 4.320425018258391e-09 64.09
1910 1.256699581216754e-09 64.09999999999999
1911 3.252634443139502e-09 64.11
1912 2.768719996538415e-09 64.12
1913 0.000678654109535168 64.13
1914 0.0007068962200884731 64.14
1915 0.0007825870354825168 64.15000000000001
1916 0.0008525461301950409 64.16
1917 0.0009165407585831756 64.17
1918 0.0009279249324233633 64.18000000000001
1919 0.0008912658938528635 64.19
1920 0.0008552773990819488 64.2
1921 0.0008120181791980749 64.21000000000001
1922 0.00041363053210559 64.22
1923 0.0002812066577200274 64.23
1924 0.0001920992841806463 64.23999999999999
1925 0.0001497933450484609 64.25
1926 0.0001241137338867073 64.26000000000001
1927 0.0001061302453442604 64.27
1928 9.386570084315758e-05 64.28
1929 8.392477768277872e-05 64.29000000000001
1930 7.509652470154385e-05 64.3
1931 6.834230158979515e-05 64.31
1932 6.231018475117855e-05 64.31999999999999
1933 5.376763846222592e-05 64.33
1934 4.369460478054301e-05 64.34
1935 3.587904672937372e-05 64.34999999999999
1936 3.200523427996685e-05 64.36
1937 3.009748684246153e-05 64.37
1938 2.861264011531086e-05 64.38
1939 2.527369408695236e-05 64.39
1940 2.885420352697727e-05 64.40000000000001
1941 3.625608799276455e-05 64.41
1942 4.451678850635336e-05 64.42
1943 6.349855628551596e-05 64.43000000000001
1944 6.670960466319126e-05 64.44
1945 6.857148497880923e-05 64.45
1946 8.475297604657316e-05 64.46000000000001
1947 9.828950411760182e-05 64.47
1948 0.0001097086894119855 64.48
1949 0.0001127078180271537 64.48999999999999
1950 0.0001258524720870004 64.5
1951 0.000147251821717695 64.51000000000001
1952 0.0001608631268985756 64.52
1953 0.0001724397840953969 64.53
1954 0.0001775632210252203 64.54000000000001
1955 0.0001798201635594382 64.55
1956 0.0001816979663619103 64.56
1957 0.0001816952594679911 64.56999999999999
1958 0.0001791124694561169 64.58
1959 0.0001738620275303238 64.59
1960 0.0001647638178443512 64.59999999999999
1961 0.0001536367193394481 64.61
1962 0.0001413122488521693 64.62
1963 0.0001345110717430703 64.63
1964 0.0001399643341414815 64.64
1965 0.000140547598885627 64.65000000000001
1966 0.0001341755326842761 64.66
1967 0.0001267811510276206 64.67
1968 0.0001195605402429956 64.68000000000001
1969 0.0001019017406729786 64.69
1970 8.065867886256149e-05 64.7
1971 6.583384293779615e-05 64.71000000000001
1972 5.880771739913688e-05 64.72
1973 5.450693410632503e-05 64.73
1974 4.803295257663022e-05 64.73999999999999
1975 4.031431855785451e-05 64.75
1976 3.319409120967944e-05 64.76000000000001
1977 2.951286078727918e-05 64.77
1978 2.705096689271301e-05 64.78
1979 2.379746444251434e-05 64.79000000000001
1980 1.822278260177357e-05 64.8
1981 1.259021364056338e-05 64.81
1982 8.094843039090931e-06 64.81999999999999
1983 5.251738297131174e-06 64.83
1984 3.492828145994095e-06 64.84
1985 2.257519350724071e-06 64.84999999999999
1986 1.414534224605499e-06 64.86
1987 8.963075004586223e-07 64.87
1988 6.014512360547046e-07 64.88
1989 3.95601300120075e-07 64.89
1990 2.586761048850212e-07 64.90000000000001
1991 1.695721614392879e-07 64.91
1992 1.102668407416475e-07 64.92
1993 7.778639435656813e-08 64.93000000000001
1994 5.727499519172112e-08 64.94
1995 3.926990804402924e-08 64.95
1996 3.095863273668935e-08 64.96000000000001
1997 3.078256486491985e-08 64.97
1998 2.995703176008424e-08 64.98
1999 3.129395200393838e-08 64.98999999999999
2000 3.112472263277169e-08 65
