"frac-mass-co2-rfile"
"Time Step" "frac-mass-co2 etc.."
("Time Step" "frac-mass-co2" "flow-time")
0 0.002492169018612692 0
1 0.003401835970014351 0.1
2 0.004494508004120479 0.2
3 0.00536633018338096 0.3
4 0.006084400701744807 0.4
5 0.006787904115681373 0.5
6 0.007743255848940442 0.6000000000000001
7 0.0090683492418545 0.7000000000000001
8 0.01054425367134709 0.8
9 0.01196813822674124 0.9
10 0.01329702024456412 1
11 0.01455880691489211 1.1
12 0.01578578603393082 1.2
13 0.01701766238270239 1.3
14 0.01830069711393098 1.4
15 0.01966736224587085 1.5
16 0.02105756550344351 1.6
17 0.02253523386623632 1.7
18 0.02409512968480977 1.8
19 0.02571691617340031 1.9
20 0.02728871030285916 2
21 0.02896936173948529 2.1
22 0.03058197949639496 2.2
23 0.03228839052552693 2.3
24 0.03387706794880739 2.4
25 0.03548781779984904 2.5
26 0.03701873242482894 2.6
27 0.03860080849762277 2.7
28 0.0400858712047711 2.8
29 0.04154907087767717 2.9
30 0.0429717556208538 3
31 0.0443572724720066 3.1
32 0.04572007955466272 3.2
33 0.04704312667927738 3.3
34 0.04833749306004922 3.4
35 0.04961885431160122 3.5
36 0.05088022065225086 3.6
37 0.05213977527945519 3.7
38 0.05339067844677648 3.8
39 0.05463661951658581 3.9
40 0.05589170366013883 4
41 0.05715286823818256 4.100000000000001
42 0.0584164143565561 4.2
43 0.05969190915194129 4.3
44 0.06097573549837478 4.4
45 0.06226594610805056 4.5
46 0.06355882420068852 4.600000000000001
47 0.06486282231019959 4.7
48 0.06616596761692628 4.800000000000001
49 0.0674753630098998 4.9
50 0.06877028169384355 5
51 0.07007724620181231 5.100000000000001
52 0.07139038365986064 5.2
53 0.07270833178340563 5.300000000000001
54 0.07402273035988245 5.4
55 0.07533416040495922 5.5
56 0.0766476719784962 5.600000000000001
57 0.0779602080702293 5.7
58 0.0792681839988562 5.800000000000001
59 0.08057659636399853 5.9
60 0.08188479021439105 6
61 0.08319538159084425 6.100000000000001
62 0.08450489382749238 6.2
63 0.08581402736819711 6.300000000000001
64 0.08711996472704679 6.4
65 0.08842720046282314 6.5
66 0.0897361013684372 6.600000000000001
67 0.0910427770817161 6.7
68 0.09235021167186816 6.800000000000001
69 0.09366010651996913 6.9
70 0.09496750863191321 7
71 0.09627538325457927 7.100000000000001
72 0.09758239553973747 7.2
73 0.09888598225401876 7.300000000000001
74 0.1001921236127877 7.4
75 0.1014958690248741 7.5
76 0.1027986747816728 7.600000000000001
77 0.1041005728971128 7.7
78 0.1054047550573047 7.800000000000001
79 0.10670218549437 7.9
80 0.1080033888043298 8
81 0.1093021872760197 8.1
82 0.1105992793104923 8.200000000000001
83 0.1118944547616456 8.300000000000001
84 0.1131825067618397 8.4
85 0.1144690221025109 8.5
86 0.1157210218441169 8.6
87 0.1170091569172214 8.700000000000001
88 0.118257656570639 8.800000000000001
89 0.1195038534997598 8.9
90 0.120776291197344 9
91 0.1220081097243442 9.1
92 0.1232719848477438 9.200000000000001
93 0.1244948679821949 9.300000000000001
94 0.1257495752519512 9.4
95 0.1269586328652052 9.5
96 0.1282050513434897 9.600000000000001
97 0.1294057651491063 9.700000000000001
98 0.1306404360734969 9.800000000000001
99 0.1318261012738589 9.9
100 0.1330870307612851 10
101 0.1342639878339862 10.1
102 0.1355138525645595 10.2
103 0.1366740963902039 10.3
104 0.1378660386672796 10.4
105 0.1390049613875943 10.5
106 0.1401678649575412 10.6
107 0.1412762748921839 10.7
108 0.1424923870287654 10.8
109 0.1435694223944012 10.9
110 0.1446513825116083 11
111 0.145670218102094 11.1
112 0.1466728590778035 11.2
113 0.1476186422006221 11.3
114 0.1485211072590339 11.4
115 0.1493676940998962 11.5
116 0.1501535020965244 11.6
117 0.1508912080941095 11.7
118 0.1515652545090174 11.8
119 0.1521820320478581 11.9
120 0.1527502038220149 12
121 0.1532861364666697 12.1
122 0.1537696462594901 12.2
123 0.154252225492803 12.3
124 0.1546965918619198 12.4
125 0.155088347791474 12.5
126 0.1554794671968406 12.6
127 0.1558103350471325 12.7
128 0.1560441051699209 12.8
129 0.1559968984211051 12.9
130 0.1559179485855506 13
131 0.1558385809248183 13.1
132 0.1557591099188251 13.2
133 0.1556793719198908 13.3
134 0.1555993662310191 13.4
135 0.1555186540480005 13.5
136 0.1554373261998677 13.6
137 0.1553557418098645 13.7
138 0.1552743094072401 13.8
139 0.1551933308642038 13.9
140 0.1551131085603663 14
141 0.1550338610675139 14.1
142 0.1549557317617288 14.2
143 0.1548787060181657 14.3
144 0.1548024824004854 14.4
145 0.1547325881304655 14.5
146 0.1546620219138406 14.6
147 0.1545859489877167 14.7
148 0.1545100269829495 14.8
149 0.1544403133653961 14.9
150 0.1543643452820717 15
151 0.1542947452189339 15.1
152 0.1542189553244857 15.2
153 0.1541494074362073 15.3
154 0.1540738147761259 15.4
155 0.1540046067220108 15.5
156 0.1539291146328656 15.6
157 0.153859632859638 15.7
158 0.1537898605403433 15.8
159 0.1537145346416052 15.9
160 0.1536453772804704 16
161 0.1535700940706664 16.1
162 0.1535010182553968 16.2
163 0.1534319259589344 16.3
164 0.1533624612112311 16.4
165 0.1532873777538971 16.5
166 0.153212372308962 16.6
167 0.1531436293660213 16.7
168 0.1530747713394824 16.8
169 0.1530054629308265 16.9
170 0.1529305760115685 17
171 0.1528618677585234 17.1
172 0.1527870275102878 17.2
173 0.1527183684753739 17.3
174 0.1526436138965062 17.4
175 0.1525750453341806 17.5
176 0.1525003591322118 17.6
177 0.1524319184539553 17.7
178 0.1523633925399486 17.8
179 0.1522888979474733 17.9
180 0.1522204685870777 18
181 0.1521520617680641 18.1
182 0.1520775897783028 18.2
183 0.1520092873625524 18.3
184 0.1519409794388948 18.4
185 0.1518665345023064 18.5
186 0.1517981638516528 18.6
187 0.1517239253618256 18.7
188 0.1516558149674974 18.8
189 0.1515877400227736 18.9
190 0.151513648308391 19
191 0.1514456829172417 19.1
192 0.1513777207311511 19.2
193 0.1513037784528654 19.3
194 0.1512359361356572 19.4
195 0.1511678511991149 19.5
196 0.1510938802590453 19.6
197 0.1510261313986224 19.7
198 0.1509584160829165 19.8
199 0.1508846853036208 19.9
200 0.1508170608758573 20
201 0.1507435075262346 20.1
202 0.1506760136982971 20.2
203 0.1506080316207175 20.3
204 0.1505400506575105 20.4
205 0.1504666836351564 20.5
206 0.1503993723188932 20.6
207 0.1503261210875968 20.7
208 0.1502588627847568 20.8
209 0.1501916124390169 20.9
210 0.1501184325420742 21
211 0.1500513365967849 21.1
212 0.1499781919703977 21.2
213 0.1499110968242365 21.3
214 0.1498380779254278 21.4
215 0.1497711654769694 21.5
216 0.1497042793367063 21.6
217 0.1496314421349738 21.7
218 0.1495646488028271 21.8
219 0.1494979276555865 21.9
220 0.1494251909860695 22
221 0.1493585507651205 22.1
222 0.1492918273386426 22.2
223 0.1492192591000248 22.3
224 0.1491527528743603 22.4
225 0.1490861722183757 22.5
226 0.1490196234297249 22.6
227 0.148952490039099 22.7
228 0.1488801517321552 22.8
229 0.1488137744345891 22.9
230 0.1487474874672507 23
231 0.1486752335721056 23.1
232 0.1486089470412741 23.2
233 0.1485422227678886 23.3
234 0.1484701290185035 23.4
235 0.1484039527320611 23.5
236 0.1483378670808673 23.6
237 0.1482718189384576 23.7
238 0.1481998803338699 23.8
239 0.1481338745147237 23.9
240 0.1480679241768268 24
241 0.1479961076769539 24.1
242 0.1479303335146346 24.2
243 0.1478645449203281 24.3
244 0.1477928958376252 24.4
245 0.1477272484436963 24.5
246 0.1476616300721482 24.6
247 0.1475960176447305 24.7
248 0.1475245812342299 24.8
249 0.1474590430129985 24.9
250 0.1473935799075043 25
251 0.1473280889619823 25.1
252 0.1472567765214328 25.2
253 0.1471914463811994 25.3
254 0.1471261048806002 25.4
255 0.1470607733750913 25.5
256 0.1469954612842191 25.6
257 0.1469243590092415 25.7
258 0.1468591588362707 25.8
259 0.1467940483577291 25.9
260 0.1467289033447424 26
261 0.1466579943711598 26.1
262 0.1465929796344818 26.2
263 0.1465279415066413 26.3
264 0.146462965019397 26.4
265 0.1463922057846187 26.5
266 0.1463273343140359 26.6
267 0.1462624660981909 26.7
268 0.1461975950825408 26.8
269 0.1461328119218691 26.9
270 0.1460680383558835 27
271 0.146003308742259 27.1
272 0.1459386318093988 27.2
273 0.1458682002287276 27.3
274 0.14580362169365 27.4
275 0.145739019137967 27.5
276 0.1456744870449772 27.6
277 0.1456099564188345 27.7
278 0.1455454434539088 27.8
279 0.1454752598374056 27.9
280 0.1454109302995772 28
281 0.1453465184486409 28.1
282 0.1452821832802308 28.2
283 0.1452179543337012 28.3
284 0.1451479686698214 28.4
285 0.1450837770045467 28.5
286 0.1450191673372045 28.6
287 0.1449550194957575 28.7
288 0.1448909503310756 28.8
289 0.1448268475515643 28.9
290 0.1447628553897271 29
291 0.1446931027357407 29.1
292 0.1446290965663136 29.2
293 0.1445651566343381 29.3
294 0.1445012920721635 29.4
295 0.1444374372728447 29.5
296 0.1443735985701405 29.6
297 0.1443098029816147 29.7
298 0.1442460592626596 29.8
299 0.1441823226485341 29.9
300 0.1441186434826759 30
301 0.1440549907804705 30.1
302 0.1439913840905244 30.2
303 0.1439271587707004 30.3
304 0.1438635920780384 30.4
305 0.1438000660724297 30.5
306 0.1437308803762301 30.6
307 0.1436674263605933 30.7
308 0.143604042709177 30.8
309 0.1435406468999852 30.9
310 0.1434773259999305 31
311 0.1434140786121764 31.1
312 0.1433508749552564 31.2
313 0.1432872055848244 31.3
314 0.14322358098442 31.4
315 0.1431599081845831 31.5
316 0.1430963931548415 31.6
317 0.1430332558009653 31.7
318 0.1429644800322598 31.8
319 0.1429014829868895 31.9
320 0.1428380377500362 32
321 0.1427745191003109 32.1
322 0.142711605040283 32.2
323 0.1426487297356585 32.3
324 0.1425858270976033 32.4
325 0.1425230127743095 32.5
326 0.1424601565722646 32.6
327 0.1423974706305327 32.7
328 0.1423348225036978 32.8
329 0.1422721342473957 32.9
330 0.1422092118496683 33
331 0.1421465967064394 33.1
332 0.1420839643447716 33.2
333 0.1420213979310845 33.3
334 0.1419588286977047 33.4
335 0.1418963749181152 33.5
336 0.1418338996767589 33.6
337 0.1417715246437935 33.7
338 0.1417085370909241 33.8
339 0.1416462148540373 33.9
340 0.1415838973261553 34
341 0.1415215793884542 34.1
342 0.1414591230979275 34.2
343 0.1413968646751341 34.3
344 0.1413347616779106 34.4
345 0.1412726767382061 34.5
346 0.1412105606845143 34.6
347 0.1411485538188252 34.7
348 0.1410860114316867 34.8
349 0.1410240655970312 34.9
350 0.1409620897941395 35
351 0.1408999897976607 35.1
352 0.140838151293555 35.2
353 0.1407762665023206 35.3
354 0.1407144006006569 35.4
355 0.1406526599174794 35.5
356 0.1405909184453193 35.6
357 0.1405291420444416 35.7
358 0.140467397788765 35.8
359 0.1404057451786138 35.9
360 0.1403441010822211 36
361 0.1402825308315299 36.1
362 0.1402210164910993 36.2
363 0.1401595223675338 36.3
364 0.1400980100108395 36.4
365 0.1400365920201986 36.5
366 0.1399751440685588 36.6
367 0.1399137514590776 36.7
368 0.1398524396668887 36.8
369 0.1397910639480727 36.9
370 0.1397297408553108 37
371 0.139668447263752 37.1
372 0.1396072457900685 37.2
373 0.1395460129895255 37.3
374 0.1394849008408422 37.4
375 0.139423791990432 37.5
376 0.1393626745482056 37.6
377 0.1393016066928306 37.7
378 0.1392405254897652 37.8
379 0.1391795743851897 37.9
380 0.1391186384799193 38
381 0.1390576700240484 38.1
382 0.1389967465858795 38.2
383 0.1389358406183938 38.3
384 0.1388750356805112 38.40000000000001
385 0.1388142245512952 38.5
386 0.1387534707192502 38.6
387 0.1386927088032472 38.7
388 0.1386320089697297 38.8
389 0.1385713188263576 38.90000000000001
390 0.138510642365828 39
391 0.1384500548520947 39.1
392 0.1383894310361739 39.2
393 0.1383288480646181 39.3
394 0.1382683766356143 39.40000000000001
395 0.1382079034962599 39.5
396 0.1381474568425295 39.6
397 0.1380866902885623 39.7
398 0.1380262885588777 39.8
399 0.1379660005951872 39.90000000000001
400 0.1379057338313755 40
401 0.1378454680411708 40.1
402 0.1377851702097762 40.2
403 0.1377249781411263 40.3
404 0.137664767599344 40.40000000000001
405 0.1376046539920612 40.5
406 0.1375445318267659 40.6
407 0.1374844252261835 40.7
408 0.1374243677552211 40.8
409 0.1373637591727063 40.90000000000001
410 0.1373037456926015 41
411 0.1372438777442414 41.1
412 0.1371840439258717 41.2
413 0.1371242395370552 41.3
414 0.1370644255820285 41.40000000000001
415 0.1370046737817147 41.5
416 0.1369449403370852 41.6
417 0.1368852758401697 41.7
418 0.1368256068955816 41.8
419 0.136765929629946 41.90000000000001
420 0.1367062913592164 42
421 0.1366467276692867 42.1
422 0.1365872135364946 42.2
423 0.1365277565162002 42.3
424 0.136468312537285 42.40000000000001
425 0.1364088496843583 42.5
426 0.1363489955968205 42.6
427 0.1362897185593855 42.7
428 0.1362304444031384 42.8
429 0.1361712285196305 42.90000000000001
430 0.1361119843862318 43
431 0.1360528480760303 43.1
432 0.1359937051063387 43.2
433 0.135934629911982 43.3
434 0.1358755132640263 43.40000000000001
435 0.1358164299104786 43.5
436 0.1357574227523386 43.6
437 0.1356984630678048 43.7
438 0.1356395504406005 43.8
439 0.1355806256082195 43.90000000000001
440 0.1355217757173064 44
441 0.1354630271685325 44.1
442 0.1354042017469214 44.2
443 0.1353454463351799 44.3
444 0.1352867234848096 44.40000000000001
445 0.1352280703023614 44.5
446 0.1351693672238949 44.6
447 0.1351108087109085 44.7
448 0.1350522628233707 44.8
449 0.1349931575070513 44.90000000000001
450 0.1349344325040976 45
451 0.1348759899205933 45.1
452 0.13481753979183 45.2
453 0.1347587350509541 45.3
454 0.1346997372333668 45.40000000000001
455 0.1346414221857271 45.5
456 0.1345831462871238 45.6
457 0.13452494701598 45.7
458 0.1344667541970478 45.8
459 0.1344082646882677 45.90000000000001
460 0.1343501111346603 46
461 0.1342920325384236 46.1
462 0.1342339250289412 46.2
463 0.1341758216830257 46.3
464 0.1341178142795216 46.40000000000001
465 0.134059352281375 46.5
466 0.1340013549929389 46.6
467 0.1339433921154706 46.7
468 0.1338855386722105 46.8
469 0.1338276185337123 46.90000000000001
470 0.1337692038367613 47
471 0.1337114416558195 47.1
472 0.1336536543269163 47.2
473 0.1335959499749636 47.3
474 0.1335382539381656 47.40000000000001
475 0.1334806228220906 47.5
476 0.1334230525914774 47.6
477 0.1333654272961085 47.7
478 0.1333074261590717 47.8
479 0.1332494041934929 47.90000000000001
480 0.133191544450035 48
481 0.1331340816609525 48.1
482 0.1330766381726131 48.2
483 0.133019183326852 48.3
484 0.1329617385831016 48.40000000000001
485 0.1329044320907427 48.5
486 0.1328470964921044 48.6
487 0.1327898522580489 48.7
488 0.1327326021389174 48.8
489 0.1326754160048474 48.90000000000001
490 0.1326182512421624 49
491 0.1325611147285633 49.1
492 0.1325040163372326 49.2
493 0.1324469217087295 49.3
494 0.1323898353473666 49.40000000000001
495 0.1323328021499461 49.5
496 0.1322757845221415 49.6
497 0.1322188731338167 49.7
498 0.132161923363373 49.8
499 0.1321050435310705 49.90000000000001
500 0.1320481467243662 50
501 0.1306694189383029 50.01
502 0.1288970438840912 50.02
503 0.1271948762725661 50.03
504 0.1252228497815968 50.04
505 0.1229773824445413 50.05
506 0.1206282876515084 50.06
507 0.1182325432020314 50.07
508 0.1158127203490553 50.08
509 0.1134024224492894 50.09
510 0.1109980881502855 50.1
511 0.1086129149572267 50.11
512 0.1062437007027194 50.12
513 0.1039171078711223 50.13
514 0.1016661819826809 50.14
515 0.09949602336808953 50.15
516 0.09741605311679231 50.16
517 0.09544970814311263 50.17
518 0.09358155788896499 50.18
519 0.09180829441932237 50.19
520 0.09014803440994697 50.2
521 0.08859229840960323 50.21
522 0.08714217428645502 50.22
523 0.08577940679565886 50.23
524 0.08450116840287675 50.24
525 0.08331123329079715 50.25
526 0.08218925396572248 50.26
527 0.08112060677903414 50.27
528 0.08008229142277196 50.28
529 0.0790844716305472 50.29
530 0.07811540738556545 50.3
531 0.07715967917083265 50.31
532 0.07620951469258067 50.32
533 0.07526084201914895 50.33
534 0.07431136108405721 50.34
535 0.07335853172959647 50.35
536 0.0724071284475849 50.36
537 0.07145541228159928 50.37
538 0.07050192161340642 50.38
539 0.0695575520603845 50.39
540 0.06862828727561586 50.4
541 0.06771959699475841 50.41
542 0.06683349151944376 50.42
543 0.06597225820404717 50.43
544 0.06514347673828784 50.44
545 0.06434458197438556 50.45
546 0.06358126082887708 50.46
547 0.06285079347526075 50.47
548 0.06215017514262978 50.48
549 0.06146970959999094 50.49
550 0.0607956241099435 50.5
551 0.0601355127919276 50.51
552 0.0594942195037672 50.52
553 0.0588531639197646 50.53
554 0.05822264792300394 50.54
555 0.05759674283104786 50.55
556 0.05698209075494027 50.56
557 0.05637601386629501 50.57
558 0.05577623086181201 50.58
559 0.05518285138030699 50.59
560 0.05459972265608631 50.6
561 0.05402426970408331 50.61
562 0.05346367523826065 50.62
563 0.05291449631416595 50.63
564 0.05237544664055595 50.64
565 0.05185073313696051 50.65
566 0.0513430126961697 50.66
567 0.05084871797152154 50.67
568 0.05036874565142863 50.68
569 0.04989839770047885 50.69
570 0.04943810440274315 50.7
571 0.04898685664331297 50.71
572 0.04854464493733741 50.72
573 0.04811217398114791 50.73
574 0.04768626595724791 50.74
575 0.04726683008510718 50.75
576 0.04685380697472544 50.76
577 0.0464452167695897 50.77
578 0.0460410692350475 50.78
579 0.04564255581299911 50.79
580 0.04524792991940208 50.8
581 0.04485885191476589 50.81
582 0.04447898911104354 50.82
583 0.04410391873599978 50.83
584 0.0437325590997833 50.84
585 0.04336622894383973 50.85
586 0.04300640140311041 50.86
587 0.04265511019706313 50.87
588 0.04230959913688602 50.88
589 0.04197162810143294 50.89
590 0.04164018514619554 50.9
591 0.04131183637751314 50.91
592 0.0409913033556174 50.92
593 0.04067628465749958 50.93
594 0.04036520103541263 50.94
595 0.04006229087142579 50.95
596 0.0397653010268892 50.96
597 0.03947119200155983 50.97
598 0.03918287867558166 50.98
599 0.03890142180823149 50.99
600 0.03862393033884578 51
601 0.03834980613725039 51.01
602 0.03807819890206859 51.02
603 0.03781133790842854 51.03
604 0.03754923084619881 51.04
605 0.03729226682084201 51.05
606 0.03703669213441013 51.06
607 0.03678213343876364 51.07
608 0.03653179500792786 51.08
609 0.03628966276976579 51.09
610 0.03605017336799279 51.1
611 0.03581244747692992 51.11
612 0.0355763354152393 51.12
613 0.03534378843718625 51.13
614 0.03511600897575973 51.14
615 0.03489130486569787 51.15
616 0.03466740543148758 51.16
617 0.0344473438307181 51.17
618 0.03422937402219138 51.18
619 0.03401349356109842 51.19
620 0.03379929745036558 51.2
621 0.03358655037450036 51.21
622 0.03337527336108895 51.22
623 0.03316550897326365 51.23
624 0.032956588273864 51.24
625 0.03274980070033241 51.25
626 0.03254580262489685 51.26
627 0.03234410085519927 51.27
628 0.03214525698276199 51.28
629 0.03194919925125497 51.29
630 0.03175478593072689 51.3
631 0.03156357646933457 51.31
632 0.03137793109973097 51.32
633 0.03119336113117602 51.33
634 0.03101107495036947 51.34
635 0.03083098110853931 51.35
636 0.03065173414403134 51.36
637 0.0304723283341374 51.37
638 0.03029313950759322 51.38
639 0.03011453804971553 51.39
640 0.02993881394262708 51.4
641 0.02976521182544816 51.41
642 0.02959329315343736 51.42
643 0.02942185048501214 51.43
644 0.02925385361930176 51.44
645 0.0290875099106831 51.45
646 0.02892321252398746 51.46
647 0.02876102468345631 51.47
648 0.02860110605067617 51.48
649 0.02844238299363403 51.49
650 0.02828491508095555 51.5
651 0.02812778619728012 51.51
652 0.02797163877695823 51.52
653 0.02781734417834954 51.53
654 0.02766548602605796 51.54
655 0.0275151400721518 51.55
656 0.02736664197161383 51.56
657 0.02722070523043786 51.57
658 0.02707687890480371 51.58
659 0.02693453047677895 51.59
660 0.0267930405563744 51.6
661 0.02665463843504507 51.61
662 0.02651684215299054 51.62
663 0.02638284547574095 51.63
664 0.02624898622020706 51.64
665 0.02611575625122405 51.65
666 0.02598237146010036 51.66
667 0.02584810562857513 51.67
668 0.02571342272519681 51.68
669 0.02558012748700676 51.69
670 0.0254486195859859 51.7
671 0.02531873676055455 51.71
672 0.0251911293233799 51.72
673 0.02506526467176266 51.73
674 0.02493957749551803 51.74
675 0.02481425897604127 51.75
676 0.02469079906793895 51.76
677 0.02456826680875517 51.77
678 0.02444671514171919 51.78
679 0.02432505290685168 51.79
680 0.02420403650432269 51.8
681 0.02408502140910717 51.81
682 0.02396842973966559 51.82
683 0.02385344454221633 51.83
684 0.02373918280973521 51.84
685 0.02362526074699117 51.85
686 0.0235129906897538 51.86
687 0.02340164584820408 51.87
688 0.02329223530864498 51.88
689 0.02318447689738424 51.89
690 0.02307790296917571 51.9
691 0.02297129532071281 51.91
692 0.02286639868985755 51.92
693 0.02276292824029911 51.93
694 0.02266038001570958 51.94
695 0.02255813820066239 51.95
696 0.02245606368587779 51.96
697 0.02235395987175245 51.97
698 0.02225141124657136 51.98
699 0.02214999082071012 51.99
700 0.022049660666973 52
701 0.02195091952049961 52.01
702 0.02185269621821704 52.02
703 0.02175592546791038 52.03
704 0.02166061500851672 52.04
705 0.02156568618279412 52.05
706 0.02147167614402381 52.06
707 0.02137724197124911 52.07
708 0.02128304199328213 52.08
709 0.02118909259358321 52.09
710 0.02109555011157845 52.1
711 0.02100360299751688 52.11
712 0.02091220607969821 52.12
713 0.02082098983657884 52.13
714 0.02073049903052526 52.14
715 0.02064056647628948 52.15
716 0.02055139042839259 52.16
717 0.02046356638703912 52.17
718 0.02037546056552686 52.18
719 0.02028706584984875 52.19
720 0.02019868586015175 52.2
721 0.02011045008415167 52.21
722 0.02002327936335896 52.22
723 0.01993711879689075 52.23
724 0.01985211711806699 52.24
725 0.01976878536548329 52.25
726 0.01968775025500569 52.26
727 0.01960690567137765 52.27
728 0.01952625645870879 52.28
729 0.01944526904487877 52.29
730 0.01936509919846092 52.3
731 0.01928586677699408 52.31
732 0.01920757657140991 52.32
733 0.0191291825603084 52.33
734 0.01905126295026396 52.34
735 0.01897277084720721 52.35
736 0.01889468916001572 52.36
737 0.01881670888440462 52.37
738 0.01874035631223072 52.38
739 0.01866504033545513 52.39
740 0.01859085331298966 52.4
741 0.01851761260073551 52.41
742 0.01844551668270206 52.42
743 0.01837399812671204 52.43
744 0.01830187807000147 52.44
745 0.01823015604043031 52.45
746 0.01815893440980532 52.46
747 0.01808840145185216 52.47
748 0.01801858050866607 52.48
749 0.01795040330990104 52.49
750 0.01788292610854342 52.5
751 0.01781584829224168 52.51
752 0.01774899141153216 52.52
753 0.0176818267969469 52.53
754 0.0176145386757227 52.54
755 0.01754744441755925 52.55
756 0.01748077160347406 52.56
757 0.01741486069282739 52.57
758 0.01734881774360545 52.58
759 0.01728272086659996 52.59
760 0.01721782527125772 52.6
761 0.01715362528222331 52.61
762 0.01709008527178156 52.62
763 0.01702709256085336 52.63
764 0.01696375880887927 52.64
765 0.01690091627086097 52.65
766 0.01683799771088419 52.66
767 0.01677453357796187 52.67
768 0.0167112202692983 52.68
769 0.01664827231342843 52.69
770 0.01658595637633004 52.7
771 0.01652401658868828 52.71
772 0.01646166796429574 52.72
773 0.0163990733531351 52.73
774 0.01633730446953697 52.74
775 0.01627635619696718 52.75
776 0.01621597565063975 52.76
777 0.01615351793752594 52.77
778 0.01609084592878507 52.78
779 0.0160298447344666 52.79
780 0.01597442605634897 52.8
781 0.01591967653408247 52.81
782 0.01586708993204968 52.82
783 0.0158139573690212 52.83
784 0.01575923935645332 52.84
785 0.01570397053468769 52.85
786 0.01564815242316422 52.86
787 0.01559269853344826 52.87
788 0.01553805438118993 52.88
789 0.01548465751818874 52.89
790 0.01543157616447515 52.9
791 0.01537831372011404 52.91
792 0.01532467449667554 52.92
793 0.01527053780297026 52.93
794 0.01521660140536254 52.94
795 0.01516405896395895 52.95
796 0.01511216937891259 52.96
797 0.01506149429765321 52.97
798 0.01501101648744861 52.98
799 0.01496032594631823 52.99
800 0.01490972379853678 53
801 0.01485874686630604 53.01
802 0.01480779544919418 53.02
803 0.01475718559049628 53.03
804 0.01470693004107868 53.04
805 0.0146573756848756 53.05
806 0.01460877602592852 53.06
807 0.01456057181350414 53.07
808 0.01451253883591143 53.08
809 0.01446464718359501 53.09
810 0.01441673937997259 53.1
811 0.01436872816091317 53.11
812 0.01432062420076471 53.12
813 0.01427320605699655 53.13
814 0.01422613376242627 53.14
815 0.0141789703389116 53.15
816 0.0141323572219416 53.16
817 0.01408643457004768 53.17
818 0.01404087995490887 53.18
819 0.01399496463463848 53.19
820 0.01394854318949331 53.2
821 0.01390208650819097 53.21
822 0.0138557500849674 53.22
823 0.01380930749610563 53.23
824 0.0137633390100371 53.24
825 0.01371680913513914 53.25
826 0.01366918622324665 53.26
827 0.01362134564549323 53.27
828 0.01357333499099099 53.28
829 0.01352588744943139 53.29
830 0.0134792615976405 53.3
831 0.01343463416651331 53.31
832 0.01339267325914067 53.32
833 0.01335204939302113 53.33
834 0.01331096788618311 53.34
835 0.01326929099497566 53.35
836 0.0132257885993732 53.36
837 0.01318476586444541 53.37
838 0.01314095511633005 53.38
839 0.01311783321786013 53.39
840 0.01309639776716138 53.4
841 0.01306332313500355 53.41
842 0.01302046846382075 53.42
843 0.01296709135616181 53.43
844 0.01290934596304247 53.44
845 0.01285101815166166 53.45
846 0.01279882925928996 53.46
847 0.01275246573479914 53.47
848 0.01271312971190232 53.48
849 0.01267744561609415 53.49
850 0.01264037604901598 53.5
851 0.01259961428855166 53.51
852 0.01255468269721627 53.52
853 0.01250739953816615 53.53
854 0.0124599187983374 53.54
855 0.01241377573542151 53.55
856 0.01236830735320847 53.56
857 0.01232481522538102 53.57
858 0.01228267566768194 53.58
859 0.01224188083852925 53.59
860 0.01220023588652772 53.6
861 0.01215684013949354 53.61
862 0.01211147745593472 53.62
863 0.01206553422050476 53.63
864 0.01202413470413802 53.64
865 0.01198900151582604 53.65
866 0.01195182232085647 53.66
867 0.01191260523897465 53.67
868 0.01186642836533074 53.68
869 0.01181488894791987 53.69
870 0.01176243720009685 53.7
871 0.01171175943958865 53.71
872 0.0116694008823668 53.72
873 0.01162882396790406 53.73
874 0.01158921898266328 53.74
875 0.01155178021464405 53.75
876 0.01151495811834116 53.76
877 0.01148235878772483 53.77
878 0.01144821109762154 53.78
879 0.01141242149315759 53.79
880 0.01137712834696721 53.8
881 0.01134061373942141 53.81
882 0.01129902219105351 53.82
883 0.01123619217272236 53.83
884 0.01117126834832847 53.84
885 0.01110776286127671 53.85
886 0.01104366525094744 53.86
887 0.01096311673738298 53.87
888 0.01089630155484404 53.88
889 0.01083806675563611 53.89
890 0.01078948511308592 53.9
891 0.01074267042120196 53.91
892 0.01071106293467356 53.92
893 0.010679551125623 53.93
894 0.01063630269660503 53.94
895 0.0106087163368743 53.95
896 0.01058635023469605 53.96
897 0.01057013403157318 53.97
898 0.01055287321498706 53.98
899 0.01053167229794174 53.99
900 0.01050401126156698 54
901 0.01046945334335619 54.01
902 0.0104270222098708 54.02
903 0.01037910758558266 54.03
904 0.01032288334181377 54.04
905 0.01025840123635683 54.05
906 0.01019377688416685 54.06
907 0.01012660440427302 54.07
908 0.01006140505108973 54.08
909 0.009388030785137155 54.09
910 0.008649883295901913 54.1
911 0.008418042979534511 54.11
912 0.008229499378495174 54.12
913 0.008098291136718139 54.13
914 0.007979902735981944 54.14
915 0.007876334256385167 54.15
916 0.007788578717379089 54.16
917 0.007701022808206174 54.17
918 0.0076156227433916 54.18
919 0.007659664344902283 54.19
920 0.007950206333765489 54.2
921 0.007747757986389409 54.21
922 0.007867293922005112 54.22
923 0.007870993260097145 54.23
924 0.006155715145790726 54.24
925 0.006160680795136081 54.25
926 0.006135824337193468 54.26
927 0.006080936496501636 54.27
928 0.005994688136194291 54.28
929 0.005873342341953585 54.29
930 0.005756989997729843 54.3
931 0.00562929559632499 54.31
932 0.005488809392005072 54.32
933 0.005333893577186879 54.33
934 0.005167418451079249 54.34
935 0.00497025208370978 54.35
936 0.004743067501382774 54.36
937 0.004503086812855913 54.37
938 0.004271468661194862 54.38
939 0.004062417535773926 54.39
940 0.003885029144828494 54.4
941 0.003741339853853246 54.41
942 0.003632028509583833 54.42
943 0.003549310731789787 54.43
944 0.003491645351081824 54.44
945 0.003453133674496635 54.45
946 0.003431519298428296 54.46
947 0.003418656566917865 54.47
948 0.003407458266876199 54.48
949 0.003392839121525402 54.49
950 0.003374952590125904 54.5
951 0.003348666902725847 54.51
952 0.00331019420628677 54.52
953 0.003260122526617617 54.53
954 0.003207225102702231 54.54
955 0.003157228287379989 54.55
956 0.003115192186377854 54.56
957 0.003075312176127588 54.57
958 0.00303622298708831 54.58
959 0.002998507773929942 54.59
960 0.002964670368355557 54.6
961 0.002972262264524407 54.61
962 0.003297769507495281 54.62
963 0.01396052901175075 54.63
964 0.01966541202384699 54.64
965 0.03016218251326613 54.65
966 0.03885517531475811 54.66
967 0.03717946952692012 54.67
968 0.0358803827213769 54.68
969 0.03519159082057623 54.69
970 0.0351262481554008 54.7
971 0.03551364794399801 54.71
972 0.03591008960428678 54.72
973 0.03617124801380492 54.73
974 0.03625522687667926 54.74
975 0.03612909169731646 54.75
976 0.03588056029819671 54.76
977 0.03561489740770261 54.77
978 0.03536223859271075 54.78
979 0.03504481998377331 54.79
980 0.03491849429019361 54.8
981 0.0349485360992162 54.81
982 0.03501672376815547 54.82
983 0.03487518223083119 54.83
984 0.03438469025355882 54.84
985 0.0337820604428347 54.85
986 0.03343075283993176 54.86
987 0.03324816213570654 54.87
988 0.03321393529087568 54.88
989 0.03318590819413017 54.89
990 0.03285347528390887 54.9
991 0.03257897864900722 54.91
992 0.03225096643153469 54.92
993 0.03187600290596564 54.93
994 0.03175656661929179 54.94
995 0.03145538415721848 54.95
996 0.03110586752544806 54.96
997 0.0309064039199535 54.97
998 0.03082384291518506 54.98
999 0.03088853051696717 54.99
1000 0.03086169697108434 55
1001 0.03065476537220203 55.01
1002 0.03042598616708807 55.02
1003 0.03437116052983299 55.03
1004 0.05628988208363156 55.04
1005 0.05938720524769329 55.05
1006 0.06020617940812271 55.06
1007 0.06018177462428899 55.07
1008 0.06248228989382632 55.08
1009 0.06346376838878443 55.09
1010 0.06640307366988671 55.1
1011 0.06120137329725112 55.11
1012 0.06370466477827424 55.12
1013 0.06528960202588152 55.13
1014 0.06532419185916112 55.14
1015 0.06734502473410058 55.15
1016 0.06947657445184689 55.16
1017 0.07453406447780832 55.17
1018 0.08582989218538156 55.18
1019 0.09149576612506649 55.19
1020 0.09363340316330857 55.2
1021 0.09754979473751166 55.21
1022 0.1021827848241898 55.22
1023 0.1104919832090515 55.23
1024 0.1213754371966732 55.24
1025 0.1289687928693627 55.25
1026 0.1357833710622511 55.26
1027 0.1565930491870384 55.27
1028 0.1703046652728445 55.28
1029 0.1951600899536176 55.29
1030 0.225325283632123 55.3
1031 0.2569414386545934 55.31
1032 0.2661056037922133 55.32
1033 0.3129982302262905 55.33
1034 0.3280150746821512 55.34
1035 0.332601836998638 55.35
1036 0.3310261739150271 55.36
1037 0.3254993323386329 55.37
1038 0.3173471176883944 55.38
1039 0.3070964442263137 55.39
1040 0.2952888210965785 55.4
1041 0.2823527736976416 55.41
1042 0.2689532298967223 55.42
1043 0.2565088939596527 55.43
1044 0.2472241598532489 55.44
1045 0.2385674950097606 55.45
1046 0.2332569924422736 55.46
1047 0.2302423089674661 55.47
1048 0.2320291399924598 55.48
1049 0.2280367181899709 55.49
1050 0.2289524982631981 55.5
1051 0.2320813209381322 55.51
1052 0.230988432550202 55.52
1053 0.230888490050285 55.53
1054 0.2294131001031263 55.54
1055 0.227047344458707 55.55
1056 0.2245868476543464 55.56
1057 0.2218423388725887 55.57
1058 0.2188936050410089 55.58
1059 0.2159828098889003 55.59
1060 0.2132765977973589 55.6
1061 0.2105781600352194 55.61
1062 0.2078991543780635 55.62
1063 0.2055696474720571 55.63
1064 0.2031174130170527 55.64
1065 0.2011400666948572 55.65
1066 0.1985470527598601 55.66
1067 0.1963496779046374 55.67
1068 0.1943769404750406 55.68
1069 0.1922913777770402 55.69
1070 0.1904073543699499 55.7
1071 0.1885579194502877 55.71
1072 0.1870256386869186 55.72
1073 0.185391748937187 55.73
1074 0.1839606403513793 55.74
1075 0.1822297682971194 55.75
1076 0.1808329892082029 55.76
1077 0.179474088499709 55.77
1078 0.1781640328693999 55.78
1079 0.1770079748780873 55.79
1080 0.1759503341965735 55.8
1081 0.1750072489136438 55.81
1082 0.174182445128058 55.82
1083 0.1734600282957775 55.83
1084 0.1728497820904555 55.84
1085 0.1723154941845192 55.85
1086 0.1718807342459846 55.86
1087 0.1715050535931447 55.87
1088 0.1711872690575063 55.88
1089 0.1708712568343378 55.89
1090 0.170681686052492 55.9
1091 0.1705254100974908 55.91
1092 0.1702671095582621 55.92
1093 0.1700746770473643 55.93
1094 0.1698884133783619 55.94
1095 0.1697239015763365 55.95
1096 0.1695615248656811 55.96
1097 0.1693997055029698 55.97
1098 0.1692526304952398 55.98
1099 0.1691057238286352 55.99
1100 0.1689678547535898 56
1101 0.1688392321084911 56.01
1102 0.1687213467530149 56.02
1103 0.1686109276314363 56.03
1104 0.1685177442584037 56.04
1105 0.1684272236377646 56.05
1106 0.1683438839753467 56.06
1107 0.1682619703908147 56.07
1108 0.1681928205453011 56.08
1109 0.1681312338566797 56.09
1110 0.1680757020060285 56.1
1111 0.1680278722951236 56.11
1112 0.1679660250367635 56.12
1113 0.1679063361074545 56.13
1114 0.1678533603143229 56.14
1115 0.1678027427362897 56.15
1116 0.1677535703638598 56.16
1117 0.1677054062654105 56.17
1118 0.1676570419829052 56.18
1119 0.1676084551101036 56.19
1120 0.16756054165332 56.2
1121 0.1675116963356673 56.21
1122 0.1674626068905009 56.22
1123 0.1674124859720957 56.23
1124 0.167360660121115 56.24
1125 0.1673078640662539 56.25
1126 0.1672536801298049 56.26
1127 0.1671977122535828 56.27
1128 0.1671393200679239 56.28
1129 0.1670786804569802 56.29
1130 0.1670166964674604 56.3
1131 0.1669524551702836 56.31
1132 0.1668860305665341 56.32
1133 0.1668164476571878 56.33
1134 0.1667434519097324 56.34
1135 0.166667461179177 56.35
1136 0.1665882526278707 56.36
1137 0.1665059541783788 56.37
1138 0.1664197971698154 56.38
1139 0.1663297974890215 56.39
1140 0.1662361343358716 56.4
1141 0.1661384771740929 56.41
1142 0.1660357189684991 56.42
1143 0.16592734777214 56.43
1144 0.1658123927792824 56.44
1145 0.1656903826312774 56.45
1146 0.1655616709436407 56.46
1147 0.1654255891720369 56.47
1148 0.1652801718974647 56.48
1149 0.1651252356792612 56.49
1150 0.1649624529069565 56.5
1151 0.1648533939310315 56.51
1152 0.1647589855251703 56.52
1153 0.1646065001514148 56.53
1154 0.1644190981026243 56.54
1155 0.1642105639611255 56.55
1156 0.1639833253519089 56.56
1157 0.1637313734512625 56.57
1158 0.1634508440147587 56.58
1159 0.1631513504300069 56.59
1160 0.1628032226359427 56.6
1161 0.1624384385540031 56.61
1162 0.1620484763092925 56.62
1163 0.1616359015900741 56.63
1164 0.1611961981262771 56.64
1165 0.1607316044275319 56.65
1166 0.1602446871949987 56.66
1167 0.1597384548245767 56.67
1168 0.1592063115414613 56.68
1169 0.1586503171651931 56.69
1170 0.1580716015069049 56.7
1171 0.1574672803637431 56.71
1172 0.1568330190430219 56.72
1173 0.1561696270470136 56.73
1174 0.1554722606525213 56.74
1175 0.1547396803997155 56.75
1176 0.1539748477456175 56.76
1177 0.1531698093583094 56.77
1178 0.1523113834885924 56.78
1179 0.151449978416178 56.79
1180 0.1505150354919553 56.8
1181 0.1495349890868441 56.81
1182 0.1484566654282921 56.82
1183 0.1473443861034043 56.83
1184 0.1452276439366801 56.84
1185 0.1426257453747813 56.85
1186 0.1380469182451413 56.86
1187 0.1352313512464887 56.87
1188 0.1344876182587921 56.88
1189 0.1330321840598061 56.89
1190 0.1325906142255139 56.9
1191 0.1329450229617188 56.91
1192 0.1361911424579315 56.92
1193 0.1370409674825196 56.93
1194 0.1394777496951688 56.94
1195 0.1410979404138752 56.95
1196 0.1426463261951639 56.96
1197 0.144337189029831 56.97
1198 0.1458047391561802 56.98
1199 0.1456658819346059 56.99
1200 0.1445787627019577 57
1201 0.1413739696533272 57.01
1202 0.1701874449978348 57.02
1203 0.2197388943388487 57.03
1204 0.2631671324988494 57.04
1205 0.2889576639962977 57.05
1206 0.2990406559142136 57.06
1207 0.2996500280241508 57.07
1208 0.2933482307585544 57.08
1209 0.2857635874149656 57.09
1210 0.2810174013318344 57.1
1211 0.2846756354212664 57.11
1212 0.2929352733063981 57.12
1213 0.3033050330191677 57.13
1214 0.3138231275263699 57.14
1215 0.3239114137024013 57.15
1216 0.3326442695097837 57.16
1217 0.3401610577181123 57.17
1218 0.3483792719780568 57.18
1219 0.3531489716707995 57.19
1220 0.3566174985556766 57.2
1221 0.3578045975666934 57.21
1222 0.3597478059566375 57.22
1223 0.3637780888612916 57.23
1224 0.3686345980402222 57.24
1225 0.3754377493122889 57.25
1226 0.3791278994690123 57.26
1227 0.3807772305789479 57.27
1228 0.3857926254493989 57.28
1229 0.3897654443627619 57.29
1230 0.3906437143661653 57.3
1231 0.4046478581817791 57.31
1232 0.4117550826932183 57.32
1233 0.4154387854235765 57.33
1234 0.4180925598406226 57.34
1235 0.420070276221386 57.35
1236 0.4188855981946181 57.36
1237 0.4182752960464552 57.37
1238 0.4180602538229772 57.38
1239 0.4159517395222385 57.39
1240 0.4134173957774356 57.4
1241 0.4149239282766993 57.41
1242 0.4178339667311979 57.42
1243 0.4155330382609169 57.43
1244 0.4150721199825879 57.44
1245 0.4127640640582465 57.45
1246 0.4113518065588226 57.46
1247 0.409035514071304 57.47
1248 0.4073926872282456 57.48
1249 0.4042300956158622 57.49
1250 0.4027608310632109 57.5
1251 0.4000402073331706 57.51
1252 0.3910583766429423 57.52
1253 0.3843547750699913 57.53
1254 0.3781021500097971 57.54
1255 0.3700218150892035 57.55
1256 0.3623428670890791 57.56
1257 0.3576654111619114 57.57
1258 0.3553110369262676 57.58
1259 0.3530015276345974 57.59
1260 0.3504124193470273 57.6
1261 0.3448992131415399 57.61
1262 0.3412338402902833 57.62
1263 0.3347644076031682 57.63
1264 0.3189536854541802 57.64
1265 0.3089994828501956 57.65
1266 0.3018267384992256 57.66
1267 0.297488243321596 57.67
1268 0.296416261754096 57.68
1269 0.2973525382079824 57.69
1270 0.2992793739078312 57.7
1271 0.3027863166900837 57.71
1272 0.3065170259957291 57.72
1273 0.3093571334610057 57.73
1274 0.3134641839331058 57.74
1275 0.3169588271246092 57.75
1276 0.3226394306152753 57.76
1277 0.3303897572296402 57.77
1278 0.3381373850489025 57.78
1279 0.3447773180201354 57.79
1280 0.351902817609608 57.8
1281 0.357340530189904 57.81
1282 0.3615866192415152 57.82
1283 0.3650162065061904 57.83
1284 0.3658174633274355 57.84
1285 0.3652675431366458 57.85
1286 0.3611503321390831 57.86
1287 0.3566762639294204 57.87
1288 0.3517340038747887 57.88
1289 0.3466314405318894 57.89
1290 0.3411663568954051 57.9
1291 0.3327110454116129 57.91
1292 0.3194357740500504 57.92
1293 0.3035421295941256 57.93
1294 0.2860759479217034 57.94
1295 0.2638839974100466 57.95
1296 0.24029132612429 57.96
1297 0.2205922407869038 57.97
1298 0.208965651867172 57.98
1299 0.2039383229011133 57.99
1300 0.2037032305427676 58
1301 0.2052093793913217 58.01
1302 0.2089003543157893 58.02
1303 0.2142977465673565 58.03
1304 0.2182851075010075 58.04
1305 0.2193616978235591 58.05
1306 0.2126678506714742 58.06
1307 0.1995205234873761 58.07
1308 0.1840880679978859 58.08
1309 0.1681877511553291 58.09
1310 0.1540398374001551 58.1
1311 0.1433537238638758 58.11
1312 0.1366351586444532 58.12
1313 0.1343073651599172 58.13
1314 0.135206340342686 58.14
1315 0.1378229297409379 58.15
1316 0.1406202523319319 58.16
1317 0.1416367369930449 58.17
1318 0.1411853862699902 58.18
1319 0.1385646179700093 58.19
1320 0.1324511197977 58.2
1321 0.1235937979901293 58.21
1322 0.1134928537591343 58.22
1323 0.1053319599516198 58.23
1324 0.09985199688434787 58.24
1325 0.09618681388957256 58.25
1326 0.09391165645352541 58.26
1327 0.09232534554283661 58.27
1328 0.09078150400328942 58.28
1329 0.08924786020044587 58.29
1330 0.08738459245643251 58.3
1331 0.08424703332451108 58.31
1332 0.07966253485865568 58.32
1333 0.07376330093506678 58.33
1334 0.06752859129580605 58.34
1335 0.06213580517207388 58.35
1336 0.0576548139365743 58.36
1337 0.05386371930429083 58.37
1338 0.05072196750704346 58.38
1339 0.04771011585051173 58.39
1340 0.04301700924554422 58.4
1341 0.03730411952146669 58.41
1342 0.03282533426284587 58.42
1343 0.02950837263489204 58.43
1344 0.02743106409774519 58.44
1345 0.02598709132625385 58.45
1346 0.0245522197050068 58.46
1347 0.0229319474730765 58.47
1348 0.02123774823031825 58.48
1349 0.02020002582100088 58.49
1350 0.01976331064699919 58.5
1351 0.01952095547987163 58.51
1352 0.01926545392874663 58.52
1353 0.01890366892239044 58.53
1354 0.01862917933683237 58.54
1355 0.01842733431580077 58.55
1356 0.0181652384585805 58.56
1357 0.01866185455790642 58.57
1358 0.01842907534750404 58.58
1359 0.01822111014361499 58.59
1360 0.0184269390969751 58.6
1361 0.01897008361688174 58.61
1362 0.01978344895654812 58.62
1363 0.02036852395994751 58.63
1364 0.02176709014987549 58.64
1365 0.02321382512418483 58.65
1366 0.02460342221960386 58.66
1367 0.02535467605051019 58.67
1368 0.02585217743541714 58.68
1369 0.0262492536184638 58.69
1370 0.02651839890681548 58.7
1371 0.02680916002528809 58.71
1372 0.02655587649603771 58.72
1373 0.02622815088057678 58.73
1374 0.02582874346462057 58.74
1375 0.02522836430256433 58.75
1376 0.02476901559742255 58.76
1377 0.02462090757615542 58.77
1378 0.02536534919369612 58.78
1379 0.0257977299663073 58.79
1380 0.0265567587609851 58.8
1381 0.02733048064477229 58.81
1382 0.0282381071343571 58.82
1383 0.02829185703435557 58.83
1384 0.0280664387912209 58.84
1385 0.02778275590995577 58.85
1386 0.02791674662070123 58.86
1387 0.02894605743794245 58.87
1388 0.03056814527517436 58.88
1389 0.03156305231918043 58.89
1390 0.0323492672373828 58.9
1391 0.03417035667512157 58.91
1392 0.03554264585011912 58.92
1393 0.03627485494483655 58.93
1394 0.03696370929489882 58.94
1395 0.03854832559459213 58.95
1396 0.03999556207778027 58.96
1397 0.04073386382341539 58.97
1398 0.04131843155391623 58.98
1399 0.04212008758376921 58.99
1400 0.04329964695400184 59
1401 0.04458190388986184 59.01
1402 0.04556254508952635 59.02
1403 0.04613325285746878 59.03
1404 0.04688793573679185 59.04
1405 0.04766147823147158 59.05
1406 0.04814305429406395 59.06
1407 0.04872097766349665 59.07
1408 0.04904521044529152 59.08
1409 0.04957963232521027 59.09
1410 0.05028190122071297 59.1
1411 0.05095872420344365 59.11
1412 0.05147977665956852 59.12
1413 0.0521119774771841 59.13
1414 0.05219684345438103 59.14
1415 0.051651974533524 59.15
1416 0.0506813128311186 59.16
1417 0.04974963133122475 59.17
1418 0.04925318607545506 59.18
1419 0.04849475576661318 59.19
1420 0.04759805285189946 59.2
1421 0.04714169982402241 59.21
1422 0.04689278477229938 59.22
1423 0.04665779232939073 59.23
1424 0.04621278108179471 59.24
1425 0.0456681493805928 59.25
1426 0.04516591440711498 59.26
1427 0.04598598225533009 59.27
1428 0.04635151916147768 59.28
1429 0.04622068007498093 59.29
1430 0.04609467398675776 59.3
1431 0.0455549565476913 59.31
1432 0.04492378438339067 59.32
1433 0.0443928802056505 59.33
1434 0.04412321492544845 59.34
1435 0.04419789780987549 59.35
1436 0.04449597250333831 59.36
1437 0.04469883069210941 59.37
1438 0.04471423116712656 59.38
1439 0.04488388259823155 59.39
1440 0.04545780326725418 59.4
1441 0.04655934755188319 59.41
1442 0.04767573069511302 59.42
1443 0.04886675075763644 59.43
1444 0.0498593966549188 59.44
1445 0.05065982397719333 59.45
1446 0.05121188822313501 59.46
1447 0.05165768311895876 59.47
1448 0.05222525132305324 59.48
1449 0.05273179867151793 59.49
1450 0.05243701796502295 59.5
1451 0.05169120787993529 59.51
1452 0.05092576514102926 59.52
1453 0.05062723322682688 59.53
1454 0.05074273951017364 59.54
1455 0.05110212029431137 59.55
1456 0.05160707234550409 59.56
1457 0.05198614039223408 59.57
1458 0.05228966652817079 59.58
1459 0.05391529886194389 59.59
1460 0.05497256991798902 59.6
1461 0.05488329232699735 59.61
1462 0.05436186758718684 59.62
1463 0.05371347941738022 59.63
1464 0.05297081888667152 59.64
1465 0.05208362750662425 59.65
1466 0.05107212838345628 59.66
1467 0.05007638605282727 59.67
1468 0.0492624841267398 59.68
1469 0.04866842793547636 59.69
1470 0.04801123013615525 59.7
1471 0.04715351367235087 59.71
1472 0.0459925355274779 59.72
1473 0.04511840095924197 59.73
1474 0.04451936806598782 59.74
1475 0.04420407019300423 59.75
1476 0.04390837982826462 59.76
1477 0.04363272615282265 59.77
1478 0.04335830347555933 59.78
1479 0.04333076969290198 59.79
1480 0.04311084909093051 59.8
1481 0.04263198959727586 59.81
1482 0.04222418854784201 59.82
1483 0.04196620083771315 59.83
1484 0.04178185087279676 59.84
1485 0.04149666312867501 59.85
1486 0.04106810291544932 59.86
1487 0.04064187482761056 59.87
1488 0.04033712282575693 59.88
1489 0.04033746130871362 59.89
1490 0.040214739403025 59.9
1491 0.04042196833674666 59.91
1492 0.04088624682823658 59.92
1493 0.04134140176536517 59.93
1494 0.04098586435292705 59.94
1495 0.04076853679549266 59.95
1496 0.04085716189434441 59.96
1497 0.04215824813008585 59.97
1498 0.04221163733202771 59.98
1499 0.04097340634900704 59.99
1500 0.03987249577715699 60
1501 0.03881463890602152 60.01
1502 0.03740500587950371 60.02
1503 0.03560733782227662 60.03
1504 0.0339840128788656 60.04
1505 0.03249868344637798 60.05
1506 0.03138983184810174 60.06
1507 0.03080240257949587 60.07
1508 0.03004501471331291 60.08
1509 0.02949333494741636 60.09
1510 0.02867710882382427 60.1
1511 0.02808088363507198 60.11
1512 0.0275113584061344 60.12
1513 0.02706402497365578 60.13
1514 0.02682982760820021 60.14
1515 0.02669114785703211 60.15
1516 0.02655212111623415 60.16
1517 0.02646272158055995 60.17
1518 0.02678714512441557 60.18
1519 0.02697704406900875 60.19
1520 0.02718076136164767 60.2
1521 0.02745675570516358 60.21
1522 0.02772413204155231 60.22
1523 0.02792938864147866 60.23
1524 0.02814484185871527 60.24
1525 0.02840407023992236 60.25
1526 0.02860845464325405 60.26
1527 0.02878150462050367 60.27
1528 0.02895288258527117 60.28
1529 0.0291134158087278 60.29
1530 0.02923069206809751 60.3
1531 0.0293298517594835 60.31
1532 0.02936423191164096 60.32
1533 0.02938773572449192 60.33
1534 0.02945255604309431 60.34
1535 0.02955380860908798 60.35
1536 0.02970038180128843 60.36
1537 0.02965330211229256 60.37
1538 0.02968148141562586 60.38
1539 0.02991807160951312 60.39
1540 0.03023740828433091 60.4
1541 0.03071933307550801 60.41
1542 0.03114385468687558 60.42
1543 0.03161276337370304 60.43
1544 0.0320711142919849 60.44
1545 0.03261737760027025 60.45
1546 0.03308626031408651 60.46
1547 0.03333052793705364 60.47
1548 0.03354713629346228 60.48
1549 0.03381187860631879 60.49
1550 0.03419663508366588 60.5
1551 0.03465751309418692 60.51
1552 0.03505990761079166 60.52
1553 0.03540957372265961 60.53
1554 0.03577972419292369 60.54
1555 0.03616159723220672 60.55
1556 0.03652065829891669 60.56
1557 0.03687065657040477 60.57
1558 0.03723278181412285 60.58
1559 0.03751398709853345 60.59
1560 0.03777954197280033 60.6
1561 0.03800589619188794 60.61
1562 0.03819577229827125 60.62
1563 0.03838157693777577 60.63
1564 0.03857729559295761 60.64
1565 0.03877616068779877 60.65
1566 0.03896828158162431 60.66
1567 0.03915398868647869 60.67
1568 0.03935066641776631 60.68
1569 0.03957390314203386 60.69
1570 0.03985112889203717 60.7
1571 0.04012421500328704 60.71
1572 0.0403601049308718 60.72
1573 0.04071729816482934 60.73
1574 0.04101695177316631 60.74
1575 0.04126375459042019 60.75
1576 0.04145823366081813 60.76
1577 0.0416428928634181 60.77
1578 0.04076842729066329 60.78
1579 0.03924779978365914 60.79
1580 0.03807213480296692 60.8
1581 0.03777142347906073 60.81
1582 0.03768650479100461 60.82
1583 0.03695872693348243 60.83
1584 0.03617681220380868 60.84
1585 0.03576358279020057 60.85
1586 0.03441227624161419 60.86
1587 0.03348531711233307 60.87
1588 0.02929750279779678 60.88
1589 0.02381424997570071 60.89
1590 0.02086882543386831 60.9
1591 0.01860258186094487 60.91
1592 0.01705061049964619 60.92
1593 0.01508703164464145 60.93
1594 0.01304420655112798 60.94
1595 0.01158826699232113 60.95
1596 0.01003792481839089 60.96
1597 0.008826662349333077 60.97
1598 0.007705582937274797 60.98
1599 0.006747928498430776 60.99
1600 0.005872227748179554 61
1601 0.005066532520635636 61.01
1602 0.004341330985987281 61.02
1603 0.003704789590850873 61.03
1604 0.00316386430779343 61.04
1605 0.002702978777757319 61.05
1606 0.00232879269986847 61.06
1607 0.002030578054320202 61.07
1608 0.001797074947097522 61.08
1609 0.001615997956913898 61.09
1610 0.001467849553138478 61.1
1611 0.001333298987857468 61.11
1612 0.001207795460804476 61.12
1613 0.001094579992114578 61.13
1614 0.001037329193029097 61.14
1615 0.0009350426399666667 61.15
1616 0.0008382610018335948 61.16
1617 0.0007588041950590276 61.17
1618 0.0006895316425511871 61.18
1619 0.0006294837458483616 61.19
1620 0.000570115294275237 61.2
1621 0.0005129621324121713 61.21
1622 0.000462970243892687 61.22
1623 0.0004199644581324508 61.23
1624 0.0003812699644166224 61.24
1625 0.0003512732810461446 61.25
1626 0.0003260905885432565 61.26
1627 0.0003024522199910597 61.27
1628 0.0002808930778791966 61.28
1629 0.0002627813558732633 61.29
1630 0.0002458735713004597 61.3
1631 0.0002375816155924242 61.31
1632 0.0002354907053222667 61.32
1633 0.0002314239232834557 61.33
1634 0.0002249753000645324 61.34
1635 0.0002178568674342005 61.35
1636 0.000213513080080672 61.36
1637 0.0002125817282180833 61.37
1638 0.0002103572696141897 61.38
1639 0.000202441807192375 61.39
1640 0.0001917985026394447 61.4
1641 0.0001828726406317268 61.41
1642 0.0001711488354600766 61.42
1643 0.0004783428858317689 61.43
1644 0.0005642804412779939 61.44
1645 0.0005818988670621408 61.45
1646 0.0005817946244122516 61.46
1647 0.0005751952603997675 61.47
1648 0.0005547390535275062 61.48
1649 0.000524587882643416 61.49
1650 0.0004882406997404587 61.5
1651 0.0004512118056392271 61.51
1652 0.0004127968228630438 61.52
1653 0.00036796128524483 61.53
1654 0.0003313130628203888 61.54
1655 0.0002909890363036869 61.55
1656 0.0002539780752237362 61.56
1657 0.0002761094085466485 61.57
1658 0.0002477820895007515 61.58
1659 0.0002165820714744773 61.59
1660 0.0002256323154550021 61.6
1661 0.000214541285870945 61.61
1662 0.0002046434824442386 61.62
1663 0.0001984216425692396 61.63
1664 0.0001922408033756267 61.64
1665 0.0001799986528035866 61.65
1666 0.0002200515304059249 61.66
1667 0.0002390546442853392 61.67
1668 0.0002405340969508234 61.68
1669 0.0002550748125637678 61.69
1670 0.0002755411681902712 61.7
1671 0.0003018347525906381 61.71
1672 0.0003044555947654548 61.72
1673 0.0002756127059237845 61.73
1674 0.0003055820319638804 61.74
1675 0.0002882452840382702 61.75
1676 0.0003633224182442281 61.76
1677 0.000571004133205938 61.77
1678 0.0005985341257549822 61.78
1679 0.0005412287803856332 61.79
1680 0.0004740939183764155 61.8
1681 0.0004179800749092038 61.81
1682 0.0003776673465710389 61.82
1683 0.0003520181992968325 61.83
1684 0.0003267424910718038 61.84
1685 0.0003043191814006072 61.85
1686 0.0002968073650364872 61.86
1687 0.0002667919501427203 61.87
1688 0.0002520884339531959 61.88
1689 0.0002344443629005157 61.89
1690 0.0002091685012103492 61.9
1691 0.0001907695956414976 61.91
1692 0.0001961460607903743 61.92
1693 0.0001749364611479106 61.93
1694 0.0001964649138443851 61.94
1695 0.0003941479656734576 61.95
1696 0.0005484235733283627 61.96
1697 0.0006228227392720147 61.97
1698 0.0007008163231321397 61.98
1699 0.0005171283597758179 61.99
1700 0.0004540895970636249 62
1701 0.0003503871650091532 62.01
1702 0.0002755175319711711 62.02
1703 0.000229189004482181 62.03
1704 0.0002322033929959061 62.04
1705 0.01760924318246324 62.05
1706 0.006681972915426822 62.06
1707 0.01197613666933806 62.07
1708 0.03428651181247506 62.08
1709 0.002401158908009596 62.09
1710 0.001481808417464234 62.1
1711 0.001177556737744218 62.11
1712 0.0008141715211873263 62.12
1713 0.0006175823911036297 62.13
1714 0.001248848048275404 62.14
1715 0.01827828625634154 62.15
1716 0.003264776110878487 62.16
1717 0.000811616510067451 62.17
1718 0.0005875650012170362 62.18
1719 0.0005517823288541188 62.19
1720 0.0004220128127378854 62.2
1721 0.000369246365403247 62.21
1722 0.008276623426953575 62.22
1723 0.005602130263057715 62.23
1724 0.009362657328225929 62.24
1725 0.001783933678881243 62.25
1726 0.000921855534681085 62.26
1727 0.0003227751485577119 62.27
1728 0.0002866566347729834 62.28
1729 0.000203265860954915 62.29
1730 0.0001912749758519692 62.3
1731 0.000176513460855125 62.31
1732 0.0002188947923297585 62.32
1733 0.0008473603062163474 62.33
1734 0.00756100137739544 62.34
1735 0.003846670622423936 62.35
1736 0.0004987682898218252 62.36
1737 0.0002446070672098576 62.37
1738 0.002102622430368662 62.38
1739 0.0002626837337759246 62.39
1740 0.0002507615247847084 62.4
1741 0.0002450007376442627 62.41
1742 0.0002362823835293871 62.42
1743 0.0002195264999893479 62.43
1744 0.000204305037824795 62.44
1745 0.0001928842862981942 62.45
1746 0.000186658295829681 62.46
1747 0.0001822296022430005 62.47
1748 0.0001785401764650477 62.48
1749 0.0002044243989890514 62.49
1750 0.0003074631426155273 62.5
1751 0.0002606003478871225 62.51
1752 0.000238482321897214 62.52
1753 0.00021547094986032 62.53
1754 0.0002047606973917885 62.54
1755 0.0002086574180306585 62.55
1756 0.0002132346427598249 62.56
1757 0.0002182707379057526 62.57
1758 0.0002133622944981598 62.58
1759 0.0002431377763363537 62.59
1760 0.000317851373406092 62.6
1761 0.000294622165472415 62.61
1762 0.003195522713800449 62.62
1763 0.001511982170182617 62.63
1764 0.001001165532725882 62.64
1765 0.003241840686577944 62.65
1766 0.001401483003055239 62.66
1767 0.0008142386876520294 62.67
1768 0.003182654983047607 62.68
1769 0.001258474177666486 62.69
1770 0.0007172834832725719 62.7
1771 0.003078110436959147 62.71
1772 0.003062749500508962 62.72
1773 0.003117992012722868 62.73
1774 0.003019919081795316 62.74
1775 0.002916977369434871 62.75
1776 0.002719402594430604 62.76
1777 0.002626588693720615 62.77
1778 0.002462032853683074 62.78
1779 0.00220167696152643 62.79
1780 0.002041186903365271 62.8
1781 0.0009943511883441054 62.81
1782 0.0006287693308824587 62.82
1783 0.001325321579211972 62.83
1784 0.001121697087331018 62.84
1785 0.0008860103560864279 62.85
1786 0.000392608684693941 62.86
1787 0.0003867251853372895 62.87
1788 0.0003742090987318265 62.88
1789 0.0003666801892958833 62.89
1790 0.0003832723552880891 62.9
1791 0.0003832330319282914 62.91
1792 0.0003760082440136255 62.92
1793 0.0003518451198696309 62.93
1794 0.0003977029738083222 62.94
1795 0.0003969077846705612 62.95
1796 0.0003715098281091129 62.96
1797 0.0003277480105584868 62.97
1798 0.0003321135449468531 62.98
1799 0.0003111704240102444 62.99
1800 0.000313706161238282 63
1801 0.0002940074128092492 63.01
1802 0.0002546472691689624 63.02
1803 0.0002125038521905849 63.03
1804 0.0002173357547689285 63.04
1805 0.0002404003414796185 63.05
1806 0.0002791322387448539 63.06
1807 0.0002655585246590152 63.07
1808 0.0002628397724194681 63.08
1809 0.0002287635653089217 63.09
1810 0.0002046655317320077 63.1
1811 0.0001839508239397456 63.11
1812 0.0001835676877474033 63.12
1813 0.0001671997338973898 63.13
1814 0.0001470600127289484 63.14
1815 0.0002225654390054914 63.15
1816 0.0002385595032013787 63.16
1817 0.0002161336782695992 63.17
1818 0.0001793413902963003 63.18
1819 0.0001821129077632093 63.19
1820 0.0001693877904127715 63.2
1821 0.0001432669289153561 63.21
1822 0.0001333912848085716 63.22
1823 0.0001499152326908889 63.23
1824 0.0001513042427203865 63.24
1825 0.0001696193692597624 63.25
1826 0.0001854429873949221 63.26
1827 0.0001877998281467558 63.27
1828 0.0001967021509073308 63.28
1829 0.0002020512680757013 63.29
1830 0.0001984857033178643 63.3
1831 0.0002107892871073219 63.31
1832 0.0002321124680740263 63.32
1833 0.0002441869420503407 63.33
1834 0.0002508951318033225 63.34
1835 0.0002753174190970461 63.35
1836 0.0003050071145333694 63.36
1837 0.0003334107090162533 63.37
1838 0.0003507897659335185 63.38
1839 0.0003647944083757263 63.39
1840 0.0003719388834393551 63.4
1841 0.0004558379594052133 63.41
1842 0.0004652024747626773 63.42
1843 0.0004083931401125699 63.43
1844 0.0003980689817239911 63.44
1845 0.0003074355524228016 63.45
1846 0.0002368566497540768 63.46
1847 0.0001839200828677132 63.47
1848 0.0001597352875644133 63.48
1849 0.0001379601037658378 63.49
1850 0.0001317721542505394 63.5
1851 0.0002651816220794643 63.51
1852 0.0002134867700385222 63.52
1853 0.009115079285975316 63.53
1854 0.02149591456463357 63.54
1855 0.003217130452822201 63.55
1856 0.03350167651024476 63.56
1857 0.004773336465408946 63.57
1858 0.001655942054461283 63.58
1859 0.002192225304669203 63.59
1860 0.1408700289459755 63.6
1861 0.2558978485840775 63.61
1862 0.4655188433690611 63.62
1863 0.6028103172006806 63.63
1864 0.6775557614461253 63.64
1865 0.5964892796331258 63.65
1866 0.5015382187897044 63.66
1867 0.4953571816364657 63.67
1868 0.4799566922489542 63.68
1869 0.5047855965443039 63.69
1870 0.520501066949329 63.7
1871 0.5218218770222576 63.71
1872 0.5177667974528518 63.72
1873 0.4906107275562603 63.73
1874 0.4747791693037831 63.74
1875 0.4625090055954387 63.75
1876 0.444289027641808 63.76
1877 0.4472621674894925 63.77
1878 0.2991442507175369 63.78
1879 0.2010488167844037 63.79
1880 0.1537642685201734 63.8
1881 0.1208217383439727 63.81
1882 0.09909108388726143 63.82
1883 0.07739829015090453 63.83
1884 0.2827080092062971 63.84
1885 0.3126507612772326 63.85
1886 0.3313615536192974 63.86
1887 0.343262950530613 63.87
1888 0.3510142175830307 63.88
1889 0.3702307505402095 63.89
1890 0.376145524078521 63.9
1891 0.3826420653801654 63.91
1892 0.3865274412342998 63.92
1893 0.3977802493292762 63.93
1894 0.3965147234479917 63.94
1895 0.3993920686318705 63.95
1896 0.3983579706168085 63.96
1897 0.3876931334826005 63.97
1898 0.3874860690820218 63.98
1899 0.347805590671735 63.99
1900 0.2108962369169063 64
1901 0.1761348738553311 64.01000000000001
1902 0.16246113039214 64.02
1903 0.1371387180665403 64.03
1904 0.0942731489241197 64.04000000000001
1905 0.07923334807860007 64.05
1906 0.09250306629683648 64.06
1907 0.1316697890254551 64.06999999999999
1908 0.1152493756721717 64.08
1909 0.1005870976027189 64.09
1910 0.09618840220474187 64.09999999999999
1911 0.09742232156163443 64.11
1912 0.09202712131490966 64.12
1913 0.09205882020440347 64.13
1914 0.09088543953111282 64.14
1915 0.09019855499999087 64.15000000000001
1916 0.0889449812157687 64.16
1917 0.08771175834037194 64.17
1918 0.08692846870732927 64.18000000000001
1919 0.08921515662444431 64.19
1920 0.08945902070605589 64.2
1921 0.09029828650311549 64.21000000000001
1922 0.09053413386533843 64.22
1923 0.08972549835351634 64.23
1924 0.08890699368058981 64.23999999999999
1925 0.08827559864583223 64.25
1926 0.08759185830085202 64.26000000000001
1927 0.08699373768876324 64.27
1928 0.08590579538155001 64.28
1929 0.08543687054875015 64.29000000000001
1930 0.08524368972581949 64.3
1931 0.0849553430458776 64.31
1932 0.08413415187548846 64.31999999999999
1933 0.08404571578792178 64.33
1934 0.0844220249993297 64.34
1935 0.0840316013473459 64.34999999999999
1936 0.08437502217545455 64.36
1937 0.0849070145421652 64.37
1938 0.08575966961501696 64.38
1939 0.08607874725672308 64.39
1940 0.08620214350498355 64.40000000000001
1941 0.08598624911653507 64.41
1942 0.08553123090852612 64.42
1943 0.08529609252464657 64.43000000000001
1944 0.08542521293534262 64.44
1945 0.0856625422078542 64.45
1946 0.08592472865534526 64.46000000000001
1947 0.08637716175618274 64.47
1948 0.08660921223817405 64.48
1949 0.08653622981562445 64.48999999999999
1950 0.08607647107408388 64.5
1951 0.08505640459726763 64.51000000000001
1952 0.08394309060993199 64.52
1953 0.08283333481190799 64.53
1954 0.08234192301010992 64.54000000000001
1955 0.08267298223385584 64.55
1956 0.08334261357586224 64.56
1957 0.08412404265251631 64.56999999999999
1958 0.08506998098503801 64.58
1959 0.085722207317252 64.59
1960 0.08649045960569059 64.59999999999999
1961 0.08731782824800868 64.61
1962 0.08818335025639674 64.62
1963 0.08898804972250501 64.63
1964 0.08962853217730966 64.64
1965 0.09023003290096676 64.65000000000001
1966 0.09063573410355623 64.66
1967 0.09077178662450712 64.67
1968 0.0909136660267114 64.68000000000001
1969 0.0914595610130283 64.69
1970 0.09203892695336374 64.7
1971 0.0925442048542303 64.71000000000001
1972 0.0930512645996015 64.72
1973 0.09327162649812518 64.73
1974 0.09353669624515189 64.73999999999999
1975 0.09400169457793017 64.75
1976 0.09447312587653853 64.76000000000001
1977 0.09491702075447464 64.77
1978 0.09529007315087473 64.78
1979 0.095488792211992 64.79000000000001
1980 0.095699377294864 64.8
1981 0.09588647676889357 64.81
1982 0.0961671393447715 64.81999999999999
1983 0.09647785612522081 64.83
1984 0.09673415202508016 64.84
1985 0.09691199080124729 64.84999999999999
1986 0.09701286891681331 64.86
1987 0.0970880563144209 64.87
1988 0.09700369520165102 64.88
1989 0.09697198536937789 64.89
1990 0.0970805664262659 64.90000000000001
1991 0.09701448428932279 64.91
1992 0.09705066904652365 64.92
1993 0.09719174986992171 64.93000000000001
1994 0.09715041520776958 64.94
1995 0.097152769682924 64.95
1996 0.09721677139129387 64.96000000000001
1997 0.09725769343648717 64.97
1998 0.09726513212536844 64.98
1999 0.09738797404905887 64.98999999999999
2000 0.09759803226979633 65
