"frac-mass-o2-rfile"
"Time Step" "frac-mass-o2 etc.."
("Time Step" "frac-mass-o2" "flow-time")
0 0.2261171405314497 0
1 0.2247276879550474 0.1
2 0.223013216242258 0.2
3 0.2216714228561963 0.3
4 0.2205706483007659 0.4
5 0.2194786222492415 0.5
6 0.2180029680503727 0.6000000000000001
7 0.2159561226852011 0.7000000000000001
8 0.2136808641308515 0.8
9 0.2114883562892805 0.9
10 0.2094442094098172 1
11 0.2075035293793903 1.1
12 0.2056155297897864 1.2
13 0.2037192793345857 1.3
14 0.2017443806051002 1.4
15 0.1996417327695409 1.5
16 0.1975066935796189 1.6
17 0.1952331779672803 1.7
18 0.1928357207581821 1.8
19 0.1903435160154678 1.9
20 0.1879224730187782 2
21 0.1853438870897046 2.1
22 0.1830445577100445 2.2
23 0.180407670113912 2.3
24 0.1779595327273528 2.4
25 0.1755454564444897 2.5
26 0.1731708053988511 2.6
27 0.1709060482836813 2.7
28 0.1685830544342435 2.8
29 0.1663951059136063 2.9
30 0.1642311592622286 3
31 0.1621164463553579 3.1
32 0.1600346553515483 3.2
33 0.1579895574691362 3.3
34 0.1559800708293834 3.4
35 0.1539919906433826 3.5
36 0.1520248544792668 3.6
37 0.1500762812554103 3.7
38 0.1481313733762625 3.8
39 0.1461876645201362 3.9
40 0.1442391875753539 4
41 0.1422833834027663 4.100000000000001
42 0.1403184276956658 4.2
43 0.1383442677073222 4.3
44 0.1363580750236098 4.4
45 0.1343672911329873 4.5
46 0.1323674781897747 4.600000000000001
47 0.1303582155225094 4.7
48 0.1283460742860928 4.800000000000001
49 0.1263325451529642 4.9
50 0.1243125348061067 5
51 0.1222897523579231 5.100000000000001
52 0.1202733678047233 5.2
53 0.1182478638149618 5.300000000000001
54 0.1162288341888626 5.4
55 0.1142110986282891 5.5
56 0.1121942291644445 5.600000000000001
57 0.1101799561668345 5.7
58 0.1081674077464144 5.800000000000001
59 0.1061544278209731 5.9
60 0.1041431158883376 6
61 0.1021324356620365 6.100000000000001
62 0.1001224321543364 6.2
63 0.09811306213799899 6.300000000000001
64 0.09610401515630464 6.4
65 0.09409441708680329 6.5
66 0.09208557339564709 6.600000000000001
67 0.09007737895757843 6.7
68 0.08806809190735308 6.800000000000001
69 0.08605880186609657 6.9
70 0.08405114720127124 7
71 0.08204239250668426 7.100000000000001
72 0.080036334605831 7.2
73 0.07802905706866742 7.300000000000001
74 0.07602569455480034 7.4
75 0.07402600270192423 7.5
76 0.07202863966847517 7.600000000000001
77 0.07003189764466906 7.7
78 0.06804066446779841 7.800000000000001
79 0.06605286262504702 7.9
80 0.06406989181835375 8
81 0.06209119437182789 8.1
82 0.06011782619090581 8.200000000000001
83 0.05814996269512906 8.300000000000001
84 0.05618715152892134 8.4
85 0.05422873826145996 8.5
86 0.05242434968103487 8.6
87 0.05048328835705737 8.700000000000001
88 0.04854709645321753 8.800000000000001
89 0.04678788004404281 8.9
90 0.0448741639481173 9
91 0.04313790923656523 9.1
92 0.04124685825121372 9.200000000000001
93 0.03954378271768597 9.300000000000001
94 0.03767894153150523 9.4
95 0.03601675355425146 9.5
96 0.03417798000359559 9.600000000000001
97 0.03255713702372399 9.700000000000001
98 0.03074937707316226 9.800000000000001
99 0.0291748576697233 9.9
100 0.02741329281746492 10
101 0.02588214360946012 10.1
102 0.02416771572085048 10.2
103 0.02270548323881962 10.3
104 0.02097927731324371 10.4
105 0.0195890493498962 10.5
106 0.01792817261249755 10.6
107 0.01661880446677229 10.7
108 0.01504880275397544 10.8
109 0.0138380636695389 10.9
110 0.01234492359577752 11
111 0.01125077071666173 11.1
112 0.00990778784638224 11.2
113 0.008956755330253535 11.3
114 0.007789507045492149 11.4
115 0.006975099843109012 11.5
116 0.005964368054182614 11.6
117 0.005279970349805612 11.7
118 0.004427481602896075 11.8
119 0.003879546900671378 11.9
120 0.003164349412788911 12
121 0.002725277276504374 12.1
122 0.002326242856215057 12.2
123 0.00172575571889772 12.3
124 0.001393296735621711 12.4
125 0.001104052638535757 12.5
126 0.0006407007557712445 12.6
127 0.0004458260145098239 12.7
128 4.573148667477033e-05 12.8
129 1.036306005779713e-07 12.9
130 2.679476344648228e-10 13
131 7.525632156734283e-13 13.1
132 2.233006990580393e-15 13.2
133 6.886489087508025e-18 13.3
134 2.189607028864167e-20 13.4
135 7.126790532313856e-23 13.5
136 2.983324284017208e-25 13.6
137 5.715396038066903e-27 13.7
138 5.257889976545963e-28 13.8
139 5.768674816161885e-29 13.9
140 6.662891723166688e-30 14
141 1.020941075115506e-30 14.1
142 3.375755059976916e-31 14.2
143 2.097844568148885e-31 14.3
144 1.649802863904772e-31 14.4
145 1.629509549449674e-31 14.5
146 1.609752639534417e-31 14.6
147 1.590523218647664e-31 14.7
148 1.571737114993449e-31 14.8
149 1.553427513028785e-31 14.9
150 1.535519452750653e-31 15
151 1.518050585555139e-31 15.1
152 1.500949829794156e-31 15.2
153 1.484256773464159e-31 15.3
154 1.467903117607808e-31 15.4
155 1.451929663424914e-31 15.5
156 1.436270403483293e-31 15.6
157 1.420966952059385e-31 15.7
158 1.405955167654765e-31 15.8
159 1.391277320391687e-31 15.9
160 1.376871039140538e-31 16
161 1.36277900966122e-31 16.1
162 1.348940250381096e-31 16.2
163 1.335397825898641e-31 16.3
164 1.322091967899687e-31 16.4
165 1.309066096314261e-31 16.5
166 1.296261729986938e-31 16.6
167 1.283722377439541e-31 16.7
168 1.271390457766222e-31 16.8
169 1.259309667680743e-31 16.9
170 1.247423565718972e-31 17
171 1.235775959939159e-31 17.1
172 1.224311234534596e-31 17.2
173 1.21307318298422e-31 17.3
174 1.202007109081194e-31 17.4
175 1.191156839218395e-31 17.5
176 1.180468399336925e-31 17.6
177 1.169985612764865e-31 17.7
178 1.159655265898958e-31 17.8
179 1.149521107483816e-31 17.9
180 1.139530721097926e-31 18
181 1.12972772834857e-31 18.1
182 1.120060323500835e-31 18.2
183 1.110572174894069e-31 18.3
184 1.101212088379204e-31 18.4
185 1.092023525922538e-31 18.5
186 1.082955982261807e-31 18.6
187 1.074052809855749e-31 18.7
188 1.065264045638635e-31 18.8
189 1.05663292872987e-31 18.9
190 1.048110020587868e-31 19
191 1.039738490193302e-31 19.1
192 1.031469406074177e-31 19.2
193 1.023345711788575e-31 19.3
194 1.015319107495755e-31 19.4
195 1.00743235188209e-31 19.5
196 9.996375272395871e-32 19.6
197 9.919773634015426e-32 19.7
198 9.844043852385249e-32 19.8
199 9.769610604582056e-32 19.9
200 9.696004599290947e-32 20
201 9.623648693034052e-32 20.1
202 9.552078105325027e-32 20.2
203 9.481713427289079e-32 20.3
204 9.412093835421841e-32 20.4
205 9.343638765559971e-32 20.5
206 9.275891871723758e-32 20.6
207 9.209270123628513e-32 20.7
208 9.143321241703366e-32 20.8
209 9.078460215386353e-32 20.9
210 9.014238212584675e-32 21
211 8.951069163601947e-32 21.1
212 8.888507750089942e-32 21.2
213 8.826965564762128e-32 21.3
214 8.766001439317972e-32 21.4
215 8.706024600193352e-32 21.5
216 8.646597556640119e-32 21.6
217 8.588127372377315e-32 21.7
218 8.530180537245825e-32 21.8
219 8.473161850501077e-32 21.9
220 8.416641792275959e-32 22
221 8.361022922131033e-32 22.1
222 8.30587770761585e-32 22.2
223 8.251607029024558e-32 22.3
224 8.197787586715498e-32 22.4
225 8.144817889071452e-32 22.5
226 8.09227740232106e-32 22.6
227 8.040562900149942e-32 22.7
228 7.98925707373801e-32 22.8
229 7.938754702833482e-32 22.9
230 7.888641286278062e-32 23
231 7.839309571998744e-32 23.1
232 7.790348184181347e-32 23.2
233 7.742147413289279e-32 23.3
234 7.69429916614162e-32 23.4
235 7.647191933524747e-32 23.5
236 7.600420149941738e-32 23.6
237 7.554370089931729e-32 23.7
238 7.508639534010374e-32 23.8
239 7.463612566355337e-32 23.9
240 7.418889241526008e-32 24
241 7.374851908522994e-32 24.1
242 7.331103863888645e-32 24.2
243 7.288025046740095e-32 24.3
244 7.24522106409199e-32 24.4
245 7.203070469740654e-32 24.5
246 7.161181208215723e-32 24.6
247 7.11992943748284e-32 24.7
248 7.078926205787261e-32 24.8
249 7.03854595924609e-32 24.9
250 6.998401932726067e-32 25
251 6.958866291406309e-32 25.1
252 6.919555051994592e-32 25.2
253 6.880838674389333e-32 25.3
254 6.842335428501336e-32 25.4
255 6.804413508523405e-32 25.5
256 6.766693931908899e-32 25.6
257 6.729543062771653e-32 25.7
258 6.692584402052182e-32 25.8
259 6.656182033776177e-32 25.9
260 6.619961595715262e-32 26
261 6.584285784196923e-32 26.1
262 6.548782715383544e-32 26.2
263 6.513812799825624e-32 26.3
264 6.479006251261686e-32 26.4
265 6.444721822559514e-32 26.5
266 6.410592216258292e-32 26.6
267 6.376974163931541e-32 26.7
268 6.343502350735219e-32 26.8
269 6.310531820545352e-32 26.9
270 6.27769956813338e-32 27
271 6.245358592272548e-32 27.1
272 6.21314813640809e-32 27.2
273 6.181419712769722e-32 27.3
274 6.149814405769612e-32 27.4
275 6.118681605876102e-32 27.5
276 6.087664780737332e-32 27.6
277 6.057111508501421e-32 27.7
278 6.026667316381934e-32 27.8
279 5.996678123118791e-32 27.9
280 5.966791629982685e-32 28
281 5.937351731936817e-32 28.1
282 5.908007973515476e-32 28.2
283 5.879102700532333e-32 28.3
284 5.850287500611902e-32 28.4
285 5.821903099157376e-32 28.5
286 5.793602952608944e-32 28.6
287 5.765725853485962e-32 28.7
288 5.737927343743574e-32 28.8
289 5.710544500396242e-32 28.9
290 5.68323480420837e-32 29
291 5.656333837514421e-32 29.1
292 5.629500802669206e-32 29.2
293 5.603069346061536e-32 29.3
294 5.576700814488832e-32 29.4
295 5.550727111890594e-32 29.5
296 5.524811498477318e-32 29.6
297 5.499284266625487e-32 29.7
298 5.473810443650532e-32 29.8
299 5.448718732003696e-32 29.9
300 5.423675900332327e-32 30
301 5.399008955805794e-32 30.1
302 5.374386580389775e-32 30.2
303 5.350134187637422e-32 30.3
304 5.325922213223293e-32 30.4
305 5.302074579908844e-32 30.5
306 5.278263284280792e-32 30.6
307 5.254810417416539e-32 30.7
308 5.231389964623904e-32 30.8
309 5.208322575730161e-32 30.9
310 5.185283884333698e-32 31
311 5.162592942446761e-32 31.1
312 5.139927074156757e-32 31.2
313 5.117603727400653e-32 31.3
314 5.095301944428807e-32 31.4
315 5.073337692571956e-32 31.5
316 5.051391658486717e-32 31.6
317 5.02977828180659e-32 31.7
318 5.008179979685925e-32 31.8
319 4.986909481194792e-32 31.9
320 4.965650738880023e-32 32
321 4.944715202399416e-32 32.1
322 4.923788455353522e-32 32.2
323 4.903180391968634e-32 32.3
324 4.882578173015461e-32 32.4
325 4.862290174478343e-32 32.5
326 4.842005173294651e-32 32.6
327 4.82203017065717e-32 32.7
328 4.802055442716842e-32 32.8
329 4.782386534078923e-32 32.9
330 4.762715254725873e-32 33
331 4.743345660583482e-32 33.1
332 4.723971158743958e-32 33.2
333 4.704894397471573e-32 33.3
334 4.685810272859844e-32 33.4
335 4.667020024440197e-32 33.5
336 4.648220036872129e-32 33.6
337 4.629710088251097e-32 33.7
338 4.611188077057871e-32 33.8
339 4.592952487288561e-32 33.9
340 4.574702610246851e-32 34
341 4.556735540126634e-32 34.1
342 4.538752050257539e-32 34.2
343 4.521047798362891e-32 34.3
344 4.503325039141083e-32 34.4
345 4.48587810487374e-32 34.5
346 4.468410684923085e-32 34.6
347 4.4512157686248e-32 34.7
348 4.433998404302024e-32 34.8
349 4.417050239023449e-32 34.9
350 4.400077826398435e-32 35
351 4.383371397013189e-32 35.1
352 4.366638806487707e-32 35.2
353 4.350169093560205e-32 35.3
354 4.333671485434814e-32 35.4
355 4.317433662436989e-32 35.5
356 4.301166226262107e-32 35.6
357 4.285155632488284e-32 35.7
358 4.269113791869709e-32 35.8
359 4.253325875223681e-32 35.9
360 4.237505152925124e-32 36
361 4.221935455127697e-32 36.1
362 4.206331381527362e-32 36.2
363 4.190975576984561e-32 36.3
364 4.175583933002115e-32 36.4
365 4.16043783924647e-32 36.5
366 4.145254472758292e-32 36.6
367 4.13031392880109e-32 36.7
368 4.115334714892265e-32 36.8
369 4.100595752116471e-32 36.9
370 4.085816780638406e-32 37
371 4.071275505411424e-32 37.1
372 4.056692930469844e-32 37.2
373 4.042345504424179e-32 37.3
374 4.027955499740747e-32 37.4
375 4.013798217525989e-32 37.5
376 3.999597143573761e-32 37.6
377 3.98562640025821e-32 37.7
378 3.971610703224376e-32 37.8
379 3.957822935454926e-32 37.9
380 3.943989049388267e-32 38
381 3.930380814794597e-32 38.1
382 3.916725378955957e-32 38.2
383 3.90329333947217e-32 38.3
384 3.889813052410484e-32 38.40000000000001
385 3.876553890027513e-32 38.5
386 3.863245406505616e-32 38.6
387 3.850155924018552e-32 38.7
388 3.837016156139593e-32 38.8
389 3.824093247855576e-32 38.90000000000001
390 3.811119098120284e-32 39
391 3.798359692631885e-32 39.1
392 3.785548096074289e-32 39.2
393 3.772949222231538e-32 39.3
394 3.76029727283536e-32 39.40000000000001
395 3.747856028107105e-32 39.5
396 3.735360848962358e-32 39.6
397 3.723074371331412e-32 39.7
398 3.710733115638245e-32 39.8
399 3.698598652743198e-32 39.90000000000001
400 3.6864085850162e-32 40
401 3.674423414203421e-32 40.1
402 3.662381869698489e-32 40.2
403 3.65054333017651e-32 40.3
404 3.638647633561928e-32 40.40000000000001
405 3.626953146457912e-32 40.5
406 3.615200780758129e-32 40.6
407 3.60364782262e-32 40.7
408 3.592036277699531e-32 40.8
409 3.580622341284073e-32 40.90000000000001
410 3.569149140375746e-32 41
411 3.557871843706989e-32 41.1
412 3.546534612560292e-32 41.2
413 3.535391589642224e-32 41.3
414 3.524187997108402e-32 41.40000000000001
415 3.513176903105165e-32 41.5
416 3.502104614830996e-32 41.6
417 3.491223192264513e-32 41.7
418 3.480280009465285e-32 41.8
419 3.46952608661046e-32 41.90000000000001
420 3.458709824524947e-32 42
421 3.448081211272269e-32 42.1
422 3.437389685688753e-32 42.2
423 3.426884264927621e-32 42.3
424 3.416315413769575e-32 42.40000000000001
425 3.405931147964274e-32 42.5
426 3.395482939512752e-32 42.6
427 3.385217775935214e-32 42.7
428 3.374888147442529e-32 42.8
429 3.364740103189612e-32 42.90000000000001
430 3.354527126534773e-32 43
431 3.344494278143808e-32 43.1
432 3.334396046518911e-32 43.2
433 3.324476486605256e-32 43.3
434 3.314491075068542e-32 43.40000000000001
435 3.304682937877908e-32 43.5
436 3.294808536385053e-32 43.6
437 3.285110035802494e-32 43.7
438 3.275344855218462e-32 43.8
439 3.265754158383904e-32 43.90000000000001
440 3.256096388081696e-32 44
441 3.246611783593745e-32 44.1
442 3.237059729175712e-32 44.2
443 3.227679519150262e-32 44.3
444 3.218231489909115e-32 44.40000000000001
445 3.208953980715767e-32 44.5
446 3.199608282814705e-32 44.6
447 3.190431850472167e-32 44.7
448 3.181186891581592e-32 44.8
449 3.172109926933994e-32 44.90000000000001
450 3.162964127695503e-32 45
451 3.153985060140235e-32 45.1
452 3.144936811910279e-32 45.2
453 3.136054093183608e-32 45.3
454 3.127101914707268e-32 45.40000000000001
455 3.118314069578965e-32 45.5
456 3.109456466938269e-32 45.6
457 3.10076196387189e-32 45.7
458 3.09199741072166e-32 45.8
459 3.083394821257387e-32 45.90000000000001
460 3.07472192749673e-32 46
461 3.066209837503526e-32 46.1
462 3.05762718905987e-32 46.2
463 3.049204192282275e-32 46.3
464 3.040710381245728e-32 46.40000000000001
465 3.032375120563184e-32 46.5
466 3.023968816617411e-32 46.6
467 3.015719969700011e-32 46.7
468 3.007399854439985e-32 46.8
469 2.999236085876038e-32 46.90000000000001
470 2.991000814127182e-32 47
471 2.982920836361344e-32 47.1
472 2.974769166787442e-32 47.2
473 2.966771742546584e-32 47.3
474 2.95870242667061e-32 47.40000000000001
475 2.950786288317408e-32 47.5
476 2.942798065536246e-32 47.6
477 2.934962011673612e-32 47.7
478 2.927053708772503e-32 47.8
479 2.919296581256829e-32 47.90000000000001
480 2.911467023244567e-32 48
481 2.903787612290869e-32 48.1
482 2.896035601632905e-32 48.2
483 2.888432771139408e-32 48.3
484 2.880757202185125e-32 48.40000000000001
485 2.873229847942453e-32 48.5
486 2.865629607639931e-32 48.6
487 2.85817660969449e-32 48.7
488 2.850650576164572e-32 48.8
489 2.843270866159138e-32 48.90000000000001
490 2.835817989990108e-32 49
491 2.82851050817016e-32 49.1
492 2.82112974436891e-32 49.2
493 2.813893435571006e-32 49.3
494 2.806583721793438e-32 49.40000000000001
495 2.799417579120732e-32 49.5
496 2.792177921143138e-32 49.6
497 2.78508095326522e-32 49.7
498 2.777910365219852e-32 49.8
499 2.770881565447405e-32 49.90000000000001
500 2.763779035819014e-32 50
501 2.653559339456701e-32 50.01
502 2.545590541530534e-32 50.02
503 2.442467934374867e-32 50.03
504 2.345549289928059e-32 50.04
505 2.253795577266022e-32 50.05
506 2.167548818639754e-32 50.06
507 2.08699393101399e-32 50.07
508 2.011752564193832e-32 50.08
509 1.941404006054022e-32 50.09
510 1.875362959142929e-32 50.1
511 1.813126293067087e-32 50.11
512 1.754265072933681e-32 50.12
513 1.698432545669912e-32 50.13
514 1.645308783225849e-32 50.14
515 1.594742071548717e-32 50.15
516 1.546485018867397e-32 50.16
517 1.500476351933687e-32 50.17
518 1.456502092972397e-32 50.18
519 1.414471785225828e-32 50.19
520 1.374353293127014e-32 50.2
521 1.336029608232564e-32 50.21
522 1.299473760967745e-32 50.22
523 1.264598262663965e-32 50.23
524 1.231334619443671e-32 50.24
525 1.199675261652261e-32 50.25
526 1.169536103449166e-32 50.26
527 1.140795650458584e-32 50.27
528 1.1133547049508e-32 50.28
529 1.087118501801923e-32 50.29
530 1.062019549611355e-32 50.3
531 1.037945244897723e-32 50.31
532 1.014780237151604e-32 50.32
533 9.924564517692675e-33 50.33
534 9.709405239377426e-33 50.34
535 9.501245073553566e-33 50.35
536 9.299705664351908e-33 50.36
537 9.104307948060169e-33 50.37
538 8.914873314257143e-33 50.38
539 8.731336551707709e-33 50.39
540 8.553603597328688e-33 50.4
541 8.381590989898737e-33 50.41
542 8.215058271100075e-33 50.42
543 8.054007132630162e-33 50.43
544 7.898417568942566e-33 50.44
545 7.748247281321145e-33 50.45
546 7.603382003221044e-33 50.46
547 7.463608692569948e-33 50.47
548 7.328689208091777e-33 50.48
549 7.198338899461307e-33 50.49
550 7.07151041512952e-33 50.5
551 6.948498896578709e-33 50.51
552 6.82913322931001e-33 50.52
553 6.71306424082805e-33 50.53
554 6.60007740634453e-33 50.54
555 6.490120424947107e-33 50.55
556 6.383045620807246e-33 50.56
557 6.278798144681558e-33 50.57
558 6.177174721094908e-33 50.58
559 6.077994243127084e-33 50.59
560 5.981463671444309e-33 50.6
561 5.887450734485407e-33 50.61
562 5.795888673849387e-33 50.62
563 5.706605458432967e-33 50.63
564 5.619548995996154e-33 50.64
565 5.534771111548376e-33 50.65
566 5.452373898310983e-33 50.66
567 5.372233282548825e-33 50.67
568 5.294203610619765e-33 50.68
569 5.2181462912896e-33 50.69
570 5.144053860654521e-33 50.7
571 5.071706589809503e-33 50.71
572 5.001028974219198e-33 50.72
573 4.932047337925457e-33 50.73
574 4.864692697271149e-33 50.74
575 4.7987830987853e-33 50.75
576 4.73435626931749e-33 50.76
577 4.671212324684973e-33 50.77
578 4.609352504200886e-33 50.78
579 4.548774978788022e-33 50.79
580 4.489394005497837e-33 50.8
581 4.43126277257228e-33 50.81
582 4.374461303113699e-33 50.82
583 4.318907523081045e-33 50.83
584 4.264321988494242e-33 50.84
585 4.210729639453449e-33 50.85
586 4.158207561412463e-33 50.86
587 4.106877475721072e-33 50.87
588 4.056629542823374e-33 50.88
589 4.007441491113319e-33 50.89
590 3.959252171408508e-33 50.9
591 3.911948511643687e-33 50.91
592 3.865648769711435e-33 50.92
593 3.820287026048058e-33 50.93
594 3.775758033790158e-33 50.94
595 3.7321025075322e-33 50.95
596 3.689454691794999e-33 50.96
597 3.64754711173572e-33 50.97
598 3.606443240127909e-33 50.98
599 3.566167320364026e-33 50.99
600 3.526688415311544e-33 51
601 3.487899039237459e-33 51.01
602 3.449693626481728e-33 51.02
603 3.412222752657095e-33 51.03
604 3.37547050051733e-33 51.04
605 3.339401998058156e-33 51.05
606 3.304009500573417e-33 51.06
607 3.269040443177184e-33 51.07
608 3.234699382653511e-33 51.08
609 3.201146482813201e-33 51.09
610 3.168208544176982e-33 51.1
611 3.135752760646622e-33 51.11
612 3.10384953434711e-33 51.12
613 3.072427750809682e-33 51.13
614 3.041579098203178e-33 51.14
615 3.011236443715639e-33 51.15
616 2.981357967854948e-33 51.16
617 2.951940842745248e-33 51.17
618 2.922982133068767e-33 51.18
619 2.894469339718654e-33 51.19
620 2.866304663543277e-33 51.2
621 2.838591264180094e-33 51.21
622 2.811261896826966e-33 51.22
623 2.784302735200623e-33 51.23
624 2.757661800009299e-33 51.24
625 2.731416414668297e-33 51.25
626 2.705595615551368e-33 51.26
627 2.680185546798935e-33 51.27
628 2.655183837821307e-33 51.28
629 2.630601982110447e-33 51.29
630 2.606331482067829e-33 51.3
631 2.582497172719827e-33 51.31
632 2.559218190894285e-33 51.32
633 2.536238043572741e-33 51.33
634 2.513582853278916e-33 51.34
635 2.49128491396649e-33 51.35
636 2.469263903231269e-33 51.36
637 2.447438938162209e-33 51.37
638 2.425831430753841e-33 51.38
639 2.404458904369268e-33 51.39
640 2.383464559402527e-33 51.4
641 2.36278860160449e-33 51.41
642 2.342386186338843e-33 51.42
643 2.322181619757384e-33 51.43
644 2.302364026828453e-33 51.44
645 2.282820871450261e-33 51.45
646 2.263550503783566e-33 51.46
647 2.244580738211626e-33 51.47
648 2.22593683567008e-33 51.48
649 2.207530715348611e-33 51.49
650 2.189342151583219e-33 51.5
651 2.171346759493645e-33 51.51
652 2.153557397050889e-33 51.52
653 2.136032459765603e-33 51.53
654 2.118798912239263e-33 51.54
655 2.101794318577176e-33 51.55
656 2.085043396812964e-33 51.56
657 2.068580151443225e-33 51.57
658 2.052382170902923e-33 51.58
659 2.036400180228835e-33 51.59
660 2.02060262757151e-33 51.6
661 2.005106413955735e-33 51.61
662 1.989774874621706e-33 51.62
663 1.974775456615124e-33 51.63
664 1.959904733219091e-33 51.64
665 1.94519770095624e-33 51.65
666 1.93059111068758e-33 51.66
667 1.916057942674935e-33 51.67
668 1.901617777911823e-33 51.68
669 1.887362668238252e-33 51.69
670 1.873320246481611e-33 51.7
671 1.859481546108257e-33 51.71
672 1.845869427680978e-33 51.72
673 1.83246715144921e-33 51.73
674 1.819171014427036e-33 51.74
675 1.80599188691875e-33 51.75
676 1.793013401529328e-33 51.76
677 1.780190165589989e-33 51.77
678 1.767521967381434e-33 51.78
679 1.754941948899222e-33 51.79
680 1.742492763177568e-33 51.8
681 1.730232572499122e-33 51.81
682 1.718198772305877e-33 51.82
683 1.706346438535713e-33 51.83
684 1.694626530535928e-33 51.84
685 1.682993943420003e-33 51.85
686 1.6715345927555e-33 51.86
687 1.660217201498211e-33 51.87
688 1.64907947580707e-33 51.88
689 1.638109865363162e-33 51.89
690 1.627292169249171e-33 51.9
691 1.61654663794344e-33 51.91
692 1.605965040460718e-33 51.92
693 1.595537510003791e-33 51.93
694 1.585237751810807e-33 51.94
695 1.575020135346089e-33 51.95
696 1.56488066573729e-33 51.96
697 1.554810350088412e-33 51.97
698 1.544776356419767e-33 51.98
699 1.534863926784291e-33 51.99
700 1.525076638320734e-33 52
701 1.515441206001151e-33 52.01
702 1.505894457914969e-33 52.02
703 1.496484073856427e-33 52.03
704 1.487220832737053e-33 52.04
705 1.478031927075516e-33 52.05
706 1.468960279162276e-33 52.06
707 1.459917911908122e-33 52.07
708 1.45093730938038e-33 52.08
709 1.442029746145584e-33 52.09
710 1.433195777773832e-33 52.1
711 1.424496919558512e-33 52.11
712 1.415888608918512e-33 52.12
713 1.407340805861791e-33 52.13
714 1.398872274377628e-33 52.14
715 1.390489711005857e-33 52.15
716 1.382194609905474e-33 52.16
717 1.374022164906812e-33 52.17
718 1.365889731156613e-33 52.18
719 1.357783567764416e-33 52.19
720 1.349714197088989e-33 52.2
721 1.341704615209932e-33 52.21
722 1.333796438818919e-33 52.22
723 1.325984152490378e-33 52.23
724 1.318272094882973e-33 52.24
725 1.310696641768969e-33 52.25
726 1.303289463503046e-33 52.26
727 1.295937174312579e-33 52.27
728 1.288634120500849e-33 52.28
729 1.281353237756541e-33 52.29
730 1.274153256557954e-33 52.3
731 1.26704412751975e-33 52.31
732 1.26002963238613e-33 52.32
733 1.253041345656039e-33 52.33
734 1.24611773670907e-33 52.34
735 1.239198903242336e-33 52.35
736 1.232336449353026e-33 52.36
737 1.225507626499886e-33 52.37
738 1.218801327906892e-33 52.38
739 1.212187584612474e-33 52.39
740 1.205669159448139e-33 52.4
741 1.199232490001126e-33 52.41
742 1.192894125559715e-33 52.42
743 1.18662140668111e-33 52.43
744 1.180350552766467e-33 52.44
745 1.174126397795596e-33 52.45
746 1.16795901926007e-33 52.46
747 1.161857024435438e-33 52.47
748 1.155818961479603e-33 52.48
749 1.149903288659558e-33 52.49
750 1.144055549097659e-33 52.5
751 1.138259379793025e-33 52.51
752 1.132510464949527e-33 52.52
753 1.126764902389578e-33 52.53
754 1.121043787596163e-33 52.54
755 1.115358653177834e-33 52.55
756 1.109717761618731e-33 52.56
757 1.104148414404885e-33 52.57
758 1.098595519997489e-33 52.58
759 1.09305936205475e-33 52.59
760 1.087607655527026e-33 52.6
761 1.082222563730694e-33 52.61
762 1.07689970695951e-33 52.62
763 1.071632138457945e-33 52.63
764 1.066371291726082e-33 52.64
765 1.061156978054259e-33 52.65
766 1.055966779312719e-33 52.66
767 1.05076826958801e-33 52.67
768 1.045596925362619e-33 52.68
769 1.040470392150087e-33 52.69
770 1.035404609656478e-33 52.7
771 1.030379720968486e-33 52.71
772 1.025354189050044e-33 52.72
773 1.020337651435042e-33 52.73
774 1.015386406888028e-33 52.74
775 1.010482597678483e-33 52.75
776 1.005634529692558e-33 52.76
777 1.000706664957034e-33 52.77
778 9.957781360268248e-34 52.78
779 9.909425032464207e-34 52.79
780 9.864320096596368e-34 52.8
781 9.819803045125841e-34 52.81
782 9.776704464413289e-34 52.82
783 9.733520152640811e-34 52.83
784 9.689659324047118e-34 52.84
785 9.64567804235912e-34 52.85
786 9.601571839127045e-34 52.86
787 9.557742648196562e-34 52.87
788 9.514482136090009e-34 52.88
789 9.472081367250419e-34 52.89
790 9.430057393680163e-34 52.9
791 9.388146150995243e-34 52.91
792 9.346167851272777e-34 52.92
793 9.304066178355254e-34 52.93
794 9.262175622122997e-34 52.94
795 9.221122405698045e-34 52.95
796 9.180609941037356e-34 52.96
797 9.140913167680191e-34 52.97
798 9.10152398795991e-34 52.98
799 9.062105395835783e-34 52.99
800 9.022886177658762e-34 53
801 8.98360758307027e-34 53.01
802 8.944484473838811e-34 53.02
803 8.905650043310938e-34 53.03
804 8.867123519291294e-34 53.04
805 8.829088323225027e-34 53.05
806 8.791732143793841e-34 53.06
807 8.754703810013145e-34 53.07
808 8.717910712595995e-34 53.08
809 8.681331964695105e-34 53.09
810 8.644860827492982e-34 53.1
811 8.608469966680923e-34 53.11
812 8.572162074926608e-34 53.12
813 8.536290949467277e-34 53.13
814 8.500769319238616e-34 53.14
815 8.465316058384045e-34 53.15
816 8.430247690782056e-34 53.16
817 8.39563637750455e-34 53.17
818 8.361364756504286e-34 53.18
819 8.327074048831286e-34 53.19
820 8.292607548109978e-34 53.2
821 8.258186181931464e-34 53.21
822 8.22393807667815e-34 53.22
823 8.18974637699414e-34 53.23
824 8.155887831683736e-34 53.24
825 8.121911851418678e-34 53.25
826 8.087438829405862e-34 53.26
827 8.052892273241586e-34 53.27
828 8.018428512567797e-34 53.28
829 7.984377844122431e-34 53.29
830 7.950694491531221e-34 53.3
831 7.91813523566455e-34 53.31
832 7.887071909962017e-34 53.32
833 7.856907299372458e-34 53.33
834 7.826640848994649e-34 53.34
835 7.796186125224269e-34 53.35
836 7.764921279139443e-34 53.36
837 7.734810324684651e-34 53.37
838 7.703588057457678e-34 53.38
839 7.681667693299708e-34 53.39
840 7.662572895592152e-34 53.4
841 7.63786198415162e-34 53.41
842 7.607756851150878e-34 53.42
843 7.572074108549845e-34 53.43
844 7.533936518263008e-34 53.44
845 7.49551218649546e-34 53.45
846 7.460155942756157e-34 53.46
847 7.427995404056041e-34 53.47
848 7.399515780329552e-34 53.48
849 7.373256493512842e-34 53.49
850 7.346519959815873e-34 53.5
851 7.317990855102444e-34 53.51
852 7.287388483854105e-34 53.52
853 7.255548486772099e-34 53.53
854 7.223609116178485e-34 53.54
855 7.192446775411096e-34 53.55
856 7.16168301759743e-34 53.56
857 7.131934616325032e-34 53.57
858 7.103053861845651e-34 53.58
859 7.074975032660242e-34 53.59
860 7.046604275126061e-34 53.6
861 7.017333093195261e-34 53.61
862 6.987161343476983e-34 53.62
863 6.956648171317981e-34 53.63
864 6.927923637367998e-34 53.64
865 6.902708970136139e-34 53.65
866 6.877000719759629e-34 53.66
867 6.850356652364415e-34 53.67
868 6.820224621764031e-34 53.68
869 6.787207220632233e-34 53.69
870 6.75343472862268e-34 53.7
871 6.720489035962055e-34 53.71
872 6.692249072074143e-34 53.72
873 6.665182954803326e-34 53.73
874 6.638749939493164e-34 53.74
875 6.613427086000471e-34 53.75
876 6.664337850334813e-34 53.76
877 7.934468398409604e-34 53.77
878 8.943271191768797e-34 53.78
879 1.047147885400376e-33 53.79
880 1.14813260168373e-33 53.8
881 1.237607834667548e-33 53.81
882 1.349294023509534e-33 53.82
883 1.482331629351119e-33 53.83
884 1.673400047958771e-33 53.84
885 1.84616215483288e-33 53.85
886 2.026940169432918e-33 53.86
887 2.368869665493632e-33 53.87
888 2.539083650610413e-33 53.88
889 2.788690613005069e-33 53.89
890 3.026251946769232e-33 53.9
891 3.251133925220822e-33 53.91
892 3.522697358122881e-33 53.92
893 3.664683787096463e-33 53.93
894 3.959917293130691e-33 53.94
895 5.390625416433539e-33 53.95
896 8.343550307635923e-31 53.96
897 3.205798696762362e-31 53.97
898 1.106160818623732e-31 53.98
899 1.606566073393781e-32 53.99
900 8.700982073998922e-33 54
901 8.664917895121001e-33 54.01
902 1.223388923606412e-31 54.02
903 2.349897431805457e-27 54.03
904 4.935136922910177e-18 54.04
905 1.02173829847736e-13 54.05
906 8.989825181858122e-12 54.06
907 7.818578626101157e-11 54.07
908 3.085374079892609e-10 54.08
909 1.232997593109981e-11 54.09
910 1.256606244684718e-12 54.1
911 8.240953235950597e-12 54.11
912 2.631218393050062e-13 54.12
913 4.248211984314935e-13 54.13
914 5.512641169152144e-15 54.14
915 1.405463573134408e-13 54.15
916 5.085885851145511e-13 54.16
917 4.368449810684085e-13 54.17
918 1.934001275365265e-11 54.18
919 3.350003884193886e-09 54.19
920 9.73769357225569e-09 54.2
921 5.269124098321329e-15 54.21
922 6.832090769678979e-08 54.22
923 2.880218727199098e-09 54.23
924 2.435557405605273e-12 54.24
925 3.420607203562287e-13 54.25
926 4.988692904976191e-14 54.26
927 4.514604077614401e-13 54.27
928 9.842861908698919e-14 54.28
929 1.431366352523587e-13 54.29
930 6.0297582697913e-15 54.3
931 1.388373040795987e-16 54.31
932 2.405443420670815e-16 54.32
933 2.074159822578715e-14 54.33
934 5.790616614241908e-15 54.34
935 8.081210018556879e-13 54.35
936 1.425873024164016e-13 54.36
937 1.334106134475514e-15 54.37
938 6.307225616511099e-14 54.38
939 2.268335903166256e-15 54.39
940 1.022589770002015e-14 54.4
941 3.182084662445421e-16 54.41
942 1.072552633413153e-14 54.42
943 1.21990399248354e-17 54.43
944 2.696191292610969e-15 54.44
945 4.415744850131967e-20 54.45
946 1.016185771323884e-13 54.46
947 1.092763263762684e-23 54.47
948 7.007906892587397e-10 54.48
949 6.334417477772424e-10 54.49
950 2.097982422028532e-11 54.5
951 8.271434509531186e-12 54.51
952 8.392344493926309e-12 54.52
953 1.181406215244319e-10 54.53
954 1.059888981612501e-11 54.54
955 4.070490202574199e-13 54.55
956 5.122036100879548e-13 54.56
957 1.596651730042687e-14 54.57
958 1.11218910344482e-15 54.58
959 3.486552799521778e-14 54.59
960 4.230644300422967e-16 54.6
961 4.197465935680199e-16 54.61
962 5.216456316170085e-16 54.62
963 5.741437707379011e-12 54.63
964 6.696642968903189e-14 54.64
965 7.71345309270208e-15 54.65
966 2.118201264680381e-20 54.66
967 9.325237727426701e-15 54.67
968 4.389918455372112e-17 54.68
969 1.440102433007339e-13 54.69
970 8.713622436809535e-13 54.7
971 9.751167805150399e-14 54.71
972 7.639391983267743e-14 54.72
973 3.611657926912099e-13 54.73
974 2.828166928282913e-15 54.74
975 2.208065931694533e-14 54.75
976 6.922382591837772e-16 54.76
977 5.708279277805546e-13 54.77
978 4.224606879050348e-14 54.78
979 2.779346044253868e-13 54.79
980 3.048148942909487e-13 54.8
981 1.203748804254462e-13 54.81
982 3.573181882102496e-14 54.82
983 3.543155884779591e-13 54.83
984 4.313993165872104e-15 54.84
985 2.100183735638876e-12 54.85
986 5.759823555278874e-14 54.86
987 2.48442379726561e-17 54.87
988 3.915351224336615e-12 54.88
989 6.39774767664446e-13 54.89
990 5.94156020292658e-13 54.9
991 7.452875168658551e-15 54.91
992 1.875266407954356e-12 54.92
993 1.251747340509459e-14 54.93
994 3.121175480411984e-12 54.94
995 4.697710346749007e-13 54.95
996 2.129329845668866e-14 54.96
997 2.888075199658641e-13 54.97
998 4.460426760044696e-11 54.98
999 6.901629644244071e-13 54.99
1000 1.798391642269743e-14 55
1001 5.912595259098914e-15 55.01
1002 2.262686422016179e-16 55.02
1003 1.006512622458215e-17 55.03
1004 1.621781966744678e-16 55.04
1005 2.599310653282332e-11 55.05
1006 6.267562078932873e-06 55.06
1007 2.314968879211423e-06 55.07
1008 1.134186192440833e-05 55.08
1009 5.247780601892415e-06 55.09
1010 7.827322357188673e-07 55.1
1011 2.542396689142319e-08 55.11
1012 1.455839806819163e-09 55.12
1013 2.442797987791776e-07 55.13
1014 5.391995430014333e-08 55.14
1015 6.446646749293151e-06 55.15
1016 2.254330464601797e-08 55.16
1017 3.538811487962617e-09 55.17
1018 2.537552983730599e-06 55.18
1019 6.657672025849736e-06 55.19
1020 3.732888324092437e-06 55.2
1021 2.959816146228969e-08 55.21
1022 2.406355601909474e-09 55.22
1023 8.557441286970051e-11 55.23
1024 5.768225132361013e-10 55.24
1025 1.482947356909628e-06 55.25
1026 1.362442515271316e-07 55.26
1027 3.510441180827751e-08 55.27
1028 6.134392133733192e-10 55.28
1029 1.238088702189408e-11 55.29
1030 1.574063907728155e-12 55.3
1031 2.084315201669326e-13 55.31
1032 1.770267593400218e-12 55.32
1033 0.006455209103337055 55.33
1034 0.002134252843925033 55.34
1035 0.0008600071663171259 55.35
1036 0.0003296061911514039 55.36
1037 0.0001096891350131231 55.37
1038 2.642367140968552e-05 55.38
1039 4.379106457148255e-06 55.39
1040 5.858144369993519e-07 55.4
1041 1.044185156540151e-07 55.41
1042 2.083777202155238e-08 55.42
1043 4.347069134299876e-09 55.43
1044 9.246647301204117e-10 55.44
1045 1.97994853368834e-10 55.45
1046 4.240896811686237e-11 55.46
1047 9.035921200739515e-12 55.47
1048 0.0001512798010894637 55.48
1049 0.00125983457130641 55.49
1050 0.0003801267909672633 55.5
1051 7.927626508128298e-05 55.51
1052 4.428408765976247e-06 55.52
1053 3.652260809729118e-05 55.53
1054 5.01127303468194e-07 55.54
1055 2.290906192707956e-07 55.55
1056 1.506766518896105e-05 55.56
1057 2.577130950290899e-06 55.57
1058 4.915460735766995e-09 55.58
1059 6.627019831762316e-07 55.59
1060 4.397303144434709e-08 55.6
1061 6.233634321941042e-11 55.61
1062 8.758218287582977e-11 55.62
1063 3.715547163003062e-06 55.63
1064 3.396767525205125e-09 55.64
1065 1.281970820737899e-05 55.65
1066 4.109689094647945e-08 55.66
1067 1.056304932758912e-07 55.67
1068 2.828097611132384e-08 55.68
1069 1.058295960213489e-06 55.69
1070 2.939362716064674e-06 55.7
1071 1.62657955130429e-07 55.71
1072 0.0002364117551467634 55.72
1073 2.124700257983369e-05 55.73
1074 2.00089864879801e-06 55.74
1075 3.668776149972586e-11 55.75
1076 2.073027769402245e-09 55.76
1077 4.557961939395727e-13 55.77
1078 4.464800408315835e-14 55.78
1079 7.683293933100847e-15 55.79
1080 1.375729729233017e-15 55.8
1081 7.444159781634355e-16 55.81
1082 4.420424767972926e-17 55.82
1083 7.76875898294752e-18 55.83
1084 3.465362851104521e-18 55.84
1085 1.203544589084218e-16 55.85
1086 8.92626337153292e-19 55.86
1087 4.064153479208284e-18 55.87
1088 2.492967319999628e-17 55.88
1089 1.53922681284095e-17 55.89
1090 4.837722751488176e-19 55.9
1091 1.050667307783309e-20 55.91
1092 9.595048820971536e-16 55.92
1093 9.548939883127793e-13 55.93
1094 4.952082966292265e-15 55.94
1095 3.442439082774222e-15 55.95
1096 5.404746905854268e-19 55.96
1097 1.834601952738445e-20 55.97
1098 8.503729687799128e-20 55.98
1099 4.529510003373753e-18 55.99
1100 4.866084147484037e-20 56
1101 2.82517254704812e-16 56.01
1102 7.006578514691964e-18 56.02
1103 2.903598383847125e-19 56.03
1104 1.438433266107584e-20 56.04
1105 2.650625351846699e-21 56.05
1106 5.857236423067201e-19 56.06
1107 1.928611454686457e-13 56.07
1108 7.77103374645832e-10 56.08
1109 3.04052779973104e-09 56.09
1110 6.257280552483803e-09 56.1
1111 3.946043912613561e-09 56.11
1112 8.626203069628232e-09 56.12
1113 6.13250542626188e-11 56.13
1114 7.821863225484862e-13 56.14
1115 2.179308612128557e-14 56.15
1116 6.606639765537639e-16 56.16
1117 1.810132158707356e-13 56.17
1118 6.671183765062871e-17 56.18
1119 1.071817923823827e-19 56.19
1120 1.087036637362174e-20 56.2
1121 1.341566321474034e-21 56.21
1122 1.890050480002658e-22 56.22
1123 2.914869468821225e-23 56.23
1124 4.793088870935414e-24 56.24
1125 8.277711148860725e-25 56.25
1126 1.488103072197117e-25 56.26
1127 2.76815058638186e-26 56.27
1128 5.306661723027791e-27 56.28
1129 1.045485450382381e-27 56.29
1130 2.115102673657756e-28 56.3
1131 4.422409885934751e-29 56.31
1132 9.934996184056678e-30 56.32
1133 2.785133024286804e-30 56.33
1134 1.234264328007657e-30 56.34
1135 7.504587762541481e-31 56.35
1136 5.285345507241776e-31 56.36
1137 4.037433256542316e-31 56.37
1138 3.24500949069641e-31 56.38
1139 2.700033907066901e-31 56.39
1140 2.303637483680319e-31 56.4
1141 2.003778903394603e-31 56.41
1142 1.769122341954164e-31 56.42
1143 1.580769101695317e-31 56.43
1144 1.426615100541271e-31 56.44
1145 1.298323531928214e-31 56.45
1146 1.189990112873726e-31 56.46
1147 1.097351315819738e-31 56.47
1148 1.017271756132339e-31 56.48
1149 9.474147651732156e-32 56.49
1150 8.857605652450082e-32 56.5
1151 1.14731330026247e-24 56.51
1152 1.202253472302381e-26 56.52
1153 2.405425047925879e-27 56.53
1154 5.38022297968519e-28 56.54
1155 1.454816348865085e-08 56.55
1156 4.752157794952166e-11 56.56
1157 2.164777164508049e-09 56.57
1158 6.307655947918895e-12 56.58
1159 2.899885598100814e-07 56.59
1160 6.749046317858344e-10 56.6
1161 5.658119052857417e-10 56.61
1162 2.044100214969814e-10 56.62
1163 5.603888380676848e-08 56.63
1164 5.316408027518112e-10 56.64
1165 3.186154164356477e-10 56.65
1166 1.602444743229783e-11 56.66
1167 6.342209509337931e-09 56.67
1168 5.606520525989759e-11 56.68
1169 2.166567289117341e-11 56.69
1170 5.766184455336074e-08 56.7
1171 1.906622034893695e-08 56.71
1172 2.264134572350886e-11 56.72
1173 9.566865954913441e-14 56.73
1174 3.632099732895747e-12 56.74
1175 1.247398121243495e-10 56.75
1176 8.875935171116696e-10 56.76
1177 1.235700002003252e-08 56.77
1178 4.291335493368733e-08 56.78
1179 2.263749537274516e-07 56.79
1180 6.609785203277093e-07 56.8
1181 2.657282786200493e-07 56.81
1182 5.125464018041392e-09 56.82
1183 5.953690284956362e-11 56.83
1184 0.001470411728687354 56.84
1185 0.004124671615590912 56.85
1186 0.009856807494605461 56.86
1187 0.01476266950091726 56.87
1188 0.0160355649794277 56.88
1189 0.01756280642562132 56.89
1190 0.01851369732750981 56.9
1191 0.01910727646592155 56.91
1192 0.01574692103807366 56.92
1193 0.01412241878607213 56.93
1194 0.01082863146556813 56.94
1195 0.007913323109402494 56.95
1196 0.006576495210590809 56.96
1197 0.005901984782269895 56.97
1198 0.007348068909004052 56.98
1199 0.01314212854323016 56.99
1200 0.01891734281435805 57
1201 0.0230668763874524 57.01
1202 0.02854967215928906 57.02
1203 0.03239994232834596 57.03
1204 0.02940259233722523 57.04
1205 0.02747896633413729 57.05
1206 0.02475866935330212 57.06
1207 0.02076821867958876 57.07
1208 0.0178381503627983 57.08
1209 0.01524469006398136 57.09
1210 0.01332310474499489 57.1
1211 0.01284819690379988 57.11
1212 0.01238637225611501 57.12
1213 0.01251174952725377 57.13
1214 0.01236843427532047 57.14
1215 0.01328038157913897 57.15
1216 0.01408520698580792 57.16
1217 0.01420389550774351 57.17
1218 0.0136468761426706 57.18
1219 0.01359717221273973 57.19
1220 0.01264929707351789 57.2
1221 0.01171768504607931 57.21
1222 0.010511621127717 57.22
1223 0.009801256452585552 57.23
1224 0.0090795452530233 57.24
1225 0.008667706382820302 57.25
1226 0.008048587704563268 57.26
1227 0.007610951393445403 57.27
1228 0.007367232075331038 57.28
1229 0.00672609495956024 57.29
1230 0.006522677613486342 57.3
1231 0.006250756082128518 57.31
1232 0.004884260661800472 57.32
1233 0.004331450272324885 57.33
1234 0.004314869909433918 57.34
1235 0.004468367498936802 57.35
1236 0.004522135098900714 57.36
1237 0.004506347698864211 57.37
1238 0.004412854648199183 57.38
1239 0.004382554656969656 57.39
1240 0.004853237649416498 57.4
1241 0.004535803779684072 57.41
1242 0.004267483862443595 57.42
1243 0.004388517275247084 57.43
1244 0.004372415724235591 57.44
1245 0.004420861711301437 57.45
1246 0.004648052460787541 57.46
1247 0.004807739980358665 57.47
1248 0.004887646969219416 57.48
1249 0.005177613743899332 57.49
1250 0.005548653075919146 57.5
1251 0.005734020899654866 57.51
1252 0.00676911436906222 57.52
1253 0.007238279795041653 57.53
1254 0.00757890144878599 57.54
1255 0.008820227705183547 57.55
1256 0.009800431325654302 57.56
1257 0.01049063084807368 57.57
1258 0.01109008605047155 57.58
1259 0.01213458859672248 57.59
1260 0.01295036296917037 57.6
1261 0.01354913095382003 57.61
1262 0.01418834564021821 57.62
1263 0.01468512321235757 57.63
1264 0.01553431711579652 57.64
1265 0.01545836538670185 57.65
1266 0.01525558042858883 57.66
1267 0.01525134909659097 57.67
1268 0.01488395077334954 57.68
1269 0.01418091240078997 57.69
1270 0.01334666620528932 57.7
1271 0.01236077779227152 57.71
1272 0.01168334034170584 57.72
1273 0.01174212333731619 57.73
1274 0.01249960200487396 57.74
1275 0.01386794579610485 57.75
1276 0.01516196986038 57.76
1277 0.01598709674652977 57.77
1278 0.01657373406907744 57.78
1279 0.01677111487698003 57.79
1280 0.0169556368199444 57.8
1281 0.01690039539514367 57.81
1282 0.01695964755219268 57.82
1283 0.01722560519880209 57.83
1284 0.01819793149172499 57.84
1285 0.01927148863134119 57.85
1286 0.02176407425864115 57.86
1287 0.02382251400419368 57.87
1288 0.02559611904548289 57.88
1289 0.02730444527686506 57.89
1290 0.02907328625906499 57.9
1291 0.03286631583572794 57.91
1292 0.03937437147769301 57.92
1293 0.0472427122478933 57.93
1294 0.05562854245473187 57.94
1295 0.06658121979756094 57.95
1296 0.07869624019742925 57.96
1297 0.08894475453921981 57.97
1298 0.09493203588413252 57.98
1299 0.0975932556425551 57.99
1300 0.09787963529294202 58
1301 0.0979481858515627 58.01
1302 0.09736727550151213 58.02
1303 0.09609555492146916 58.03
1304 0.0956258865535782 58.04
1305 0.09671211232001962 58.05
1306 0.101928411510921 58.06
1307 0.1101152649531112 58.07
1308 0.1190221885764289 58.08
1309 0.1278709811038711 58.09
1310 0.135441187075915 58.1
1311 0.1410289222086054 58.11
1312 0.1445411160393745 58.12
1313 0.1455288240963788 58.13
1314 0.1448508274549101 58.14
1315 0.1433312338087117 58.15
1316 0.1420039716045474 58.16
1317 0.1417086511247298 58.17
1318 0.1419348299307316 58.18
1319 0.1435769322587615 58.19
1320 0.1474534381314739 58.2
1321 0.1530032841696788 58.21
1322 0.1591983702545228 58.22
1323 0.1641806651589802 58.23
1324 0.1677999312209976 58.24
1325 0.1705072473529985 58.25
1326 0.1724377716651139 58.26
1327 0.1740415807604571 58.27
1328 0.1756076246521538 58.28
1329 0.1770927557481503 58.29
1330 0.1787607513739691 58.3
1331 0.181030626384634 58.31
1332 0.1839051470388087 58.32
1333 0.1873638796385525 58.33
1334 0.1909168723948639 58.34
1335 0.193934223058397 58.35
1336 0.196399695248186 58.36
1337 0.1984863964677227 58.37
1338 0.2002052243401758 58.38
1339 0.2018691697074937 58.39
1340 0.2044253828811802 58.4
1341 0.2074375756462194 58.41
1342 0.2098066387608721 58.42
1343 0.2115926762227861 58.43
1344 0.2127731502398614 58.44
1345 0.2136760152815275 58.45
1346 0.2146155834999456 58.46
1347 0.2156747325467746 58.47
1348 0.2167695794226482 58.48
1349 0.2174194144603471 58.49
1350 0.2176888998703387 58.5
1351 0.2178499462248099 58.51
1352 0.2180159406157498 58.52
1353 0.2182854009367829 58.53
1354 0.2185219919429466 58.54
1355 0.2187413439753204 58.55
1356 0.2189654017022672 58.56
1357 0.2187259239715331 58.57
1358 0.2188573829127318 58.58
1359 0.2189268246930971 58.59
1360 0.2187341019612292 58.6
1361 0.2184793585932389 58.61
1362 0.2181286849674777 58.62
1363 0.2178036909145966 58.63
1364 0.2170840792028827 58.64
1365 0.2162489074424221 58.65
1366 0.2154177961472191 58.66
1367 0.2150463832004518 58.67
1368 0.2148974068656601 58.68
1369 0.2148492376902026 58.69
1370 0.2148464938960942 58.7
1371 0.2148228667902596 58.71
1372 0.2150461055422167 58.72
1373 0.2151627182822198 58.73
1374 0.2153529929579195 58.74
1375 0.2156902737611095 58.75
1376 0.2159563963531861 58.76
1377 0.2160610925961839 58.77
1378 0.2157161749438282 58.78
1379 0.21552045128165 58.79
1380 0.2151499599659155 58.8
1381 0.214649187465594 58.81
1382 0.2141194049884915 58.82
1383 0.2140883794497207 58.83
1384 0.2142109347442716 58.84
1385 0.2143781846562203 58.85
1386 0.2143237997683595 58.86
1387 0.2137297736255113 58.87
1388 0.2128844409643805 58.88
1389 0.2123421473456139 58.89
1390 0.2119854525880671 58.9
1391 0.2107534939387091 58.91
1392 0.2099288709535882 58.92
1393 0.2095277513529425 58.93
1394 0.2091749903598553 58.94
1395 0.2083427642774314 58.95
1396 0.2075794411036395 58.96
1397 0.2071443324823937 58.97
1398 0.2066761685801831 58.98
1399 0.2061335914064971 58.99
1400 0.2054613755832491 59
1401 0.2047588460818128 59.01
1402 0.2042219720426699 59.02
1403 0.2038695009940382 59.03
1404 0.203377469342438 59.04
1405 0.2029059605998689 59.05
1406 0.2026518490984683 59.06
1407 0.2022989673484153 59.07
1408 0.2021708392836442 59.08
1409 0.2019727600705529 59.09
1410 0.2017095385312206 59.1
1411 0.2014627989497143 59.11
1412 0.2012985779228765 59.12
1413 0.2010958087733077 59.13
1414 0.2011161807982964 59.14
1415 0.2015270448116247 59.15
1416 0.2021741751361885 59.16
1417 0.2028179928597378 59.17
1418 0.2031898371743499 59.18
1419 0.2036806917064889 59.19
1420 0.2042141219606056 59.2
1421 0.2044197837838016 59.21
1422 0.2045370594282581 59.22
1423 0.2046846103771639 59.23
1424 0.2049404336802198 59.24
1425 0.2052781032331741 59.25
1426 0.2056103888598112 59.26
1427 0.2052935034347712 59.27
1428 0.2051975515864783 59.28
1429 0.2052944841258968 59.29
1430 0.205358707105832 59.3
1431 0.2056247834633804 59.31
1432 0.2059300743948565 59.32
1433 0.2061908663481762 59.33
1434 0.2063316793802578 59.34
1435 0.2063105655239694 59.35
1436 0.2061815853758059 59.36
1437 0.2061036550703312 59.37
1438 0.206118163006875 59.38
1439 0.2060591654266946 59.39
1440 0.2057896347856665 59.4
1441 0.2052522594356435 59.41
1442 0.2047137280302132 59.42
1443 0.2041446491747616 59.43
1444 0.2036823358825421 59.44
1445 0.2033244797566981 59.45
1446 0.2030917819386169 59.46
1447 0.2029108895326624 59.47
1448 0.2026657789879809 59.48
1449 0.2024499024556971 59.49
1450 0.2026460106411976 59.5
1451 0.2030665807703586 59.51
1452 0.2034968251154421 59.52
1453 0.2036881444232593 59.53
1454 0.2036587550588354 59.54
1455 0.2035061259297094 59.55
1456 0.2032720623135227 59.56
1457 0.2030971247891355 59.57
1458 0.2029590028410895 59.58
1459 0.202165570679062 59.59
1460 0.2016545506630308 59.6
1461 0.2017151686238905 59.61
1462 0.2019924708397993 59.62
1463 0.202334967107181 59.63
1464 0.2027277032338908 59.64
1465 0.2031933610855555 59.65
1466 0.203721654471419 59.66
1467 0.204240900976353 59.67
1468 0.2046671679072858 59.68
1469 0.2049821938265802 59.69
1470 0.2053230862993326 59.7
1471 0.2057554165744199 59.71
1472 0.2063381467346038 59.72
1473 0.2067830730598304 59.73
1474 0.2070929737665226 59.74
1475 0.20725988277076 59.75
1476 0.2074181278145581 59.76
1477 0.2075630759653216 59.77
1478 0.2077075005215583 59.78
1479 0.2077251622830758 59.79
1480 0.2078380632584336 59.8
1481 0.2080821804021228 59.81
1482 0.2082888968070293 59.82
1483 0.2084182500584925 59.83
1484 0.2085099692302389 59.84
1485 0.2086549653842592 59.85
1486 0.2088737681038545 59.86
1487 0.2090909049998744 59.87
1488 0.2092465671010161 59.88
1489 0.2092432672990329 59.89
1490 0.2092907176488462 59.9
1491 0.2091541316976621 59.91
1492 0.2089095775842694 59.92
1493 0.2086758052908357 59.93
1494 0.2088378627371514 59.94
1495 0.208923582001172 59.95
1496 0.2088502032153597 59.96
1497 0.2081555636854355 59.97
1498 0.2080808713866969 59.98
1499 0.2086716695985334 59.99
1500 0.2092059186689079 60
1501 0.2097274989899826 60.01
1502 0.2104302768259615 60.02
1503 0.2113312223182952 60.03
1504 0.2121391947578214 60.04
1505 0.2128708148104336 60.05
1506 0.2134169174412975 60.06
1507 0.2137069885717576 60.07
1508 0.2140919512827946 60.08
1509 0.2143657776123798 60.09
1510 0.2147769617532619 60.1
1511 0.2150810888326146 60.11
1512 0.2153663483712686 60.12
1513 0.2155837814161561 60.13
1514 0.2156931053530206 60.14
1515 0.2157449533621131 60.15
1516 0.215791760119262 60.16
1517 0.215808380050775 60.17
1518 0.2156139994571445 60.18
1519 0.2154795948315162 60.19
1520 0.2153275437219945 60.2
1521 0.2151331709895021 60.21
1522 0.2149442519978673 60.22
1523 0.214778786012011 60.23
1524 0.2146151365684036 60.24
1525 0.214463473111328 60.25
1526 0.2143523221252478 60.26
1527 0.2142633646326598 60.27
1528 0.2141711430430827 60.28
1529 0.2140803630851073 60.29
1530 0.2140083632483936 60.3
1531 0.2139407383218955 60.31
1532 0.2139118223591983 60.32
1533 0.2138897818335353 60.33
1534 0.2138466082513955 60.34
1535 0.2137877358775089 60.35
1536 0.2137015893971954 60.36
1537 0.2137192855180657 60.37
1538 0.2136902853953749 60.38
1539 0.2135475987093356 60.39
1540 0.2133535935346783 60.4
1541 0.2130807389373428 60.41
1542 0.2128329504103127 60.42
1543 0.212568555665171 60.43
1544 0.2123125692768289 60.44
1545 0.2120663927117271 60.45
1546 0.2118686882077574 60.46
1547 0.2117823745145251 60.47
1548 0.2117137480470101 60.48
1549 0.2116155100365316 60.49
1550 0.2114481378648383 60.5
1551 0.2112406682885666 60.51
1552 0.2110632584519433 60.52
1553 0.2109143217064344 60.53
1554 0.2107551429763569 60.54
1555 0.210590401951347 60.55
1556 0.2104394379183809 60.56
1557 0.2102860713821867 60.57
1558 0.2101199802678827 60.58
1559 0.2099879260467452 60.59
1560 0.2098633830615404 60.6
1561 0.2097545293971892 60.61
1562 0.2096610802191794 60.62
1563 0.2095693468922913 60.63
1564 0.2094717683523083 60.64
1565 0.209371976459358 60.65
1566 0.209275089112867 60.66
1567 0.2091815512390454 60.67
1568 0.2090831168750016 60.68
1569 0.2089718636395463 60.69
1570 0.2088345505917743 60.7
1571 0.2087000271548352 60.71
1572 0.2085866578754736 60.72
1573 0.2084118405006726 60.73
1574 0.2082657438099615 60.74
1575 0.2081463036647971 60.75
1576 0.2080538611010662 60.76
1577 0.2079665268961797 60.77
1578 0.2078819705630212 60.78
1579 0.2036775834410927 60.79
1580 0.1956478498038822 60.8
1581 0.1880083471570557 60.81
1582 0.1523871409550063 60.82
1583 0.1370703830810305 60.83
1584 0.1161307787578897 60.84
1585 0.103449802884117 60.85
1586 0.09263977885615689 60.86
1587 0.08767951310762476 60.87
1588 0.1202219989163337 60.88
1589 0.146732665574803 60.89
1590 0.1640562497817468 60.9
1591 0.2172283390032366 60.91
1592 0.1629153875362406 60.92
1593 0.1405218497417377 60.93
1594 0.121036565793014 60.94
1595 0.1065939744828649 60.95
1596 0.09633021553181446 60.96
1597 0.07796945807881198 60.97
1598 0.06574753729355531 60.98
1599 0.05615711381953058 60.99
1600 0.04944866622936094 61
1601 0.04349089407675105 61.01
1602 0.03783688584202191 61.02
1603 0.03274740524020047 61.03
1604 0.02822190641826414 61.04
1605 0.02411597260670009 61.05
1606 0.02078219920993736 61.06
1607 0.01792275857599136 61.07
1608 0.01572893795075436 61.08
1609 0.01371994346390734 61.09
1610 0.01201871847021976 61.1
1611 0.010699208482557 61.11
1612 0.009383212120462147 61.12
1613 0.008204249349205793 61.13
1614 0.007952928358904102 61.14
1615 0.00724739857478377 61.15
1616 0.00635195993521553 61.16
1617 0.005550671204646094 61.17
1618 0.00485166103747693 61.18
1619 0.004456351758178887 61.19
1620 0.00424739061747667 61.2
1621 0.003794983479616916 61.21
1622 0.003282807207171537 61.22
1623 0.002941130001837117 61.23
1624 0.002593833373316722 61.24
1625 0.002322627445832727 61.25
1626 0.002189321214547126 61.26
1627 0.002088234984537138 61.27
1628 0.001974019475995729 61.28
1629 0.001887755832344956 61.29
1630 0.002311215024160333 61.3
1631 0.002345481654663311 61.31
1632 0.002249464063925554 61.32
1633 0.002077202566642826 61.33
1634 0.001950886835878194 61.34
1635 0.001871685473700001 61.35
1636 0.001914491478885632 61.36
1637 0.002209789766030687 61.37
1638 0.002197310436371403 61.38
1639 0.002065882908908891 61.39
1640 0.001985440641251469 61.4
1641 0.001938661044748493 61.41
1642 0.001952954854460659 61.42
1643 0.002788542116233872 61.43
1644 0.003177597022597498 61.44
1645 0.003425502974859923 61.45
1646 0.003371864606122231 61.46
1647 0.003427571379926786 61.47
1648 0.003511638818762056 61.48
1649 0.003602733164950332 61.49
1650 0.003454028485269741 61.5
1651 0.003518501855446239 61.51
1652 0.003417985211297795 61.52
1653 0.003335782518776827 61.53
1654 0.003301327623255029 61.54
1655 0.003121337446670518 61.55
1656 0.003213453949985614 61.56
1657 0.003349064925878823 61.57
1658 0.003167318876106042 61.58
1659 0.0030058710462294 61.59
1660 0.002874938741475187 61.6
1661 0.0028814716618297 61.61
1662 0.003366071273432082 61.62
1663 0.003370763493437027 61.63
1664 0.003121974468377657 61.64
1665 0.00282457058534492 61.65
1666 0.002836940009726245 61.66
1667 0.002897921670832316 61.67
1668 0.003132316371750487 61.68
1669 0.003133418218251782 61.69
1670 0.003117155278076923 61.7
1671 0.003138017521706084 61.71
1672 0.003198205530836711 61.72
1673 0.003164600727202988 61.73
1674 0.003158509750598547 61.74
1675 0.003187425329632769 61.75
1676 0.003441215545137052 61.76
1677 0.004490533886218315 61.77
1678 0.005256812477945079 61.78
1679 0.009884559193900001 61.79
1680 0.01270277848294462 61.8
1681 0.01558832868208769 61.81
1682 0.01684747439575907 61.82
1683 0.01796271161096568 61.83
1684 0.01865471988412063 61.84
1685 0.01894305707018855 61.85
1686 0.01876274337717072 61.86
1687 0.01942933762324403 61.87
1688 0.01936629946518975 61.88
1689 0.01304093168003666 61.89
1690 0.01002098494843542 61.9
1691 0.008256249040912952 61.91
1692 0.0071298912717972 61.92
1693 0.006528728063069281 61.93
1694 0.007024841805453486 61.94
1695 0.006239696695224099 61.95
1696 0.006694204248011881 61.96
1697 0.006746964668755454 61.97
1698 0.00632780917581946 61.98
1699 0.005119114141315765 61.99
1700 0.004524524473547651 62
1701 0.00467015344547417 62.01
1702 0.004506554531769087 62.02
1703 0.01111003849109058 62.03
1704 0.005478818173644779 62.04
1705 0.002999713688148073 62.05
1706 0.00494258029091088 62.06
1707 0.005677056469791602 62.07
1708 0.004814073203296889 62.08
1709 0.004228179298446197 62.09
1710 0.002145271824669628 62.1
1711 0.01767921198664905 62.11
1712 0.007206755804573944 62.12
1713 0.005412756966531529 62.13
1714 0.01662273381393597 62.14
1715 0.006639714663286855 62.15
1716 0.001968636376869775 62.16
1717 0.004723563721468092 62.17
1718 0.007964329037913278 62.18
1719 0.002775139596091825 62.19
1720 0.002182791062087538 62.2
1721 0.004364049500657827 62.21
1722 0.004625001723113443 62.22
1723 0.004818779581647489 62.23
1724 0.004539344718769148 62.24
1725 0.004952682217432634 62.25
1726 0.005173641794475757 62.26
1727 0.005067037104940554 62.27
1728 0.002460034511829757 62.28
1729 0.004624570283824046 62.29
1730 0.002311150836092229 62.3
1731 0.005339979137938432 62.31
1732 0.004466995916799648 62.32
1733 0.0043674988276227 62.33
1734 0.003286053081912525 62.34
1735 0.004846218336053558 62.35
1736 0.002517639330126915 62.36
1737 0.003535664670957778 62.37
1738 0.003628405834092498 62.38
1739 0.004349726481494908 62.39
1740 0.004519752694427838 62.4
1741 0.00436168137130821 62.41
1742 0.003075834088856304 62.42
1743 0.004629272355110965 62.43
1744 0.002544583810131621 62.44
1745 0.002353274049158056 62.45
1746 0.003595011612160554 62.46
1747 0.002223088606685395 62.47
1748 0.002277270730362241 62.48
1749 0.003583273152866299 62.49
1750 0.003781933350702539 62.5
1751 0.002472908528818715 62.51
1752 0.002554953052924273 62.52
1753 0.002505465130305314 62.53
1754 0.002483843369051114 62.54
1755 0.002515915438103785 62.55
1756 0.002510739205963094 62.56
1757 0.002468979138349038 62.57
1758 0.002583893827804208 62.58
1759 0.003621756872201397 62.59
1760 0.003588361651882086 62.6
1761 0.00263875974918128 62.61
1762 0.003163014803903934 62.62
1763 0.002998194888796205 62.63
1764 0.003494210117952522 62.64
1765 0.003455676151140563 62.65
1766 0.002923199271086337 62.66
1767 0.003517045010588377 62.67
1768 0.003572759901144139 62.68
1769 0.002866695048861944 62.69
1770 0.003489735464120183 62.7
1771 0.003272363791638111 62.71
1772 0.003590701356195831 62.72
1773 0.003942937254083363 62.73
1774 0.003750820662026318 62.74
1775 0.003691918917468183 62.75
1776 0.003564529462225993 62.76
1777 0.003658564481458706 62.77
1778 0.003438248948712668 62.78
1779 0.003161295907069169 62.79
1780 0.003190367438094313 62.8
1781 0.003342478004868659 62.81
1782 0.003470227123405334 62.82
1783 0.00340039711056271 62.83
1784 0.003535760085473858 62.84
1785 0.003671833981740277 62.85
1786 0.003458775733938634 62.86
1787 0.003501670289826323 62.87
1788 0.004226076905087981 62.88
1789 0.004095581014396952 62.89
1790 0.004000829672035798 62.9
1791 0.003836676296819194 62.91
1792 0.003668784768627479 62.92
1793 0.003414230363927186 62.93
1794 0.003408699341871648 62.94
1795 0.00345396475022632 62.95
1796 0.003330691885253276 62.96
1797 0.003166049716737428 62.97
1798 0.003152642887158276 62.98
1799 0.00308536634157159 62.99
1800 0.003031099358665528 63
1801 0.002939815271067741 63.01
1802 0.002838276017645227 63.02
1803 0.002734227739156255 63.03
1804 0.00272949646778248 63.04
1805 0.002867766985277794 63.05
1806 0.00300350381528719 63.06
1807 0.002957560553988727 63.07
1808 0.002856422459613843 63.08
1809 0.002690780478547578 63.09
1810 0.002520628545569373 63.1
1811 0.002446723861510404 63.11
1812 0.00245653820363724 63.12
1813 0.002403371617403249 63.13
1814 0.002415602747038632 63.14
1815 0.002548585856845664 63.15
1816 0.002514722966488161 63.16
1817 0.002378135739005921 63.17
1818 0.002376109248183093 63.18
1819 0.002318017700171403 63.19
1820 0.002269229911026533 63.2
1821 0.002231844361988646 63.21
1822 0.002214256068362635 63.22
1823 0.002186528270725915 63.23
1824 0.002159625693565681 63.24
1825 0.002180804849975542 63.25
1826 0.002223281647911649 63.26
1827 0.002184209916769722 63.27
1828 0.00234066586363897 63.28
1829 0.002263470844828972 63.29
1830 0.002145733920739792 63.3
1831 0.00210937827783877 63.31
1832 0.002181780564859032 63.32
1833 0.00211941894608515 63.33
1834 0.002069712911591745 63.34
1835 0.002075820287466999 63.35
1836 0.00216744829788207 63.36
1837 0.002197207001153239 63.37
1838 0.002218749816905023 63.38
1839 0.002324926890901254 63.39
1840 0.002365275696368115 63.4
1841 0.00259602174951985 63.41
1842 0.00260125293281643 63.42
1843 0.002406630990369078 63.43
1844 0.002315817919795721 63.44
1845 0.002058386674703155 63.45
1846 0.001949001127886918 63.46
1847 0.001792642845694555 63.47
1848 0.001662507104402208 63.48
1849 0.001557022850391292 63.49
1850 0.001593081288179708 63.5
1851 0.001487756970318704 63.51
1852 0.001370659922064835 63.52
1853 0.00129295754404437 63.53
1854 0.001238490788747967 63.54
1855 0.001036270129261953 63.55
1856 0.0009210817670447369 63.56
1857 0.0009554521758243314 63.57
1858 0.0008973640878528336 63.58
1859 0.0008615547055517806 63.59
1860 0.0008441414396672806 63.6
1861 0.001001654538468525 63.61
1862 0.0008193427261057008 63.62
1863 0.0005695683545204702 63.63
1864 0.0004606462552958441 63.64
1865 0.0003845593193339259 63.65
1866 0.0003919315618214957 63.66
1867 0.0003999738838707458 63.67
1868 0.0003879757497300064 63.68
1869 0.0002796911193611925 63.69
1870 0.0002388247560843486 63.7
1871 0.000280963128149455 63.71
1872 0.0003331025744975006 63.72
1873 0.0004177450983678948 63.73
1874 0.003537065255885034 63.74
1875 0.003567657965441462 63.75
1876 0.01224768909806083 63.76
1877 0.007222273736786397 63.77
1878 0.001301907725201495 63.78
1879 0.1075740856561037 63.79
1880 0.2565615496171304 63.8
1881 0.1790427191609218 63.81
1882 0.1029352872932815 63.82
1883 0.07211941304621047 63.83
1884 0.06038586407626075 63.84
1885 0.04999339921407335 63.85
1886 0.0418297593034637 63.86
1887 0.03586656923325419 63.87
1888 0.03150231331540754 63.88
1889 0.02909178413145241 63.89
1890 0.02715543313791498 63.9
1891 0.02574060459643312 63.91
1892 0.02484061990175485 63.92
1893 0.02459254376857212 63.93
1894 0.02409402202286855 63.94
1895 0.02389367469415043 63.95
1896 0.0234798579472191 63.96
1897 0.02204187020564336 63.97
1898 0.02112607231223864 63.98
1899 0.2480227696977015 63.99
1900 0.305952949514642 64
1901 0.1594021449799534 64.01000000000001
1902 0.119051575963023 64.02
1903 0.08404089717957941 64.03
1904 0.07788616445968306 64.04000000000001
1905 0.06959762245609594 64.05
1906 0.06474281482163438 64.06
1907 0.05725891099922296 64.06999999999999
1908 0.05162947406853838 64.08
1909 0.04635911525820252 64.09
1910 0.04270599927457415 64.09999999999999
1911 0.03983487457913539 64.11
1912 0.03744537372482099 64.12
1913 0.03532535284634458 64.13
1914 0.03357993689989774 64.14
1915 0.0323311559183405 64.15000000000001
1916 0.03107513644332571 64.16
1917 0.03016406265219192 64.17
1918 0.02981662623064577 64.18000000000001
1919 0.03018108765437329 64.19
1920 0.03177193777894177 64.2
1921 0.03341970516499733 64.21000000000001
1922 0.03505330586938937 64.22
1923 0.03564644172505579 64.23
1924 0.03626970336319024 64.23999999999999
1925 0.03690606930347808 64.25
1926 0.03823612133075663 64.26000000000001
1927 0.03990874112090913 64.27
1928 0.04209735307917092 64.28
1929 0.04385354865427025 64.29000000000001
1930 0.0448885939611717 64.3
1931 0.04633961857096696 64.31
1932 0.04811310440181276 64.31999999999999
1933 0.05008287522933598 64.33
1934 0.05193629139366687 64.34
1935 0.05349990432902715 64.34999999999999
1936 0.05441382917087578 64.36
1937 0.05485324406755227 64.37
1938 0.05493023033169488 64.38
1939 0.05504827992046615 64.39
1940 0.05552515464518133 64.40000000000001
1941 0.05662967551935618 64.41
1942 0.05787552466340759 64.42
1943 0.05854132962090186 64.43000000000001
1944 0.05882209223091809 64.44
1945 0.05914117915277679 64.45
1946 0.05952131565413961 64.46000000000001
1947 0.0594192003176263 64.47
1948 0.05966093552101963 64.48
1949 0.06045642577347118 64.48999999999999
1950 0.06188691883226537 64.5
1951 0.06368711441075155 64.51000000000001
1952 0.06529079519460426 64.52
1953 0.06691419288073283 64.53
1954 0.06739322904056694 64.54000000000001
1955 0.0664460923277877 64.55
1956 0.06504998290633154 64.56
1957 0.06387818717685231 64.56999999999999
1958 0.06280015267748755 64.58
1959 0.06250236947378399 64.59
1960 0.0622201423307271 64.59999999999999
1961 0.06206679454620354 64.61
1962 0.06206846198035552 64.62
1963 0.06205482016497655 64.63
1964 0.0619985452270904 64.64
1965 0.06185947512601175 64.65000000000001
1966 0.06198578911114216 64.66
1967 0.06255377203619293 64.67
1968 0.06318908362157957 64.68000000000001
1969 0.06344098849872779 64.69
1970 0.06394630480125466 64.7
1971 0.06442140952651644 64.71000000000001
1972 0.06467462524789952 64.72
1973 0.06538256360026606 64.73
1974 0.06606181643061426 64.73999999999999
1975 0.06638836036241921 64.75
1976 0.0665112946784529 64.76000000000001
1977 0.06650885272445706 64.77
1978 0.06661127659181196 64.78
1979 0.06694734011594367 64.79000000000001
1980 0.06727356284837509 64.8
1981 0.06755402727688159 64.81
1982 0.06758705277442105 64.81999999999999
1983 0.06744403831331176 64.83
1984 0.06732002450991675 64.84
1985 0.06728692022874391 64.84999999999999
1986 0.06737411576184388 64.86
1987 0.06747927889960102 64.87
1988 0.06784734643672399 64.88
1989 0.06808928648826816 64.89
1990 0.06808748944933242 64.90000000000001
1991 0.06836015952689668 64.91
1992 0.0684129657252696 64.92
1993 0.06829147255230594 64.93000000000001
1994 0.06848355160708623 64.94
1995 0.06860541430606519 64.95
1996 0.06862189055634309 64.96000000000001
1997 0.06865921659173103 64.97
1998 0.0687472086774043 64.98
1999 0.06864503925177068 64.98999999999999
2000 0.06845795852650498 65
