"frac-mass-n2-rfile"
"Time Step" "frac-mass-n2 etc.."
("Time Step" "frac-mass-n2" "flow-time")
0 0.7691650297673834 0
1 0.7688781087822238 0.1
2 0.7686010996588347 0.2
3 0.768400368848011 0.3
4 0.7682370135357479 0.4
5 0.7680843444563623 0.5
6 0.767849176320382 0.6000000000000001
7 0.7675035135340564 0.7000000000000001
8 0.7671025086523292 0.8
9 0.7667085259183978 0.9
10 0.7663374564952189 1
11 0.7659850532886322 1.1
12 0.7656442712669721 1.2
13 0.765303406945987 1.3
14 0.7649478563914164 1.4
15 0.7645669909495346 1.5
16 0.7641739125417915 1.6
17 0.7637602796624026 1.7
18 0.7633199211717396 1.8
19 0.7628603697468515 1.9
20 0.7624200810905721 2
21 0.7619370910275571 2.1
22 0.7613005212795511 2.2
23 0.7608267854642363 2.3
24 0.760381038959108 2.4
25 0.7598606259263594 2.5
26 0.7594454471876828 2.6
27 0.7588272580130055 2.7
28 0.7584431670569722 2.8
29 0.7579664057773129 2.9
30 0.7575396210020111 3
31 0.7571323578720225 3.1
32 0.7567346421074196 3.2
33 0.7563739162603728 3.3
34 0.7560309942786414 3.4
35 0.7556911292860637 3.5
36 0.7553672593436656 3.6
37 0.7550347482933567 3.7
38 0.7547066109626592 3.8
39 0.7543811726983825 3.9
40 0.7540526755201056 4
41 0.7537189783711148 4.100000000000001
42 0.7533895946180355 4.2
43 0.7530473605236525 4.3
44 0.7527016873728833 4.4
45 0.7523486972037121 4.5
46 0.7519995478287501 4.600000000000001
47 0.7516393937678193 4.7
48 0.7512834120584305 4.800000000000001
49 0.750917267858372 4.9
50 0.7505837004866184 5
51 0.750221965240384 5.100000000000001
52 0.7498532853801357 5.2
53 0.7494837662924004 5.300000000000001
54 0.7491137151962328 5.4
55 0.7487475019220149 5.5
56 0.7483764428440604 5.600000000000001
57 0.7480044605627888 5.7
58 0.74763898262027 5.800000000000001
59 0.7472729426463489 5.9
60 0.7469058794369555 6
61 0.7465337351218846 6.100000000000001
62 0.746162823313904 6.2
63 0.7457942203487135 6.300000000000001
64 0.745428366219953 6.4
65 0.7450609951137613 6.5
66 0.7446899095297304 6.600000000000001
67 0.7443222704997157 6.7
68 0.7439543469081791 6.800000000000001
69 0.7435834391973117 6.9
70 0.7432147893866459 7
71 0.7428446395067235 7.100000000000001
72 0.7424737871551332 7.2
73 0.7421106421208589 7.300000000000001
74 0.741739058961643 7.4
75 0.7413681886785736 7.5
76 0.7409967438499843 7.600000000000001
77 0.7406263129676554 7.7
78 0.7402499566764981 7.800000000000001
79 0.7398785554447925 7.9
80 0.7394952406584321 8
81 0.7391121980690102 8.1
82 0.7387270169148566 8.200000000000001
83 0.7383398130586399 8.300000000000001
84 0.7379605006510975 8.4
85 0.7375795326572107 8.5
86 0.7371067378182397 8.6
87 0.7367053911102784 8.700000000000001
88 0.7363710231806526 8.800000000000001
89 0.7358636470874185 8.9
90 0.7354634118528799 9
91 0.7349591617189906 9.1
92 0.7345517347948504 9.200000000000001
93 0.7340305312975274 9.300000000000001
94 0.7336134727076539 9.4
95 0.7330765059285144 9.5
96 0.7326483477735249 9.600000000000001
97 0.7320867784895277 9.700000000000001
98 0.7316489575676535 9.800000000000001
99 0.7310667317697458 9.9
100 0.7305343321228318 10
101 0.7299285535706964 10.1
102 0.7293690434482286 10.2
103 0.7287211755259012 10.3
104 0.7282787689662534 10.4
105 0.727597279187797 10.5
106 0.7271419735024324 10.6
107 0.7264350735542204 10.7
108 0.7257914796013737 10.8
109 0.7250427616961651 10.9
110 0.7245651611403944 11
111 0.7238056351274078 11.1
112 0.7233202197207599 11.2
113 0.7225500544749643 11.3
114 0.7220671919727789 11.4
115 0.721339436769892 11.5
116 0.7209032417108742 11.6
117 0.7202408641501403 11.7
118 0.7198349784992465 11.8
119 0.7192513848075149 11.9
120 0.7188867437589856 12
121 0.7183273019644703 12.1
122 0.7178296782716455 12.2
123 0.7174776951447419 12.3
124 0.716963186512601 12.4
125 0.7165071059176487 12.5
126 0.7161376437992504 12.6
127 0.7156596148183419 12.7
128 0.7153049855487716 12.8
129 0.7149414892632515 12.9
130 0.7145771568975103 13
131 0.7142129375839659 13.1
132 0.7138481826239593 13.2
133 0.7134825153627943 13.3
134 0.7131157715446422 13.4
135 0.7127458423598604 13.5
136 0.7123731286059353 13.6
137 0.7119992596406587 13.7
138 0.7116260904371384 13.8
139 0.7112549976342551 13.9
140 0.7108873620517031 14
141 0.7105241847908879 14.1
142 0.7101661274345147 14.2
143 0.7098131235808067 14.3
144 0.7094637934638408 14.4
145 0.7091434668112795 14.5
146 0.708820060414036 14.6
147 0.7084714175778785 14.7
148 0.7081234660664592 14.8
149 0.7078039671104274 14.9
150 0.7074558041210213 15
151 0.7071368255150794 15.1
152 0.7067894789640113 15.2
153 0.7064707394148769 15.3
154 0.7061242966957419 15.4
155 0.705807114570296 15.5
156 0.7054611327013921 15.6
157 0.7051426960714227 15.7
158 0.704822927779814 15.8
159 0.7044777075104578 15.9
160 0.7041607575618749 16
161 0.7038157329158918 16.1
162 0.7034991567078579 16.2
163 0.7031825050195961 16.3
164 0.702864146358704 16.4
165 0.7025200372104685 16.5
166 0.702176285614828 16.6
167 0.7018612350563598 16.7
168 0.7015456569634049 16.8
169 0.7012280148884827 16.9
170 0.7008848064651904 17
171 0.7005699149526154 17.1
172 0.7002269203803086 17.2
173 0.6999122544467378 17.3
174 0.6995696524796331 17.4
175 0.6992554011805334 17.5
176 0.698913112584172 17.6
177 0.6985994473713667 17.7
178 0.6982853913346895 17.8
179 0.6979439810562313 17.9
180 0.697630367537755 18
181 0.6973168574846696 18.1
182 0.6969755506270539 18.2
183 0.696662519085522 18.3
184 0.6963494620927742 18.4
185 0.696008279441058 18.5
186 0.6956949349702652 18.6
187 0.6953546984489126 18.7
188 0.6950425467431739 18.8
189 0.6947305576705441 18.9
190 0.6943909935958975 19
191 0.6940795066212352 19.1
192 0.6937680341703915 19.2
193 0.6934291551898557 19.3
194 0.6931182321072065 19.4
195 0.6928061972550901 19.5
196 0.6924671867520626 19.6
197 0.6921566921402247 19.7
198 0.6918463511361755 19.8
199 0.6915084414347809 19.9
200 0.6911985169699194 20
201 0.6908614204166543 20.1
202 0.6905520944969402 20.2
203 0.690240531053375 20.3
204 0.6899289726225134 20.4
205 0.689592729859927 20.5
206 0.6892840770823558 20.6
207 0.6889483553841239 20.7
208 0.6886401058100882 20.8
209 0.6883318939351372 20.9
210 0.6879965072611387 21
211 0.6876890046280696 21.1
212 0.6873537810231488 21.2
213 0.6870462823638561 21.3
214 0.6867116353440463 21.4
215 0.6864049740122492 21.5
216 0.6860984334404034 21.6
217 0.6857646189036939 21.7
218 0.685458503681775 21.8
219 0.6851140637844373 21.9
220 0.6848139464458555 22
221 0.6845134171331182 22.1
222 0.6842076445134314 22.2
223 0.6838701960463123 22.3
224 0.6835703224227794 22.4
225 0.6832651819055781 22.5
226 0.6829600946431422 22.6
227 0.6826524300290983 22.7
228 0.6823209175152382 22.8
229 0.6820167132317482 22.9
230 0.6816745260191797 23
231 0.6813818581946233 23.1
232 0.6810779880459 23.2
233 0.6807722197273847 23.3
234 0.6804418574729058 23.4
235 0.6801385800450244 23.5
236 0.6798357172069878 23.6
237 0.6794952042051577 23.7
238 0.6792033856641316 23.8
239 0.6789008033041892 23.9
240 0.6785985861085708 24
241 0.6782694986387087 24.1
242 0.6779679010343396 24.2
243 0.6776663934618857 24.3
244 0.6773380344938545 24.4
245 0.6770371743503241 24.5
246 0.6767364465976262 24.6
247 0.6764357461073588 24.7
248 0.6761083562974386 24.8
249 0.6758079948668494 24.9
250 0.6755079772004376 25
251 0.6752078319968722 25.1
252 0.6748810075107695 25.2
253 0.6745815988051798 25.3
254 0.6742821377820066 25.4
255 0.673982722616159 25.5
256 0.6736833547845161 25.6
257 0.6733574865568844 25.7
258 0.6730586702405754 25.8
259 0.6727602662252056 25.9
260 0.6724617047293976 26
261 0.6721367274554286 26.1
262 0.6718387637107827 26.2
263 0.6715406927210746 26.3
264 0.671242904378671 26.4
265 0.6709186137060325 26.5
266 0.6706213066795906 26.6
267 0.6703240142865821 26.7
268 0.6700267093812479 26.8
269 0.6697298067433057 26.9
270 0.669432948418185 27
271 0.6691362912057524 27.1
272 0.6688027326582302 27.2
273 0.6685172859714418 27.3
274 0.6682213946389303 27.4
275 0.6679253506826656 27.5
276 0.6676295810602246 27.6
277 0.6673338012068597 27.7
278 0.6670381368385478 27.8
279 0.6667164902506205 27.9
280 0.6664216691988104 28
281 0.6661264700915361 28.1
282 0.6658316228064661 28.2
283 0.6655372198329464 28.3
284 0.6652164718121093 28.4
285 0.6649222781955285 28.5
286 0.6646261701499324 28.6
287 0.6643321790541135 28.7
288 0.6640385489576083 28.8
289 0.6637447648519366 28.9
290 0.6634145438521043 29
291 0.663132004773206 29.1
292 0.6628385747929747 29.2
293 0.6625455596562229 29.3
294 0.6622528847800627 29.4
295 0.6619602054900411 29.5
296 0.6616676324849888 29.6
297 0.6613752577987054 29.7
298 0.6610831220013567 29.8
299 0.6607910183015555 29.9
300 0.6604991778528519 30
301 0.6602074582988315 30.1
302 0.6599159494901793 30.2
303 0.6596216050086474 30.3
304 0.6592938895523505 30.4
305 0.6590028109591514 30.5
306 0.6587225137398371 30.6
307 0.6584316450633595 30.7
308 0.6581411999568892 30.8
309 0.6578506435829041 30.9
310 0.6575604116473047 31
311 0.6572705492870257 31.1
312 0.6569808886702819 31.2
313 0.6566890949892314 31.3
314 0.6563975056409951 31.4
315 0.6561056959550141 31.5
316 0.6558146083164946 31.6
317 0.6554891895235623 31.7
318 0.6552107587258018 31.8
319 0.6549219588410491 31.9
320 0.6546312113082349 32
321 0.6543401224934599 32.1
322 0.6540517541841205 32.2
323 0.6537635962583482 32.3
324 0.6534753118875394 32.4
325 0.6531874344772008 32.5
326 0.6528993637611515 32.6
327 0.6526120746932628 32.7
328 0.6523249576650338 32.8
329 0.6520376574030022 32.9
330 0.6517492830016616 33
331 0.6514623173980963 33.1
332 0.6511752324641362 33.2
333 0.6508884821466436 33.3
334 0.6506016824467472 33.4
335 0.6503154461082152 33.5
336 0.6500291155958213 33.6
337 0.6497432469118507 33.7
338 0.6494545719832883 33.8
339 0.6491689470353 33.9
340 0.6488833039208606 34
341 0.6485976913879151 34.1
342 0.6483114485337903 34.2
343 0.6480261143558691 34.3
344 0.6477414933321015 34.4
345 0.6474569556955997 34.5
346 0.6471722354585665 34.6
347 0.6468880486641079 34.7
348 0.6466014114103187 34.8
349 0.6462814323813267 34.9
350 0.6459974315570843 35
351 0.6457129236105171 35.1
352 0.6454295288945552 35.2
353 0.6451458988666148 35.3
354 0.6448623985486295 35.4
355 0.6445794430673621 35.5
356 0.6442964833595201 35.6
357 0.6440134006749062 35.7
358 0.6437303987481374 35.8
359 0.6434478828786788 35.9
360 0.643165340922125 36
361 0.6428831637780305 36.1
362 0.642601251067857 36.2
363 0.6423193878281385 36.3
364 0.6420375214979647 36.4
365 0.6417560135423925 36.5
366 0.6414744452964833 36.6
367 0.6411930562751521 36.7
368 0.6409120734823884 36.8
369 0.6406307963662474 36.9
370 0.6403497266853456 37
371 0.6400688603662867 37.1
372 0.6397883519434062 37.2
373 0.6395077276176158 37.3
374 0.6392276634026467 37.4
375 0.6389475705551552 37.5
376 0.6386674780340676 37.6
377 0.6383876108498562 37.7
378 0.6381076898436419 37.8
379 0.6378283611017744 37.9
380 0.6375490665835712 38
381 0.6372696530965448 38.1
382 0.6369904521265821 38.2
383 0.6367113304460665 38.3
384 0.6364326756223154 38.40000000000001
385 0.6361539900136084 38.5
386 0.6358755703901527 38.6
387 0.6355971106939788 38.7
388 0.6353189385925965 38.8
389 0.6350408081098599 38.90000000000001
390 0.6347627039276068 39
391 0.6344850768637862 39.1
392 0.6342072171383869 39.2
393 0.6339295730953808 39.3
394 0.6336524441392041 39.40000000000001
395 0.6333753072830253 39.5
396 0.6330982940881124 39.6
397 0.6328198137605319 39.7
398 0.6325429684795151 39.8
399 0.6322666738836499 39.90000000000001
400 0.6319904419378289 40
401 0.6317142872744144 40.1
402 0.6314379590459539 40.2
403 0.6311621134098568 40.3
404 0.6308861836287791 40.40000000000001
405 0.6306106964532052 40.5
406 0.6303351710632238 40.6
407 0.6300597157458796 40.7
408 0.6297844483330303 40.8
409 0.6295066857602104 40.90000000000001
410 0.6292316544729906 41
411 0.6289572906252897 41.1
412 0.628683085539119 41.2
413 0.6284090146631165 41.3
414 0.6281349012774181 41.40000000000001
415 0.6278610719058295 41.5
416 0.6275873275563355 41.6
417 0.6273138983048642 41.7
418 0.6270404495862263 41.8
419 0.6267669618996879 41.90000000000001
420 0.6264936537192561 42
421 0.6262206865476628 42.1
422 0.6259479472735022 42.2
423 0.6256754688512215 42.3
424 0.6254030511345434 42.40000000000001
425 0.6251305460109322 42.5
426 0.6248562488403016 42.6
427 0.6245845951903986 42.7
428 0.6243129555952646 42.8
429 0.6240415822516749 42.90000000000001
430 0.623770080246512 43
431 0.6234990320191051 43.1
432 0.6232279866354481 43.2
433 0.6229572545163514 43.3
434 0.6226863348905863 43.40000000000001
435 0.6224155681562838 43.5
436 0.6221451517118839 43.6
437 0.6218749524735164 43.7
438 0.6216049695513077 43.8
439 0.6213349301125092 43.90000000000001
440 0.6210652348697228 44
441 0.6207960032491727 44.1
442 0.6205264201742695 44.2
443 0.62025715716708 44.3
444 0.6199880440832152 44.40000000000001
445 0.6197192496076012 44.5
446 0.6194502271265366 44.6
447 0.6191818665058633 44.7
448 0.6189135643844942 44.8
449 0.6186426979139388 44.90000000000001
450 0.6183735749294973 45
451 0.6181057455182151 45.1
452 0.6178378822495474 45.2
453 0.6175683932072219 45.3
454 0.617298019986608 45.40000000000001
455 0.6170307750785119 45.5
456 0.6167637103519047 45.6
457 0.6164969959676411 45.7
458 0.6162303119807865 45.8
459 0.6159622675294845 45.90000000000001
460 0.6156957634728579 46
461 0.6154296020667339 46.1
462 0.6151633090738636 46.2
463 0.6148970343209254 46.3
464 0.6146312000227067 46.40000000000001
465 0.6143632816867186 46.5
466 0.614097493739664 46.6
467 0.6138318627293736 46.7
468 0.6135667340143952 46.8
469 0.6133012988677526 46.90000000000001
470 0.6130335980371494 47
471 0.6127688867656345 47.1
472 0.6125040610191036 47.2
473 0.6122396147721548 47.3
474 0.6119752073565845 47.40000000000001
475 0.6117110967564955 47.5
476 0.6114472658950673 47.6
477 0.6111831819834007 47.7
478 0.6109173763613405 47.8
479 0.6106514747006333 47.90000000000001
480 0.6103863168963143 48
481 0.6101229777278956 48.1
482 0.6098597275434225 48.2
483 0.6095964248438641 48.3
484 0.6093331688313275 48.40000000000001
485 0.6090705460509622 48.5
486 0.6088077901796703 48.6
487 0.6085454527366175 48.7
488 0.6082830885813155 48.8
489 0.6080210174261811 48.90000000000001
490 0.6077590444086471 49
491 0.6074972006609796 49.1
492 0.6072355318138197 49.2
493 0.6069738800516885 49.3
494 0.6067122662704315 49.40000000000001
495 0.6064508960561309 49.5
496 0.6061895972640619 49.6
497 0.6059287852579218 49.7
498 0.6056677974033693 49.8
499 0.6054071300224656 49.90000000000001
500 0.6051463848880487 50
501 0.6092195673607973 50.01
502 0.6144697655013405 50.02
503 0.6195114710602549 50.03
504 0.6253614436040574 50.04
505 0.6320313512326575 50.05
506 0.6390067401847614 50.06
507 0.6461325726830859 50.07
508 0.6533345004238 50.08
509 0.6605112183677958 50.09
510 0.6676724861440659 50.1
511 0.6747779743881588 50.11
512 0.6818366068340469 50.12
513 0.6887682888155449 50.13
514 0.69547407745089 50.14
515 0.701938854246554 50.15
516 0.7081347353548869 50.16
517 0.7139917751300218 50.17
518 0.7195562839249086 50.18
519 0.7248381749274286 50.19
520 0.7297831842685449 50.2
521 0.734416706653921 50.21
522 0.7387354669808169 50.22
523 0.7427939799690778 50.23
524 0.7466005867869131 50.24
525 0.7501506513723583 50.25
526 0.7534910358308016 50.26
527 0.7566724078305924 50.27
528 0.7597634467992889 50.28
529 0.7627335372534926 50.29
530 0.765620325757037 50.3
531 0.7684645344871671 50.31
532 0.7712957387122317 50.32
533 0.7741185951249511 50.33
534 0.7769454013119206 50.34
535 0.7797805730276308 50.35
536 0.7826115264403839 50.36
537 0.7854492152149649 50.37
538 0.7882864545548118 50.38
539 0.7910965009215959 50.39
540 0.7938615461709675 50.4
541 0.7965651792527 50.41
542 0.7992014327377635 50.42
543 0.8017634887148803 50.43
544 0.804233836642182 50.44
545 0.806609153146809 50.45
546 0.8088788938325074 50.46
547 0.8110506510873443 50.47
548 0.8131334619137259 50.48
549 0.8151564758780343 50.49
550 0.8171610202342587 50.5
551 0.8191243174270749 50.51
552 0.8210327020561289 50.52
553 0.8229420519483401 50.53
554 0.8248187638250716 50.54
555 0.8266821860154058 50.55
556 0.8285134241001068 50.56
557 0.8303183936988365 50.57
558 0.8321047198450151 50.58
559 0.8338721937847976 50.59
560 0.8356114245809171 50.6
561 0.8373259409510739 50.61
562 0.8389961055951189 50.62
563 0.8406322527861825 50.63
564 0.8422382139327362 50.64
565 0.8438013509745297 50.65
566 0.8453135374138137 50.66
567 0.8467853821201998 50.67
568 0.8482142697330812 50.68
569 0.8496143029710579 50.69
570 0.8509842867433812 50.7
571 0.8523271785042598 50.71
572 0.8536427732851114 50.72
573 0.8549293096769184 50.73
574 0.8561962069234286 50.74
575 0.8574437953931856 50.75
576 0.8586721795815069 50.76
577 0.8598873718136621 50.77
578 0.8610893935832399 50.78
579 0.8622746404554799 50.79
580 0.8634485154334104 50.8
581 0.8646058961279317 50.81
582 0.8657357951001133 50.82
583 0.866850675234966 50.83
584 0.8679556034382809 50.84
585 0.8690457657307555 50.85
586 0.8701166536589579 50.86
587 0.8711626515804306 50.87
588 0.872191327566074 50.88
589 0.8731973500342431 50.89
590 0.8741840352881007 50.9
591 0.8751616702004648 50.91
592 0.8761160196952662 50.92
593 0.8770543560001177 50.93
594 0.8779807730702421 50.94
595 0.8788824919611545 50.95
596 0.8797664140131732 50.96
597 0.8806418991436871 50.97
598 0.8815000167691055 50.98
599 0.8823374813099456 50.99
600 0.8831630745689611 51
601 0.883978845395859 51.01
602 0.8847869149449068 51.02
603 0.885580712508853 51.03
604 0.8863602200564865 51.04
605 0.8871243004854699 51.05
606 0.8878843162866086 51.06
607 0.8886421119937524 51.07
608 0.8893866824963399 51.08
609 0.8901075221576076 51.09
610 0.8908197291799964 51.1
611 0.8915264479505914 51.11
612 0.8922287490189448 51.12
613 0.8929204228255022 51.13
614 0.8935978951002983 51.14
615 0.894266253119046 51.15
616 0.8949312518146758 51.16
617 0.8955859178267833 51.17
618 0.8962344031535897 51.18
619 0.8968767898345478 51.19
620 0.8975137642551954 51.2
621 0.8981466228998275 51.21
622 0.8987754988031318 51.22
623 0.899399860481901 51.23
624 0.9000217902474889 51.24
625 0.9006373540942699 51.25
626 0.9012446168430183 51.26
627 0.9018450475469146 51.27
628 0.9024369056777626 51.28
629 0.903020336519607 51.29
630 0.9035991090089321 51.3
631 0.9041681934434619 51.31
632 0.9047205226261693 51.32
633 0.905269705383173 51.33
634 0.9058120958967577 51.34
635 0.906347975206212 51.35
636 0.9068814259323518 51.36
637 0.9074154881181153 51.37
638 0.9079490284429047 51.38
639 0.9084808579536097 51.39
640 0.9090041167106683 51.4
641 0.9095210866649536 51.41
642 0.9100331969917492 51.42
643 0.9105438961746749 51.43
644 0.9110442407553391 51.44
645 0.9115396809422417 51.45
646 0.912029010268647 51.46
647 0.9125120540759899 51.47
648 0.912988304147446 51.48
649 0.913461030192631 51.49
650 0.9139300360504957 51.5
651 0.9143980790723937 51.51
652 0.9148632431059384 51.52
653 0.9153228560607579 51.53
654 0.9157751482136141 51.54
655 0.9162229545250011 51.55
656 0.9166652538413641 51.56
657 0.9170998678172835 51.57
658 0.917528173390431 51.58
659 0.9179520884169469 51.59
660 0.918373492167244 51.6
661 0.9187855864810917 51.61
662 0.9191959325729986 51.62
663 0.9195947961814259 51.63
664 0.9199933528867331 51.64
665 0.9203900939580406 51.65
666 0.9207873961411509 51.66
667 0.9211874664479716 51.67
668 0.9215888870239254 51.68
669 0.9219861522405254 51.69
670 0.9223780594956461 51.7
671 0.9227651227372187 51.71
672 0.9231453687050157 51.72
673 0.923520481525601 51.73
674 0.9238950996027505 51.74
675 0.9242686541868589 51.75
676 0.9246366055748149 51.76
677 0.9250018134981027 51.77
678 0.9253641086804242 51.78
679 0.9257268231052396 51.79
680 0.9260876411214066 51.8
681 0.9264424081331121 51.81
682 0.9267898486745788 51.82
683 0.9271324788256434 51.83
684 0.9274730112745657 51.84
685 0.9278125900351115 51.85
686 0.9281471739993593 51.86
687 0.9284790023767591 51.87
688 0.9288049928386998 51.88
689 0.9291260056373889 51.89
690 0.9294434812599155 51.9
691 0.9297611437962519 51.91
692 0.9300736253112363 51.92
693 0.9303818058233343 51.93
694 0.9306872539673998 51.94
695 0.9309918802522693 51.95
696 0.9312960604960945 51.96
697 0.9316003653721152 51.97
698 0.9319060890053218 51.98
699 0.9322084173407564 51.99
700 0.9325074869973228 52
701 0.9328017751277977 52.01
702 0.9330945711941596 52.02
703 0.933382997668432 52.03
704 0.9336670255628041 52.04
705 0.9339499541303531 52.05
706 0.9342301343576123 52.06
707 0.9345116772908887 52.07
708 0.9347925384440633 52.08
709 0.9350726929774614 52.09
710 0.9353516538006876 52.1
711 0.9356257866274 52.11
712 0.9358982970916226 52.12
713 0.9361703406490417 52.13
714 0.9364402142665511 52.14
715 0.9367084483427157 52.15
716 0.9369744326375454 52.16
717 0.9372363399502394 52.17
718 0.9374991872171008 52.18
719 0.9377629843972921 52.19
720 0.9380267701942708 52.2
721 0.9382901655073739 52.21
722 0.9385503455323941 52.22
723 0.938807501916003 52.23
724 0.9390611688829898 52.24
725 0.9393097837272274 52.25
726 0.9395514181466473 52.26
727 0.9397925444038749 52.27
728 0.9400331190956659 52.28
729 0.9402747684003535 52.29
730 0.9405139318714077 52.3
731 0.940750250891239 52.31
732 0.9409837324683985 52.32
733 0.9412176034262139 52.33
734 0.9414500699788998 52.34
735 0.9416843491635786 52.35
736 0.9419174009530217 52.36
737 0.9421501844946348 52.37
738 0.9423780083204715 52.38
739 0.9426027465893011 52.39
740 0.9428241061955548 52.4
741 0.9430426188145192 52.41
742 0.9432576602442887 52.42
743 0.9434709752628224 52.43
744 0.9436861745335108 52.44
745 0.9439001763839768 52.45
746 0.9441126529391155 52.46
747 0.9443230542852828 52.47
748 0.9445313200641268 52.48
749 0.9447345785556956 52.49
750 0.9449357545134263 52.5
751 0.9451357579014641 52.51
752 0.9453351290555977 52.52
753 0.9455354843766475 52.53
754 0.9457362533754045 52.54
755 0.9459364649923392 52.55
756 0.9461354274641242 52.56
757 0.9463320976658582 52.57
758 0.946529228456469 52.58
759 0.9467265679035942 52.59
760 0.94692025122096 52.6
761 0.9471118408620751 52.61
762 0.9473014735813642 52.62
763 0.9474894686663997 52.63
764 0.9476785461691577 52.64
765 0.9478661234328233 52.65
766 0.9480539753329866 52.66
767 0.9482435464759407 52.67
768 0.9484326794327271 52.68
769 0.9486207286484385 52.69
770 0.9488068790900556 52.7
771 0.9489919207420896 52.71
772 0.9491782985123109 52.72
773 0.9493654872872433 52.73
774 0.9495501643561095 52.74
775 0.9497323265116181 52.75
776 0.9499127788385358 52.76
777 0.9500997574026694 52.77
778 0.9502873746043886 52.78
779 0.9504698120158696 52.79
780 0.9506350682749052 52.8
781 0.9507984242755549 52.81
782 0.9509551630883517 52.82
783 0.9511136020028089 52.83
784 0.9512769061875208 52.84
785 0.9514418706361355 52.85
786 0.9516085318964569 52.86
787 0.9517740880200297 52.87
788 0.9519372007963749 52.88
789 0.9520965547782199 52.89
790 0.952255022974789 52.9
791 0.9524141100577025 52.91
792 0.9525743726723473 52.92
793 0.9527361817720318 52.93
794 0.952897385778945 52.94
795 0.9530543272344584 52.95
796 0.9532093325331893 52.96
797 0.9533606456548347 52.97
798 0.9535113965890631 52.98
799 0.9536628160483104 52.99
800 0.9538139453269453 53
801 0.9539662436921055 53.01
802 0.9541184860726081 53.02
803 0.9542697107531022 53.03
804 0.9544198835804883 53.04
805 0.954567933607592 53.05
806 0.9547130804296643 53.06
807 0.9548570553640414 53.07
808 0.9550005294850384 53.08
809 0.9551435914955679 53.09
810 0.9552867303782874 53.1
811 0.9554302076331465 53.11
812 0.9555740004757229 53.12
813 0.9557156969446475 53.13
814 0.9558563621542933 53.14
815 0.9559973544248439 53.15
816 0.956136663956223 53.16
817 0.9562738612853077 53.17
818 0.9564099700231837 53.18
819 0.9565472388839381 53.19
820 0.9566860847703574 53.2
821 0.9568250611705903 53.21
822 0.956963694622203 53.22
823 0.9571026941139297 53.23
824 0.9572402708553019 53.24
825 0.9573796307839073 53.25
826 0.957522400003789 53.26
827 0.9576658392438507 53.27
828 0.9578098535981805 53.28
829 0.9579521639434282 53.29
830 0.958091936233565 53.3
831 0.9582255624159964 53.31
832 0.9583509717987533 53.32
833 0.9584723376508454 53.33
834 0.9585951920897686 53.34
835 0.958719909088501 53.35
836 0.9588502464079183 53.36
837 0.9589727996695556 53.37
838 0.9591040697534837 53.38
839 0.9591710332461189 53.39
840 0.9592328846384583 53.4
841 0.9593311061550546 53.41
842 0.9594597322659831 53.42
843 0.9596205259783368 53.43
844 0.9597944528896597 53.44
845 0.9599702380914154 53.45
846 0.9601273731085258 53.46
847 0.9602669141915305 53.47
848 0.9603849897469667 53.48
849 0.9604919093437686 53.49
850 0.9606031799332856 53.5
851 0.960725723279266 53.51
852 0.9608610042974493 53.52
853 0.9610033978694805 53.53
854 0.9611462925834261 53.54
855 0.9612850603013461 53.55
856 0.961421817997812 53.56
857 0.9615524758350869 53.57
858 0.9616790245351916 53.58
859 0.9618014633674609 53.59
860 0.9619266239649383 53.6
861 0.962057246774443 53.61
862 0.9621939943080796 53.62
863 0.9623325401430048 53.63
864 0.9624573629242639 53.64
865 0.9625626469654839 53.65
866 0.9626743246746838 53.66
867 0.962792327214121 53.67
868 0.9629318971218188 53.68
869 0.9630879432628029 53.69
870 0.9632467209184796 53.7
871 0.9634000203950527 53.71
872 0.9635276259408835 53.72
873 0.9636499601489072 53.73
874 0.9637693520234643 53.74
875 0.9638818993650776 53.75
876 0.9639924517596943 53.76
877 0.9640898927704313 53.77
878 0.9641922631630994 53.78
879 0.9642999041502652 53.79
880 0.9644088309310043 53.8
881 0.9645187865023053 53.81
882 0.9646445262810337 53.82
883 0.9648335866513619 53.83
884 0.9650311188544972 53.84
885 0.9652245308496712 53.85
886 0.9654193839161569 53.86
887 0.9656668347234199 53.87
888 0.965868561386937 53.88
889 0.9660465465636162 53.89
890 0.9661946832353447 53.9
891 0.9663376723358439 53.91
892 0.9664361705410058 53.92
893 0.9665315392229402 53.93
894 0.9666622634121975 53.94
895 0.9667442136018821 53.95
896 0.9668107827576112 53.96
897 0.9668569240755952 53.97
898 0.9669076509680999 53.98
899 0.9669707035279939 53.99
900 0.9670539537539663 54
901 0.9671587584305142 54.01
902 0.9672881050742251 54.02
903 0.9674345936297245 54.03
904 0.9676069801299932 54.04
905 0.9678051681722543 54.05
906 0.9680039162168009 54.06
907 0.9682099500923892 54.07
908 0.9684295247181068 54.08
909 0.9692391351166343 54.09
910 0.9701160983535291 54.1
911 0.9704854691963328 54.11
912 0.9708112033478684 54.12
913 0.9710803100033583 54.13
914 0.9713452712491553 54.14
915 0.9715972877965787 54.15
916 0.9718284213554746 54.16
917 0.9720578326769429 54.17
918 0.9722895794161275 54.18
919 0.972288377021542 54.19
920 0.9255076980465647 54.2
921 0.9135225193314593 54.21
922 0.9156493786820721 54.22
923 0.9162687025050202 54.23
924 0.9092890234025618 54.24
925 0.9085951368694931 54.25
926 0.9068619434194608 54.26
927 0.9042386309830124 54.27
928 0.9019831734423279 54.28
929 0.8985899630767472 54.29
930 0.8952461877732901 54.3
931 0.8915327504847802 54.31
932 0.8877594783370563 54.32
933 0.8838490161100835 54.33
934 0.8796936669951368 54.34
935 0.8749057289652186 54.35
936 0.8698850311448865 54.36
937 0.8652590550424827 54.37
938 0.8614444096315937 54.38
939 0.8585878366449613 54.39
940 0.8566111416914169 54.4
941 0.8555833821940806 54.41
942 0.8552275454354166 54.42
943 0.8555744293130164 54.43
944 0.8563976389755553 54.44
945 0.8574828263661269 54.45
946 0.8587035744690057 54.46
947 0.8599429269778598 54.47
948 0.8611013010592018 54.48
949 0.8620159566260234 54.49
950 0.8630855080535563 54.5
951 0.8641710903978429 54.51
952 0.8652283249434433 54.52
953 0.8663881854714561 54.53
954 0.8671101478198976 54.54
955 0.8681134348909388 54.55
956 0.8691240830224467 54.56
957 0.8702565642286952 54.57
958 0.8714881376390525 54.58
959 0.8727027418644786 54.59
960 0.8738971258155711 54.6
961 0.8745253620156405 54.61
962 0.8747434579091522 54.62
963 0.8647112450453883 54.63
964 0.8599840313535347 54.64
965 0.8507600175025657 54.65
966 0.8433342697942894 54.66
967 0.8458331349517336 54.67
968 0.8478474641148573 54.68
969 0.8495309754191264 54.69
970 0.8507682188141471 54.7
971 0.8516338755989744 54.71
972 0.8526954846709879 54.72
973 0.8536751628396633 54.73
974 0.8547857921869221 54.74
975 0.8558538422049685 54.75
976 0.8570764252129045 54.76
977 0.8581480037732069 54.77
978 0.8592051181622327 54.78
979 0.8605329539539928 54.79
980 0.8620478160719793 54.8
981 0.8634813401880171 54.81
982 0.8648001526439371 54.82
983 0.8654789263840237 54.83
984 0.8662899704777071 54.84
985 0.8673320245293967 54.85
986 0.8680217406554835 54.86
987 0.8689094800014197 54.87
988 0.8698855560018313 54.88
989 0.8710741332748015 54.89
990 0.872229252987239 54.9
991 0.8734177600212586 54.91
992 0.8748044558041462 54.92
993 0.8764529810199424 54.93
994 0.8774260011900867 54.94
995 0.8787898021500343 54.95
996 0.8804333123123551 54.96
997 0.8847941849048498 54.97
998 0.8855825117402242 54.98
999 0.8857156430857339 54.99
1000 0.8856029063564878 55
1001 0.8858550412959676 55.01
1002 0.8812195560349684 55.02
1003 0.8813304046439072 55.03
1004 0.8464935889016614 55.04
1005 0.8429255908682736 55.05
1006 0.8415456586496105 55.06
1007 0.8408569253822489 55.07
1008 0.8391533669865032 55.08
1009 0.8373413659777663 55.09
1010 0.8335591102662226 55.1
1011 0.8380880719065883 55.11
1012 0.8351753097715886 55.12
1013 0.8202266404150665 55.13
1014 0.7608663573452542 55.14
1015 0.7531294562012818 55.15
1016 0.7553386647588094 55.16
1017 0.7423906047549076 55.17
1018 0.7323585308965691 55.18
1019 0.7251898008285672 55.19
1020 0.7218187084799547 55.2
1021 0.718494909595907 55.21
1022 0.7160354839687229 55.22
1023 0.7104974974389394 55.23
1024 0.7005832097393933 55.24
1025 0.6908704324490247 55.25
1026 0.6823855319585326 55.26
1027 0.6604030222818497 55.27
1028 0.6423844801310703 55.28
1029 0.6144418611519545 55.29
1030 0.57689598769541 55.3
1031 0.5369549203548172 55.31
1032 0.5150313291456937 55.32
1033 0.4562155811355489 55.33
1034 0.4379919743601063 55.34
1035 0.4299677989370901 55.35
1036 0.4296788874599344 55.36
1037 0.4352605090725972 55.37
1038 0.4455589598501413 55.38
1039 0.4596960354944735 55.39
1040 0.4766878107096992 55.4
1041 0.4940776846211781 55.41
1042 0.5091490321770418 55.42
1043 0.5219258017845836 55.43
1044 0.5329785145042842 55.44
1045 0.5402016656617888 55.45
1046 0.5455192716284425 55.46
1047 0.5486964510156352 55.47
1048 0.549566809299067 55.48
1049 0.5480373739054564 55.49
1050 0.5512002088672479 55.5
1051 0.5469869413828499 55.51
1052 0.5501638059048722 55.52
1053 0.5501106362342235 55.53
1054 0.5570312361893168 55.54
1055 0.562228393599513 55.55
1056 0.5661580973973257 55.56
1057 0.5700820621074395 55.57
1058 0.5749167948328056 55.58
1059 0.5797857131672712 55.59
1060 0.5842273156173819 55.6
1061 0.5888277406943583 55.61
1062 0.5931124308277437 55.62
1063 0.5971513870781562 55.63
1064 0.6012242959383969 55.64
1065 0.6039899059115473 55.65
1066 0.6083482936541653 55.66
1067 0.6119322339326875 55.67
1068 0.6151452992817351 55.68
1069 0.6183664963434647 55.69
1070 0.6212942199940966 55.7
1071 0.6243043869496568 55.71
1072 0.6261872048642968 55.72
1073 0.629050681669307 55.73
1074 0.6313105307479576 55.74
1075 0.63394901097892 55.75
1076 0.6361786584363022 55.76
1077 0.6378703824697385 55.77
1078 0.6399925291902203 55.78
1079 0.6418248170151212 55.79
1080 0.643498907915925 55.8
1081 0.6449065337547509 55.81
1082 0.6461482139772289 55.82
1083 0.6472298229860118 55.83
1084 0.6481561269520809 55.84
1085 0.6489660464613193 55.85
1086 0.6496866515225491 55.86
1087 0.6501946580425787 55.87
1088 0.6507268886083479 55.88
1089 0.6511142899876526 55.89
1090 0.6514570027974746 55.9
1091 0.651741736046326 55.91
1092 0.6520968144283562 55.92
1093 0.6523813559600128 55.93
1094 0.6526467641695067 55.94
1095 0.6528832596687409 55.95
1096 0.6531075014258794 55.96
1097 0.6532762883173717 55.97
1098 0.6535231105433683 55.98
1099 0.6536696621370272 55.99
1100 0.6538353875566413 56
1101 0.6540160767678821 56.01
1102 0.6541713998248566 56.02
1103 0.6543158993124633 56.03
1104 0.6544749358295068 56.04
1105 0.6546056606689307 56.05
1106 0.6547138884645433 56.06
1107 0.6548137963478381 56.07
1108 0.6548918065112778 56.08
1109 0.6549605698867387 56.09
1110 0.6550288367207479 56.1
1111 0.6550426336779606 56.11
1112 0.6550857736712972 56.12
1113 0.6551372532426263 56.13
1114 0.6551725640817392 56.14
1115 0.6551994346629316 56.15
1116 0.6552205085599433 56.16
1117 0.6552355407583731 56.17
1118 0.6552459267894484 56.18
1119 0.6552517945663318 56.19
1120 0.6552514621894223 56.2
1121 0.6552469786943051 56.21
1122 0.6552367572715171 56.22
1123 0.6552214983768769 56.23
1124 0.6552017753864564 56.24
1125 0.6551758701619367 56.25
1126 0.6551437799637478 56.26
1127 0.6551055108719643 56.27
1128 0.655061412039345 56.28
1129 0.6550104215236219 56.29
1130 0.6549501066792658 56.3
1131 0.6548809161038646 56.31
1132 0.6548019363824353 56.32
1133 0.6547139344981546 56.33
1134 0.6546159664331569 56.34
1135 0.6545061370668996 56.35
1136 0.6543834669540528 56.36
1137 0.6542463566113863 56.37
1138 0.654094503574977 56.38
1139 0.6539261388015345 56.39
1140 0.6537392595693888 56.4
1141 0.6535323392959811 56.41
1142 0.6533051246889251 56.42
1143 0.6530563023341931 56.43
1144 0.6527851023798251 56.44
1145 0.6524896286723988 56.45
1146 0.6521665086635826 56.46
1147 0.6518133038349204 56.47
1148 0.6514308118697513 56.48
1149 0.6510156788009469 56.49
1150 0.6505597526932921 56.5
1151 0.6498761282594695 56.51
1152 0.6491662280143543 56.52
1153 0.6485178099126226 56.53
1154 0.6478828011356906 56.54
1155 0.6472250638307582 56.55
1156 0.6465367436591899 56.56
1157 0.6458196385979572 56.57
1158 0.6450731209301173 56.58
1159 0.6442772966000992 56.59
1160 0.6434826253843863 56.6
1161 0.6426255960187724 56.61
1162 0.6417168578850547 56.62
1163 0.6407489390237634 56.63
1164 0.6397242880705298 56.64
1165 0.6386350018877143 56.65
1166 0.6374705287962746 56.66
1167 0.6362158413236894 56.67
1168 0.6348719586957478 56.68
1169 0.6334232089236375 56.69
1170 0.6318609285270458 56.7
1171 0.6301761338981718 56.71
1172 0.6283734518264044 56.72
1173 0.6264260500930514 56.73
1174 0.6243276817094719 56.74
1175 0.6220839765717103 56.75
1176 0.619657285276682 56.76
1177 0.6170846696863435 56.77
1178 0.6143462502216928 56.78
1179 0.6113672317746821 56.79
1180 0.6082622668772968 56.8
1181 0.604989347364755 56.81
1182 0.6015666220823563 56.82
1183 0.597790866066942 56.83
1184 0.5958456563027422 56.84
1185 0.5950882426100546 56.85
1186 0.6090990999680084 56.86
1187 0.6192131000444002 56.87
1188 0.6290565623414683 56.88
1189 0.636588030743333 56.89
1190 0.6429955746486837 56.9
1191 0.6531263545204229 56.91
1192 0.6537656125655065 56.92
1193 0.6529085214781405 56.93
1194 0.6510883082912362 56.94
1195 0.6470951409475642 56.95
1196 0.6426973795473803 56.96
1197 0.6354503957258902 56.97
1198 0.6286254398423132 56.98
1199 0.6241441990057407 56.99
1200 0.6093069309901481 57
1201 0.5604445497053231 57.01
1202 0.5585227501509915 57.02
1203 0.5128774314875264 57.03
1204 0.4466065114233059 57.04
1205 0.4251048642038829 57.05
1206 0.3895433316233243 57.06
1207 0.3703389814934245 57.07
1208 0.367837004932401 57.08
1209 0.3705718075634673 57.09
1210 0.3716564083376168 57.1
1211 0.3590084487475086 57.11
1212 0.3388090237352214 57.12
1213 0.3157274153563056 57.13
1214 0.2930712331248705 57.14
1215 0.2705116615608805 57.15
1216 0.2510617797743832 57.16
1217 0.2352146844421587 57.17
1218 0.2182576116616252 57.18
1219 0.2059494065370865 57.19
1220 0.1988248156121296 57.2
1221 0.1980138654864476 57.21
1222 0.1959604498629517 57.22
1223 0.1889339755633618 57.23
1224 0.1797459681040898 57.24
1225 0.1659810199171498 57.25
1226 0.1592847638926441 57.26
1227 0.1566395533922614 57.27
1228 0.1462974094977655 57.28
1229 0.1387558473109281 57.29
1230 0.1373316050324346 57.3
1231 0.1216905955325264 57.31
1232 0.1206189182302845 57.32
1233 0.119787419182232 57.33
1234 0.1179240876434773 57.34
1235 0.114005730197502 57.35
1236 0.1168002476150567 57.36
1237 0.1182627241418166 57.37
1238 0.1187741975704799 57.38
1239 0.1235243017097278 57.39
1240 0.1283695445611054 57.4
1241 0.1248952300553787 57.41
1242 0.1188708834802484 57.42
1243 0.1228034900861478 57.43
1244 0.1236333203750544 57.44
1245 0.1276222305617153 57.45
1246 0.1296686439244689 57.46
1247 0.133538052984424 57.47
1248 0.1369797764508708 57.48
1249 0.1430969787251843 57.49
1250 0.1453313110440445 57.5
1251 0.1514154823017148 57.51
1252 0.169080298101965 57.52
1253 0.1815435738344688 57.53
1254 0.1929310973576943 57.54
1255 0.2072372901500616 57.55
1256 0.2214039614740823 57.56
1257 0.2300567616477711 57.57
1258 0.2341918110151402 57.58
1259 0.2380449163255978 57.59
1260 0.2423595807495169 57.6
1261 0.2503542762569465 57.61
1262 0.2570632999096653 57.62
1263 0.265156876710426 57.63
1264 0.2758165259996324 57.64
1265 0.2803202534996653 57.65
1266 0.2830545490654558 57.66
1267 0.2840514819540582 57.67
1268 0.2820276122063348 57.68
1269 0.2777222664005521 57.69
1270 0.2724187303786831 57.7
1271 0.2653921075377182 57.71
1272 0.2589679919976058 57.72
1273 0.2542779604565684 57.73
1274 0.2490523463898906 57.74
1275 0.2467226110847556 57.75
1276 0.2392100640575799 57.76
1277 0.2291743071309944 57.77
1278 0.2191262566872735 57.78
1279 0.2103617933989912 57.79
1280 0.2025053603596737 57.8
1281 0.1966987856226465 57.81
1282 0.1925265064823246 57.82
1283 0.1894372468076878 57.83
1284 0.1901559286848933 57.84
1285 0.1929011999443491 57.85
1286 0.2008511770422718 57.86
1287 0.2091067683845352 57.87
1288 0.2179320728196396 57.88
1289 0.2267796131358176 57.89
1290 0.2358195577149959 57.9
1291 0.2492130809168123 57.91
1292 0.2711597564861021 57.92
1293 0.2979522437515078 57.93
1294 0.3275605864579415 57.94
1295 0.3649721438991103 57.95
1296 0.4042167088733497 57.96
1297 0.4368253099559575 57.97
1298 0.4562946465218879 57.98
1299 0.4649052271467128 57.99
1300 0.4655343887703429 58
1301 0.4629883859287623 58.01
1302 0.4568125162914647 58.02
1303 0.4478051170028593 58.03
1304 0.4408618541145147 58.04
1305 0.4381140387988358 58.05
1306 0.447559023926371 58.06
1307 0.467290056748807 58.07
1308 0.4906658217050012 58.08
1309 0.515259970220636 58.09
1310 0.537618702469599 58.1
1311 0.5548344349393465 58.11
1312 0.5658821765805041 58.12
1313 0.5702027159285148 58.13
1314 0.5694362313487142 58.14
1315 0.5659004723165231 58.15
1316 0.561850425145183 58.16
1317 0.5605201482141843 58.17
1318 0.5616015525974175 58.18
1319 0.5657933251200492 58.19
1320 0.575109683053887 58.2
1321 0.588455233939943 58.21
1322 0.6036093316745336 58.22
1323 0.6158396682910601 58.23
1324 0.6237643085001762 58.24
1325 0.6287457832996044 58.25
1326 0.631566182316463 58.26
1327 0.6332318771878309 58.27
1328 0.6348270165823309 58.28
1329 0.63645523251822 58.29
1330 0.6385612602448579 58.3
1331 0.6427371193635536 58.31
1332 0.6493598697004479 58.32
1333 0.6581786757298423 58.33
1334 0.6676296936444195 58.34
1335 0.6758817512069326 58.35
1336 0.6827871206076761 58.36
1337 0.6886323240001277 58.37
1338 0.6934879022937676 58.38
1339 0.6981361699140701 58.39
1340 0.705434602622522 58.4
1341 0.714395136371067 58.41
1342 0.7213070377784578 58.42
1343 0.7263984692874702 58.43
1344 0.7295231905340892 58.44
1345 0.7316330845957425 58.45
1346 0.7337597634116898 58.46
1347 0.7361478778210954 58.47
1348 0.7386208367473133 58.48
1349 0.7401560727941543 58.49
1350 0.7408067322098465 58.5
1351 0.741139787528178 58.51
1352 0.7414889640187318 58.52
1353 0.7419542256630487 58.53
1354 0.7422819783799054 58.54
1355 0.7424752329503028 58.55
1356 0.7427897731054667 58.56
1357 0.7419864303140113 58.57
1358 0.7423414723055675 58.58
1359 0.7427092348154566 58.59
1360 0.742476409697767 58.6
1361 0.7415841781240063 58.61
1362 0.7402200564223816 58.62
1363 0.7393168486835531 58.63
1364 0.7371085548304426 58.64
1365 0.7349220320919528 58.65
1366 0.7328511627418706 58.66
1367 0.7316554163357102 58.67
1368 0.730765740150512 58.68
1369 0.7299835960825843 58.69
1370 0.7294267540780149 58.7
1371 0.7288449501949581 58.71
1372 0.729154958226893 58.72
1373 0.7297400079336838 58.73
1374 0.7303957403311359 58.74
1375 0.7313220417284848 58.75
1376 0.7320208710434266 58.76
1377 0.7322258861857133 58.77
1378 0.7310068997058236 58.78
1379 0.7302913579063171 58.79
1380 0.7290668797399569 58.8
1381 0.7279452369346656 58.81
1382 0.7265599891650977 58.82
1383 0.7264688525980728 58.83
1384 0.726807077530787 58.84
1385 0.7272249315063213 58.85
1386 0.7269929672879873 58.86
1387 0.7254306343298923 58.87
1388 0.7228836761785263 58.88
1389 0.7213464910008975 58.89
1390 0.7200495554229259 58.9
1391 0.7174782192090688 58.91
1392 0.715432733566328 58.92
1393 0.7143061693387426 58.93
1394 0.7132283386790801 58.94
1395 0.7107546171781788 58.95
1396 0.7084988558469971 58.96
1397 0.7073938826338712 58.97
1398 0.7066446676288634 58.98
1399 0.7055171026265378 58.99
1400 0.7037108639815716 59
1401 0.7017336954993538 59.01
1402 0.7002181090365095 59.02
1403 0.6993746814992367 59.03
1404 0.6982917836754843 59.04
1405 0.6971453592905726 59.05
1406 0.6964004153079827 59.06
1407 0.6955532166311267 59.07
1408 0.6950057087865821 59.08
1409 0.6940911191258911 59.09
1410 0.6928847539679039 59.1
1411 0.6917129260416524 59.11
1412 0.6907834934377687 59.12
1413 0.6896563712882822 59.13
1414 0.6894580284171646 59.14
1415 0.6901791922593966 59.15
1416 0.6915545358997733 59.16
1417 0.6928542686376495 59.17
1418 0.6935116427027188 59.18
1419 0.6946020090566402 59.19
1420 0.6959391285166355 59.2
1421 0.6966862111037787 59.21
1422 0.697081980882455 59.22
1423 0.697418345072964 59.23
1424 0.6980892653270453 59.24
1425 0.6988863378645022 59.25
1426 0.6995994866584709 59.26
1427 0.6982049284446068 59.27
1428 0.6975303717634164 59.28
1429 0.6977014123477072 59.29
1430 0.697897784056275 59.3
1431 0.6987586164071892 59.31
1432 0.6997680764435679 59.32
1433 0.7006132962120943 59.33
1434 0.7010316738225594 59.34
1435 0.700891853030059 59.35
1436 0.7003941429170352 59.36
1437 0.7000481411784911 59.37
1438 0.7000034552067936 59.38
1439 0.6997194786872065 59.39
1440 0.6987977890697681 59.4
1441 0.6970294180661799 59.41
1442 0.6952244744116987 59.42
1443 0.6932947840830271 59.43
1444 0.6916775162851239 59.44
1445 0.690359586675754 59.45
1446 0.6894363837883983 59.46
1447 0.6886856851021205 59.47
1448 0.687743017630243 59.48
1449 0.6868858951160134 59.49
1450 0.6872999356121169 59.5
1451 0.6884398107264278 59.51
1452 0.6896173189258916 59.52
1453 0.690063064038275 59.53
1454 0.6898561898239567 59.54
1455 0.6892619809248616 59.55
1456 0.688443670773748 59.56
1457 0.6878271703286892 59.57
1458 0.6873337090563889 59.58
1459 0.6847204981693839 59.59
1460 0.6830153272683733 59.6
1461 0.6831450458883094 59.61
1462 0.6839632802341471 59.62
1463 0.6849835001068715 59.63
1464 0.6861508305409861 59.64
1465 0.687548798104652 59.65
1466 0.6891470228777118 59.66
1467 0.6907140517708086 59.67
1468 0.6919955005862111 59.68
1469 0.6929263452604739 59.69
1470 0.693960758192147 59.7
1471 0.6953171120699863 59.71
1472 0.6971619798016115 59.72
1473 0.6985506143698834 59.73
1474 0.6994960946760702 59.74
1475 0.6999872889192428 59.75
1476 0.7004488176921735 59.76
1477 0.70088211498245 59.77
1478 0.70131361001284 59.78
1479 0.7013537557179891 59.79
1480 0.7017022310106603 59.8
1481 0.7024624321049633 59.81
1482 0.7031107928874201 59.82
1483 0.7035218942453229 59.83
1484 0.7038161335631397 59.84
1485 0.7042694265431181 59.85
1486 0.7049500020648177 59.86
1487 0.7056269193841183 59.87
1488 0.7061106908303809 59.88
1489 0.7061141181254387 59.89
1490 0.7063243325502156 59.9
1491 0.7060282017507308 59.91
1492 0.705298521722986 59.92
1493 0.7045748717433631 59.93
1494 0.7051548555185506 59.94
1495 0.7055294699920336 59.95
1496 0.7054209206878648 59.96
1497 0.7033926326752237 59.97
1498 0.7033581106221085 59.98
1499 0.7053650324043805 59.99
1500 0.7071409751877291 60
1501 0.7088398266195507 60.01
1502 0.7110958112360348 60.02
1503 0.713968008338138 60.03
1504 0.7165670026006644 60.04
1505 0.7189531608743497 60.05
1506 0.7207341886217167 60.06
1507 0.7216711452526534 60.07
1508 0.7228781217077852 60.08
1509 0.7237638359036128 60.09
1510 0.7250693678462805 60.1
1511 0.7260162923151487 60.11
1512 0.7269264717643609 60.12
1513 0.7276477682263213 60.13
1514 0.7280322106048842 60.14
1515 0.7282745854692322 60.15
1516 0.7285193764685981 60.16
1517 0.7286900439410737 60.17
1518 0.7282027534871859 60.18
1519 0.7279388952409961 60.19
1520 0.7276630872417899 60.2
1521 0.7272795012524766 60.21
1522 0.7269083493565797 60.22
1523 0.7266441398404683 60.23
1524 0.7263565260451672 60.24
1525 0.7259650962406337 60.25
1526 0.7256484812185487 60.26
1527 0.7253749931574013 60.27
1528 0.7251084329978321 60.28
1529 0.7248621562540857 60.29
1530 0.7246881025935095 60.3
1531 0.7245489706390299 60.31
1532 0.7245059947091841 60.32
1533 0.7244785531583026 60.33
1534 0.7243855890783919 60.34
1535 0.7242319235669785 60.35
1536 0.7240104953755833 60.36
1537 0.7240914417229135 60.37
1538 0.7240614111041885 60.38
1539 0.7237079648390867 60.39
1540 0.7232324393745402 60.4
1541 0.7224947358804472 60.41
1542 0.7218524427147408 60.42
1543 0.721133505597426 60.43
1544 0.7204282071459713 60.44
1545 0.7195283452887695 60.45
1546 0.7187422770110049 60.46
1547 0.7183160601575086 60.47
1548 0.7179300308526629 60.48
1549 0.7174727564120421 60.49
1550 0.716832939407952 60.5
1551 0.7160735553566699 60.51
1552 0.7154067710758045 60.52
1553 0.7148221011776358 60.53
1554 0.7142046779439023 60.54
1555 0.7135681990515379 60.55
1556 0.7129657897062879 60.56
1557 0.7123848316506408 60.57
1558 0.7117912099807135 60.58
1559 0.7113332880099974 60.59
1560 0.710900697145862 60.6
1561 0.7105345968817753 60.61
1562 0.7102296856004049 60.62
1563 0.7099316599229083 60.63
1564 0.7096186885815621 60.64
1565 0.7093013334808261 60.65
1566 0.7089952158832584 60.66
1567 0.7086991945959595 60.67
1568 0.7083850304728578 60.68
1569 0.7080279522403232 60.69
1570 0.7075836667135589 60.7
1571 0.7071452450790081 60.71
1572 0.7067637054200346 60.72
1573 0.7061891620567849 60.73
1574 0.7057062282312468 60.74
1575 0.7053078420094948 60.75
1576 0.7049922167959937 60.76
1577 0.7046920528486261 60.77
1578 0.7054554696520993 60.78
1579 0.7110217532264479 60.79
1580 0.7276546303200416 60.8
1581 0.7385133989882655 60.81
1582 0.7787721125973417 60.82
1583 0.7983954569702177 60.83
1584 0.8230135682130573 60.84
1585 0.8385632717293345 60.85
1586 0.8528067480473047 60.86
1587 0.8606204845483034 60.87
1588 0.8340024469874524 60.88
1589 0.8145711392181472 60.89
1590 0.8016988445019811 60.9
1591 0.7521441254929848 60.91
1592 0.808869155278191 60.92
1593 0.8342097055871827 60.93
1594 0.8558162857877313 60.94
1595 0.8720626094264848 60.95
1596 0.8842757880446408 60.96
1597 0.9042736755144184 60.97
1598 0.9180427488926486 60.98
1599 0.9286920202255555 60.99
1600 0.9365172365863703 61
1601 0.945281209091704 61.01
1602 0.9525393436945511 61.02
1603 0.9588981300950086 61.03
1604 0.9643960419651316 61.04
1605 0.9692983572615039 61.05
1606 0.9733938129903248 61.06
1607 0.9766157446271913 61.07
1608 0.9790305743082272 61.08
1609 0.9812276694705319 61.09
1610 0.9832704344593772 61.1
1611 0.9849365124838819 61.11
1612 0.9871363967153585 61.12
1613 0.9887699582531666 61.13
1614 0.9893051643598583 61.14
1615 0.9903316430161927 61.15
1616 0.991511038876135 61.16
1617 0.9925431014260652 61.17
1618 0.9934428217477748 61.18
1619 0.9940114934022255 61.19
1620 0.9943874275438149 61.2
1621 0.9949943349168486 61.21
1622 0.9956396854766966 61.22
1623 0.9960941830986769 61.23
1624 0.9965403243430647 61.24
1625 0.9968875602870756 61.25
1626 0.9970842121586406 61.26
1627 0.9972431108065571 61.27
1628 0.9974091869887152 61.28
1629 0.9975382128137205 61.29
1630 0.9971538382027787 61.3
1631 0.9971391822688424 61.31
1632 0.9972412220293988 61.32
1633 0.9974228467141212 61.33
1634 0.9975635664404401 61.34
1635 0.9976582833666964 61.35
1636 0.9976246771618591 61.36
1637 0.9973312430379374 61.37
1638 0.9973486113838237 61.38
1639 0.9974965382885012 61.39
1640 0.9975991671540878 61.4
1641 0.9976649709303662 61.41
1642 0.9976750155330095 61.42
1643 0.9961990425301235 61.43
1644 0.9956320472079171 61.44
1645 0.9953470604844283 61.45
1646 0.9954018047686189 61.46
1647 0.99536120137597 61.47
1648 0.995321037049216 61.48
1649 0.9952941449230388 61.49
1650 0.9955196998310836 61.5
1651 0.995532857420624 61.51
1652 0.9957133061231576 61.52
1653 0.99588844227396 61.53
1654 0.9959989051216872 61.54
1655 0.9962622810661143 61.55
1656 0.996246625799572 61.56
1657 0.9960647818598466 61.57
1658 0.9963050270658835 61.58
1659 0.9965308158095775 61.59
1660 0.9966484226699671 61.6
1661 0.996669875365892 61.61
1662 0.9962078193019488 61.62
1663 0.9962154647873368 61.63
1664 0.99647738790449 61.64
1665 0.9968030721776177 61.65
1666 0.9967072158368715 61.66
1667 0.9966072933350517 61.67
1668 0.9963666229663701 61.68
1669 0.9963330889325834 61.69
1670 0.9963084099759332 61.7
1671 0.9962319554729065 61.71
1672 0.9961666789248795 61.72
1673 0.9962604200645073 61.73
1674 0.9962037182490006 61.74
1675 0.9962132425570152 61.75
1676 0.9958154219822871 61.76
1677 0.9943295003526307 61.77
1678 0.9935116836093845 61.78
1679 0.9890013784286062 61.79
1680 0.9863248444945641 61.8
1681 0.9835512622752591 61.81
1682 0.9823676857123518 61.82
1683 0.9813039303497455 61.83
1684 0.9806643437516951 61.84
1685 0.9804250967850632 61.85
1686 0.9806213261735901 61.86
1687 0.9800168512828992 61.87
1688 0.9801107416659852 61.88
1689 0.9864721380265355 61.89
1690 0.9895445549484748 61.9
1691 0.9913461718140977 61.91
1692 0.9924386424819793 61.92
1693 0.9930766204386581 61.93
1694 0.9925252952394292 61.94
1695 0.9928978901676249 61.95
1696 0.9920962791352349 61.96
1697 0.9909416364241157 61.97
1698 0.9898244596416054 61.98
1699 0.9923260148102874 61.99
1700 0.9917844067415044 62
1701 0.9929696531513214 62.01
1702 0.9932623855146503 62.02
1703 0.9879416209251224 62.03
1704 0.9936013255992642 62.04
1705 0.9790637443164569 62.05
1706 0.9765279297580914 62.06
1707 0.9384324765146512 62.07
1708 0.9314659506639531 62.08
1709 0.9770859418651537 62.09
1710 0.9512209580285291 62.1
1711 0.9291992098174446 62.11
1712 0.9446255954126996 62.12
1713 0.9565497035534549 62.13
1714 0.9435731015334856 62.14
1715 0.9425154258093098 62.15
1716 0.9494388068714743 62.16
1717 0.9793797121149719 62.17
1718 0.9836536884019694 62.18
1719 0.9886880846742674 62.19
1720 0.9891302931317785 62.2
1721 0.9802845741729247 62.21
1722 0.9816325674717928 62.22
1723 0.9829879287265301 62.23
1724 0.9830418130399636 62.24
1725 0.9901525248363201 62.25
1726 0.9910356413479332 62.26
1727 0.9921775896104825 62.27
1728 0.9860801345840323 62.28
1729 0.9862728714418247 62.29
1730 0.9840354316157619 62.3
1731 0.9908570011080065 62.31
1732 0.9938684549460246 62.32
1733 0.9878293932420051 62.33
1734 0.9888635873674768 62.34
1735 0.9910325519076285 62.35
1736 0.9965777506254272 62.36
1737 0.9959264754390863 62.37
1738 0.9939169229944713 62.38
1739 0.9949303915288519 62.39
1740 0.9949218989847706 62.4
1741 0.9950981302409028 62.41
1742 0.9964040139365997 62.42
1743 0.9948665483566027 62.43
1744 0.9969850360927336 62.44
1745 0.9971986926281422 62.45
1746 0.9959624824855823 62.46
1747 0.9973544755546049 62.47
1748 0.9973068339176211 62.48
1749 0.9959624213736052 62.49
1750 0.9955518966961642 62.5
1751 0.9969467758953638 62.51
1752 0.9969123315931512 62.52
1753 0.9970140475749382 62.53
1754 0.9970609361454554 62.54
1755 0.9970200133597465 62.55
1756 0.9970142301011513 62.56
1757 0.9970543023893763 62.57
1758 0.9968932396471363 62.58
1759 0.9958499682576738 62.59
1760 0.9957318933346985 62.6
1761 0.9967205726693971 62.61
1762 0.99039331039268 62.62
1763 0.9939050646517381 62.63
1764 0.9945743457822901 62.64
1765 0.9899937757724513 62.65
1766 0.9942012484903855 62.66
1767 0.9947857244089786 62.67
1768 0.9900159971453665 62.68
1769 0.9945681495999728 62.69
1770 0.9950347327577226 62.7
1771 0.9905512097361429 62.71
1772 0.9902613100846612 62.72
1773 0.989791395645224 62.73
1774 0.9901887009175355 62.74
1775 0.9904556602585921 62.75
1776 0.99098709345789 62.76
1777 0.9910781718290661 62.77
1778 0.9916383111895074 62.78
1779 0.9924636175002985 62.79
1780 0.9927644450605444 62.8
1781 0.9947285149144585 62.81
1782 0.9952982752288539 62.82
1783 0.9939978543225684 62.83
1784 0.9942691208360053 62.84
1785 0.9945789331292467 62.85
1786 0.9957360173429133 62.86
1787 0.9957034834402918 62.87
1788 0.9950067876925724 62.88
1789 0.9951524142462774 62.89
1790 0.9952110447341987 62.9
1791 0.9953744238118489 62.91
1792 0.9955572214445912 62.92
1793 0.9958626089126597 62.93
1794 0.9957711668034477 62.94
1795 0.9957276371573799 62.95
1796 0.9959043490755023 62.96
1797 0.9961612032622421 62.97
1798 0.9961652265077877 62.98
1799 0.9962766059165691 62.99
1800 0.9963254344061399 63
1801 0.9964582331056144 63.01
1802 0.9966428136109172 63.02
1803 0.9968357604520512 63.03
1804 0.9968282439116554 63.04
1805 0.9966349576349709 63.05
1806 0.9964203759805825 63.06
1807 0.9964936096286292 63.07
1808 0.9966017441762174 63.08
1809 0.9968411162276232 63.09
1810 0.9970633562666352 63.1
1811 0.9971819544471511 63.11
1812 0.9971736910985813 63.12
1813 0.9972618699764729 63.13
1814 0.9972922938051595 63.14
1815 0.9969993510936991 63.15
1816 0.9970000919957226 63.16
1817 0.9971838127014879 63.17
1818 0.9972635705689145 63.18
1819 0.9973157866092875 63.19
1820 0.9973913433122142 63.2
1821 0.9974837535859352 63.21
1822 0.9975219480622273 63.22
1823 0.9975144444509094 63.23
1824 0.9975382395416957 63.24
1825 0.9974779293201615 63.25
1826 0.9974016664867184 63.26
1827 0.9974358022269876 63.27
1828 0.9972607330414343 63.28
1829 0.9973270838694466 63.29
1830 0.9974526647056933 63.3
1831 0.9974632988134856 63.31
1832 0.9973459861845078 63.32
1833 0.9973828997472625 63.33
1834 0.9974184777388673 63.34
1835 0.9973608832163969 63.35
1836 0.9972066713861776 63.36
1837 0.9971170327631242 63.37
1838 0.9970582951498633 63.38
1839 0.9969227996463554 63.39
1840 0.9968675492141925 63.4
1841 0.9964598153486114 63.41
1842 0.9964349251797452 63.42
1843 0.9967495721143582 63.43
1844 0.9968622921586375 63.44
1845 0.9973092396732848 63.45
1846 0.9975681848831967 63.46
1847 0.9978366949445688 63.47
1848 0.9980181370402101 63.48
1849 0.9981696463369738 63.49
1850 0.9981466742255032 63.5
1851 0.9964531835010053 63.51
1852 0.9852428715574946 63.52
1853 0.9825014474338116 63.53
1854 0.9593877191493307 63.54
1855 0.9804722274515878 63.55
1856 0.8985508484049637 63.56
1857 0.7713086878695463 63.57
1858 0.3791030759537659 63.58
1859 0.2297324939766305 63.59
1860 0.145221247604402 63.6
1861 0.2409384382172562 63.61
1862 0.1852200929800832 63.62
1863 0.126669165849788 63.63
1864 0.09860377972909205 63.64
1865 0.100723733621854 63.65
1866 0.1601467364142216 63.66
1867 0.1114166720174556 63.67
1868 0.1095255481476915 63.68
1869 0.120948940821877 63.69
1870 0.09075437021433196 63.7
1871 0.0663214303573792 63.71
1872 0.07271931542684579 63.72
1873 0.03230089332990557 63.73
1874 0.02407158428819314 63.74
1875 0.03311601649113968 63.75
1876 0.03018732775777494 63.76
1877 0.1599524886921054 63.77
1878 0.3033417391004461 63.78
1879 0.03527937350476753 63.79
1880 0.03347569646123156 63.8
1881 0.1695238639105253 63.81
1882 0.2724708696834979 63.82
1883 0.3016472457048004 63.83
1884 0.08455876944291474 63.84
1885 0.06716958809690232 63.85
1886 0.04747044208925782 63.86
1887 0.03568347815011633 63.87
1888 0.04565365973796552 63.88
1889 0.04136003383065867 63.89
1890 0.03765467740470435 63.9
1891 0.03521335378267637 63.91
1892 0.03285895761842381 63.92
1893 0.03252462428033778 63.93
1894 0.03096646882444383 63.94
1895 0.04021142505905879 63.95
1896 0.04126875175252934 63.96
1897 0.04149663779394033 63.97
1898 0.04000703421070031 63.98
1899 0.1755346333732538 63.99
1900 0.1981731954109957 64
1901 0.00610700853679744 64.01000000000001
1902 0.004240274959931179 64.02
1903 0.1196744897923176 64.03
1904 0.1562953034003059 64.04000000000001
1905 0.3808604610046941 64.05
1906 0.488365425433942 64.06
1907 0.4830392880554187 64.06999999999999
1908 0.5243986701287084 64.08
1909 0.5720853385553553 64.09
1910 0.6044623847583026 64.09999999999999
1911 0.6265275426603896 64.11
1912 0.6515994235870849 64.12
1913 0.6655685719905774 64.13
1914 0.6782001909667186 64.14
1915 0.6859068977309029 64.15000000000001
1916 0.6921308842278597 64.16
1917 0.6951208295001733 64.17
1918 0.6941995501416267 64.18000000000001
1919 0.6840406137216964 64.19
1920 0.6738808893562079 64.2
1921 0.6589106853635138 64.21000000000001
1922 0.5980192358820291 64.22
1923 0.5678198981055891 64.23
1924 0.5401983952071711 64.23999999999999
1925 0.5212278991141581 64.25
1926 0.5077075557237868 64.26000000000001
1927 0.4977975999053538 64.27
1928 0.4919535599320446 64.28
1929 0.4866847990708358 64.29000000000001
1930 0.4798388135636519 64.3
1931 0.4748087861567739 64.31
1932 0.4724726317231929 64.31999999999999
1933 0.4693568802571423 64.33
1934 0.4674089793347009 64.34
1935 0.4694295252017164 64.34999999999999
1936 0.4709969436134719 64.36
1937 0.4735225868449112 64.37
1938 0.4758123150201017 64.38
1939 0.4793173543568738 64.39
1940 0.4826342422937414 64.40000000000001
1941 0.4835239165733073 64.41
1942 0.4827599153375127 64.42
1943 0.4839389551253536 64.43000000000001
1944 0.482689099905558 64.44
1945 0.4814614583772014 64.45
1946 0.4817941614722653 64.46000000000001
1947 0.4823724917470697 64.47
1948 0.4836213269341607 64.48
1949 0.4846246573759314 64.48999999999999
1950 0.4868904402045156 64.5
1951 0.4915763306995996 64.51000000000001
1952 0.4987042831867358 64.52
1953 0.5055248371518757 64.53
1954 0.5092635802268023 64.54000000000001
1955 0.5101409988823612 64.55
1956 0.5098657798005551 64.56
1957 0.5089530845719301 64.56999999999999
1958 0.5070829602561238 64.58
1959 0.5057076687163508 64.59
1960 0.5036254551914945 64.59999999999999
1961 0.5007758728624498 64.61
1962 0.4969795854557301 64.62
1963 0.4935465277095819 64.63
1964 0.4911911303854224 64.64
1965 0.4887155852258179 64.65000000000001
1966 0.4870048529442028 64.66
1967 0.4859385126611536 64.67
1968 0.484586346319064 64.68000000000001
1969 0.4815963453979809 64.69
1970 0.4774685747347726 64.7
1971 0.4741435304785436 64.71000000000001
1972 0.4714061420182774 64.72
1973 0.4696722693649298 64.73
1974 0.4676874213237766 64.73999999999999
1975 0.4649064884553475 64.75
1976 0.4623736225295481 64.76000000000001
1977 0.4602092553553188 64.77
1978 0.4582564217876662 64.78
1979 0.4569634903142136 64.79000000000001
1980 0.4555933713198028 64.8
1981 0.4543189628648993 64.81
1982 0.4527950048086546 64.81999999999999
1983 0.4513051092366274 64.83
1984 0.4500377679108551 64.84
1985 0.4490487169185425 64.84999999999999
1986 0.4482797413988533 64.86
1987 0.4475448959452474 64.87
1988 0.4474559528921522 64.88
1989 0.4472750707905957 64.89
1990 0.4466364866628794 64.90000000000001
1991 0.4465935527638181 64.91
1992 0.4462540320526827 64.92
1993 0.4455382435169624 64.93000000000001
1994 0.4454072052830398 64.94
1995 0.4451285643593565 64.95
1996 0.4446538903592152 64.96000000000001
1997 0.4442916317330562 64.97
1998 0.4440682400408724 64.98
1999 0.4432535206825363 64.98999999999999
2000 0.4489330314488658 65
