"pressao-porta-rfile"
"Time Step" "pressao-porta etc.."
("Time Step" "pressao-porta" "flow-time")
0 -2995.941939932851 0
1 127012.3344328511 0.1
2 82295.49754079134 0.2
3 1478.411996735661 0.3
4 -41851.06244231219 0.4
5 -58287.8082376215 0.5
6 -66653.48703879595 0.6000000000000001
7 -71427.17032838801 0.7000000000000001
8 -73159.33818479626 0.8
9 -69828.03246441203 0.9
10 -57788.78603576729 1
11 -38119.63323352182 1.1
12 -17656.90028979366 1.2
13 -2110.828370543719 1.3
14 7233.572025478552 1.4
15 12254.87845670453 1.5
16 16395.47860097118 1.6
17 20073.75805968786 1.7
18 23162.79296306712 1.8
19 25211.12608880939 1.9
20 25931.45807990052 2
21 25141.90562229741 2.1
22 23361.22135309893 2.2
23 20348.79182466529 2.3
24 17097.78028568729 2.4
25 13840.47798244246 2.5
26 10693.20171927185 2.6
27 7888.310010708658 2.7
28 5665.91811918732 2.8
29 4204.765412765591 2.9
30 3622.564878418261 3
31 3967.71169349171 3.1
32 5221.900474738857 3.2
33 7292.463921458699 3.3
34 10068.65867807987 3.4
35 13382.60668463608 3.5
36 17035.38909076475 3.6
37 20837.2733571111 3.7
38 24606.466561982 3.8
39 28180.54319225997 3.9
40 31435.1750781922 4
41 34288.0406368827 4.100000000000001
42 36698.06247219381 4.2
43 38646.25342384854 4.3
44 40138.74938439602 4.4
45 41266.62884679982 4.5
46 42080.77833499606 4.600000000000001
47 42668.33232244922 4.7
48 43074.73946233527 4.800000000000001
49 43384.41556122134 4.9
50 43669.15421111505 5
51 43988.65139108022 5.100000000000001
52 44378.99121654894 5.2
53 44925.60551623849 5.300000000000001
54 45598.13997370361 5.4
55 46447.03397284522 5.5
56 47453.16914992796 5.600000000000001
57 48604.87236112454 5.7
58 49876.37286230224 5.800000000000001
59 51235.68670706887 5.9
60 52644.24318995479 6
61 54058.94319981803 6.100000000000001
62 55438.10704537883 6.2
63 56737.72448780346 6.300000000000001
64 57924.52283361854 6.4
65 58965.46545669171 6.5
66 59839.4929501549 6.600000000000001
67 60532.06659496343 6.7
68 61035.25172154699 6.800000000000001
69 61358.30876152281 6.9
70 61511.43197627604 7
71 61511.52814977155 7.100000000000001
72 61384.00629574356 7.2
73 61155.63472033996 7.300000000000001
74 60844.61829320907 7.4
75 60484.26960748214 7.5
76 60095.73859373614 7.600000000000001
77 59701.41490469303 7.7
78 59316.69134767484 7.800000000000001
79 58958.52521647956 7.9
80 58631.56727875805 8
81 58347.21636899246 8.1
82 58108.85315228851 8.200000000000001
83 57914.99851901923 8.300000000000001
84 57765.29910711839 8.4
85 57629.30232171511 8.5
86 57342.05733413433 8.6
87 57263.76029474894 8.700000000000001
88 57264.95386733511 8.800000000000001
89 57078.84627695807 8.9
90 57177.01861749518 9
91 57047.8388353438 9.1
92 57229.37180352832 9.200000000000001
93 57147.14129968327 9.300000000000001
94 57403.66033914195 9.4
95 57357.46235895201 9.5
96 57650.08282804777 9.600000000000001
97 57614.18968728051 9.700000000000001
98 57907.05524479911 9.800000000000001
99 57870.11512572915 9.9
100 58143.85056818949 10
101 58098.93834173044 10.1
102 58354.79118555028 10.2
103 58301.65232711627 10.3
104 58540.62850433912 10.4
105 58483.4322188011 10.5
106 58723.71219270599 10.6
107 58673.73602385148 10.7
108 58909.73599926225 10.8
109 58874.62572010656 10.9
110 59117.18520129799 11
111 59093.48946590073 11.1
112 59345.56533304334 11.2
113 59337.29933418407 11.3
114 59595.07137708208 11.4
115 59602.0276023805 11.5
116 59829.84044066387 11.6
117 59846.7477564189 11.7
118 60059.88440253674 11.8
119 60075.38189097257 11.9
120 60269.02241731579 12
121 60300.96768254886 12.1
122 60366.59447295451 12.2
123 60600.32075358994 12.3
124 60642.81213328677 12.4
125 60720.23350214209 12.5
126 60990.04767523661 12.6
127 61045.03788074404 12.7
128 61503.59904229924 12.8
129 61993.0324826686 12.9
130 63027.27616137077 13
131 64515.68100751878 13.1
132 66132.80212968981 13.2
133 67771.32243112374 13.3
134 69425.65925231981 13.4
135 71481.71260313918 13.5
136 73969.97897374768 13.6
137 76692.61012626486 13.7
138 79209.92422831718 13.8
139 81189.52987908806 13.9
140 82521.96867970964 14
141 83265.75727374382 14.1
142 83552.93182503678 14.2
143 83510.28946834827 14.3
144 83285.77541499338 14.4
145 83119.70995770139 14.5
146 83031.62937121023 14.6
147 82954.88297717253 14.7
148 82883.45147763113 14.8
149 82821.07984908042 14.9
150 82772.34820254514 15
151 82739.25448636024 15.1
152 82723.80392470038 15.2
153 82726.55101148787 15.3
154 82748.96799199896 15.4
155 82787.68495589377 15.5
156 82843.41865220483 15.6
157 82915.40649969401 15.7
158 83002.73183715505 15.8
159 83102.61225991235 15.9
160 83215.59727069535 16
161 83337.69752814046 16.1
162 83468.97475616501 16.2
163 83606.67953824865 16.3
164 83751.45497359335 16.4
165 83899.43849927475 16.5
166 84050.73114346567 16.6
167 84203.23642301044 16.7
168 84356.85944417164 16.8
169 84509.72594700771 16.9
170 84662.07501216176 17
171 84812.37122220402 17.1
172 84959.35565227017 17.2
173 85102.93264333707 17.3
174 85241.7550182527 17.4
175 85373.95678005586 17.5
176 85502.67019488107 17.6
177 85624.71139982459 17.7
178 85742.08762977996 17.8
179 85853.27705700858 17.9
180 85958.30448405018 18
181 86058.60840770218 18.1
182 86152.62093772441 18.2
183 86240.45467825749 18.3
184 86322.43997878229 18.4
185 86397.70096455584 18.5
186 86468.42076551453 18.6
187 86533.29923609846 18.7
188 86593.72876022426 18.8
189 86648.02434304869 18.9
190 86698.28082497773 19
191 86745.10367981772 19.1
192 86787.4443464232 19.2
193 86825.83041264971 19.3
194 86860.21576770152 19.4
195 86891.83469922587 19.5
196 86919.93415633938 19.6
197 86945.95962988827 19.7
198 86969.71949829502 19.8
199 86991.77128133272 19.9
200 87010.71672628158 20
201 87028.94229048346 20.1
202 87045.56146144713 20.2
203 87062.89117375598 20.3
204 87079.68698236351 20.4
205 87096.03816928576 20.5
206 87111.45177043768 20.6
207 87127.44245982649 20.7
208 87143.6203796979 20.8
209 87159.54305321367 20.9
210 87174.2823601978 21
211 87190.32723712652 21.1
212 87208.7096295704 21.2
213 87226.39593816194 21.3
214 87246.22627392276 21.4
215 87269.04564643047 21.5
216 87290.67514639819 21.6
217 87313.41068389044 21.7
218 87339.44349476948 21.8
219 87365.96518934425 21.9
220 87391.94407195353 22
221 87415.10842359718 22.1
222 87440.22504338983 22.2
223 87466.54627050305 22.3
224 87495.09614369542 22.4
225 87522.85806996464 22.5
226 87552.21980975161 22.6
227 87582.87991469717 22.7
228 87615.81385192543 22.8
229 87648.65327388799 22.9
230 87683.71088273441 23
231 87719.08804162598 23.1
232 87754.23069217117 23.2
233 87791.05192642618 23.3
234 87828.11806414077 23.4
235 87864.32253046702 23.5
236 87902.2881884599 23.6
237 87939.58562446373 23.7
238 87977.19312776018 23.8
239 88013.85231846945 23.9
240 88051.44418017112 24
241 88089.850367267 24.1
242 88127.80406272654 24.2
243 88165.98920519931 24.3
244 88204.53435150665 24.4
245 88242.46741307589 24.5
246 88280.29651362231 24.6
247 88319.05411374733 24.7
248 88357.28762461967 24.8
249 88395.4910345688 24.9
250 88433.28984851262 25
251 88472.39705090932 25.1
252 88511.2528129588 25.2
253 88550.63131113689 25.3
254 88590.30994648953 25.4
255 88630.0913875346 25.5
256 88669.72947637485 25.6
257 88709.13306722578 25.7
258 88747.55739162768 25.8
259 88787.68381744393 25.9
260 88828.1903636096 26
261 88867.93671471333 26.1
262 88908.12471996737 26.2
263 88948.71703824315 26.3
264 88989.07337865797 26.4
265 89029.67436118428 26.5
266 89070.83350874891 26.6
267 89112.09838081266 26.7
268 89154.81059565682 26.8
269 89197.11426750163 26.9
270 89240.55740057598 27
271 89284.68030418611 27.1
272 89328.39980493447 27.2
273 89373.21742907695 27.3
274 89418.42253005631 27.4
275 89465.39881848711 27.5
276 89511.65660386134 27.6
277 89558.82412606265 27.7
278 89606.19340579941 27.8
279 89654.4365965981 27.9
280 89703.23376202342 28
281 89753.28867313577 28.1
282 89804.3987671129 28.2
283 89856.22584243029 28.3
284 89908.18972765197 28.4
285 89960.71226027845 28.5
286 90013.71936330124 28.6
287 90068.02681985535 28.7
288 90123.04169790089 28.8
289 90178.66395861514 28.9
290 90234.82041042781 29
291 90290.93132572484 29.1
292 90348.30464728246 29.2
293 90405.97377583578 29.3
294 90465.08797468044 29.4
295 90525.64709308141 29.5
296 90586.65849559252 29.6
297 90649.42981857625 29.7
298 90712.11479774948 29.8
299 90775.30765839992 29.9
300 90838.73794122608 30
301 90903.15373214454 30.1
302 90968.17207727571 30.2
303 91033.6783404624 30.3
304 91099.79917590531 30.4
305 91166.81253369828 30.5
306 91234.26327775323 30.6
307 91303.35941137762 30.7
308 91373.12561898715 30.8
309 91443.3916679023 30.9
310 91514.29500276582 31
311 91585.83117393158 31.1
312 91658.19994918999 31.2
313 91731.45661511905 31.3
314 91805.51569233193 31.4
315 91880.02891500983 31.5
316 91955.87089861155 31.6
317 92031.85244069516 31.7
318 92108.71395474844 31.8
319 92186.9783416897 31.9
320 92266.23467270726 32
321 92345.68468609345 32.1
322 92425.61073563501 32.2
323 92506.5996825591 32.3
324 92588.14351810505 32.4
325 92670.57301030154 32.5
326 92753.68324511402 32.6
327 92837.67103308051 32.7
328 92923.26559014044 32.8
329 93007.76045258302 32.9
330 93094.36189432886 33
331 93181.50881064715 33.1
332 93269.61096046549 33.2
333 93358.74139207971 33.3
334 93448.90400482676 33.4
335 93539.69886156466 33.5
336 93630.9474596761 33.6
337 93722.92095026019 33.7
338 93815.5061462896 33.8
339 93909.22970635658 33.9
340 94004.11776150155 34
341 94099.5693188157 34.1
342 94195.90038676294 34.2
343 94292.96098344705 34.3
344 94390.79505606985 34.4
345 94489.58607964678 34.5
346 94588.6655131992 34.6
347 94688.51664309576 34.7
348 94789.55864613417 34.8
349 94891.38917083869 34.9
350 94994.47232916651 35
351 95098.5904156734 35.1
352 95203.21191490587 35.2
353 95308.23699924799 35.3
354 95413.74799975901 35.4
355 95520.76867914504 35.5
356 95628.44702390292 35.6
357 95737.18804920962 35.7
358 95846.38525438396 35.8
359 95956.53850814659 35.9
360 96066.61919109308 36
361 96177.16232437035 36.1
362 96289.02636265036 36.2
363 96402.18615772203 36.3
364 96515.88088096259 36.4
365 96630.62571487189 36.5
366 96745.97189391936 36.6
367 96862.14901811036 36.7
368 96979.74342421722 36.8
369 97097.85975510714 36.9
370 97216.40044873353 37
371 97335.8256798841 37.1
372 97455.93074766263 37.2
373 97577.50015869176 37.3
374 97699.24757038408 37.4
375 97821.53215407587 37.5
376 97944.67315794053 37.6
377 98068.50590984228 37.7
378 98193.2313169371 37.8
379 98318.3207729612 37.9
380 98444.30078510076 38
381 98570.71141135834 38.1
382 98697.80568578556 38.2
383 98825.8304534793 38.3
384 98954.14663667421 38.40000000000001
385 99083.31379838003 38.5
386 99213.30197009059 38.6
387 99343.85349347643 38.7
388 99474.88744311077 38.8
389 99606.57117006775 38.90000000000001
390 99738.92929468682 39
391 99871.77522816525 39.1
392 100005.2077144086 39.2
393 100139.5680441435 39.3
394 100274.7003852492 39.40000000000001
395 100410.6393388019 39.5
396 100546.9783322683 39.6
397 100684.1236323232 39.7
398 100821.6182696401 39.8
399 100959.4881807084 39.90000000000001
400 101098.1881079051 40
401 101237.6521989108 40.1
402 101377.0158000158 40.2
403 101516.5532000359 40.3
404 101656.2954164773 40.40000000000001
405 101797.1055369131 40.5
406 101938.6030424128 40.6
407 102080.6563422663 40.7
408 102222.9985623393 40.8
409 102366.129172226 40.90000000000001
410 102510.0596274813 41
411 102654.6943617481 41.1
412 102798.877095063 41.2
413 102943.3282983167 41.3
414 103088.0364613717 41.40000000000001
415 103233.8155096558 41.5
416 103379.9009035112 41.6
417 103527.0536532413 41.7
418 103674.2384952734 41.8
419 103822.4398731099 41.90000000000001
420 103970.0339845283 42
421 104118.3267720601 42.1
422 104267.2468732758 42.2
423 104415.8175713003 42.3
424 104564.9109497969 42.40000000000001
425 104714.6918814934 42.5
426 104864.6958266278 42.6
427 105014.5029875145 42.7
428 105164.5112868348 42.8
429 105314.8395464527 42.90000000000001
430 105465.859662309 43
431 105616.9609129525 43.1
432 105768.4017342254 43.2
433 105919.7906394602 43.3
434 106073.1078792436 43.40000000000001
435 106225.5958567209 43.5
436 106377.3848937065 43.6
437 106530.0305305248 43.7
438 106682.5690368651 43.8
439 106835.9391159673 43.90000000000001
440 106990.0814012746 44
441 107144.0840730016 44.1
442 107298.1202008638 44.2
443 107452.4324927259 44.3
444 107606.1609414231 44.40000000000001
445 107760.1275971322 44.5
446 107913.8655960865 44.6
447 108067.9515773413 44.7
448 108222.1739396584 44.8
449 108377.6438593999 44.90000000000001
450 108533.0171254842 45
451 108688.3310793499 45.1
452 108844.2558008306 45.2
453 109000.1099041056 45.3
454 109155.5605786039 45.40000000000001
455 109311.0995613051 45.5
456 109467.2792610296 45.6
457 109622.7082279998 45.7
458 109777.8369857603 45.8
459 109934.0438454256 45.90000000000001
460 110089.2234492243 46
461 110245.1630912408 46.1
462 110400.8662521585 46.2
463 110556.279798875 46.3
464 110711.5405612346 46.40000000000001
465 110866.4661510505 46.5
466 111021.3894990786 46.6
467 111176.7588852751 46.7
468 111332.2317849496 46.8
469 111488.0285788861 46.90000000000001
470 111643.5055791311 47
471 111798.9679027393 47.1
472 111953.231427707 47.2
473 112107.6205171478 47.3
474 112262.1421969776 47.40000000000001
475 112416.5731823712 47.5
476 112570.693965852 47.6
477 112724.1161198825 47.7
478 112877.2290367218 47.8
479 113031.0579232222 47.90000000000001
480 113185.0775701674 48
481 113338.6399889744 48.1
482 113492.240216794 48.2
483 113645.5376804287 48.3
484 113799.9410301994 48.40000000000001
485 113953.3433303696 48.5
486 114106.6912558982 48.6
487 114259.8225917181 48.7
488 114412.9278671651 48.8
489 114566.1872808416 48.90000000000001
490 114718.0556259547 49
491 114869.8232025679 49.1
492 115020.0327082636 49.2
493 115170.6349359658 49.3
494 115321.8185384097 49.40000000000001
495 115471.9457515044 49.5
496 115621.4742960968 49.6
497 115771.9502426142 49.7
498 115921.7476766627 49.8
499 116070.0776523212 49.90000000000001
500 116219.7651821217 50
501 161970.6706476995 50.01
502 187972.3472674151 50.02
503 176451.8287899798 50.03
504 196086.1933535953 50.04
505 223211.2174904263 50.05
506 235463.6340839998 50.06
507 240696.649877926 50.07
508 234897.1265236832 50.08
509 225446.8472805617 50.09
510 217527.3160273505 50.1
511 210685.0358222058 50.11
512 210613.990814075 50.12
513 209681.130677058 50.13
514 202594.8204856984 50.14
515 202469.8075031218 50.15
516 199927.6429365596 50.16
517 196534.4450416196 50.17
518 197858.5273546297 50.18
519 199907.3612202375 50.19
520 198892.1680972332 50.2
521 198915.493574825 50.21
522 201005.7889732434 50.22
523 207558.6674647716 50.23
524 214924.5131081634 50.24
525 218086.3427412777 50.25
526 227141.9856781223 50.26
527 237426.5627594002 50.27
528 256321.8804117261 50.28
529 267454.6895388275 50.29
530 277150.155881487 50.3
531 290125.8288112334 50.31
532 304106.4595286415 50.32
533 316344.2794006265 50.33
534 329428.6070931978 50.34
535 337988.9970841209 50.35
536 342024.0877699064 50.36
537 344787.5487748025 50.37
538 350940.9031617219 50.38
539 351422.1575163364 50.39
540 349980.1279600666 50.4
541 347440.4607946689 50.41
542 345281.7511364514 50.42
543 345532.3468140407 50.43
544 345350.1824742908 50.44
545 348078.4514037562 50.45
546 350880.2847221765 50.46
547 356298.3323900527 50.47
548 359864.5427863894 50.48
549 369005.816660767 50.49
550 376363.4740677358 50.5
551 393498.6981011043 50.51
552 400506.1055902019 50.52
553 409510.8805933882 50.53
554 416302.5138231234 50.54
555 423925.3589941167 50.55
556 433059.6209273093 50.56
557 435886.4495695059 50.57
558 442291.7662487942 50.58
559 445958.4840271738 50.59
560 450110.9246419973 50.6
561 451261.357347016 50.61
562 454344.8732071011 50.62
563 457661.4047903088 50.63
564 462777.8069862422 50.64
565 464181.0895774775 50.65
566 467358.0182268486 50.66
567 472564.1112227126 50.67
568 479600.6290453442 50.68
569 483527.6048724424 50.69
570 491887.8345918499 50.7
571 494580.7459133311 50.71
572 503666.4282245185 50.72
573 506658.3862244631 50.73
574 515096.7845904783 50.74
575 517827.0470245504 50.75
576 525525.4285261598 50.76
577 527162.4484950809 50.77
578 532343.1939717511 50.78
579 540115.6519350783 50.79
580 543940.5608048252 50.8
581 549468.2146450707 50.81
582 553971.2038924642 50.82
583 560485.719633 50.83
584 563315.4436145016 50.84
585 569217.3022279033 50.85
586 574369.4073549616 50.86
587 578899.3143962978 50.87
588 582692.7522205885 50.88
589 585027.0748113508 50.89
590 600036.1596436698 50.9
591 598905.7552467688 50.91
592 600839.79204818 50.92
593 605212.7478449272 50.93
594 607247.5742272917 50.94
595 611785.2694248247 50.95
596 618345.5457602377 50.96
597 626864.6528379458 50.97
598 629337.4483338984 50.98
599 633172.3770362401 50.99
600 635676.5675590798 51
601 642375.9348224474 51.01
602 648074.4741368823 51.02
603 654408.3995347992 51.03
604 661272.0394016569 51.04
605 660445.1585167476 51.05
606 665397.5931405957 51.06
607 670939.7620739037 51.07
608 683722.571974381 51.08
609 685190.7026585275 51.09
610 688240.6347978474 51.1
611 693340.6876383821 51.11
612 693875.7349889212 51.12
613 695676.348607295 51.13
614 699832.9812920425 51.14
615 705140.5169601112 51.15
616 709523.4594082091 51.16
617 717310.8460051855 51.17
618 725396.8975610925 51.18
619 730716.0587539792 51.19
620 735167.0366458928 51.2
621 738981.860864986 51.21
622 738681.6152171377 51.22
623 748066.1267213791 51.23
624 751873.8782944841 51.24
625 760037.2691234167 51.25
626 762300.2909006106 51.26
627 764959.5660528254 51.27
628 766839.5024545109 51.28
629 777218.5020495557 51.29
630 774418.8973949268 51.3
631 784423.3672245692 51.31
632 787020.9896818873 51.32
633 788747.33341606 51.33
634 802305.1060033556 51.34
635 805054.6921536842 51.35
636 809210.2440520985 51.36
637 814430.5140895735 51.37
638 818893.3151890489 51.38
639 823196.4488285958 51.39
640 828310.3313343878 51.4
641 832831.7657342724 51.41
642 837071.8242759041 51.42
643 842884.4645986764 51.43
644 841724.4791641523 51.44
645 846463.8740835666 51.45
646 851231.5633199733 51.46
647 855524.3565637968 51.47
648 870293.9760396689 51.48
649 872726.1813436005 51.49
650 883212.4683576316 51.5
651 883241.9124811665 51.51
652 883681.7802718346 51.52
653 883938.4190480036 51.53
654 896329.2484427812 51.54
655 900738.0741835848 51.55
656 898547.0417879764 51.56
657 911897.0575449086 51.57
658 913350.9100190126 51.58
659 919191.1939338652 51.59
660 923543.6685197559 51.6
661 922491.6070851085 51.61
662 925966.8283898405 51.62
663 937849.4041908409 51.63
664 943913.7653782172 51.64
665 950266.8976773053 51.65
666 951148.8935302009 51.66
667 956569.1182225002 51.67
668 957060.9717868038 51.68
669 956706.9887707859 51.69
670 968834.7733988489 51.7
671 967043.8107733126 51.71
672 976701.3043833169 51.72
673 991610.6067584753 51.73
674 989749.5367726994 51.74
675 987147.2646824406 51.75
676 1001574.691482904 51.76
677 1009156.94987779 51.77
678 1012478.091557783 51.78
679 1022312.070578934 51.79
680 1021653.108318231 51.8
681 1022730.246739869 51.81
682 1026166.961679881 51.82
683 1041401.601320169 51.83
684 1046751.21869086 51.84
685 1039763.334984444 51.85
686 1045879.152928629 51.86
687 1052013.606505731 51.87
688 1052714.192026332 51.88
689 1059950.000430493 51.89
690 1075756.782845688 51.9
691 1069459.766935515 51.91
692 1070519.053234493 51.92
693 1081037.913298536 51.93
694 1091138.036328141 51.94
695 1100672.926158132 51.95
696 1100776.1508285 51.96
697 1115123.615692386 51.97
698 1109911.94401208 51.98
699 1120234.898564087 51.99
700 1122093.2217862 52
701 1127005.04179352 52.01
702 1131831.214433801 52.02
703 1135267.855988042 52.03
704 1134534.045275026 52.04
705 1142675.144221249 52.05
706 1160686.5912982 52.06
707 1149644.371018131 52.07
708 1160766.387219512 52.08
709 1171684.554612124 52.09
710 1169985.337575862 52.1
711 1168447.777621895 52.11
712 1187046.212245543 52.12
713 1185163.951333233 52.13
714 1192331.05889121 52.14
715 1191596.602771227 52.15
716 1197268.474565439 52.16
717 1206120.585376291 52.17
718 1226140.031580039 52.18
719 1217384.620386946 52.19
720 1228505.556813952 52.2
721 1227903.68940875 52.21
722 1239388.45574257 52.22
723 1235786.657990061 52.23
724 1237417.560116448 52.24
725 1243519.434571517 52.25
726 1253244.476661207 52.26
727 1258579.809735367 52.27
728 1264388.425337665 52.28
729 1269442.216022156 52.29
730 1266762.280403814 52.3
731 1276879.090928691 52.31
732 1285275.241613566 52.32
733 1291876.717751944 52.33
734 1304609.579017326 52.34
735 1310525.091308885 52.35
736 1319597.336831105 52.36
737 1306373.438932267 52.37
738 1317306.920491943 52.38
739 1325483.036290821 52.39
740 1328430.6796694 52.4
741 1327282.479523584 52.41
742 1344023.098354131 52.42
743 1343011.481617263 52.43
744 1357262.067682202 52.44
745 1355428.082225914 52.45
746 1363457.354223813 52.46
747 1362626.305989204 52.47
748 1369145.176526724 52.48
749 1378306.663950813 52.49
750 1377451.724312961 52.5
751 1385791.994508921 52.51
752 1394201.04733182 52.52
753 1396890.849934801 52.53
754 1405221.252106928 52.54
755 1405517.469675827 52.55
756 1413395.230710979 52.56
757 1426588.865850599 52.57
758 1433822.132363585 52.58
759 1428282.87370928 52.59
760 1425264.099205346 52.6
761 1436909.770957391 52.61
762 1445029.515358316 52.62
763 1451104.816310165 52.63
764 1452935.870419218 52.64
765 1462220.650377817 52.65
766 1475474.800867987 52.66
767 1472477.068284824 52.67
768 1473210.886136007 52.68
769 1486875.189678635 52.69
770 1486772.146189114 52.7
771 1496300.568038831 52.71
772 1487431.625938532 52.72
773 1502362.868675286 52.73
774 1521853.362062106 52.74
775 1491357.821881515 52.75
776 1542332.474695063 52.76
777 1557418.507800376 52.77
778 1523628.203828959 52.78
779 1496001.294097248 52.79
780 1546812.827233145 52.8
781 1530384.894152153 52.81
782 1558804.934516747 52.82
783 1567724.520643688 52.83
784 1567227.052315455 52.84
785 1583052.158750871 52.85
786 1590011.495469692 52.86
787 1579783.538459136 52.87
788 1588278.848116439 52.88
789 1594916.672705143 52.89
790 1608848.441319558 52.9
791 1622659.75280639 52.91
792 1633828.652131644 52.92
793 1628631.124110488 52.93
794 1627189.140645864 52.94
795 1626512.989389989 52.95
796 1628116.473244392 52.96
797 1642833.120786991 52.97
798 1658030.100002942 52.98
799 1658711.312124548 52.99
800 1669611.855683372 53
801 1667209.691083025 53.01
802 1675212.565874723 53.02
803 1683003.457915785 53.03
804 1677788.376733829 53.04
805 1685181.666662705 53.05
806 1699209.775331578 53.06
807 1701021.265107488 53.07
808 1708311.383596389 53.08
809 1716998.03267249 53.09
810 1725097.662678638 53.1
811 1734073.675188111 53.11
812 1734506.756514622 53.12
813 1739243.017077513 53.13
814 1749812.142901493 53.14
815 1751328.37344234 53.15
816 1748620.61332212 53.16
817 1756193.573014351 53.17
818 1765882.060703305 53.18
819 1781073.322917016 53.19
820 1779822.766324598 53.2
821 1783987.726327403 53.21
822 1796612.774982692 53.22
823 1796616.027296839 53.23
824 1818981.115920903 53.24
825 1840370.789217743 53.25
826 1828363.665293101 53.26
827 1837668.84295144 53.27
828 1869205.391456951 53.28
829 1861694.653871345 53.29
830 1848361.9511927 53.3
831 1846098.736886105 53.31
832 1846722.803452294 53.32
833 1868895.322973135 53.33
834 1858555.335562742 53.34
835 1888856.805256354 53.35
836 1895455.420064588 53.36
837 1921895.353714668 53.37
838 1962097.108528634 53.38
839 2034849.228530195 53.39
840 2168352.975836907 53.4
841 2100507.306065821 53.41
842 2065486.818527792 53.42
843 1987964.832044163 53.43
844 1945812.097424347 53.44
845 1943445.615688651 53.45
846 1936000.302035299 53.46
847 1919850.625565387 53.47
848 1882321.16475067 53.48
849 1969031.9477818 53.49
850 1985246.327902098 53.5
851 2013171.084295335 53.51
852 2021025.949144552 53.52
853 2011001.935357852 53.53
854 2016787.257999257 53.54
855 2035192.826797559 53.55
856 2043292.849364238 53.56
857 2020127.757111875 53.57
858 2041549.376073207 53.58
859 2085326.144209957 53.59
860 2105981.857262311 53.6
861 2120581.996579435 53.61
862 2130950.332388855 53.62
863 2103641.897705265 53.63
864 2120389.868224335 53.64
865 2278017.019391076 53.65
866 2320088.899698911 53.66
867 2392590.360344427 53.67
868 2390506.388061463 53.68
869 2360268.396962398 53.69
870 2303216.655518022 53.7
871 2194405.611072964 53.71
872 2261859.287561847 53.72
873 2351208.93670737 53.73
874 2396335.23481302 53.74
875 2490303.78299164 53.75
876 2524263.555522508 53.76
877 2622439.745682503 53.77
878 2645701.903471971 53.78
879 2728112.410348694 53.79
880 2703640.203292292 53.8
881 2794605.504955467 53.81
882 2788556.209476282 53.82
883 3170639.964136078 53.83
884 3024934.167506384 53.84
885 2891024.868415986 53.85
886 2824518.001366002 53.86
887 3220779.713427411 53.87
888 2977533.108041726 53.88
889 2787010.341172636 53.89
890 2682505.344642477 53.9
891 2660357.366257739 53.91
892 2592564.770972134 53.92
893 2741676.42846515 53.93
894 2722965.348580255 53.94
895 2858450.317933306 53.95
896 2947801.913178332 53.96
897 3113214.709704308 53.97
898 3214857.293298328 53.98
899 3435336.005215297 53.99
900 3494883.539725361 54
901 3741022.780098964 54.01
902 3819248.303413033 54.02
903 4160818.109434491 54.03
904 4330550.429139596 54.04
905 4556969.086639715 54.05
906 4634959.643709956 54.06
907 4721077.036544287 54.07
908 4641918.828833124 54.08
909 4675508.167382507 54.09
910 4569234.730236882 54.1
911 4724113.946088604 54.11
912 4774164.286867808 54.12
913 4880615.353680968 54.13
914 4760265.14592458 54.14
915 4538397.101370923 54.15
916 4404907.049186531 54.16
917 4361834.785943492 54.17
918 4363398.616435574 54.18
919 4259224.820506811 54.19
920 3731923.791436767 54.2
921 3683315.782590281 54.21
922 4087794.7816099 54.22
923 4097679.600557966 54.23
924 4440314.587432789 54.24
925 5016162.070688769 54.25
926 6647200.118464939 54.26
927 7312106.70389939 54.27
928 7290094.604486269 54.28
929 7362317.013561524 54.29
930 7526305.834398186 54.3
931 7513080.658769581 54.31
932 7014544.257989596 54.32
933 6972877.431456619 54.33
934 7002447.118019783 54.34
935 6436978.762845076 54.35
936 5636268.515517597 54.36
937 4843198.192508458 54.37
938 4154185.785873604 54.38
939 3671242.103748663 54.39
940 3281966.669646313 54.4
941 3047064.19511211 54.41
942 2946929.636606166 54.42
943 2982537.810052361 54.43
944 3056054.325365949 54.44
945 3238337.979960047 54.45
946 3425763.966772094 54.46
947 3750781.338990775 54.47
948 4233410.283057446 54.48
949 4190810.631540088 54.49
950 4803799.816022697 54.5
951 5194749.937848398 54.51
952 5259963.47107014 54.52
953 5303358.675098125 54.53
954 4819361.759144423 54.54
955 5133853.254393851 54.55
956 5398912.51618105 54.56
957 5704614.200087724 54.57
958 5828688.891919235 54.58
959 5808274.809712862 54.59
960 5938329.988412696 54.6
961 6163808.472343277 54.61
962 6456447.245721834 54.62
963 6887737.269547404 54.63
964 7027533.549890024 54.64
965 7051099.259241437 54.65
966 7082210.918665602 54.66
967 7934945.41876186 54.67
968 8469593.125327444 54.68
969 9153687.647158014 54.69
970 9890490.537724517 54.7
971 9513348.422547851 54.71
972 9461603.187469877 54.72
973 9197285.82352512 54.73
974 9208150.776859967 54.74
975 8830426.423501913 54.75
976 9272918.318696974 54.76
977 9225165.860144433 54.77
978 9235595.954251351 54.78
979 9579329.611167174 54.79
980 9244456.36604468 54.8
981 8773328.199288486 54.81
982 8295206.874772067 54.82
983 7221853.265231433 54.83
984 8182182.18815252 54.84
985 8381725.848268568 54.85
986 9214295.989626933 54.86
987 10758831.21272819 54.87
988 10721667.30537173 54.88
989 10352661.3900854 54.89
990 9286565.921870058 54.9
991 9841869.36765117 54.91
992 10086231.01968745 54.92
993 10063168.61004872 54.93
994 9470002.738827724 54.94
995 9808585.193517251 54.95
996 9519728.003654072 54.96
997 9028854.730261922 54.97
998 8526027.285716707 54.98
999 8450508.790347654 54.99
1000 9828824.250633324 55
1001 -180.6527285662853 55.01
1002 -56.68061257763755 55.02
1003 -5.433465728311336 55.03
1004 -4.850323024616271 55.04
1005 0 55.05
1006 0 55.06
1007 0 55.07
1008 0 55.08
1009 0 55.09
1010 0 55.1
1011 0 55.11
1012 0 55.12
1013 0 55.13
1014 0 55.14
1015 0 55.15
1016 0 55.16
1017 178780.8614611303 55.17
1018 511207.2844342585 55.18
1019 2074165.024739118 55.19
1020 4484994.042519154 55.2
1021 4251253.702025826 55.21
1022 3152629.455880706 55.22
1023 951357.0265855039 55.23
1024 5813865.541618149 55.24
1025 3567655.119206471 55.25
1026 118869.8370192942 55.26
1027 0 55.27
1028 0 55.28
1029 0 55.29
1030 0 55.3
1031 0 55.31
1032 0 55.32
1033 0 55.33
1034 0 55.34
1035 68995.24002814545 55.35
1036 62181.20009135306 55.36
1037 45634.99076147196 55.37
1038 51110.79680922371 55.38
1039 68174.6879431566 55.39
1040 81813.98338135828 55.4
1041 124098.1529228622 55.41
1042 210794.4197127629 55.42
1043 243234.0214846358 55.43
1044 17509.75518920666 55.44
1045 19330.33281355954 55.45
1046 22959.60376758688 55.46
1047 25993.1764125509 55.47
1048 26974.79263258616 55.48
1049 26505.47444515473 55.49
1050 12482.44642727535 55.5
1051 12762.74786796278 55.51
1052 27300.55974521152 55.52
1053 38123.86694609141 55.53
1054 219283.6003633138 55.54
1055 554853.3469768516 55.55
1056 672343.3003022524 55.56
1057 351971.2435795607 55.57
1058 979555.0673054507 55.58
1059 1376192.268361687 55.59
1060 2117131.121404879 55.6
1061 2241169.586670408 55.61
1062 2275858.81093498 55.62
1063 2356661.150634132 55.63
1064 2347677.678126629 55.64
1065 2328575.058895055 55.65
1066 2331397.864690425 55.66
1067 2332135.933466051 55.67
1068 2340227.748006255 55.68
1069 2303413.261832833 55.69
1070 2198667.25784174 55.7
1071 2153187.117908861 55.71
1072 1998457.224285247 55.72
1073 1803989.41167897 55.73
1074 1658530.752289478 55.74
1075 1456578.482192877 55.75
1076 1300852.892787034 55.76
1077 1171704.429828741 55.77
1078 1049493.924146986 55.78
1079 936465.6361586405 55.79
1080 838226.6915140429 55.8
1081 749612.3475558776 55.81
1082 664035.8185358969 55.82
1083 588538.7047944485 55.83
1084 518482.1824819535 55.84
1085 474127.8745823221 55.85
1086 415629.7296525043 55.86
1087 366869.2849456242 55.87
1088 321891.1378270316 55.88
1089 288995.9771478931 55.89
1090 243606.8012629115 55.9
1091 212915.3765867479 55.91
1092 188771.016472467 55.92
1093 157846.8388211081 55.93
1094 131477.742545531 55.94
1095 107252.0766906752 55.95
1096 85481.62645876087 55.96
1097 67988.12447296672 55.97
1098 49097.74623074438 55.98
1099 33937.16468165057 55.99
1100 20669.05319509113 56
1101 7765.392419916142 56.01
1102 -4111.890197111915 56.02
1103 -14707.47759319518 56.03
1104 -24315.53489404294 56.04
1105 -32644.25492404155 56.05
1106 -40162.60320005731 56.06
1107 -46553.15422023369 56.07
1108 -52375.30363177219 56.08
1109 -57589.49725082737 56.09
1110 -62253.52025408192 56.1
1111 -66443.32439204704 56.11
1112 -70218.87549018249 56.12
1113 -73600.40318592233 56.13
1114 -76609.93719014902 56.14
1115 -79300.47185667513 56.15
1116 -81716.64860829021 56.16
1117 -83870.36933150465 56.17
1118 -85795.10524325451 56.18
1119 -87519.85182552889 56.19
1120 -89063.41507073707 56.2
1121 -90441.63743367893 56.21
1122 -91669.3914121101 56.22
1123 -92762.93535072591 56.23
1124 -93740.22082478928 56.24
1125 -94615.31710252205 56.25
1126 -95395.24088266952 56.26
1127 -96089.01606976583 56.27
1128 -96707.78164101408 56.28
1129 -97256.38927427999 56.29
1130 -97743.47941329968 56.3
1131 -98177.4894064445 56.31
1132 -98563.55485620626 56.32
1133 -98905.38917513317 56.33
1134 -99208.22129601332 56.34
1135 -99474.24026482717 56.35
1136 -99709.416692457 56.36
1137 -99918.76150369244 56.37
1138 -100103.4368614757 56.38
1139 -100267.6450250264 56.39
1140 -100414.0604127839 56.4
1141 -100539.8382807599 56.41
1142 -100649.1581312213 56.42
1143 -100746.2132929577 56.43
1144 -100831.2105361652 56.44
1145 -100905.8927498641 56.45
1146 -100969.6397106721 56.46
1147 -101023.8905461464 56.47
1148 -101070.0588722845 56.48
1149 -101109.0309234355 56.49
1150 -101146.7453891153 56.5
1151 -101186.8803495598 56.51
1152 -101223.300021601 56.52
1153 -101254.1698559938 56.53
1154 -101280.4282832225 56.54
1155 -101297.9907355865 56.55
1156 -101308.5176339032 56.56
1157 -101313.1507548475 56.57
1158 -101315.3520363175 56.58
1159 -101316.9100449403 56.59
1160 -101317.9111527812 56.6
1161 -101318.8457712027 56.61
1162 -101319.253508877 56.62
1163 -101319.5322939698 56.63
1164 -101319.9101026117 56.64
1165 -101320.1805332581 56.65
1166 -101320.3754708606 56.66
1167 -101320.4595977727 56.67
1168 -101320.5784956934 56.68
1169 -101320.7129254747 56.69
1170 -101320.8178397202 56.7
1171 -101320.9817444664 56.71
1172 -101321.1313623261 56.72
1173 -101321.2718622665 56.73
1174 -101321.3994166801 56.74
1175 -101321.4880610027 56.75
1176 -101321.6013941901 56.76
1177 -101321.7136888683 56.77
1178 -101321.8521949178 56.78
1179 -101322.0018259728 56.79
1180 -101322.1496157905 56.8
1181 -101322.3283075707 56.81
1182 -101322.2740494688 56.82
1183 -100920.7945540686 56.83
1184 -94685.66302983812 56.84
1185 -86975.0435353247 56.85
1186 -59612.49736487475 56.86
1187 -34302.42025432075 56.87
1188 -54507.25719386097 56.88
1189 -60736.68814288291 56.89
1190 8675.944474464057 56.9
1191 182490.6708381238 56.91
1192 561309.8410169411 56.92
1193 1061902.014597145 56.93
1194 125215.4140066951 56.94
1195 50957.65331043837 56.95
1196 2475.604781615544 56.96
1197 -18842.96624015297 56.97
1198 -8246.521041564889 56.98
1199 215.8942264610955 56.99
1200 -1109.458742317645 57
1201 511.4331895381982 57.01
1202 -8038.416401644851 57.02
1203 -13077.85425395684 57.03
1204 -14014.73863313865 57.04
1205 -13141.27186314809 57.05
1206 -11634.73776728442 57.06
1207 -10903.03995013166 57.07
1208 -10547.93004381648 57.08
1209 -10001.7188043784 57.09
1210 128587.3010002112 57.1
1211 135277.8408758239 57.11
1212 117691.9115460902 57.12
1213 60100.8856208002 57.13
1214 119871.9090342755 57.14
1215 121870.000387783 57.15
1216 1690753.623294581 57.16
1217 1717751.531138181 57.17
1218 1826107.772689905 57.18
1219 1552358.405611422 57.19
1220 1214198.110400513 57.2
1221 958950.9454549402 57.21
1222 1026090.476767848 57.22
1223 1167992.886004639 57.23
1224 1186385.419550176 57.24
1225 1131816.352279066 57.25
1226 2122358.735854547 57.26
1227 2812517.742389307 57.27
1228 6784677.676570467 57.28
1229 8886828.804779345 57.29
1230 15572570.11184523 57.3
1231 22102186.60977507 57.31
1232 15516722.89224967 57.32
1233 12072688.92403051 57.33
1234 9790678.049545117 57.34
1235 9641094.270920675 57.35
1236 9100765.944915127 57.36
1237 9034372.814705122 57.37
1238 8516540.302255196 57.38
1239 12517456.86287693 57.39
1240 34534990.19043562 57.4
1241 26219991.49750188 57.41
1242 43821037.20671328 57.42
1243 34009113.27345853 57.43
1244 24516713.91251302 57.44
1245 20340195.40552281 57.45
1246 19079447.67327607 57.46
1247 19814451.48191105 57.47
1248 22781897.74565982 57.48
1249 27143184.01202862 57.49
1250 25789952.46979189 57.5
1251 29545966.13944893 57.51
1252 51402360.74897511 57.52
1253 46078656.68569917 57.53
1254 60562844.82096849 57.54
1255 82664784.42388916 57.55
1256 92720495.82211292 57.56
1257 112989704.5431723 57.57
1258 120274683.6159005 57.58
1259 108121142.2678845 57.59
1260 81082688.99466789 57.6
1261 77148573.03119226 57.61
1262 82912209.79800163 57.62
1263 109166825.6232228 57.63
1264 142891679.1240351 57.64
1265 259087845.3597605 57.65
1266 473066431.0678596 57.66
1267 474057628.048888 57.67
1268 345284815.6671636 57.68
1269 405202606.5620231 57.69
1270 445288315.2672035 57.7
1271 412124552.2220023 57.71
1272 447901088.5642201 57.72
1273 698903140.5423634 57.73
1274 977145941.0807029 57.74
1275 1113723953.161782 57.75
1276 934201082.9526244 57.76
1277 750634900.0005809 57.77
1278 708291842.9773129 57.78
1279 685739733.1126752 57.79
1280 875549771.4080807 57.8
1281 1349153517.015516 57.81
1282 1147965734.165693 57.82
1283 1005292981.641624 57.83
1284 1044189153.969323 57.84
1285 1209611930.35367 57.85
1286 1566358399.507588 57.86
1287 1788921405.330365 57.87
1288 1678161396.229383 57.88
1289 2120785474.885812 57.89
1290 2203006477.395998 57.9
1291 2132096507.710069 57.91
1292 2712796579.459776 57.92
1293 2641085712.473536 57.93
1294 2641435306.231834 57.94
1295 2987842113.279387 57.95
1296 3569189516.30307 57.96
1297 3599641680.657803 57.97
1298 3587155334.05939 57.98
1299 2882716603.941686 57.99
1300 2651141252.283251 58
1301 2544793145.429781 58.01
1302 2775809899.41328 58.02
1303 2958650908.672027 58.03
1304 3301437193.502188 58.04
1305 3285676507.52889 58.05
1306 3568481779.937778 58.06
1307 4093422911.511953 58.07
1308 4713503052.449234 58.08
1309 4142710605.76668 58.09
1310 4152008397.887618 58.1
1311 4349292710.256422 58.11
1312 4592451915.298223 58.12
1313 4183196758.285512 58.13
1314 3778429192.49761 58.14
1315 4039895745.814596 58.15
1316 4061406958.750536 58.16
1317 4401843580.677101 58.17
1318 4562973850.193457 58.18
1319 5521685302.933635 58.19
1320 5957531553.87801 58.2
1321 5234225573.704437 58.21
1322 4832199080.3251 58.22
1323 4724185942.121108 58.23
1324 4801195684.104132 58.24
1325 4786093312.795075 58.25
1326 4922371345.680434 58.26
1327 5037549474.178333 58.27
1328 5570492148.391847 58.28
1329 5862864409.441321 58.29
1330 6058851477.280026 58.3
1331 6133468007.3607 58.31
1332 6570133061.802477 58.32
1333 8022866338.045734 58.33
1334 8721153262.091583 58.34
1335 8726012162.342005 58.35
1336 8129608496.148722 58.36
1337 7389213342.461736 58.37
1338 7689383059.022417 58.38
1339 7017980896.971811 58.39
1340 7806539565.787244 58.4
1341 9130671553.593674 58.41
1342 9694470319.984335 58.42
1343 9538238202.493057 58.43
1344 8926536117.965298 58.44
1345 8640175672.000782 58.45
1346 8620008912.980995 58.46
1347 10930948340.63522 58.47
1348 13489608411.37893 58.48
1349 11888133032.425 58.49
1350 11138164247.20181 58.5
1351 10538287144.60183 58.51
1352 10505789141.84527 58.52
1353 10657396141.11867 58.53
1354 10592356737.91808 58.54
1355 10234183417.32412 58.55
1356 9909860898.386549 58.56
1357 10306785260.65388 58.57
1358 11608350191.07146 58.58
1359 12891550959.70245 58.59
1360 13024162762.27821 58.6
1361 12481443109.74285 58.61
1362 11936523375.7316 58.62
1363 12280932607.43386 58.63
1364 13641074433.87806 58.64
1365 15237279311.76409 58.65
1366 14428973725.91183 58.66
1367 14416971914.98053 58.67
1368 15205906980.86305 58.68
1369 15055851143.59269 58.69
1370 16472214856.51523 58.7
1371 17549370773.82265 58.71
1372 20366788873.25166 58.72
1373 21368977033.10477 58.73
1374 21150021505.25196 58.74
1375 19290056038.04094 58.75
1376 17880474150.45604 58.76
1377 18655344392.14041 58.77
1378 18295812372.02835 58.78
1379 18042814511.38634 58.79
1380 17416856057.8255 58.8
1381 16555783782.86964 58.81
1382 15818725292.67038 58.82
1383 16049984444.41541 58.83
1384 16355110515.83694 58.84
1385 15952431739.85424 58.85
1386 15548896045.15684 58.86
1387 15014026575.06941 58.87
1388 14844420387.86156 58.88
1389 15385807298.62825 58.89
1390 14763842578.34445 58.9
1391 14926085296.66856 58.91
1392 14699842694.69 58.92
1393 14490029690.00969 58.93
1394 14728534707.49039 58.94
1395 14467077091.93887 58.95
1396 14222103497.58214 58.96
1397 13905060831.24855 58.97
1398 13461085561.37955 58.98
1399 13031482337.58238 58.99
1400 12752412112.29874 59
1401 12505579313.78092 59.01
1402 12245154150.66153 59.02
1403 11993130992.34965 59.03
1404 12030998326.66275 59.04
1405 12096269673.02231 59.05
1406 12861715139.51046 59.06
1407 14017908386.29684 59.07
1408 13727129876.30784 59.08
1409 12818387580.78269 59.09
1410 12679709745.53547 59.1
1411 13223857828.61752 59.11
1412 13275725118.79047 59.12
1413 13889054416.84657 59.13
1414 14372022428.72845 59.14
1415 14769371633.64906 59.15
1416 16345446666.87368 59.16
1417 14879576533.03826 59.17
1418 14557183592.35497 59.18
1419 14960000615.29763 59.19
1420 13863750789.96303 59.2
1421 13262554049.31088 59.21
1422 14301058693.64265 59.22
1423 14514347701.53532 59.23
1424 14821855563.93318 59.24
1425 16074036140.52361 59.25
1426 17367033586.64856 59.26
1427 17785960530.18574 59.27
1428 17740620924.72065 59.28
1429 17771474338.24673 59.29
1430 17770931050.0856 59.3
1431 19104283303.81255 59.31
1432 20341880992.5215 59.32
1433 21476049531.96712 59.33
1434 20117478281.87405 59.34
1435 18206643082.20509 59.35
1436 18412546284.19194 59.36
1437 20713718737.86029 59.37
1438 22145999867.32628 59.38
1439 21705529280.61753 59.39
1440 18308358842.63879 59.4
1441 17657340940.61463 59.41
1442 17349689665.80734 59.42
1443 16721909329.04964 59.43
1444 17660165329.69387 59.44
1445 18073540959.00563 59.45
1446 18468250393.34793 59.46
1447 17205105295.27076 59.47
1448 16464150431.33937 59.48
1449 18164763697.97793 59.49
1450 20793682468.92878 59.5
1451 20074381201.46479 59.51
1452 20630228022.68159 59.52
1453 19247113092.11688 59.53
1454 18089027823.57837 59.54
1455 17429361302.79185 59.55
1456 16793322630.47766 59.56
1457 16114848361.56386 59.57
1458 15584282220.12748 59.58
1459 15421551572.32543 59.59
1460 15558184818.49293 59.6
1461 14657354503.29247 59.61
1462 15042406165.09893 59.62
1463 15654993477.19471 59.63
1464 15694555027.54825 59.64
1465 16440076979.50151 59.65
1466 16203975465.28222 59.66
1467 16525834794.84332 59.67
1468 16382663769.74695 59.68
1469 15404778841.75162 59.69
1470 14575125862.19927 59.7
1471 14097956579.995 59.71
1472 14189177048.94863 59.72
1473 15280500973.17164 59.73
1474 15429971939.40088 59.74
1475 15910834463.57166 59.75
1476 15252611185.92293 59.76
1477 14978088424.13616 59.77
1478 14843232486.11429 59.78
1479 14877158336.14833 59.79
1480 16830397297.49359 59.8
1481 17791261748.48517 59.81
1482 18165981894.61322 59.82
1483 17518787807.01616 59.83
1484 17104873546.43233 59.84
1485 17879284646.83319 59.85
1486 17142740864.05213 59.86
1487 16996937268.98172 59.87
1488 16672419296.88073 59.88
1489 16289997126.78857 59.89
1490 16623253931.83673 59.9
1491 15593882022.34787 59.91
1492 14972101732.40139 59.92
1493 13939931418.27693 59.93
1494 13704291760.46847 59.94
1495 13636032176.62754 59.95
1496 14473195135.26523 59.96
1497 15045068778.02665 59.97
1498 14362754242.29651 59.98
1499 14530304759.05721 59.99
1500 14041013643.00441 60
1501 14822773660.95963 60.01
1502 16166489418.25541 60.02
1503 15810901355.52235 60.03
1504 16547855310.85204 60.04
1505 16553007002.42369 60.05
1506 16270095495.65366 60.06
1507 15296159884.18734 60.07
1508 17880113775.223 60.08
1509 20794023374.69357 60.09
1510 22631508668.05825 60.1
1511 21548897687.74615 60.11
1512 20800213650.6214 60.12
1513 20455135718.23282 60.13
1514 20982319075.93509 60.14
1515 18017478810.24867 60.15
1516 16640591619.67164 60.16
1517 18238012308.76922 60.17
1518 19433368769.77782 60.18
1519 18858974873.24644 60.19
1520 17783477613.62506 60.2
1521 18577468325.43558 60.21
1522 20111371341.95112 60.22
1523 19824817744.8773 60.23
1524 19102571197.92049 60.24
1525 20770971430.49342 60.25
1526 19695814635.09123 60.26
1527 20673518510.28801 60.27
1528 20579524060.73081 60.28
1529 19852677967.8903 60.29
1530 19957863744.83534 60.3
1531 21005983754.16814 60.31
1532 24924691704.42435 60.32
1533 24028769290.88393 60.33
1534 26770089695.11193 60.34
1535 24862007014.99645 60.35
1536 25344390111.34354 60.36
1537 29901083072.52474 60.37
1538 26810831414.96814 60.38
1539 23741569327.53959 60.39
1540 24424106533.79243 60.4
1541 24813538310.84005 60.41
1542 26471101646.40663 60.42
1543 28817708900.63263 60.43
1544 32055169576.34222 60.44
1545 30910517678.91756 60.45
1546 32608970854.23859 60.46
1547 37524551679.61365 60.47
1548 38886982777.68023 60.48
1549 37557100139.80346 60.49
1550 34050641669.84545 60.5
1551 36195727800.55767 60.51
1552 38160145313.30544 60.52
1553 39453838270.07751 60.53
1554 38943891398.2113 60.54
1555 39991542965.91475 60.55
1556 38141143793.27355 60.56
1557 38264997261.53057 60.57
1558 32840330639.52398 60.58
1559 32535612938.75607 60.59
1560 32253643332.92465 60.6
1561 32354001327.76401 60.61
1562 32042433605.57503 60.62
1563 30529963643.77113 60.63
1564 29317293038.66869 60.64
1565 27852896770.54774 60.65
1566 26654866586.48013 60.66
1567 26762605691.51036 60.67
1568 25735134640.37016 60.68
1569 26068886113.05667 60.69
1570 25402964472.50518 60.7
1571 25326032500.91209 60.71
1572 25689985675.02724 60.72
1573 24342275310.9063 60.73
1574 25234864937.7438 60.74
1575 24548877941.21602 60.75
1576 23772279819.63749 60.76
1577 24335709185.83252 60.77
1578 22030219733.13589 60.78
1579 22812167528.7816 60.79
1580 22090398035.64693 60.8
1581 23404919190.94016 60.81
1582 23325346702.85813 60.82
1583 23617931323.50875 60.83
1584 23834910368.68204 60.84
1585 25116854553.16161 60.85
1586 23804321990.47081 60.86
1587 23883615362.70598 60.87
1588 22273948811.12904 60.88
1589 24024569896.43814 60.89
1590 23575512487.19517 60.9
1591 23194845536.65406 60.91
1592 23012567130.79714 60.92
1593 25298706366.76743 60.93
1594 25252466774.87535 60.94
1595 25051802694.05184 60.95
1596 26215373362.59288 60.96
1597 25475543364.61159 60.97
1598 23919991084.70703 60.98
1599 23998686345.89594 60.99
1600 24492966455.67373 61
1601 25841338927.63913 61.01
1602 22872451448.83418 61.02
1603 25191310407.04947 61.03
1604 24007299813.39345 61.04
1605 23762369525.67785 61.05
1606 24422741836.02106 61.06
1607 25325584320.3189 61.07
1608 27571176692.9692 61.08
1609 26232861218.65977 61.09
1610 27019746954.68847 61.1
1611 27577271425.45247 61.11
1612 25480388103.62588 61.12
1613 24111390710.41595 61.13
1614 30055001087.36476 61.14
1615 28897696586.53289 61.15
1616 27598681272.48596 61.16
1617 25748682790.42778 61.17
1618 23150004191.69775 61.18
1619 25834553344.71465 61.19
1620 26345349092.8731 61.2
1621 23991862619.17323 61.21
1622 22784074752.1305 61.22
1623 23691194004.05433 61.23
1624 22022973898.13602 61.24
1625 22012256560.74508 61.25
1626 22846281390.57249 61.26
1627 23200078621.09872 61.27
1628 23532607693.22376 61.28
1629 23237302719.74331 61.29
1630 22096174590.94584 61.3
1631 21850943135.4573 61.31
1632 21147962636.81545 61.32
1633 20902821551.79858 61.33
1634 20529771146.89017 61.34
1635 21925361344.39444 61.35
1636 21280244175.87551 61.36
1637 20139955417.56608 61.37
1638 19030779422.91176 61.38
1639 20703804262.23833 61.39
1640 21511598265.43885 61.4
1641 20155142030.08262 61.41
1642 19468007800.68695 61.42
1643 19801907774.01337 61.43
1644 19942549058.84637 61.44
1645 20501378182.81269 61.45
1646 19493158904.95294 61.46
1647 19605130860.55694 61.47
1648 20142398725.74159 61.48
1649 20450893795.95278 61.49
1650 20494415752.4763 61.5
1651 19165832795.37304 61.51
1652 18592873255.17671 61.52
1653 20738209500.67606 61.53
1654 20426832202.50238 61.54
1655 19788331718.06818 61.55
1656 20692376768.08116 61.56
1657 21008055665.54471 61.57
1658 20807254643.1906 61.58
1659 22367823102.53512 61.59
1660 21115087837.23642 61.6
1661 22051729322.68441 61.61
1662 22579341186.68861 61.62
1663 20954256479.73309 61.63
1664 19013052816.62817 61.64
1665 17355067089.182 61.65
1666 17931315391.8191 61.66
1667 21674242601.17728 61.67
1668 23840034356.92134 61.68
1669 24269930568.51458 61.69
1670 22438540363.15897 61.7
1671 20557342189.47631 61.71
1672 21590028487.938 61.72
1673 22120629592.20203 61.73
1674 20392410110.59722 61.74
1675 20360234684.03941 61.75
1676 20148050298.49992 61.76
1677 19572348581.37188 61.77
1678 19579024041.22602 61.78
1679 19717792246.57156 61.79
1680 19986656145.09005 61.8
1681 19770470410.33498 61.81
1682 18555337830.69614 61.82
1683 19215201690.48497 61.83
1684 19509929815.45952 61.84
1685 18539626189.0102 61.85
1686 17363294014.48598 61.86
1687 19915728055.86346 61.87
1688 21930154144.66147 61.88
1689 20994303188.96897 61.89
1690 20841064182.36213 61.9
1691 21377644554.77052 61.91
1692 20741737226.79305 61.92
1693 20104756847.28806 61.93
1694 19762455091.38943 61.94
1695 22293769179.25949 61.95
1696 22392541966.00514 61.96
1697 23738659416.34852 61.97
1698 23447697770.75042 61.98
1699 18071828772.48579 61.99
1700 21897252541.84361 62
1701 21928868324.54634 62.01
1702 21926860753.42596 62.02
1703 21942727001.61213 62.03
1704 21620905340.02394 62.04
1705 20183742251.25947 62.05
1706 19914842205.10758 62.06
1707 18904552656.3227 62.07
1708 18213739054.10413 62.08
1709 19829772325.69067 62.09
1710 19430641591.50515 62.1
1711 18369358260.50948 62.11
1712 18419168252.32725 62.12
1713 17799444854.60872 62.13
1714 17309188132.86996 62.14
1715 18447919203.43311 62.15
1716 10987287868.97964 62.16
1717 19360859898.31063 62.17
1718 19777862323.53233 62.18
1719 19366967030.53292 62.19
1720 18267417088.61663 62.2
1721 15690061599.71802 62.21
1722 19551700239.80291 62.22
1723 20687866525.65649 62.23
1724 21097037101.9458 62.24
1725 20218096002.26279 62.25
1726 18316044952.59131 62.26
1727 17644189557.70678 62.27
1728 18746328873.12555 62.28
1729 17850682484.35196 62.29
1730 17250104145.53381 62.3
1731 15773906080.02923 62.31
1732 15758179904.98798 62.32
1733 16335390904.58134 62.33
1734 15706522195.63018 62.34
1735 16084870849.35988 62.35
1736 14839626450.95352 62.36
1737 14887178731.87327 62.37
1738 14759705541.2507 62.38
1739 15963463078.2019 62.39
1740 15564115721.27787 62.4
1741 17082608610.61345 62.41
1742 18332628815.40935 62.42
1743 16541410678.2437 62.43
1744 15292621207.40053 62.44
1745 14630225699.33838 62.45
1746 13573354790.5414 62.46
1747 14736827330.24389 62.47
1748 14902091506.7895 62.48
1749 14566187705.98506 62.49
1750 14430919345.50611 62.5
1751 14900824958.2633 62.51
1752 14611803647.03299 62.52
1753 14699344221.43194 62.53
1754 15099250208.55277 62.54
1755 15539977373.90499 62.55
1756 15688961620.88778 62.56
1757 15491807456.67767 62.57
1758 14339050506.46099 62.58
1759 14867456935.06891 62.59
1760 14393382136.49428 62.6
1761 13313383552.54112 62.61
1762 13220080927.82952 62.62
1763 14280529648.88993 62.63
1764 14073395666.19947 62.64
1765 13098739004.85209 62.65
1766 14537414382.95822 62.66
1767 14694943074.07328 62.67
1768 14551241089.38589 62.68
1769 16416020998.02601 62.69
1770 15234021120.65335 62.7
1771 13518142641.17544 62.71
1772 15056939447.87853 62.72
1773 14188332710.00852 62.73
1774 13533023520.11464 62.74
1775 13581144029.25859 62.75
1776 14088592208.53007 62.76
1777 12483849496.91988 62.77
1778 12203010712.35985 62.78
1779 12025639334.30315 62.79
1780 11313882796.25179 62.8
1781 11988693098.78076 62.81
1782 13352692578.02208 62.82
1783 13585932856.99802 62.83
1784 14263571775.10057 62.84
1785 13459880511.95615 62.85
1786 13386830152.78917 62.86
1787 13179935355.65008 62.87
1788 12852338845.69428 62.88
1789 13760620425.57299 62.89
1790 14698368036.66863 62.9
1791 14132031050.47404 62.91
1792 13455659216.70008 62.92
1793 12114148788.42662 62.93
1794 13103764931.66512 62.94
1795 14606970636.81378 62.95
1796 13842632818.97148 62.96
1797 13271287605.24639 62.97
1798 12681115821.78448 62.98
1799 13255927955.1987 62.99
1800 13493792397.54675 63
1801 13085754947.34906 63.01
1802 12438151365.71317 63.02
1803 12323350765.56615 63.03
1804 12241510121.56526 63.04
1805 13240145881.72143 63.05
1806 12962807159.84082 63.06
1807 12504829397.086 63.07
1808 12057401309.92069 63.08
1809 12700580197.85656 63.09
1810 12641891454.10631 63.1
1811 13800012009.7507 63.11
1812 12992211438.58928 63.12
1813 13833124470.28453 63.13
1814 14088608990.43699 63.14
1815 14399194134.33691 63.15
1816 12949111605.74019 63.16
1817 12151979091.12195 63.17
1818 13084407097.48113 63.18
1819 12366685992.75868 63.19
1820 12089917558.50264 63.2
1821 13031706201.57481 63.21
1822 12485128447.87187 63.22
1823 11976634376.28455 63.23
1824 11933428110.05225 63.24
1825 11944976802.79718 63.25
1826 12025444792.87902 63.26
1827 11754527785.45262 63.27
1828 11218661605.12154 63.28
1829 11379513243.89955 63.29
1830 11455698592.62144 63.3
1831 11120964302.65626 63.31
1832 11778508285.16569 63.32
1833 12248753661.09184 63.33
1834 11857793471.61856 63.34
1835 11763850160.47071 63.35
1836 11737359007.92555 63.36
1837 11220948328.93675 63.37
1838 12200831369.68308 63.38
1839 12700890943.13002 63.39
1840 11411542576.40262 63.4
1841 11084719669.86666 63.41
1842 10982498084.23748 63.42
1843 11540699376.78647 63.43
1844 12298839068.32924 63.44
1845 12104860592.26365 63.45
1846 13637196829.8454 63.46
1847 13498312910.52218 63.47
1848 11829541621.15978 63.48
1849 12828855577.82412 63.49
1850 14025327464.57912 63.5
1851 14950536283.67401 63.51
1852 14720810532.23799 63.52
1853 13663983029.03694 63.53
1854 13307398742.76943 63.54
1855 13063035187.31255 63.55
1856 12723720653.19756 63.56
1857 11725410315.79878 63.57
1858 12317338331.77132 63.58
1859 12354621308.38793 63.59
1860 13779512951.96371 63.6
1861 15853094064.95042 63.61
1862 21312198138.35913 63.62
1863 28265115601.76796 63.63
1864 32076623346.4624 63.64
1865 32561727085.33669 63.65
1866 35009083565.8889 63.66
1867 31588667693.62491 63.67
1868 35498023587.83926 63.68
1869 31881963156.39936 63.69
1870 36537494030.98785 63.7
1871 34146362512.35199 63.71
1872 36589429273.28107 63.72
1873 34878616798.21659 63.73
1874 31682098103.81259 63.74
1875 33871506582.41303 63.75
1876 35404858239.99212 63.76
1877 35649807893.97601 63.77
1878 37857756706.14884 63.78
1879 35536758838.36779 63.79
1880 16878760870.42598 63.8
1881 26631824717.71109 63.81
1882 33775051239.17891 63.82
1883 23610956506.23109 63.83
1884 20460491396.01203 63.84
1885 10275711381.15886 63.85
1886 11216113339.63707 63.86
1887 10988958745.95584 63.87
1888 11769874080.35347 63.88
1889 35164864831.59472 63.89
1890 35927977615.47204 63.9
1891 35864100366.44363 63.91
1892 35865395904.82159 63.92
1893 35431524579.95093 63.93
1894 36483136576.33889 63.94
1895 33496997519.27209 63.95
1896 36104934450.01311 63.96
1897 24459277998.62482 63.97
1898 34764810548.15796 63.98
1899 36145376915.02168 63.99
1900 37182942261.8839 64
1901 39292885180.44094 64.01000000000001
1902 30943368686.79675 64.02
1903 30585508783.16919 64.03
1904 32370290020.36921 64.04000000000001
1905 33301489599.37292 64.05
1906 31547940387.76541 64.06
1907 24326976348.14508 64.06999999999999
1908 19775713411.3724 64.08
1909 16003314810.45617 64.09
1910 13788793621.26842 64.09999999999999
1911 11450498072.80248 64.11
1912 11737640254.75524 64.12
1913 10524288274.71412 64.13
1914 9908345920.908638 64.14
1915 8914120979.55587 64.15000000000001
1916 6757008013.509358 64.16
1917 6179217575.482838 64.17
1918 5670192196.487754 64.18000000000001
1919 9264628951.691807 64.19
1920 15043109536.36005 64.2
1921 12424544307.40971 64.21000000000001
1922 8980328959.12859 64.22
1923 7340935131.848309 64.23
1924 7296536024.264484 64.23999999999999
1925 6205963458.221763 64.25
1926 6654673425.086077 64.26000000000001
1927 8155437094.234307 64.27
1928 8136826733.949559 64.28
1929 6865432660.583214 64.29000000000001
1930 6222601452.489598 64.3
1931 5748583310.909204 64.31
1932 6458431958.101074 64.31999999999999
1933 7027846927.707634 64.33
1934 7839155200.815166 64.34
1935 7007931928.052399 64.34999999999999
1936 6407836253.450966 64.36
1937 5678420830.154853 64.37
1938 6036960414.467687 64.38
1939 6749826840.786169 64.39
1940 8109478423.211926 64.40000000000001
1941 7404014182.514942 64.41
1942 7322202372.43839 64.42
1943 7415839545.95096 64.43000000000001
1944 7222347128.873799 64.44
1945 7972253232.05288 64.45
1946 7694912416.891143 64.46000000000001
1947 7193632926.103269 64.47
1948 7440663427.184432 64.48
1949 8818807880.497295 64.48999999999999
1950 9923568941.725277 64.5
1951 10522793047.44315 64.51000000000001
1952 11998688853.79631 64.52
1953 12154695706.54011 64.53
1954 10627029450.35743 64.54000000000001
1955 9347222199.660183 64.55
1956 8731627624.190535 64.56
1957 8132300919.53104 64.56999999999999
1958 8891673201.970242 64.58
1959 10284198278.92961 64.59
1960 10314486951.41485 64.59999999999999
1961 9867542859.518795 64.61
1962 9601750418.936153 64.62
1963 9999360099.307537 64.63
1964 11070072588.06804 64.64
1965 11508350533.14272 64.65000000000001
1966 11483860741.34033 64.66
1967 12279266910.0101 64.67
1968 14233138741.343 64.68000000000001
1969 15497072711.52713 64.69
1970 14840032245.4129 64.7
1971 13295351390.49318 64.71000000000001
1972 15549130895.38181 64.72
1973 19145088285.0713 64.73
1974 19079149392.95599 64.73999999999999
1975 18832922009.63392 64.75
1976 17312320430.09192 64.76000000000001
1977 17416484105.26767 64.77
1978 17590587835.97323 64.78
1979 19651686985.36045 64.79000000000001
1980 21578883160.29483 64.8
1981 22799746315.90816 64.81
1982 22669470432.26337 64.81999999999999
1983 19911910661.20641 64.83
1984 21691094663.56791 64.84
1985 24128032681.95977 64.84999999999999
1986 25079056865.04414 64.86
1987 24530843320.08427 64.87
1988 26674102669.88253 64.88
1989 26259854662.94535 64.89
1990 26904024043.81727 64.90000000000001
1991 28146251844.95649 64.91
1992 27887365287.5044 64.92
1993 27574374174.48574 64.93000000000001
1994 31133153017.10465 64.94
1995 32224197265.71721 64.95
1996 29546617539.89738 64.96000000000001
1997 31367558390.4257 64.97
1998 33496744053.89944 64.98
1999 33159103737.97247 64.98999999999999
2000 33332941718.39352 65
