"vazao-mass-porta"
"Time Step" "vazao-mass-porta etc.."
("Time Step" "vazao-mass-porta" "flow-time")
0 0.09915139856357549 0
1 0 0.1
2 0 0.2
3 0 0.3
4 0 0.4
5 0 0.5
6 0 0.6000000000000001
7 0 0.7000000000000001
8 0 0.8
9 0 0.9
10 0 1
11 0 1.1
12 0 1.2
13 0 1.3
14 0 1.4
15 0 1.5
16 0 1.6
17 0 1.7
18 0 1.8
19 0 1.9
20 0 2
21 0 2.1
22 0 2.2
23 0 2.3
24 0 2.4
25 0 2.5
26 0 2.6
27 0 2.7
28 0 2.8
29 0 2.9
30 0 3
31 0 3.1
32 0 3.2
33 0 3.3
34 0 3.4
35 0 3.5
36 0 3.6
37 0 3.7
38 0 3.8
39 0 3.9
40 0 4
41 0 4.100000000000001
42 0 4.2
43 0 4.3
44 0 4.4
45 0 4.5
46 0 4.600000000000001
47 0 4.7
48 0 4.800000000000001
49 0 4.9
50 0 5
51 0 5.100000000000001
52 0 5.2
53 0 5.300000000000001
54 0 5.4
55 0 5.5
56 0 5.600000000000001
57 0 5.7
58 0 5.800000000000001
59 0 5.9
60 0 6
61 0 6.100000000000001
62 0 6.2
63 0 6.300000000000001
64 0 6.4
65 0 6.5
66 0 6.600000000000001
67 0 6.7
68 0 6.800000000000001
69 0 6.9
70 0 7
71 0 7.100000000000001
72 0 7.2
73 0 7.300000000000001
74 0 7.4
75 0 7.5
76 0 7.600000000000001
77 0 7.7
78 0 7.800000000000001
79 0 7.9
80 0 8
81 0 8.1
82 0 8.200000000000001
83 0 8.300000000000001
84 0 8.4
85 0 8.5
86 0 8.6
87 0 8.700000000000001
88 0 8.800000000000001
89 0 8.9
90 0 9
91 0 9.1
92 0 9.200000000000001
93 0 9.300000000000001
94 0 9.4
95 0 9.5
96 0 9.600000000000001
97 0 9.700000000000001
98 0 9.800000000000001
99 0 9.9
100 0 10
101 0 10.1
102 0 10.2
103 0 10.3
104 0 10.4
105 0 10.5
106 0 10.6
107 0 10.7
108 0 10.8
109 0 10.9
110 0 11
111 0 11.1
112 0 11.2
113 0 11.3
114 0 11.4
115 0 11.5
116 0 11.6
117 0 11.7
118 0 11.8
119 0 11.9
120 0 12
121 0 12.1
122 0 12.2
123 0 12.3
124 0 12.4
125 0 12.5
126 0 12.6
127 0 12.7
128 0 12.8
129 0 12.9
130 0 13
131 0 13.1
132 0 13.2
133 0 13.3
134 0 13.4
135 0 13.5
136 0 13.6
137 0 13.7
138 0 13.8
139 0 13.9
140 0 14
141 0 14.1
142 0 14.2
143 0 14.3
144 0 14.4
145 0 14.5
146 0 14.6
147 0 14.7
148 0 14.8
149 0 14.9
150 0 15
151 0 15.1
152 0 15.2
153 0 15.3
154 0 15.4
155 0 15.5
156 0 15.6
157 0 15.7
158 0 15.8
159 0 15.9
160 0 16
161 0 16.1
162 0 16.2
163 0 16.3
164 0 16.4
165 0 16.5
166 0 16.6
167 0 16.7
168 0 16.8
169 0 16.9
170 0 17
171 0 17.1
172 0 17.2
173 0 17.3
174 0 17.4
175 0 17.5
176 0 17.6
177 0 17.7
178 0 17.8
179 0 17.9
180 0 18
181 0 18.1
182 0 18.2
183 0 18.3
184 0 18.4
185 0 18.5
186 0 18.6
187 0 18.7
188 0 18.8
189 0 18.9
190 0 19
191 0 19.1
192 0 19.2
193 0 19.3
194 0 19.4
195 0 19.5
196 0 19.6
197 0 19.7
198 0 19.8
199 0 19.9
200 0 20
201 0 20.1
202 0 20.2
203 0 20.3
204 0 20.4
205 0 20.5
206 0 20.6
207 0 20.7
208 0 20.8
209 0 20.9
210 0 21
211 0 21.1
212 0 21.2
213 0 21.3
214 0 21.4
215 0 21.5
216 0 21.6
217 0 21.7
218 0 21.8
219 0 21.9
220 0 22
221 0 22.1
222 0 22.2
223 0 22.3
224 0 22.4
225 0 22.5
226 0 22.6
227 0 22.7
228 0 22.8
229 0 22.9
230 0 23
231 0 23.1
232 0 23.2
233 0 23.3
234 0 23.4
235 0 23.5
236 0 23.6
237 0 23.7
238 0 23.8
239 0 23.9
240 0 24
241 0 24.1
242 0 24.2
243 0 24.3
244 0 24.4
245 0 24.5
246 0 24.6
247 0 24.7
248 0 24.8
249 0 24.9
250 0 25
251 0 25.1
252 0 25.2
253 0 25.3
254 0 25.4
255 0 25.5
256 0 25.6
257 0 25.7
258 0 25.8
259 0 25.9
260 0 26
261 0 26.1
262 0 26.2
263 0 26.3
264 0 26.4
265 0 26.5
266 0 26.6
267 0 26.7
268 0 26.8
269 0 26.9
270 0 27
271 0 27.1
272 0 27.2
273 0 27.3
274 0 27.4
275 0 27.5
276 0 27.6
277 0 27.7
278 0 27.8
279 0 27.9
280 0 28
281 0 28.1
282 0 28.2
283 0 28.3
284 0 28.4
285 0 28.5
286 0 28.6
287 0 28.7
288 0 28.8
289 0 28.9
290 0 29
291 0 29.1
292 0 29.2
293 0 29.3
294 0 29.4
295 0 29.5
296 0 29.6
297 0 29.7
298 0 29.8
299 0 29.9
300 0 30
301 0 30.1
302 0 30.2
303 0 30.3
304 0 30.4
305 0 30.5
306 0 30.6
307 0 30.7
308 0 30.8
309 0 30.9
310 0 31
311 0 31.1
312 0 31.2
313 0 31.3
314 0 31.4
315 0 31.5
316 0 31.6
317 0 31.7
318 0 31.8
319 0 31.9
320 0 32
321 0 32.1
322 0 32.2
323 0 32.3
324 0 32.4
325 0 32.5
326 0 32.6
327 0 32.7
328 0 32.8
329 0 32.9
330 0 33
331 0 33.1
332 0 33.2
333 0 33.3
334 0 33.4
335 0 33.5
336 0 33.6
337 0 33.7
338 0 33.8
339 0 33.9
340 0 34
341 0 34.1
342 0 34.2
343 0 34.3
344 0 34.4
345 0 34.5
346 0 34.6
347 0 34.7
348 0 34.8
349 0 34.9
350 0 35
351 0 35.1
352 0 35.2
353 0 35.3
354 0 35.4
355 0 35.5
356 0 35.6
357 0 35.7
358 0 35.8
359 0 35.9
360 0 36
361 0 36.1
362 0 36.2
363 0 36.3
364 0 36.4
365 0 36.5
366 0 36.6
367 0 36.7
368 0 36.8
369 0 36.9
370 0 37
371 0 37.1
372 0 37.2
373 0 37.3
374 0 37.4
375 0 37.5
376 0 37.6
377 0 37.7
378 0 37.8
379 0 37.9
380 0 38
381 0 38.1
382 0 38.2
383 0 38.3
384 0 38.40000000000001
385 0 38.5
386 0 38.6
387 0 38.7
388 0 38.8
389 0 38.90000000000001
390 0 39
391 0 39.1
392 0 39.2
393 0 39.3
394 0 39.40000000000001
395 0 39.5
396 0 39.6
397 0 39.7
398 0 39.8
399 0 39.90000000000001
400 0 40
401 0 40.1
402 0 40.2
403 0 40.3
404 0 40.40000000000001
405 0 40.5
406 0 40.6
407 0 40.7
408 0 40.8
409 0 40.90000000000001
410 0 41
411 0 41.1
412 0 41.2
413 0 41.3
414 0 41.40000000000001
415 0 41.5
416 0 41.6
417 0 41.7
418 0 41.8
419 0 41.90000000000001
420 0 42
421 0 42.1
422 0 42.2
423 0 42.3
424 0 42.40000000000001
425 0 42.5
426 0 42.6
427 0 42.7
428 0 42.8
429 0 42.90000000000001
430 0 43
431 0 43.1
432 0 43.2
433 0 43.3
434 0 43.40000000000001
435 0 43.5
436 0 43.6
437 0 43.7
438 0 43.8
439 0 43.90000000000001
440 0 44
441 0 44.1
442 0 44.2
443 0 44.3
444 0 44.40000000000001
445 0 44.5
446 0 44.6
447 0 44.7
448 0 44.8
449 0 44.90000000000001
450 0 45
451 0 45.1
452 0 45.2
453 0 45.3
454 0 45.40000000000001
455 0 45.5
456 0 45.6
457 0 45.7
458 0 45.8
459 0 45.90000000000001
460 0 46
461 0 46.1
462 0 46.2
463 0 46.3
464 0 46.40000000000001
465 0 46.5
466 0 46.6
467 0 46.7
468 0 46.8
469 0 46.90000000000001
470 0 47
471 0 47.1
472 0 47.2
473 0 47.3
474 0 47.40000000000001
475 0 47.5
476 0 47.6
477 0 47.7
478 0 47.8
479 0 47.90000000000001
480 0 48
481 0 48.1
482 0 48.2
483 0 48.3
484 0 48.40000000000001
485 0 48.5
486 0 48.6
487 0 48.7
488 0 48.8
489 0 48.90000000000001
490 0 49
491 0 49.1
492 0 49.2
493 0 49.3
494 0 49.40000000000001
495 0 49.5
496 0 49.6
497 0 49.7
498 0 49.8
499 0 49.90000000000001
500 0 50
501 0 50.01
502 0 50.02
503 0 50.03
504 0 50.04
505 0 50.05
506 0 50.06
507 0 50.07
508 0 50.08
509 0 50.09
510 0 50.1
511 0 50.11
512 0 50.12
513 0 50.13
514 0 50.14
515 0 50.15
516 0 50.16
517 0 50.17
518 0 50.18
519 0 50.19
520 0 50.2
521 0 50.21
522 0 50.22
523 0 50.23
524 0 50.24
525 0 50.25
526 0 50.26
527 0 50.27
528 0 50.28
529 0 50.29
530 0 50.3
531 0 50.31
532 0 50.32
533 0 50.33
534 0 50.34
535 0 50.35
536 0 50.36
537 0 50.37
538 0 50.38
539 0 50.39
540 0 50.4
541 0 50.41
542 0 50.42
543 0 50.43
544 0 50.44
545 0 50.45
546 0 50.46
547 0 50.47
548 0 50.48
549 0 50.49
550 0 50.5
551 0 50.51
552 0 50.52
553 0 50.53
554 0 50.54
555 0 50.55
556 0 50.56
557 0 50.57
558 0 50.58
559 0 50.59
560 0 50.6
561 0 50.61
562 0 50.62
563 0 50.63
564 0 50.64
565 0 50.65
566 0 50.66
567 0 50.67
568 0 50.68
569 0 50.69
570 0 50.7
571 0 50.71
572 0 50.72
573 0 50.73
574 0 50.74
575 0 50.75
576 0 50.76
577 0 50.77
578 0 50.78
579 0 50.79
580 0 50.8
581 0 50.81
582 0 50.82
583 0 50.83
584 0 50.84
585 0 50.85
586 0 50.86
587 0 50.87
588 0 50.88
589 0 50.89
590 0 50.9
591 0 50.91
592 0 50.92
593 0 50.93
594 0 50.94
595 0 50.95
596 0 50.96
597 0 50.97
598 0 50.98
599 0 50.99
600 0 51
601 0 51.01
602 0 51.02
603 0 51.03
604 0 51.04
605 0 51.05
606 0 51.06
607 0 51.07
608 0 51.08
609 0 51.09
610 0 51.1
611 0 51.11
612 0 51.12
613 0 51.13
614 0 51.14
615 0 51.15
616 0 51.16
617 0 51.17
618 0 51.18
619 0 51.19
620 0 51.2
621 0 51.21
622 0 51.22
623 0 51.23
624 0 51.24
625 0 51.25
626 0 51.26
627 0 51.27
628 0 51.28
629 0 51.29
630 0 51.3
631 0 51.31
632 0 51.32
633 0 51.33
634 0 51.34
635 0 51.35
636 0 51.36
637 0 51.37
638 0 51.38
639 0 51.39
640 0 51.4
641 0 51.41
642 0 51.42
643 0 51.43
644 0 51.44
645 0 51.45
646 0 51.46
647 0 51.47
648 0 51.48
649 0 51.49
650 0 51.5
651 0 51.51
652 0 51.52
653 0 51.53
654 0 51.54
655 0 51.55
656 0 51.56
657 0 51.57
658 0 51.58
659 0 51.59
660 0 51.6
661 0 51.61
662 0 51.62
663 0 51.63
664 0 51.64
665 0 51.65
666 0 51.66
667 0 51.67
668 0 51.68
669 0 51.69
670 0 51.7
671 0 51.71
672 0 51.72
673 0 51.73
674 0 51.74
675 0 51.75
676 0 51.76
677 0 51.77
678 0 51.78
679 0 51.79
680 0 51.8
681 0 51.81
682 0 51.82
683 0 51.83
684 0 51.84
685 0 51.85
686 0 51.86
687 0 51.87
688 0 51.88
689 0 51.89
690 0 51.9
691 0 51.91
692 0 51.92
693 0 51.93
694 0 51.94
695 0 51.95
696 0 51.96
697 0 51.97
698 0 51.98
699 0 51.99
700 0 52
701 0 52.01
702 0 52.02
703 0 52.03
704 0 52.04
705 0 52.05
706 0 52.06
707 0 52.07
708 0 52.08
709 0 52.09
710 0 52.1
711 0 52.11
712 0 52.12
713 0 52.13
714 0 52.14
715 0 52.15
716 0 52.16
717 0 52.17
718 0 52.18
719 0 52.19
720 0 52.2
721 0 52.21
722 0 52.22
723 0 52.23
724 0 52.24
725 0 52.25
726 0 52.26
727 0 52.27
728 0 52.28
729 0 52.29
730 0 52.3
731 0 52.31
732 0 52.32
733 0 52.33
734 0 52.34
735 0 52.35
736 0 52.36
737 0 52.37
738 0 52.38
739 0 52.39
740 0 52.4
741 0 52.41
742 0 52.42
743 0 52.43
744 0 52.44
745 0 52.45
746 0 52.46
747 0 52.47
748 0 52.48
749 0 52.49
750 0 52.5
751 0 52.51
752 0 52.52
753 0 52.53
754 0 52.54
755 0 52.55
756 0 52.56
757 0 52.57
758 0 52.58
759 0 52.59
760 0 52.6
761 0 52.61
762 0 52.62
763 0 52.63
764 0 52.64
765 0 52.65
766 0 52.66
767 0 52.67
768 0 52.68
769 0 52.69
770 0 52.7
771 0 52.71
772 0 52.72
773 0 52.73
774 0 52.74
775 0 52.75
776 0 52.76
777 0 52.77
778 0 52.78
779 0 52.79
780 0 52.8
781 0 52.81
782 0 52.82
783 0 52.83
784 0 52.84
785 0 52.85
786 0 52.86
787 0 52.87
788 0 52.88
789 0 52.89
790 0 52.9
791 0 52.91
792 0 52.92
793 0 52.93
794 0 52.94
795 0 52.95
796 0 52.96
797 0 52.97
798 0 52.98
799 0 52.99
800 0 53
801 0 53.01
802 0 53.02
803 0 53.03
804 0 53.04
805 0 53.05
806 0 53.06
807 0 53.07
808 0 53.08
809 0 53.09
810 0 53.1
811 0 53.11
812 0 53.12
813 0 53.13
814 0 53.14
815 0 53.15
816 0 53.16
817 0 53.17
818 0 53.18
819 0 53.19
820 0 53.2
821 0 53.21
822 0 53.22
823 0 53.23
824 0 53.24
825 0 53.25
826 0 53.26
827 0 53.27
828 0 53.28
829 0 53.29
830 0 53.3
831 0 53.31
832 0 53.32
833 0 53.33
834 0 53.34
835 0 53.35
836 0 53.36
837 0 53.37
838 0 53.38
839 0 53.39
840 0 53.4
841 0 53.41
842 0 53.42
843 0 53.43
844 0 53.44
845 0 53.45
846 0 53.46
847 0 53.47
848 0 53.48
849 0 53.49
850 0 53.5
851 0 53.51
852 0 53.52
853 0 53.53
854 0 53.54
855 0 53.55
856 0 53.56
857 0 53.57
858 0 53.58
859 0 53.59
860 0 53.6
861 0 53.61
862 0 53.62
863 0 53.63
864 0 53.64
865 0 53.65
866 0 53.66
867 0 53.67
868 0 53.68
869 0 53.69
870 0 53.7
871 0 53.71
872 0 53.72
873 0 53.73
874 0 53.74
875 0 53.75
876 0 53.76
877 0 53.77
878 0 53.78
879 0 53.79
880 0 53.8
881 0 53.81
882 0 53.82
883 0 53.83
884 0 53.84
885 0 53.85
886 0 53.86
887 0 53.87
888 0 53.88
889 0 53.89
890 0 53.9
891 0 53.91
892 0 53.92
893 0 53.93
894 0 53.94
895 0 53.95
896 0 53.96
897 0 53.97
898 0 53.98
899 0 53.99
900 0 54
901 0 54.01
902 0 54.02
903 0 54.03
904 0 54.04
905 0 54.05
906 0 54.06
907 0 54.07
908 0 54.08
909 0 54.09
910 0 54.1
911 0 54.11
912 0 54.12
913 0 54.13
914 0 54.14
915 0 54.15
916 0 54.16
917 0 54.17
918 0 54.18
919 0 54.19
920 0 54.2
921 0 54.21
922 0 54.22
923 0 54.23
924 0 54.24
925 0 54.25
926 0 54.26
927 0 54.27
928 0 54.28
929 0 54.29
930 0 54.3
931 0 54.31
932 0 54.32
933 0 54.33
934 0 54.34
935 0 54.35
936 0 54.36
937 0 54.37
938 0 54.38
939 0 54.39
940 0 54.4
941 0 54.41
942 0 54.42
943 0 54.43
944 0 54.44
945 0 54.45
946 0 54.46
947 0 54.47
948 0 54.48
949 0 54.49
950 0 54.5
951 0 54.51
952 0 54.52
953 0 54.53
954 0 54.54
955 0 54.55
956 0 54.56
957 0 54.57
958 0 54.58
959 0 54.59
960 0 54.6
961 0 54.61
962 0 54.62
963 0 54.63
964 0 54.64
965 0 54.65
966 0 54.66
967 0 54.67
968 0 54.68
969 0 54.69
970 0 54.7
971 0 54.71
972 0 54.72
973 0 54.73
974 0 54.74
975 0 54.75
976 0 54.76
977 0 54.77
978 0 54.78
979 0 54.79
980 0 54.8
981 0 54.81
982 0 54.82
983 0 54.83
984 0 54.84
985 0 54.85
986 0 54.86
987 0 54.87
988 0 54.88
989 0 54.89
990 0 54.9
991 0 54.91
992 0 54.92
993 0 54.93
994 0 54.94
995 0 54.95
996 0 54.96
997 0 54.97
998 0 54.98
999 0 54.99
1000 0 55
1001 -1.038776491021329 55.01
1002 -0.8327336644429155 55.02
1003 -1.008014129119231 55.03
1004 -0.8123803742643524 55.04
1005 -0.9266288061930494 55.05
1006 -0.4856935416754148 55.06
1007 -0.7009208309576876 55.07
1008 -0.6735346958599768 55.08
1009 -0.6126027619129458 55.09
1010 -1.455111712746397 55.1
1011 -1.520693135530213 55.11
1012 -1.262873221024446 55.12
1013 -0.8442135097529175 55.13
1014 -0.8372355028868148 55.14
1015 -0.5019051764205906 55.15
1016 -0.5100225154974366 55.16
1017 -1.278827927014601 55.17
1018 -0.9737607153289227 55.18
1019 -1.75241349906724 55.19
1020 -0.5736029594884782 55.2
1021 -1.513186338532287 55.21
1022 -2.218171014730378 55.22
1023 -3.473215803318666 55.23
1024 -4.326474767476992 55.24
1025 -3.381148813528974 55.25
1026 -3.917520859244293 55.26
1027 -9.010586371394735 55.27
1028 -5.628437520310014 55.28
1029 -5.666438993225658 55.29
1030 -7.418637935812349 55.3
1031 -5.559512834190823 55.31
1032 -3.949942990493236 55.32
1033 -3.365173276117793 55.33
1034 -2.775965722017528 55.34
1035 -1.515465618109593 55.35
1036 -1.885852661316056 55.36
1037 -2.31987954328852 55.37
1038 -2.69901855647921 55.38
1039 -3.256278469442062 55.39
1040 -4.022802827241551 55.4
1041 -4.992165936705686 55.41
1042 -5.856102082862422 55.42
1043 -6.040235128736776 55.43
1044 -5.798713712333681 55.44
1045 -5.232073674105413 55.45
1046 -3.98039968497332 55.46
1047 -3.317032686621589 55.47
1048 -2.904006530760365 55.48
1049 -2.960034572065811 55.49
1050 -3.007472519074216 55.5
1051 -3.016280102812898 55.51
1052 -2.917362647239846 55.52
1053 -2.861273639182547 55.53
1054 -2.845634090213534 55.54
1055 -3.223673992814414 55.55
1056 -3.29166477728239 55.56
1057 -3.553097948493183 55.57
1058 -3.67851485499801 55.58
1059 -3.833696113312339 55.59
1060 -4.050742860866539 55.6
1061 -4.32081690780011 55.61
1062 -4.508372019416508 55.62
1063 -4.735873496392403 55.63
1064 -4.918730201603275 55.64
1065 -5.134419751527287 55.65
1066 -5.382734572579872 55.66
1067 -5.569008271654432 55.67
1068 -5.564710897507799 55.68
1069 -5.447851263734355 55.69
1070 -5.425436927802282 55.7
1071 -5.571948054392409 55.71
1072 -5.379313748077851 55.72
1073 -5.215898838799862 55.73
1074 -5.078868660162059 55.74
1075 -4.727984691004379 55.75
1076 -4.560998040275948 55.76
1077 -4.406782638852953 55.77
1078 -4.242318276150955 55.78
1079 -4.05810923866622 55.79
1080 -3.856575116410924 55.8
1081 -3.665841634736155 55.81
1082 -3.45023411174694 55.82
1083 -3.249827304803173 55.83
1084 -3.04998867680396 55.84
1085 -2.873559529236859 55.85
1086 -2.634532399781234 55.86
1087 -2.491350398432451 55.87
1088 -2.324087368614394 55.88
1089 -2.209193011338968 55.89
1090 -2.018477623985489 55.9
1091 -1.884483537270592 55.91
1092 -1.759830548011854 55.92
1093 -1.642454262560244 55.93
1094 -1.536985063283265 55.94
1095 -1.433700213942875 55.95
1096 -1.346428821490341 55.96
1097 -1.257106610931515 55.97
1098 -1.173847097844985 55.98
1099 -1.100422424365898 55.99
1100 -1.024237768195954 56
1101 -0.9521764911444414 56.01
1102 -0.8843637456173314 56.02
1103 -0.8279439687137652 56.03
1104 -0.7737726126867163 56.04
1105 -0.7239937727255675 56.05
1106 -0.6755229411198985 56.06
1107 -0.6308309883036761 56.07
1108 -0.5874611603677566 56.08
1109 -0.5466378668640061 56.09
1110 -0.5081552345575582 56.1
1111 -0.4721029771952798 56.11
1112 -0.4383089451125565 56.12
1113 -0.4067565229356371 56.13
1114 -0.3775201301419017 56.14
1115 -0.3502006832570099 56.15
1116 -0.3245105770488539 56.16
1117 -0.300918281262873 56.17
1118 -0.2788237093719393 56.18
1119 -0.258278178631929 56.19
1120 -0.2393608298595193 56.2
1121 -0.2218056233676774 56.21
1122 -0.2055997989848043 56.22
1123 -0.1904779771213884 56.23
1124 -0.176400875567428 56.24
1125 -0.1633817844502943 56.25
1126 -0.1513928550661794 56.26
1127 -0.1402432988297382 56.27
1128 -0.1298791055530362 56.28
1129 -0.1202642845861003 56.29
1130 -0.111442056539325 56.3
1131 -0.1031352781426455 56.31
1132 -0.0955376775602403 56.32
1133 -0.0884797895074937 56.33
1134 -0.08194915362949395 56.34
1135 -0.0758829402242043 56.35
1136 -0.07025668298408491 56.36
1137 -0.06506073608641896 56.37
1138 -0.06018587790667941 56.38
1139 -0.05577212362147788 56.39
1140 -0.05171770813171927 56.4
1141 -0.04807281838354625 56.41
1142 -0.04447055947914889 56.42
1143 -0.04120028558756832 56.43
1144 -0.03828107130122477 56.44
1145 -0.03550546860713381 56.45
1146 -0.03296207497513042 56.46
1147 -0.03058222597590291 56.47
1148 -0.02837240040951485 56.48
1149 -0.0263016166417203 56.49
1150 -0.0238509223876543 56.5
1151 -0.01376966605028988 56.51
1152 -0.01399292187625918 56.52
1153 -0.01551621445936874 56.53
1154 -0.01677342602970696 56.54
1155 -0.01758285701708328 56.55
1156 -0.01709527661425663 56.56
1157 -0.01675496188972012 56.57
1158 -0.01589704412539185 56.58
1159 -0.01436353555924775 56.59
1160 -0.01289470241308142 56.6
1161 -0.01160374210732629 56.61
1162 -0.01110430518353121 56.62
1163 -0.01018981409321835 56.63
1164 -0.009905823219156378 56.64
1165 -0.009424667530362273 56.65
1166 -0.009367069576936322 56.66
1167 -0.009339684788214174 56.67
1168 -0.009201116374399347 56.68
1169 -0.009087330220291829 56.69
1170 -0.008969484649502008 56.7
1171 -0.008853243870496168 56.71
1172 -0.008738508256212092 56.72
1173 -0.008631178814174051 56.73
1174 -0.008567514459685682 56.74
1175 -0.008533743170599146 56.75
1176 -0.008412153128257662 56.76
1177 -0.008450658767710881 56.77
1178 -0.008474572815606627 56.78
1179 -0.008570349147010079 56.79
1180 -0.008615193698354061 56.8
1181 -0.008645758021450931 56.81
1182 -0.008808781327227767 56.82
1183 -0.008907344559343663 56.83
1184 0.4386839763152321 56.84
1185 0.375597523615061 56.85
1186 1.518980918304213 56.86
1187 2.940835419000746 56.87
1188 4.45965520653145 56.88
1189 4.197547665889821 56.89
1190 3.846229151834116 56.9
1191 3.21470265396105 56.91
1192 1.880114795094056 56.92
1193 -0.1470403866984928 56.93
1194 -1.707024953797622 56.94
1195 -0.9513071977819155 56.95
1196 0.7753274992640548 56.96
1197 1.023229849711632 56.97
1198 0.9402025848048553 56.98
1199 1.199627329441187 56.99
1200 1.569185715374404 57
1201 1.761940038948908 57.01
1202 2.027651517670169 57.02
1203 2.205688662232868 57.03
1204 2.268973050090286 57.04
1205 2.245367187270769 57.05
1206 2.354157760769714 57.06
1207 2.26400612127268 57.07
1208 2.377417620665862 57.08
1209 2.378701973061774 57.09
1210 2.372840390890906 57.1
1211 2.367903874457375 57.11
1212 2.636269169221082 57.12
1213 3.165000718087082 57.13
1214 3.008297921876104 57.14
1215 2.920244354732776 57.15
1216 2.889100250756671 57.16
1217 2.641152344343193 57.17
1218 3.005893627808831 57.18
1219 2.865419039514814 57.19
1220 2.6069916890696 57.2
1221 2.423782804064921 57.21
1222 2.502914752343348 57.22
1223 2.371460112009576 57.23
1224 2.277792260385499 57.24
1225 2.306575858427406 57.25
1226 2.011238196439741 57.26
1227 1.816998736080721 57.27
1228 2.307761132909099 57.28
1229 3.476174373866364 57.29
1230 4.036144612300355 57.3
1231 11.43565761005725 57.31
1232 13.2768235039281 57.32
1233 13.21438571251191 57.33
1234 11.78685705326946 57.34
1235 9.382528812842288 57.35
1236 6.765154578977305 57.36
1237 5.347835547390027 57.37
1238 3.671284617851831 57.38
1239 0.7663075793354506 57.39
1240 -6.701233813846249 57.4
1241 -4.998752886678306 57.41
1242 -3.178836883771034 57.42
1243 -4.239353010626182 57.43
1244 -1.472591132926045 57.44
1245 1.28785465112264 57.45
1246 3.033594625777701 57.46
1247 3.696681583272149 57.47
1248 4.917619362014256 57.48
1249 5.577504219204204 57.49
1250 5.537623623935723 57.5
1251 5.793343389968025 57.51
1252 -6.243109434668791 57.52
1253 -2.947947489276288 57.53
1254 6.894364634358621 57.54
1255 14.62584695244153 57.55
1256 21.92263157881472 57.56
1257 22.00507791059842 57.57
1258 10.75806268408936 57.58
1259 22.78418018084358 57.59
1260 34.85254055516189 57.6
1261 44.29346785045146 57.61
1262 75.20233298872776 57.62
1263 116.2968371752722 57.63
1264 126.9461928765911 57.64
1265 106.9095824421789 57.65
1266 46.20713568542151 57.66
1267 -46.42140441398291 57.67
1268 7.941713508772786 57.68
1269 61.62457613791485 57.69
1270 74.2551890750794 57.7
1271 110.2748263419736 57.71
1272 131.4561796064299 57.72
1273 144.0837682156254 57.73
1274 -4.544831574945828 57.74
1275 142.0393628675509 57.75
1276 177.8038946642295 57.76
1277 214.9940455411447 57.77
1278 321.2758302682806 57.78
1279 416.7161017928895 57.79
1280 493.7248423299435 57.8
1281 474.5603241568789 57.81
1282 441.8198464197454 57.82
1283 563.3531403955698 57.83
1284 524.5126383041119 57.84
1285 462.8752948460445 57.85
1286 374.5481328764109 57.86
1287 -430.0601157013577 57.87
1288 235.5556766193806 57.88
1289 303.9473814486789 57.89
1290 464.5855599889985 57.9
1291 182.8599907653191 57.91
1292 69.5428417087317 57.92
1293 193.7281803010793 57.93
1294 123.9965517708802 57.94
1295 127.1030634394176 57.95
1296 -13.72676181388568 57.96
1297 -56.18986766350731 57.97
1298 455.4884352101829 57.98
1299 532.6934979790807 57.99
1300 678.0213617911088 58
1301 701.8752444599795 58.01
1302 647.5462762765064 58.02
1303 638.7396403801031 58.03
1304 500.2705962326033 58.04
1305 497.7081210922516 58.05
1306 307.6159410737266 58.06
1307 203.8012641608478 58.07
1308 276.5309059174754 58.08
1309 633.4299897437738 58.09
1310 788.2651866752644 58.1
1311 961.2869552923156 58.11
1312 1037.140439126236 58.12
1313 1109.376330824095 58.13
1314 1140.967728437124 58.14
1315 1207.295957643958 58.15
1316 1225.919563176504 58.16
1317 1059.364408341196 58.17
1318 780.8929843560958 58.18
1319 786.7153072014852 58.19
1320 782.7954166390116 58.2
1321 1154.062213970963 58.21
1322 1265.570704273755 58.22
1323 1335.793396099329 58.23
1324 1280.888165698432 58.24
1325 1143.845831190586 58.25
1326 1124.490937387804 58.26
1327 1132.613175892839 58.27
1328 908.9848739899265 58.28
1329 775.1092643272539 58.29
1330 336.7060527224205 58.3
1331 458.0023449948517 58.31
1332 655.3488218126581 58.32
1333 206.576166773391 58.33
1334 227.0419886417423 58.34
1335 717.9569055223978 58.35
1336 802.2380755898902 58.36
1337 1137.356604333403 58.37
1338 1094.765087019584 58.38
1339 1551.05182188398 58.39
1340 965.3303328359127 58.4
1341 735.0240330312458 58.41
1342 1567.232550569662 58.42
1343 1546.468356901892 58.43
1344 1677.369897172387 58.44
1345 1735.208276843739 58.45
1346 1907.985901704143 58.46
1347 1374.856481783961 58.47
1348 -2427.328265726504 58.48
1349 1346.983690528326 58.49
1350 2253.442020578298 58.5
1351 2170.964733043528 58.51
1352 2403.276561342599 58.52
1353 2316.330005507837 58.53
1354 2660.952170852601 58.54
1355 2414.394478158333 58.55
1356 2361.906886477587 58.56
1357 2327.346232154353 58.57
1358 922.6992625407273 58.58
1359 -430.0942502624878 58.59
1360 -637.9599694428553 58.6
1361 1532.879792186797 58.61
1362 3076.908649927511 58.62
1363 2946.753751950021 58.63
1364 3095.4078499865 58.64
1365 2828.897844773905 58.65
1366 2472.904018943145 58.66
1367 2238.20788118725 58.67
1368 2492.38197445841 58.68
1369 2076.756129131086 58.69
1370 1542.243761327374 58.7
1371 299.4172176243763 58.71
1372 -1471.270367827158 58.72
1373 -3504.912969386753 58.73
1374 -2526.570821343755 58.74
1375 423.1145430223593 58.75
1376 1568.421827630613 58.76
1377 1263.524919944826 58.77
1378 751.2389597956192 58.78
1379 2243.44739684951 58.79
1380 1980.026493895732 58.8
1381 1138.207183715752 58.81
1382 1762.682344559941 58.82
1383 1629.082991564229 58.83
1384 1628.976419484057 58.84
1385 2130.857242425511 58.85
1386 1642.782792665464 58.86
1387 870.627604323936 58.87
1388 1758.930350535133 58.88
1389 1805.906853365732 58.89
1390 1867.568479932485 58.9
1391 1497.6137976833 58.91
1392 1894.340371177994 58.92
1393 1780.766973382766 58.93
1394 1808.370687031007 58.94
1395 1784.39394047233 58.95
1396 1639.364934443222 58.96
1397 1478.49039525895 58.97
1398 1306.144208544096 58.98
1399 1142.770308706816 58.99
1400 1125.042820390872 59
1401 917.472910991304 59.01
1402 738.0293405837521 59.02
1403 351.5979029875232 59.03
1404 183.2117846018475 59.04
1405 -193.3686268767207 59.05
1406 -363.0289352257765 59.06
1407 -1261.509452727857 59.07
1408 -1082.675934855615 59.08
1409 -349.8150445205565 59.09
1410 -434.6123947659045 59.1
1411 -443.5370346300971 59.11
1412 -317.0599903470063 59.12
1413 -483.8444659189888 59.13
1414 -295.0865316822923 59.14
1415 -1235.895752731424 59.15
1416 -6386.892203680698 59.16
1417 -1194.869750303346 59.17
1418 -410.1523947518206 59.18
1419 540.5093113391251 59.19
1420 824.2821153409217 59.2
1421 964.0704715557918 59.21
1422 634.2066588407773 59.22
1423 365.763142482249 59.23
1424 270.1989364237329 59.24
1425 328.0001945962773 59.25
1426 -788.5888504255877 59.26
1427 -692.556813354173 59.27
1428 220.5834110406143 59.28
1429 -19.59255520564341 59.29
1430 -74.21805929479586 59.3
1431 -869.0044591039479 59.31
1432 -66.01009591091884 59.32
1433 -1060.806603586302 59.33
1434 -1072.437593195515 59.34
1435 991.5169538109311 59.35
1436 1018.393658356397 59.36
1437 -818.2301648944025 59.37
1438 -2431.08956548008 59.38
1439 -1007.993960623185 59.39
1440 448.2657699939902 59.4
1441 525.1242458059969 59.41
1442 988.3754591952622 59.42
1443 368.5866437456389 59.43
1444 732.8951038205189 59.44
1445 180.1509414511032 59.45
1446 -110.9710039112808 59.46
1447 593.4924160759508 59.47
1448 591.2288826698565 59.48
1449 1093.824975223904 59.49
1450 -2008.156223134593 59.5
1451 -549.1295598449433 59.51
1452 -208.5426977963329 59.52
1453 -222.5682245156205 59.53
1454 -695.5701557299744 59.54
1455 112.5216573330154 59.55
1456 616.556676839916 59.56
1457 1147.005048655836 59.57
1458 1485.244750902388 59.58
1459 1465.070366794755 59.59
1460 829.6093768109642 59.6
1461 1290.319227673054 59.61
1462 1227.096041374619 59.62
1463 866.6257024036921 59.63
1464 1083.266399128229 59.64
1465 868.1736321478894 59.65
1466 -150.5717201409329 59.66
1467 283.8982232939644 59.67
1468 -274.525897279121 59.68
1469 555.0620129150495 59.69
1470 620.2890320742157 59.7
1471 702.9295168395863 59.71
1472 185.4979229909145 59.72
1473 -565.7714828297213 59.73
1474 -1477.504263036661 59.74
1475 -1458.470051579925 59.75
1476 -1207.39494634982 59.76
1477 -1018.212684913105 59.77
1478 -2339.122177417845 59.78
1479 -898.5229297478047 59.79
1480 -1966.354550059508 59.8
1481 -1991.682554119708 59.81
1482 -1345.333840586884 59.82
1483 -962.5378562802347 59.83
1484 -630.2131093104575 59.84
1485 -1652.066594695046 59.85
1486 -1377.161591256772 59.86
1487 -96.83638755334721 59.87
1488 33.71042249435481 59.88
1489 288.979418984416 59.89
1490 -2787.71435548214 59.9
1491 -466.5249354145761 59.91
1492 118.0517682746356 59.92
1493 83.71415283548244 59.93
1494 93.97777162500029 59.94
1495 535.8348279328588 59.95
1496 -268.0457160455578 59.96
1497 362.1207061461891 59.97
1498 468.4642574843527 59.98
1499 145.3552622628093 59.99
1500 -357.5696896543278 60
1501 -1150.8468326566 60.01
1502 -2123.699295245592 60.02
1503 -1092.883750504727 60.03
1504 -844.7456075982934 60.04
1505 -1315.995897106166 60.05
1506 -1295.042390122064 60.06
1507 140.1284309519791 60.07
1508 -1890.165242215471 60.08
1509 -4186.158108591982 60.09
1510 -2951.192894502374 60.1
1511 -2000.644373593668 60.11
1512 -1032.387364397601 60.12
1513 340.3278213465246 60.13
1514 -84.00353727008043 60.14
1515 2364.716507828554 60.15
1516 2319.038870774223 60.16
1517 2054.673970903539 60.17
1518 774.6541833353615 60.18
1519 938.8955961358664 60.19
1520 1576.70721347473 60.2
1521 1221.089748395013 60.21
1522 244.8544417477115 60.22
1523 131.5868361950166 60.23
1524 639.9242003330526 60.24
1525 -854.1056333959493 60.25
1526 -248.7098851401765 60.26
1527 -203.1366891021021 60.27
1528 2.340155247670509 60.28
1529 277.1313782614798 60.29
1530 -1334.720403659561 60.3
1531 -192.3378103313126 60.31
1532 -2409.633494106239 60.32
1533 -1865.179439684567 60.33
1534 -3997.004966675805 60.34
1535 -3400.833128981685 60.35
1536 -694.9993717849167 60.36
1537 -4535.985386121776 60.37
1538 -1511.336802006922 60.38
1539 -933.9717126761059 60.39
1540 -1428.834649077633 60.4
1541 -858.5965483795821 60.41
1542 -1841.910501347481 60.42
1543 -3187.50789599696 60.43
1544 -3363.888130478471 60.44
1545 -5527.031896730814 60.45
1546 -6965.750065494017 60.46
1547 -14326.15350815884 60.47
1548 -10293.59039728323 60.48
1549 -4443.765497994868 60.49
1550 -757.852695449016 60.5
1551 -2160.871992995746 60.51
1552 -1901.463688467627 60.52
1553 -4192.052110992119 60.53
1554 -3082.340104715024 60.54
1555 -2136.047011312544 60.55
1556 -14571.74298609488 60.56
1557 -6204.749688006396 60.57
1558 -3211.766702531644 60.58
1559 -4503.678822355079 60.59
1560 -7451.46758643308 60.6
1561 -6281.684040996223 60.61
1562 -6618.626346597945 60.62
1563 -6795.576902957468 60.63
1564 -5575.245604103859 60.64
1565 -5913.670399750887 60.65
1566 -5035.196505405932 60.66
1567 -5537.690869969355 60.67
1568 -7495.233151827106 60.68
1569 -8038.694169641562 60.69
1570 -7008.274394031458 60.7
1571 -7194.225029035945 60.71
1572 -9009.611914036794 60.72
1573 -7696.656105757514 60.73
1574 -8224.714284968539 60.74
1575 -7915.13481438107 60.75
1576 -8136.562355779045 60.76
1577 -8532.755094058824 60.77
1578 -8564.82031804359 60.78
1579 -9617.007486132616 60.79
1580 -9390.075014936705 60.8
1581 -10543.20566546912 60.81
1582 -11483.10476868067 60.82
1583 -10974.98608743923 60.83
1584 -11541.33694568851 60.84
1585 -13326.29807305182 60.85
1586 -12150.11050784045 60.86
1587 -12534.08842162867 60.87
1588 -12609.80634806854 60.88
1589 -13597.98863186041 60.89
1590 -14625.22841456893 60.9
1591 -13632.16172125502 60.91
1592 -13419.14530554063 60.92
1593 -15522.72157418728 60.93
1594 -16229.50909883059 60.94
1595 -15669.4306137304 60.95
1596 -17640.10370759599 60.96
1597 -15554.20391420172 60.97
1598 -18780.85380808207 60.98
1599 -17487.19091354903 60.99
1600 -17347.93678754922 61
1601 -18685.75415917825 61.01
1602 -16789.64681975231 61.02
1603 -18032.24840169477 61.03
1604 -17697.12396801554 61.04
1605 -18001.23241518342 61.05
1606 -19879.34892392066 61.06
1607 -19284.3012724701 61.07
1608 -20627.39199887247 61.08
1609 -19402.66840505829 61.09
1610 -21262.70460280979 61.1
1611 -20577.83952490486 61.11
1612 -20101.99392906467 61.12
1613 -19857.9765575557 61.13
1614 -23918.05642248119 61.14
1615 -22726.82852763483 61.15
1616 -22065.56522299467 61.16
1617 -21904.73856062387 61.17
1618 -19656.72409604312 61.18
1619 -21125.4709557807 61.19
1620 -21894.83874904111 61.2
1621 -21636.59445068263 61.21
1622 -21720.4697765726 61.22
1623 -23292.62338034205 61.23
1624 -21395.15164746986 61.24
1625 -21348.3410713576 61.25
1626 -22448.12397856617 61.26
1627 -23339.67980432311 61.27
1628 -26277.0081682855 61.28
1629 -23292.29524514431 61.29
1630 -22804.66250923245 61.3
1631 -23008.42379106431 61.31
1632 -23043.69610810146 61.32
1633 -23535.78655683642 61.33
1634 -24090.55272146929 61.34
1635 -24493.67712006574 61.35
1636 -25116.51472627736 61.36
1637 -25166.69603216651 61.37
1638 -24676.71434695709 61.38
1639 -25611.98599159535 61.39
1640 -26995.47611116738 61.4
1641 -25231.56720780105 61.41
1642 -25554.38442231526 61.42
1643 -24825.75571423765 61.43
1644 -25922.48915693482 61.44
1645 -25945.52433771777 61.45
1646 -25117.68580219456 61.46
1647 -27104.73551431763 61.47
1648 -27032.605593939 61.48
1649 -26304.55030056337 61.49
1650 -26512.82082316061 61.5
1651 -26249.60374876641 61.51
1652 -26318.45234681044 61.52
1653 -27398.75230668604 61.53
1654 -29007.02545522001 61.54
1655 -27835.292607851 61.55
1656 -29592.22330762294 61.56
1657 -30285.92393600907 61.57
1658 -29690.94681553176 61.58
1659 -30786.09327060001 61.59
1660 -30448.21630803989 61.6
1661 -29937.51417192632 61.61
1662 -30821.57711619178 61.62
1663 -32102.96659051277 61.63
1664 -28256.63462280737 61.64
1665 -26929.96796333383 61.65
1666 -27367.60557124701 61.66
1667 -31645.49795206431 61.67
1668 -35611.04056009289 61.68
1669 -36639.66960589075 61.69
1670 -32517.47684639755 61.7
1671 -31840.99524461075 61.71
1672 -32280.80202936055 61.72
1673 -34118.7443942235 61.73
1674 -32894.13459997289 61.74
1675 -35780.4170074875 61.75
1676 -35174.48701615399 61.76
1677 -34115.52585585972 61.77
1678 -34629.88826288162 61.78
1679 -34695.64080586565 61.79
1680 -36780.52375738193 61.8
1681 -35792.86161885668 61.81
1682 -35861.91274204838 61.82
1683 -37475.31166454994 61.83
1684 -37415.49029014332 61.84
1685 -37492.51578426429 61.85
1686 -39549.82732580046 61.86
1687 -40262.821700587 61.87
1688 -43421.90988510437 61.88
1689 -43325.73322803238 61.89
1690 -43215.74937856952 61.9
1691 -44713.81604125699 61.91
1692 -44031.93532088363 61.92
1693 -44491.52825545364 61.93
1694 -45966.07636140632 61.94
1695 -48844.1205860334 61.95
1696 -49112.06542519588 61.96
1697 -51151.07109441869 61.97
1698 -52528.64209864577 61.98
1699 -52109.56197062945 61.99
1700 -52955.48942322352 62
1701 -53305.59867196061 62.01
1702 -53245.87346010537 62.02
1703 -54201.05308706612 62.03
1704 -54418.00681897774 62.04
1705 -55582.84638548336 62.05
1706 -56057.73295933309 62.06
1707 -56978.28199790314 62.07
1708 -55599.37584377168 62.08
1709 -58081.64402684561 62.09
1710 -57305.60399564009 62.1
1711 -57430.82009346767 62.11
1712 -57791.51392647458 62.12
1713 -58051.26035765593 62.13
1714 -58132.10981348678 62.14
1715 -58707.73035198816 62.15
1716 -58996.70494442033 62.16
1717 -58153.07057923549 62.17
1718 -60088.8585212121 62.18
1719 -59960.71056285036 62.19
1720 -60035.82035775009 62.2
1721 -59924.96336165613 62.21
1722 -59933.23129275343 62.22
1723 -62048.21613486079 62.23
1724 -61034.05160559313 62.24
1725 -60382.13029478097 62.25
1726 -59017.0104404165 62.26
1727 -57766.69884039075 62.27
1728 -58283.69861411679 62.28
1729 -56009.77847731465 62.29
1730 -56016.57986349973 62.3
1731 -54544.45896042954 62.31
1732 -55031.71900754871 62.32
1733 -54536.42313500147 62.33
1734 -53865.9881073853 62.34
1735 -56187.91481538642 62.35
1736 -53350.38657032653 62.36
1737 -52872.55898168982 62.37
1738 -52428.77648866679 62.38
1739 -53659.81838627408 62.39
1740 -52657.83304158889 62.4
1741 -53705.64290755568 62.41
1742 -52472.65348823705 62.42
1743 -51120.70841807753 62.43
1744 -49973.26879571512 62.44
1745 -48246.00707660286 62.45
1746 -47904.5732274078 62.46
1747 -48255.96942341141 62.47
1748 -47452.10794631424 62.48
1749 -47421.99587049639 62.49
1750 -47060.79893962368 62.5
1751 -47893.81290844821 62.51
1752 -46887.45637655869 62.52
1753 -46698.72657186168 62.53
1754 -46272.98471480627 62.54
1755 -46626.48793834118 62.55
1756 -46188.8679357709 62.56
1757 -45688.40332318425 62.57
1758 -47679.77493780004 62.58
1759 -45620.42673836472 62.59
1760 -45487.14368643733 62.6
1761 -45794.25305983653 62.61
1762 -46390.27862842553 62.62
1763 -47181.02577666591 62.63
1764 -47168.4405630032 62.64
1765 -46884.16922212482 62.65
1766 -47820.02034382796 62.66
1767 -47319.72509032795 62.67
1768 -47717.39215163652 62.68
1769 -48765.07742896241 62.69
1770 -46921.76364115474 62.7
1771 -45327.52617598567 62.71
1772 -45434.65277997813 62.72
1773 -42885.64140319025 62.73
1774 -45543.18343761738 62.74
1775 -41682.98901977584 62.75
1776 -40917.31981031266 62.76
1777 -38892.77543371798 62.77
1778 -37551.11567572339 62.78
1779 -36908.78472278581 62.79
1780 -34638.69713712263 62.8
1781 -34007.59962303366 62.81
1782 -34455.25661781333 62.82
1783 -34851.93547138165 62.83
1784 -32185.79413615435 62.84
1785 -32173.53219001728 62.85
1786 -31146.71142193727 62.86
1787 -30787.07231605105 62.87
1788 -29563.45550403605 62.88
1789 -29060.62494701011 62.89
1790 -30368.84385286857 62.9
1791 -30178.52828683426 62.91
1792 -29486.11302379504 62.92
1793 -27897.71240624002 62.93
1794 -29094.01483861565 62.94
1795 -30324.58193768124 62.95
1796 -30079.99643088756 62.96
1797 -31102.16808194261 62.97
1798 -29894.34028902024 62.98
1799 -31866.18459590918 62.99
1800 -31449.18087281856 63
1801 -30756.5417800771 63.01
1802 -31255.50507052798 63.02
1803 -31175.84340045667 63.03
1804 -31303.72214596079 63.04
1805 -32240.64169085344 63.05
1806 -32560.02485773679 63.06
1807 -31798.09379597797 63.07
1808 -31756.65240943772 63.08
1809 -32834.72890818881 63.09
1810 -34115.78278339295 63.1
1811 -34299.46945867514 63.11
1812 -34349.0109958037 63.12
1813 -33596.92278326892 63.13
1814 -33248.69646203062 63.14
1815 -32867.07192246586 63.15
1816 -34854.0744370209 63.16
1817 -33891.26536527347 63.17
1818 -36630.34013344428 63.18
1819 -35581.80568512199 63.19
1820 -33682.58847100712 63.2
1821 -34302.36445958431 63.21
1822 -34234.72945084343 63.22
1823 -34178.4228025444 63.23
1824 -34514.54339238132 63.24
1825 -34556.95199349526 63.25
1826 -35648.84545974415 63.26
1827 -34423.12280407741 63.27
1828 -34622.21299605224 63.28
1829 -34640.1910144403 63.29
1830 -34971.03056352436 63.3
1831 -34806.31133433169 63.31
1832 -35762.66490141384 63.32
1833 -35427.65847972896 63.33
1834 -36162.5295816856 63.34
1835 -36240.68418503926 63.35
1836 -37060.94531219066 63.36
1837 -36013.79774225433 63.37
1838 -36678.19071255244 63.38
1839 -38476.13396279112 63.39
1840 -38494.33883267889 63.4
1841 -36578.74840853445 63.41
1842 -36349.68193539971 63.42
1843 -36987.10767882306 63.43
1844 -37447.4073411493 63.44
1845 -37419.62695798693 63.45
1846 -39092.02892054952 63.46
1847 -39283.66033288186 63.47
1848 -38094.58925989077 63.48
1849 -38299.69602068992 63.49
1850 -38467.41402345445 63.5
1851 -40783.22420156866 63.51
1852 -38328.32367234302 63.52
1853 -37874.2824319307 63.53
1854 -38469.7744085694 63.54
1855 -38455.7371826497 63.55
1856 -39917.48287361307 63.56
1857 -40769.5728152185 63.57
1858 -43430.49690079613 63.58
1859 -41705.03003322274 63.59
1860 -41096.23657132545 63.6
1861 -18828.75071659964 63.61
1862 -26566.47168518273 63.62
1863 -37438.69481993178 63.63
1864 -48309.0405362825 63.64
1865 -47072.33284880671 63.65
1866 -46181.91028953321 63.66
1867 -45783.11217966956 63.67
1868 -42124.75366003803 63.68
1869 -38245.41562556949 63.69
1870 -42828.55515386034 63.7
1871 -40971.96528429112 63.71
1872 -42078.26053315233 63.72
1873 -44299.17538306164 63.73
1874 -44868.21166169733 63.74
1875 -45444.17914719259 63.75
1876 -43704.68823023973 63.76
1877 -45725.45467887488 63.77
1878 -49868.67578026467 63.78
1879 -54387.5618210029 63.79
1880 -44882.3530792444 63.8
1881 -48301.62124443833 63.81
1882 -44902.07801783219 63.82
1883 -46648.89938330167 63.83
1884 -55295.66468840343 63.84
1885 -61465.72390241533 63.85
1886 -64583.76073661477 63.86
1887 -65576.23030504351 63.87
1888 -65799.1049459861 63.88
1889 -65242.9007540588 63.89
1890 -65763.95950977079 63.9
1891 -67107.42752930125 63.91
1892 -68587.01628552596 63.92
1893 -69894.41059171574 63.93
1894 -70016.65516139343 63.94
1895 -71933.01041496739 63.95
1896 -70095.27189558973 63.96
1897 -72374.71147728406 63.97
1898 -72881.6279366878 63.98
1899 -65182.12877152368 63.99
1900 -73646.4358299239 64
1901 -75169.59136963493 64.01000000000001
1902 -39781.11048065069 64.02
1903 -27757.11314564435 64.03
1904 -21162.8900905161 64.04000000000001
1905 -23282.3561405112 64.05
1906 -23681.95061673884 64.06
1907 -16483.45695125323 64.06999999999999
1908 -12241.48838962816 64.08
1909 -9383.983391523132 64.09
1910 -7298.862269434414 64.09999999999999
1911 -5658.82137303803 64.11
1912 -5119.032597970059 64.12
1913 -4308.608892898688 64.13
1914 -3777.168369498215 64.14
1915 -3902.409553546641 64.15000000000001
1916 -2731.319304732771 64.16
1917 -2463.276983630466 64.17
1918 -2315.535649349357 64.18000000000001
1919 -3140.608399246835 64.19
1920 -4633.381668118433 64.2
1921 -2595.929681347189 64.21000000000001
1922 -2026.16041840657 64.22
1923 -2249.881197588765 64.23
1924 -2079.240251472972 64.23999999999999
1925 -1809.788225013237 64.25
1926 -1923.398758249273 64.26000000000001
1927 -2523.963954953432 64.27
1928 -2482.366832519256 64.28
1929 -1833.065690880653 64.29000000000001
1930 -1668.167422239914 64.3
1931 -1624.871033023435 64.31
1932 -1664.089681974031 64.31999999999999
1933 -1674.64549138378 64.33
1934 -1754.356943854291 64.34
1935 -1599.189455428334 64.34999999999999
1936 -1508.742878106317 64.36
1937 -1385.034638248195 64.37
1938 -1508.521130677311 64.38
1939 -1640.595989429509 64.39
1940 -2566.016704688145 64.40000000000001
1941 -1983.281380674716 64.41
1942 -2093.260818597353 64.42
1943 -2043.04972217188 64.43000000000001
1944 -1758.57123787513 64.44
1945 -1752.636030866582 64.45
1946 -895.9892184899221 64.46000000000001
1947 -617.4518420623133 64.47
1948 -1118.255490284654 64.48
1949 -2114.420054283916 64.48999999999999
1950 -4003.561650024541 64.5
1951 -3896.395400328203 64.51000000000001
1952 -3286.527353308918 64.52
1953 -3163.411478876306 64.53
1954 -2222.812527946583 64.54000000000001
1955 -1599.925417780338 64.55
1956 -1547.30654464393 64.56
1957 -1681.223614114622 64.56999999999999
1958 -1848.469988572492 64.58
1959 -2711.670310511875 64.59
1960 -2693.425185912788 64.59999999999999
1961 -2454.080154786475 64.61
1962 -2643.000070310822 64.62
1963 -3180.392216398283 64.63
1964 -3666.758985209968 64.64
1965 -3384.186573379304 64.65000000000001
1966 -3636.445391592453 64.66
1967 -4653.739576768312 64.67
1968 -6002.474628406154 64.68000000000001
1969 -5143.640137743888 64.69
1970 -4746.778773647482 64.7
1971 -3708.417311022777 64.71000000000001
1972 -4202.043875936894 64.72
1973 -5598.410884446303 64.73
1974 -5839.619871407029 64.73999999999999
1975 -5576.891273913547 64.75
1976 -5172.955462958632 64.76000000000001
1977 -5873.96365915968 64.77
1978 -6276.363186730518 64.78
1979 -5804.181183360156 64.79000000000001
1980 -8805.531395140581 64.8
1981 -9948.074917292441 64.81
1982 -10204.26787387108 64.81999999999999
1983 -7141.587765778644 64.83
1984 -6914.038981816133 64.84
1985 -9561.660062478641 64.84999999999999
1986 -11398.64231679516 64.86
1987 -9975.240377176411 64.87
1988 -10851.05831689127 64.88
1989 -10734.74479333204 64.89
1990 -10364.74110778519 64.90000000000001
1991 -10463.48330461392 64.91
1992 -10956.45691139972 64.92
1993 -12497.21657956137 64.93000000000001
1994 -14275.62516467151 64.94
1995 -15207.04586590337 64.95
1996 -15150.7729062998 64.96000000000001
1997 -14088.86767201103 64.97
1998 -14830.34397195296 64.98
1999 -15758.30777879815 64.98999999999999
2000 -15499.39994376121 65
