"taxa-calor-porta"
"Time Step" "taxa-calor-porta etc.."
("Time Step" "taxa-calor-porta" "flow-time")
0 217.7305812389667 0
1 0 0.1
2 0 0.2
3 0 0.3
4 0 0.4
5 0 0.5
6 0 0.6000000000000001
7 0 0.7000000000000001
8 0 0.8
9 0 0.9
10 0 1
11 0 1.1
12 0 1.2
13 0 1.3
14 0 1.4
15 0 1.5
16 0 1.6
17 0 1.7
18 0 1.8
19 0 1.9
20 0 2
21 0 2.1
22 0 2.2
23 0 2.3
24 0 2.4
25 0 2.5
26 0 2.6
27 0 2.7
28 0 2.8
29 0 2.9
30 0 3
31 0 3.1
32 0 3.2
33 0 3.3
34 0 3.4
35 0 3.5
36 0 3.6
37 0 3.7
38 0 3.8
39 0 3.9
40 0 4
41 0 4.100000000000001
42 0 4.2
43 0 4.3
44 0 4.4
45 0 4.5
46 0 4.600000000000001
47 0 4.7
48 0 4.800000000000001
49 0 4.9
50 0 5
51 0 5.100000000000001
52 0 5.2
53 0 5.300000000000001
54 0 5.4
55 0 5.5
56 0 5.600000000000001
57 0 5.7
58 0 5.800000000000001
59 0 5.9
60 0 6
61 0 6.100000000000001
62 0 6.2
63 0 6.300000000000001
64 0 6.4
65 0 6.5
66 0 6.600000000000001
67 0 6.7
68 0 6.800000000000001
69 0 6.9
70 0 7
71 0 7.100000000000001
72 0 7.2
73 0 7.300000000000001
74 0 7.4
75 0 7.5
76 0 7.600000000000001
77 0 7.7
78 0 7.800000000000001
79 0 7.9
80 0 8
81 0 8.1
82 0 8.200000000000001
83 0 8.300000000000001
84 0 8.4
85 0 8.5
86 0 8.6
87 0 8.700000000000001
88 0 8.800000000000001
89 0 8.9
90 0 9
91 0 9.1
92 0 9.200000000000001
93 0 9.300000000000001
94 0 9.4
95 0 9.5
96 0 9.600000000000001
97 0 9.700000000000001
98 0 9.800000000000001
99 0 9.9
100 0 10
101 0 10.1
102 0 10.2
103 0 10.3
104 0 10.4
105 0 10.5
106 0 10.6
107 0 10.7
108 0 10.8
109 0 10.9
110 0 11
111 0 11.1
112 0 11.2
113 0 11.3
114 0 11.4
115 0 11.5
116 0 11.6
117 0 11.7
118 0 11.8
119 0 11.9
120 0 12
121 0 12.1
122 0 12.2
123 0 12.3
124 0 12.4
125 0 12.5
126 0 12.6
127 0 12.7
128 0 12.8
129 0 12.9
130 0 13
131 0 13.1
132 0 13.2
133 0 13.3
134 0 13.4
135 0 13.5
136 0 13.6
137 0 13.7
138 0 13.8
139 0 13.9
140 0 14
141 0 14.1
142 0 14.2
143 0 14.3
144 0 14.4
145 0 14.5
146 0 14.6
147 0 14.7
148 0 14.8
149 0 14.9
150 0 15
151 0 15.1
152 0 15.2
153 0 15.3
154 0 15.4
155 0 15.5
156 0 15.6
157 0 15.7
158 0 15.8
159 0 15.9
160 0 16
161 0 16.1
162 0 16.2
163 0 16.3
164 0 16.4
165 0 16.5
166 0 16.6
167 0 16.7
168 0 16.8
169 0 16.9
170 0 17
171 0 17.1
172 0 17.2
173 0 17.3
174 0 17.4
175 0 17.5
176 0 17.6
177 0 17.7
178 0 17.8
179 0 17.9
180 0 18
181 0 18.1
182 0 18.2
183 0 18.3
184 0 18.4
185 0 18.5
186 0 18.6
187 0 18.7
188 0 18.8
189 0 18.9
190 0 19
191 0 19.1
192 0 19.2
193 0 19.3
194 0 19.4
195 0 19.5
196 0 19.6
197 0 19.7
198 0 19.8
199 0 19.9
200 0 20
201 0 20.1
202 0 20.2
203 0 20.3
204 0 20.4
205 0 20.5
206 0 20.6
207 0 20.7
208 0 20.8
209 0 20.9
210 0 21
211 0 21.1
212 0 21.2
213 0 21.3
214 0 21.4
215 0 21.5
216 0 21.6
217 0 21.7
218 0 21.8
219 0 21.9
220 0 22
221 0 22.1
222 0 22.2
223 0 22.3
224 0 22.4
225 0 22.5
226 0 22.6
227 0 22.7
228 0 22.8
229 0 22.9
230 0 23
231 0 23.1
232 0 23.2
233 0 23.3
234 0 23.4
235 0 23.5
236 0 23.6
237 0 23.7
238 0 23.8
239 0 23.9
240 0 24
241 0 24.1
242 0 24.2
243 0 24.3
244 0 24.4
245 0 24.5
246 0 24.6
247 0 24.7
248 0 24.8
249 0 24.9
250 0 25
251 0 25.1
252 0 25.2
253 0 25.3
254 0 25.4
255 0 25.5
256 0 25.6
257 0 25.7
258 0 25.8
259 0 25.9
260 0 26
261 0 26.1
262 0 26.2
263 0 26.3
264 0 26.4
265 0 26.5
266 0 26.6
267 0 26.7
268 0 26.8
269 0 26.9
270 0 27
271 0 27.1
272 0 27.2
273 0 27.3
274 0 27.4
275 0 27.5
276 0 27.6
277 0 27.7
278 0 27.8
279 0 27.9
280 0 28
281 0 28.1
282 0 28.2
283 0 28.3
284 0 28.4
285 0 28.5
286 0 28.6
287 0 28.7
288 0 28.8
289 0 28.9
290 0 29
291 0 29.1
292 0 29.2
293 0 29.3
294 0 29.4
295 0 29.5
296 0 29.6
297 0 29.7
298 0 29.8
299 0 29.9
300 0 30
301 0 30.1
302 0 30.2
303 0 30.3
304 0 30.4
305 0 30.5
306 0 30.6
307 0 30.7
308 0 30.8
309 0 30.9
310 0 31
311 0 31.1
312 0 31.2
313 0 31.3
314 0 31.4
315 0 31.5
316 0 31.6
317 0 31.7
318 0 31.8
319 0 31.9
320 0 32
321 0 32.1
322 0 32.2
323 0 32.3
324 0 32.4
325 0 32.5
326 0 32.6
327 0 32.7
328 0 32.8
329 0 32.9
330 0 33
331 0 33.1
332 0 33.2
333 0 33.3
334 0 33.4
335 0 33.5
336 0 33.6
337 0 33.7
338 0 33.8
339 0 33.9
340 0 34
341 0 34.1
342 0 34.2
343 0 34.3
344 0 34.4
345 0 34.5
346 0 34.6
347 0 34.7
348 0 34.8
349 0 34.9
350 0 35
351 0 35.1
352 0 35.2
353 0 35.3
354 0 35.4
355 0 35.5
356 0 35.6
357 0 35.7
358 0 35.8
359 0 35.9
360 0 36
361 0 36.1
362 0 36.2
363 0 36.3
364 0 36.4
365 0 36.5
366 0 36.6
367 0 36.7
368 0 36.8
369 0 36.9
370 0 37
371 0 37.1
372 0 37.2
373 0 37.3
374 0 37.4
375 0 37.5
376 0 37.6
377 0 37.7
378 0 37.8
379 0 37.9
380 0 38
381 0 38.1
382 0 38.2
383 0 38.3
384 0 38.40000000000001
385 0 38.5
386 0 38.6
387 0 38.7
388 0 38.8
389 0 38.90000000000001
390 0 39
391 0 39.1
392 0 39.2
393 0 39.3
394 0 39.40000000000001
395 0 39.5
396 0 39.6
397 0 39.7
398 0 39.8
399 0 39.90000000000001
400 0 40
401 0 40.1
402 0 40.2
403 0 40.3
404 0 40.40000000000001
405 0 40.5
406 0 40.6
407 0 40.7
408 0 40.8
409 0 40.90000000000001
410 0 41
411 0 41.1
412 0 41.2
413 0 41.3
414 0 41.40000000000001
415 0 41.5
416 0 41.6
417 0 41.7
418 0 41.8
419 0 41.90000000000001
420 0 42
421 0 42.1
422 0 42.2
423 0 42.3
424 0 42.40000000000001
425 0 42.5
426 0 42.6
427 0 42.7
428 0 42.8
429 0 42.90000000000001
430 0 43
431 0 43.1
432 0 43.2
433 0 43.3
434 0 43.40000000000001
435 0 43.5
436 0 43.6
437 0 43.7
438 0 43.8
439 0 43.90000000000001
440 0 44
441 0 44.1
442 0 44.2
443 0 44.3
444 0 44.40000000000001
445 0 44.5
446 0 44.6
447 0 44.7
448 0 44.8
449 0 44.90000000000001
450 0 45
451 0 45.1
452 0 45.2
453 0 45.3
454 0 45.40000000000001
455 0 45.5
456 0 45.6
457 0 45.7
458 0 45.8
459 0 45.90000000000001
460 0 46
461 0 46.1
462 0 46.2
463 0 46.3
464 0 46.40000000000001
465 0 46.5
466 0 46.6
467 0 46.7
468 0 46.8
469 0 46.90000000000001
470 0 47
471 0 47.1
472 0 47.2
473 0 47.3
474 0 47.40000000000001
475 0 47.5
476 0 47.6
477 0 47.7
478 0 47.8
479 0 47.90000000000001
480 0 48
481 0 48.1
482 0 48.2
483 0 48.3
484 0 48.40000000000001
485 0 48.5
486 0 48.6
487 0 48.7
488 0 48.8
489 0 48.90000000000001
490 0 49
491 0 49.1
492 0 49.2
493 0 49.3
494 0 49.40000000000001
495 0 49.5
496 0 49.6
497 0 49.7
498 0 49.8
499 0 49.90000000000001
500 0 50
501 0 50.01
502 0 50.02
503 0 50.03
504 0 50.04
505 0 50.05
506 0 50.06
507 0 50.07
508 0 50.08
509 0 50.09
510 0 50.1
511 0 50.11
512 0 50.12
513 0 50.13
514 0 50.14
515 0 50.15
516 0 50.16
517 0 50.17
518 0 50.18
519 0 50.19
520 0 50.2
521 0 50.21
522 0 50.22
523 0 50.23
524 0 50.24
525 0 50.25
526 0 50.26
527 0 50.27
528 0 50.28
529 0 50.29
530 0 50.3
531 0 50.31
532 0 50.32
533 0 50.33
534 0 50.34
535 0 50.35
536 0 50.36
537 0 50.37
538 0 50.38
539 0 50.39
540 0 50.4
541 0 50.41
542 0 50.42
543 0 50.43
544 0 50.44
545 0 50.45
546 0 50.46
547 0 50.47
548 0 50.48
549 0 50.49
550 0 50.5
551 0 50.51
552 0 50.52
553 0 50.53
554 0 50.54
555 0 50.55
556 0 50.56
557 0 50.57
558 0 50.58
559 0 50.59
560 0 50.6
561 0 50.61
562 0 50.62
563 0 50.63
564 0 50.64
565 0 50.65
566 0 50.66
567 0 50.67
568 0 50.68
569 0 50.69
570 0 50.7
571 0 50.71
572 0 50.72
573 0 50.73
574 0 50.74
575 0 50.75
576 0 50.76
577 0 50.77
578 0 50.78
579 0 50.79
580 0 50.8
581 0 50.81
582 0 50.82
583 0 50.83
584 0 50.84
585 0 50.85
586 0 50.86
587 0 50.87
588 0 50.88
589 0 50.89
590 0 50.9
591 0 50.91
592 0 50.92
593 0 50.93
594 0 50.94
595 0 50.95
596 0 50.96
597 0 50.97
598 0 50.98
599 0 50.99
600 0 51
601 0 51.01
602 0 51.02
603 0 51.03
604 0 51.04
605 0 51.05
606 0 51.06
607 0 51.07
608 0 51.08
609 0 51.09
610 0 51.1
611 0 51.11
612 0 51.12
613 0 51.13
614 0 51.14
615 0 51.15
616 0 51.16
617 0 51.17
618 0 51.18
619 0 51.19
620 0 51.2
621 0 51.21
622 0 51.22
623 0 51.23
624 0 51.24
625 0 51.25
626 0 51.26
627 0 51.27
628 0 51.28
629 0 51.29
630 0 51.3
631 0 51.31
632 0 51.32
633 0 51.33
634 0 51.34
635 0 51.35
636 0 51.36
637 0 51.37
638 0 51.38
639 0 51.39
640 0 51.4
641 0 51.41
642 0 51.42
643 0 51.43
644 0 51.44
645 0 51.45
646 0 51.46
647 0 51.47
648 0 51.48
649 0 51.49
650 0 51.5
651 0 51.51
652 0 51.52
653 0 51.53
654 0 51.54
655 0 51.55
656 0 51.56
657 0 51.57
658 0 51.58
659 0 51.59
660 0 51.6
661 0 51.61
662 0 51.62
663 0 51.63
664 0 51.64
665 0 51.65
666 0 51.66
667 0 51.67
668 0 51.68
669 0 51.69
670 0 51.7
671 0 51.71
672 0 51.72
673 0 51.73
674 0 51.74
675 0 51.75
676 0 51.76
677 0 51.77
678 0 51.78
679 0 51.79
680 0 51.8
681 0 51.81
682 0 51.82
683 0 51.83
684 0 51.84
685 0 51.85
686 0 51.86
687 0 51.87
688 0 51.88
689 0 51.89
690 0 51.9
691 0 51.91
692 0 51.92
693 0 51.93
694 0 51.94
695 0 51.95
696 0 51.96
697 0 51.97
698 0 51.98
699 0 51.99
700 0 52
701 0 52.01
702 0 52.02
703 0 52.03
704 0 52.04
705 0 52.05
706 0 52.06
707 0 52.07
708 0 52.08
709 0 52.09
710 0 52.1
711 0 52.11
712 0 52.12
713 0 52.13
714 0 52.14
715 0 52.15
716 0 52.16
717 0 52.17
718 0 52.18
719 0 52.19
720 0 52.2
721 0 52.21
722 0 52.22
723 0 52.23
724 0 52.24
725 0 52.25
726 0 52.26
727 0 52.27
728 0 52.28
729 0 52.29
730 0 52.3
731 0 52.31
732 0 52.32
733 0 52.33
734 0 52.34
735 0 52.35
736 0 52.36
737 0 52.37
738 0 52.38
739 0 52.39
740 0 52.4
741 0 52.41
742 0 52.42
743 0 52.43
744 0 52.44
745 0 52.45
746 0 52.46
747 0 52.47
748 0 52.48
749 0 52.49
750 0 52.5
751 0 52.51
752 0 52.52
753 0 52.53
754 0 52.54
755 0 52.55
756 0 52.56
757 0 52.57
758 0 52.58
759 0 52.59
760 0 52.6
761 0 52.61
762 0 52.62
763 0 52.63
764 0 52.64
765 0 52.65
766 0 52.66
767 0 52.67
768 0 52.68
769 0 52.69
770 0 52.7
771 0 52.71
772 0 52.72
773 0 52.73
774 0 52.74
775 0 52.75
776 0 52.76
777 0 52.77
778 0 52.78
779 0 52.79
780 0 52.8
781 0 52.81
782 0 52.82
783 0 52.83
784 0 52.84
785 0 52.85
786 0 52.86
787 0 52.87
788 0 52.88
789 0 52.89
790 0 52.9
791 0 52.91
792 0 52.92
793 0 52.93
794 0 52.94
795 0 52.95
796 0 52.96
797 0 52.97
798 0 52.98
799 0 52.99
800 0 53
801 0 53.01
802 0 53.02
803 0 53.03
804 0 53.04
805 0 53.05
806 0 53.06
807 0 53.07
808 0 53.08
809 0 53.09
810 0 53.1
811 0 53.11
812 0 53.12
813 0 53.13
814 0 53.14
815 0 53.15
816 0 53.16
817 0 53.17
818 0 53.18
819 0 53.19
820 0 53.2
821 0 53.21
822 0 53.22
823 0 53.23
824 0 53.24
825 0 53.25
826 0 53.26
827 0 53.27
828 0 53.28
829 0 53.29
830 0 53.3
831 0 53.31
832 0 53.32
833 0 53.33
834 0 53.34
835 0 53.35
836 0 53.36
837 0 53.37
838 0 53.38
839 0 53.39
840 0 53.4
841 0 53.41
842 0 53.42
843 0 53.43
844 0 53.44
845 0 53.45
846 0 53.46
847 0 53.47
848 0 53.48
849 0 53.49
850 0 53.5
851 0 53.51
852 0 53.52
853 0 53.53
854 0 53.54
855 0 53.55
856 0 53.56
857 0 53.57
858 0 53.58
859 0 53.59
860 0 53.6
861 0 53.61
862 0 53.62
863 0 53.63
864 0 53.64
865 0 53.65
866 0 53.66
867 0 53.67
868 0 53.68
869 0 53.69
870 0 53.7
871 0 53.71
872 0 53.72
873 0 53.73
874 0 53.74
875 0 53.75
876 0 53.76
877 0 53.77
878 0 53.78
879 0 53.79
880 0 53.8
881 0 53.81
882 0 53.82
883 0 53.83
884 0 53.84
885 0 53.85
886 0 53.86
887 0 53.87
888 0 53.88
889 0 53.89
890 0 53.9
891 0 53.91
892 0 53.92
893 0 53.93
894 0 53.94
895 0 53.95
896 0 53.96
897 0 53.97
898 0 53.98
899 0 53.99
900 0 54
901 0 54.01
902 0 54.02
903 0 54.03
904 0 54.04
905 0 54.05
906 0 54.06
907 0 54.07
908 0 54.08
909 0 54.09
910 0 54.1
911 0 54.11
912 0 54.12
913 0 54.13
914 0 54.14
915 0 54.15
916 0 54.16
917 0 54.17
918 0 54.18
919 0 54.19
920 0 54.2
921 0 54.21
922 0 54.22
923 0 54.23
924 0 54.24
925 0 54.25
926 0 54.26
927 0 54.27
928 0 54.28
929 0 54.29
930 0 54.3
931 0 54.31
932 0 54.32
933 0 54.33
934 0 54.34
935 0 54.35
936 0 54.36
937 0 54.37
938 0 54.38
939 0 54.39
940 0 54.4
941 0 54.41
942 0 54.42
943 0 54.43
944 0 54.44
945 0 54.45
946 0 54.46
947 0 54.47
948 0 54.48
949 0 54.49
950 0 54.5
951 0 54.51
952 0 54.52
953 0 54.53
954 0 54.54
955 0 54.55
956 0 54.56
957 0 54.57
958 0 54.58
959 0 54.59
960 0 54.6
961 0 54.61
962 0 54.62
963 0 54.63
964 0 54.64
965 0 54.65
966 0 54.66
967 0 54.67
968 0 54.68
969 0 54.69
970 0 54.7
971 0 54.71
972 0 54.72
973 0 54.73
974 0 54.74
975 0 54.75
976 0 54.76
977 0 54.77
978 0 54.78
979 0 54.79
980 0 54.8
981 0 54.81
982 0 54.82
983 0 54.83
984 0 54.84
985 0 54.85
986 0 54.86
987 0 54.87
988 0 54.88
989 0 54.89
990 0 54.9
991 0 54.91
992 0 54.92
993 0 54.93
994 0 54.94
995 0 54.95
996 0 54.96
997 0 54.97
998 0 54.98
999 0 54.99
1000 0 55
1001 -613238.7841538925 55.01
1002 188560.115559157 55.02
1003 804099.6305601224 55.03
1004 653060.202583543 55.04
1005 3705911.587211275 55.05
1006 1425937.959587578 55.06
1007 2873413.322075568 55.07
1008 1936057.033439721 55.08
1009 1568983.553065126 55.09
1010 3294287.185264283 55.1
1011 2381645.461450051 55.11
1012 1424178.463954534 55.12
1013 1038784.515209353 55.13
1014 3740896.251001501 55.14
1015 5706602.071728071 55.15
1016 5117083.158434182 55.16
1017 11107194.39433832 55.17
1018 8357416.835976714 55.18
1019 15537533.18490074 55.19
1020 5311283.187369694 55.2
1021 13388428.08990943 55.21
1022 17009041.93803294 55.22
1023 23517029.80878238 55.23
1024 36592124.27972585 55.24
1025 27718680.51372186 55.25
1026 30745929.04578728 55.26
1027 68026190.88954687 55.27
1028 38130013.91307037 55.28
1029 43598994.07126504 55.29
1030 47920463.81095117 55.3
1031 36603505.48989245 55.31
1032 22315962.73070912 55.32
1033 23365260.19037499 55.33
1034 17737539.33510596 55.34
1035 9267356.350472553 55.35
1036 9614737.604381194 55.36
1037 11114567.8972494 55.37
1038 13315439.4919579 55.38
1039 16456554.44483423 55.39
1040 20538568.28094485 55.4
1041 24649514.63124212 55.41
1042 27243965.51272837 55.42
1043 29885004.59420723 55.43
1044 27252734.6491942 55.44
1045 20255640.96439106 55.45
1046 13282872.36274431 55.46
1047 9991564.4503322 55.47
1048 9157121.485112431 55.48
1049 9480085.478950063 55.49
1050 7148101.517073814 55.5
1051 7505426.410436986 55.51
1052 7925425.277336946 55.52
1053 7906724.092661947 55.53
1054 8949294.388682568 55.54
1055 9562828.147574048 55.55
1056 9313135.727867585 55.56
1057 8375087.437266567 55.57
1058 9338065.842055548 55.58
1059 10040970.95112197 55.59
1060 11763105.59702011 55.6
1061 12497052.95203105 55.61
1062 13016956.68872389 55.62
1063 14558952.96978701 55.63
1064 14382222.87183627 55.64
1065 15056852.39514508 55.65
1066 16044607.06974157 55.66
1067 16051031.63488451 55.67
1068 16195964.06235374 55.68
1069 15781428.25672735 55.69
1070 15135345.30658101 55.7
1071 13877960.51208186 55.71
1072 14833591.33008477 55.72
1073 15107521.08600741 55.73
1074 14750366.74466225 55.74
1075 13234487.19812866 55.75
1076 13059338.98759221 55.76
1077 12715494.06659688 55.77
1078 12300134.06878804 55.78
1079 11734565.28073299 55.79
1080 11084320.25648319 55.8
1081 10534920.06746753 55.81
1082 9888456.997733682 55.82
1083 9206739.239822073 55.83
1084 8655547.537680732 55.84
1085 8012686.573760248 55.85
1086 7494281.326918793 55.86
1087 7030863.923200397 55.87
1088 6735243.740853112 55.88
1089 6335262.838860239 55.89
1090 5859541.148250343 55.9
1091 5572995.676779659 55.91
1092 5189501.180480052 55.92
1093 4909956.148369201 55.93
1094 4637065.269017992 55.94
1095 4377137.298956566 55.95
1096 4143355.956015384 55.96
1097 3868147.74774616 55.97
1098 3667463.85541357 55.98
1099 3450469.199428481 55.99
1100 3230714.025934191 56
1101 3033553.296986241 56.01
1102 2846637.943224494 56.02
1103 2685971.5001627 56.03
1104 2530206.3003339 56.04
1105 2382053.447462381 56.05
1106 2236468.781283682 56.06
1107 2098993.197566175 56.07
1108 1964017.530278653 56.08
1109 1836407.507013094 56.09
1110 1716207.251047108 56.1
1111 1602652.605583413 56.11
1112 1495545.010630466 56.12
1113 1393885.417842126 56.13
1114 1299513.346280567 56.14
1115 1210763.024228635 56.15
1116 1126884.261352044 56.16
1117 1049342.075867262 56.17
1118 976260.7145895386 56.18
1119 908029.256371476 56.19
1120 844866.5551431128 56.2
1121 785896.8887578564 56.21
1122 731139.0923974938 56.22
1123 679764.4453981817 56.23
1124 631749.7729553966 56.24
1125 587184.2424209839 56.25
1126 545949.3744081019 56.26
1127 507348.7814130696 56.27
1128 471314.9307993047 56.28
1129 437696.654915217 56.29
1130 406748.7053151972 56.3
1131 377515.6075304975 56.31
1132 350695.9507771118 56.32
1133 325603.5219811801 56.33
1134 302306.6814959696 56.34
1135 280583.0791757448 56.35
1136 260389.5281718225 56.36
1137 241707.0079630488 56.37
1138 224121.1665237118 56.38
1139 208140.6138108512 56.39
1140 193429.6795117936 56.4
1141 180047.6628343446 56.41
1142 166841.073366793 56.42
1143 154871.4012459661 56.43
1144 144111.0794218658 56.44
1145 133848.8961988183 56.45
1146 124416.6848857999 56.46
1147 115566.99994476 56.47
1148 107366.6004303818 56.48
1149 99657.96849254963 56.49
1150 90769.15900951142 56.5
1151 52432.33906118521 56.51
1152 53674.65260258868 56.52
1153 59568.15241174289 56.53
1154 64326.69964449068 56.54
1155 67453.44108598056 56.55
1156 65601.13035361563 56.56
1157 64404.03861699075 56.57
1158 61137.56265200089 56.58
1159 55022.65569042227 56.59
1160 49968.8943241442 56.6
1161 44593.71318371557 56.61
1162 42632.7224387434 56.62
1163 39176.1950641052 56.63
1164 38012.93927006747 56.64
1165 39405.84091200819 56.65
1166 35877.79492752111 56.66
1167 35785.11109385527 56.67
1168 35135.59117684599 56.68
1169 34658.05018149543 56.69
1170 34160.8487428451 56.7
1171 33753.84311051822 56.71
1172 33205.2730482473 56.72
1173 32754.70851465357 56.73
1174 32482.17345317591 56.74
1175 32335.27616973816 56.75
1176 31844.30081577568 56.76
1177 32084.4795832343 56.77
1178 32209.01749384668 56.78
1179 32410.4617616431 56.79
1180 32493.7152174652 56.8
1181 32737.01692282844 56.81
1182 33287.18733207206 56.82
1183 33628.73064461377 56.83
1184 -238058.4555386243 56.84
1185 -264342.7412794877 56.85
1186 -1485755.11947276 56.86
1187 -6253763.84869547 56.87
1188 -10053389.89404083 56.88
1189 -13171002.35261735 56.89
1190 -18138775.50461486 56.9
1191 -19737531.16576258 56.91
1192 -20980551.08082257 56.92
1193 -22357945.37295529 56.93
1194 -24522068.72963154 56.94
1195 -28970443.34125181 56.95
1196 -33387587.14054845 56.96
1197 -38247006.29619253 56.97
1198 -42065174.25368405 56.98
1199 -36642713.82830507 56.99
1200 -36184734.74247437 57
1201 -32963775.5150761 57.01
1202 -34170437.85154334 57.02
1203 -33997125.51958613 57.03
1204 -34775160.62556812 57.04
1205 -36660378.46151683 57.05
1206 -36170932.27407481 57.06
1207 -36908946.45706499 57.07
1208 -36570052.84035025 57.08
1209 -37001960.95268192 57.09
1210 -36743429.71206193 57.1
1211 -36134191.63571488 57.11
1212 -35798520.99782732 57.12
1213 -33690252.60722676 57.13
1214 -32712532.0157647 57.14
1215 -34552652.90712137 57.15
1216 -34178108.89440459 57.16
1217 -36188161.64090015 57.17
1218 -34029956.95043679 57.18
1219 -35499859.36628099 57.19
1220 -34944968.14282527 57.2
1221 -35896798.25893476 57.21
1222 -35277606.55310807 57.22
1223 -34940522.03354131 57.23
1224 -36755192.31104182 57.24
1225 -37247927.6361543 57.25
1226 -39589926.54341391 57.26
1227 -40715414.97126409 57.27
1228 -43750945.85530981 57.28
1229 -42503076.32504049 57.29
1230 -46662346.59663769 57.3
1231 -47367988.41332807 57.31
1232 -48479167.45131123 57.32
1233 -46772568.76282488 57.33
1234 -48205480.4021776 57.34
1235 -46865350.81288327 57.35
1236 -52067048.7087834 57.36
1237 -56819189.49022949 57.37
1238 -58495565.51331871 57.38
1239 -64686577.75046277 57.39
1240 -75093458.80607653 57.4
1241 -64132672.85938793 57.41
1242 -62997033.37466248 57.42
1243 -72205669.02948825 57.43
1244 -77276391.56601508 57.44
1245 -80584867.87039109 57.45
1246 -78248397.91837132 57.46
1247 -75324517.5425958 57.47
1248 -72396133.47876377 57.48
1249 -69806780.38355622 57.49
1250 -72951531.30630001 57.5
1251 -69379938.31807883 57.51
1252 -93997408.24179922 57.52
1253 -94853795.64265592 57.53
1254 -144796149.1192032 57.54
1255 -170557575.0484626 57.55
1256 -120645679.1163118 57.56
1257 -112280009.5192551 57.57
1258 -137945238.5848805 57.58
1259 -150467305.318491 57.59
1260 -147279346.5649308 57.6
1261 -136263399.0809411 57.61
1262 -137776901.429347 57.62
1263 -214936880.5058872 57.63
1264 -279513503.7471049 57.64
1265 -197703790.6426389 57.65
1266 -189979058.7029574 57.66
1267 -266367641.5059877 57.67
1268 -204564739.6459882 57.68
1269 -232569617.1475531 57.69
1270 -302059680.6862084 57.7
1271 -279751557.3507076 57.71
1272 -325705185.7718505 57.72
1273 -376772387.1468366 57.73
1274 -540934621.8957111 57.74
1275 -409117399.9949554 57.75
1276 -535930082.8565299 57.76
1277 -790662961.9113975 57.77
1278 -599097240.2633368 57.78
1279 -476148284.6445147 57.79
1280 -386993959.8355172 57.8
1281 -417796342.7257459 57.81
1282 -603721479.5355833 57.82
1283 -600072155.7452714 57.83
1284 -674583634.1638852 57.84
1285 -815919743.5895325 57.85
1286 -1338494269.656629 57.86
1287 -3810494068.613043 57.87
1288 -1021889573.278898 57.88
1289 -1093546236.64396 57.89
1290 -1116725553.160884 57.9
1291 -2538388979.821556 57.91
1292 -2389563711.590636 57.92
1293 -1807978217.637043 57.93
1294 -1774057342.543921 57.94
1295 -2012783850.299927 57.95
1296 -2716793914.691853 57.96
1297 -3553339399.857776 57.97
1298 -1718982810.961442 57.98
1299 -1493619479.525872 57.99
1300 -1377598729.525942 58
1301 -1499965556.553138 58.01
1302 -1857381825.120109 58.02
1303 -1951489975.93262 58.03
1304 -2036489088.131783 58.04
1305 -1986355573.002062 58.05
1306 -2066127807.746531 58.06
1307 -2106805439.375797 58.07
1308 -2208391118.368008 58.08
1309 -2062656666.636477 58.09
1310 -1854470373.487933 58.1
1311 -1793900605.720469 58.11
1312 -1997199998.963305 58.12
1313 -1543684731.755347 58.13
1314 -1325104754.605913 58.14
1315 -1378482891.395149 58.15
1316 -1377547903.158564 58.16
1317 -1663296351.769902 58.17
1318 -2429687284.660869 58.18
1319 -2497051828.778774 58.19
1320 -2177094950.771385 58.2
1321 -2116690186.891339 58.21
1322 -2116342666.573115 58.22
1323 -2080068901.617037 58.23
1324 -2435923074.422451 58.24
1325 -2356558591.335146 58.25
1326 -2256513991.846776 58.26
1327 -2238381237.89636 58.27
1328 -2362179724.479829 58.28
1329 -2582677024.025036 58.29
1330 -3012558276.000288 58.3
1331 -3170447619.008516 58.31
1332 -3284292233.009196 58.32
1333 -4277378034.348078 58.33
1334 -4896426162.008007 58.34
1335 -4459750723.359985 58.35
1336 -4599945523.872021 58.36
1337 -4760482821.100749 58.37
1338 -4780206057.402713 58.38
1339 -3367361961.415962 58.39
1340 -3633135103.761075 58.4
1341 -3600702557.619617 58.41
1342 -3449445739.854088 58.42
1343 -3622495196.43273 58.43
1344 -3521680058.876715 58.44
1345 -3811809220.169978 58.45
1346 -3097238088.435021 58.46
1347 -4167160855.266794 58.47
1348 -8335258594.196332 58.48
1349 -4617447436.445309 58.49
1350 -5049035550.007819 58.5
1351 -4348646070.222898 58.51
1352 -3848338416.04083 58.52
1353 -4248660821.616401 58.53
1354 -4071024704.614863 58.54
1355 -4388757299.550465 58.55
1356 -4395596845.592834 58.56
1357 -4795507486.42614 58.57
1358 -6298135148.777165 58.58
1359 -16535677182.07841 58.59
1360 -16530009360.34633 58.6
1361 -7385935772.872146 58.61
1362 -4864473544.148508 58.62
1363 -6897835684.030033 58.63
1364 -6470704898.921785 58.64
1365 -8445217111.246047 58.65
1366 -7017521791.628363 58.66
1367 -8563376607.395776 58.67
1368 -6937860089.916997 58.68
1369 -6684103519.599401 58.69
1370 -8080199091.673536 58.7
1371 -9594860567.923634 58.71
1372 -12105650964.14554 58.72
1373 -16197380726.66859 58.73
1374 -12993744845.46109 58.74
1375 -10541786931.98108 58.75
1376 -8836244390.879395 58.76
1377 -8702840659.10936 58.77
1378 -8252020237.95782 58.78
1379 -6695014599.643265 58.79
1380 -6867227240.877217 58.8
1381 -7079247695.330408 58.81
1382 -7357025347.061347 58.82
1383 -7583700180.441003 58.83
1384 -7847163912.797876 58.84
1385 -7225585738.110774 58.85
1386 -7655649252.742476 58.86
1387 -8499585253.84937 58.87
1388 -7808136334.506179 58.88
1389 -8585678222.201124 58.89
1390 -7600218490.948689 58.9
1391 -7833709877.342717 58.91
1392 -7465173525.963254 58.92
1393 -7973138914.013492 58.93
1394 -8430432605.042012 58.94
1395 -8364493256.872093 58.95
1396 -8218368203.879173 58.96
1397 -8269945164.414978 58.97
1398 -8454260640.039857 58.98
1399 -8796951516.790367 58.99
1400 -9085797714.111542 59
1401 -9940917058.183208 59.01
1402 -10024778348.50654 59.02
1403 -10397659123.46934 59.03
1404 -10779364768.89513 59.04
1405 -11332742990.85169 59.05
1406 -11862864924.45734 59.06
1407 -16593794403.66508 59.07
1408 -20815530795.87541 59.08
1409 -13135116906.31858 59.09
1410 -12530010810.13951 59.1
1411 -12309422160.32452 59.11
1412 -13122256383.20418 59.12
1413 -12748343221.57713 59.13
1414 -11653986309.09361 59.14
1415 -14456536258.32492 59.15
1416 -61846319515.26077 59.16
1417 -20786731939.07292 59.17
1418 -17591992294.29629 59.18
1419 -14114958470.65859 59.19
1420 -12647884725.48879 59.2
1421 -11525473711.37575 59.21
1422 -11800064750.43706 59.22
1423 -13217572327.97019 59.23
1424 -14077827671.78219 59.24
1425 -16375546946.14635 59.25
1426 -18087301671.05178 59.26
1427 -22702374187.22162 59.27
1428 -18388775900.97533 59.28
1429 -19713548045.89469 59.29
1430 -17504628877.74725 59.3
1431 -20017772801.46613 59.31
1432 -17709264522.14513 59.32
1433 -15938776011.87318 59.33
1434 -14869321498.52325 59.34
1435 -13709231659.21354 59.35
1436 -18735720758.93216 59.36
1437 -19000203197.5397 59.37
1438 -18146898909.79115 59.38
1439 -15715842521.29437 59.39
1440 -14208161023.10477 59.4
1441 -13656896614.46796 59.41
1442 -13082045952.234 59.42
1443 -13823044686.27334 59.43
1444 -15086527827.48476 59.44
1445 -14363793486.48153 59.45
1446 -16873637661.94047 59.46
1447 -14432910329.60993 59.47
1448 -14439405264.36116 59.48
1449 -14641530166.46152 59.49
1450 -22409912975.28341 59.5
1451 -18022691148.28467 59.51
1452 -17953596210.90215 59.52
1453 -21035140725.33953 59.53
1454 -17919991988.93759 59.54
1455 -15200925490.66752 59.55
1456 -13071505452.78925 59.56
1457 -7869236855.397228 59.57
1458 -8081860283.799626 59.58
1459 -8604282486.268902 59.59
1460 -9406853194.375847 59.6
1461 -9175336293.72016 59.61
1462 -9827069564.304792 59.62
1463 -9956510901.50819 59.63
1464 -9866768662.875307 59.64
1465 -10618025723.25355 59.65
1466 -12465551955.18567 59.66
1467 -13005238227.73607 59.67
1468 -14173151500.76057 59.68
1469 -12374473016.74462 59.69
1470 -12902868321.90759 59.7
1471 -12675305333.84377 59.71
1472 -13847115455.49924 59.72
1473 -17371851897.76865 59.73
1474 -18901589291.24054 59.74
1475 -18340230325.55587 59.75
1476 -17284115337.68131 59.76
1477 -16679285399.59002 59.77
1478 -13408795322.07827 59.78
1479 -11798182589.83202 59.79
1480 -14908253853.12303 59.8
1481 -14423320507.76374 59.81
1482 -13672327786.59244 59.82
1483 -12657552281.98828 59.83
1484 -11481487833.74885 59.84
1485 -12900895652.92449 59.85
1486 -13276185488.89153 59.86
1487 -12313636756.96749 59.87
1488 -12518681063.95503 59.88
1489 -10811493618.61055 59.89
1490 -16346342875.24083 59.9
1491 -12516857937.88179 59.91
1492 -11225364836.02434 59.92
1493 -10459998677.91086 59.93
1494 -11232790897.68562 59.94
1495 -10561167533.79512 59.95
1496 -12314725805.78282 59.96
1497 -11188458426.00955 59.97
1498 -10710037044.59089 59.98
1499 -11736168722.45258 59.99
1500 -14783986163.36314 60
1501 -18045343690.32302 60.01
1502 -19107505429.30981 60.02
1503 -16159921498.38216 60.03
1504 -13178330837.19648 60.04
1505 -13643590330.92859 60.05
1506 -15011814298.34334 60.06
1507 -12795084873.62609 60.07
1508 -18419931168.65429 60.08
1509 -28584473410.09283 60.09
1510 -20121879420.87653 60.1
1511 -16026080294.40664 60.11
1512 -14774889066.64087 60.12
1513 -18860085749.73673 60.13
1514 -13941234244.46051 60.14
1515 -9704968715.33436 60.15
1516 -9248447853.186258 60.16
1517 -9925499173.709442 60.17
1518 -10976129424.32214 60.18
1519 -11238472990.37588 60.19
1520 -10270209779.51327 60.2
1521 -11553125632.72932 60.21
1522 -11632708625.73574 60.22
1523 -11299007604.67118 60.23
1524 -11147402371.22907 60.24
1525 -12316388273.18247 60.25
1526 -11554444853.94724 60.26
1527 -13283578076.45976 60.27
1528 -15723215504.99579 60.28
1529 -14190268210.41809 60.29
1530 -15693786997.2985 60.3
1531 -14332882450.49494 60.31
1532 -18888908644.2554 60.32
1533 -17598598229.09814 60.33
1534 -32736856014.10343 60.34
1535 -21737797971.72173 60.35
1536 -17070148964.93332 60.36
1537 -21989066750.42078 60.37
1538 -19425239765.18843 60.38
1539 -21877329375.68193 60.39
1540 -21697532725.09318 60.4
1541 -18787772641.82391 60.41
1542 -21576084969.29399 60.42
1543 -26851460049.61979 60.43
1544 -27120983872.60553 60.44
1545 -26280380863.62229 60.45
1546 -53905669991.14674 60.46
1547 -45341985361.61006 60.47
1548 -36533249926.36398 60.48
1549 -30235402129.9803 60.49
1550 -25571007831.7597 60.5
1551 -28257126384.66446 60.51
1552 -30677130191.22157 60.52
1553 -33527696334.1909 60.53
1554 -33621473681.41788 60.54
1555 -36475229245.36188 60.55
1556 -59766163800.46648 60.56
1557 -50109115263.46049 60.57
1558 -49427903234.39521 60.58
1559 -52282125545.02222 60.59
1560 -56886576495.83069 60.6
1561 -59899961667.09348 60.61
1562 -61684181154.55338 60.62
1563 -62923260325.15353 60.63
1564 -58629331614.54334 60.64
1565 -55020484920.00349 60.65
1566 -54574349112.64697 60.66
1567 -57152336062.44051 60.67
1568 -62119940571.67442 60.68
1569 -66010445112.29591 60.69
1570 -62805298988.83212 60.7
1571 -65623142218.10599 60.71
1572 -72551256730.56064 60.72
1573 -69960326637.25388 60.73
1574 -72509822800.63622 60.74
1575 -69936448877.78745 60.75
1576 -71547863380.27318 60.76
1577 -73377957285.3643 60.77
1578 -73033635778.12231 60.78
1579 -78463521563.77716 60.79
1580 -78035733921.55356 60.8
1581 -84446064406.28502 60.81
1582 -94605506188.94626 60.82
1583 -90867396067.64354 60.83
1584 -96993875852.13855 60.84
1585 -118071405183.4943 60.85
1586 -104422717100.39 60.86
1587 -104502297933.9552 60.87
1588 -104397098797.8968 60.88
1589 -108609670205.0876 60.89
1590 -112102618469.692 60.9
1591 -112898093954.7282 60.91
1592 -112386942005.1528 60.92
1593 -123974924721.6922 60.93
1594 -132715197222.9892 60.94
1595 -130017017810.1389 60.95
1596 -136808432430.1412 60.96
1597 -129742399163.1777 60.97
1598 -135053012616.5081 60.98
1599 -136346843124.4303 60.99
1600 -138108691220.2459 61
1601 -141665902315.5025 61.01
1602 -138006638965.7437 61.02
1603 -147343837933.5905 61.03
1604 -146403601600.0201 61.04
1605 -147488734777.197 61.05
1606 -162092854286.762 61.06
1607 -156934361541.3848 61.07
1608 -164582225517.2273 61.08
1609 -157758217232.4188 61.09
1610 -166625809391.1814 61.1
1611 -166782687282.079 61.11
1612 -163961837691.1036 61.12
1613 -162779303734.6636 61.13
1614 -191826770875.8872 61.14
1615 -180875604779.9409 61.15
1616 -176552326612.3405 61.16
1617 -173765026915.1556 61.17
1618 -161593996871.9887 61.18
1619 -170972281457.2986 61.19
1620 -175157445817.5912 61.2
1621 -174165429951.9757 61.21
1622 -173279424577.1268 61.22
1623 -177136760141.1158 61.23
1624 -172165744510.2586 61.24
1625 -172096481726.9526 61.25
1626 -178262580089.7534 61.26
1627 -186336339735.5711 61.27
1628 -188749777198.014 61.28
1629 -183783223319.7756 61.29
1630 -182730453875.8531 61.3
1631 -183537724809.4156 61.31
1632 -183085044977.0872 61.32
1633 -187669066774.2126 61.33
1634 -189465576829.5344 61.34
1635 -191163149255.8485 61.35
1636 -197846033716.6023 61.36
1637 -201305556799.6636 61.37
1638 -191553165107.0402 61.38
1639 -197319599959.6115 61.39
1640 -200537849940.7576 61.4
1641 -190777962719.0147 61.41
1642 -187345909687.5577 61.42
1643 -200383594998.8732 61.43
1644 -208722262236.574 61.44
1645 -208819780664.8723 61.45
1646 -204810224009.0476 61.46
1647 -211340656751.0327 61.47
1648 -215989941292.1958 61.48
1649 -218577436507.5195 61.49
1650 -217760630551.8412 61.5
1651 -219405817408.5909 61.51
1652 -220206285713.7933 61.52
1653 -229119543598.1215 61.53
1654 -236895195058.652 61.54
1655 -231998034366.6169 61.55
1656 -235773316054.9857 61.56
1657 -240410037028.9427 61.57
1658 -238621889950.0517 61.58
1659 -247224208012.2327 61.59
1660 -237773181438.35 61.6
1661 -240737972938.8483 61.61
1662 -245921872544.5471 61.62
1663 -219531963834.9662 61.63
1664 -211642541373.5609 61.64
1665 -208268407245.5089 61.65
1666 -213372537907.2018 61.66
1667 -235563677786.3376 61.67
1668 -265467246486.8478 61.68
1669 -276764981333.4998 61.69
1670 -253789181068.3482 61.7
1671 -252136568952.4579 61.71
1672 -255716952679.4788 61.72
1673 -262295701446.5629 61.73
1674 -258358177347.7432 61.74
1675 -270892062021.7705 61.75
1676 -269321181485.0788 61.76
1677 -265474810979.0889 61.77
1678 -268190505775.0273 61.78
1679 -271345211689.4695 61.79
1680 -282492832040.6971 61.8
1681 -277050808737.6132 61.81
1682 -278814747260.7805 61.82
1683 -284089475448.0406 61.83
1684 -288754381951.3277 61.84
1685 -291923427805.5204 61.85
1686 -299510105638.9089 61.86
1687 -312795309640.4872 61.87
1688 -327723486458.8654 61.88
1689 -328523743063.9708 61.89
1690 -333770651042.6501 61.9
1691 -346265347401.1443 61.91
1692 -347551928778.4567 61.92
1693 -356711646771.9614 61.93
1694 -370237162862.3664 61.94
1695 -382418606341.5379 61.95
1696 -389511499004.6812 61.96
1697 -399535742225.3198 61.97
1698 -207983644593.732 61.98
1699 -391307026840.1256 61.99
1700 -415509125052.7543 62
1701 -414764525824.7849 62.01
1702 -451504104893.0671 62.02
1703 -453128460474.7269 62.03
1704 -192890339522.0091 62.04
1705 -389840284186.6828 62.05
1706 -223249306982.8233 62.06
1707 -464850148933.972 62.07
1708 -228313936963.8234 62.08
1709 -459351786010.9105 62.09
1710 -500498965354.0408 62.1
1711 -503893528851.6198 62.11
1712 -515530190802.6491 62.12
1713 -519093267789.0193 62.13
1714 -498045837661.9194 62.14
1715 -358917665997.5363 62.15
1716 -266508994850.4436 62.16
1717 -421934365867.8926 62.17
1718 -563813426466.3541 62.18
1719 -511468471990.369 62.19
1720 -520234998133.2062 62.2
1721 -480031541558.3474 62.21
1722 -467413918183.1604 62.22
1723 -414574179129.6859 62.23
1724 -429044693363.5049 62.24
1725 -552490383454.5144 62.25
1726 -523472319873.2339 62.26
1727 -549626010584.1867 62.27
1728 -522871969053.688 62.28
1729 -250911269772.9309 62.29
1730 -526753928402.1672 62.3
1731 -528986945014.6055 62.31
1732 -533894289194.2516 62.32
1733 -520297141227.4849 62.33
1734 -296496268764.275 62.34
1735 -513596043865.5724 62.35
1736 -503283638805.064 62.36
1737 -494640637687.9271 62.37
1738 -395772989120.0443 62.38
1739 -244386878461.4347 62.39
1740 -487163308432.2916 62.4
1741 -487035428330.1321 62.41
1742 -415442772004.3886 62.42
1743 -448789190115.3973 62.43
1744 -453521425054.7518 62.44
1745 -440611821273.9572 62.45
1746 -370248141036.7082 62.46
1747 -435701789428.2159 62.47
1748 -429697555135.0548 62.48
1749 -427058238134.4055 62.49
1750 -298497471163.3546 62.5
1751 -363567050611.4045 62.51
1752 -372327397398.542 62.52
1753 -402112514241.8319 62.53
1754 -400024469010.5079 62.54
1755 -395436408467.2474 62.55
1756 -386752981552.8153 62.56
1757 -332255294794.2991 62.57
1758 -335239001253.4671 62.58
1759 -251915713881.9928 62.59
1760 -282366932183.0815 62.6
1761 -394967649419.8743 62.61
1762 -399593036472.9407 62.62
1763 -335478008722.5483 62.63
1764 -245306448670.4489 62.64
1765 -385261351965.891 62.65
1766 -345848006696.0909 62.66
1767 -242068262506.3092 62.67
1768 -393102739111.4422 62.68
1769 -353998390332.002 62.69
1770 -241528279397.7953 62.7
1771 -375600461565.2966 62.71
1772 -343151887311.5155 62.72
1773 -329140511827.1734 62.73
1774 -329303694727.6064 62.74
1775 -321743123395.9348 62.75
1776 -315972874068.271 62.76
1777 -304265970699.9032 62.77
1778 -293925876479.8223 62.78
1779 -285512622019.4619 62.79
1780 -273010392355.4198 62.8
1781 -266810442575.6443 62.81
1782 -267366706843.5125 62.82
1783 -259727134450.3791 62.83
1784 -244691709432.6913 62.84
1785 -248503549715.6582 62.85
1786 -238431878132.0567 62.86
1787 -238489791256.9431 62.87
1788 -231136500650.5474 62.88
1789 -228295113578.3952 62.89
1790 -234807566729.8509 62.9
1791 -237004693286.0353 62.91
1792 -235655677334.0099 62.92
1793 -223255207241.8004 62.93
1794 -228607637657.4129 62.94
1795 -233983414077.581 62.95
1796 -237491406472.9736 62.96
1797 -245300971346.6908 62.97
1798 -235437087218.9958 62.98
1799 -244963528604.6269 62.99
1800 -243773977661.258 63
1801 -243839163610.8097 63.01
1802 -244460733082.9572 63.02
1803 -245420926985.2502 63.03
1804 -245420616498.6651 63.04
1805 -251317472186.2157 63.05
1806 -249783738599.9782 63.06
1807 -248728227344.0705 63.07
1808 -250471199698.3636 63.08
1809 -255901603957.7821 63.09
1810 -265681196975.2726 63.1
1811 -263199555576.1327 63.11
1812 -258455530784.5508 63.12
1813 -257383773207.4808 63.13
1814 -254644738415.7886 63.14
1815 -253965626755.1093 63.15
1816 -259700072703.4153 63.16
1817 -257545827823.9655 63.17
1818 -274373394798.377 63.18
1819 -264853657411.3507 63.19
1820 -260023971497.9086 63.2
1821 -261782440090.036 63.21
1822 -262444801496.1709 63.22
1823 -262828741410.8783 63.23
1824 -262573199302.5166 63.24
1825 -266133508696.7811 63.25
1826 -273186210239.5488 63.26
1827 -265838127595.0048 63.27
1828 -266546697527.357 63.28
1829 -267870309403.0237 63.29
1830 -269420133400.3736 63.3
1831 -269103010363.0258 63.31
1832 -274511137370.0141 63.32
1833 -273544101137.6457 63.33
1834 -275762519867.3372 63.34
1835 -276070623231.8277 63.35
1836 -278073703983.4189 63.36
1837 -275899329781.4437 63.37
1838 -280928219542.0718 63.38
1839 -285235213872.1292 63.39
1840 -280122302353.8643 63.4
1841 -282496599847.0378 63.41
1842 -280123012038.9336 63.42
1843 -282403466476.1476 63.43
1844 -285539448934.5063 63.44
1845 -286729829798.7507 63.45
1846 -296504051888.481 63.46
1847 -297647803491.0463 63.47
1848 -288722876972.4587 63.48
1849 -291366424592.5708 63.49
1850 -293125644037.7583 63.5
1851 -302853535503.1621 63.51
1852 -288157340607.3163 63.52
1853 -310404368034.663 63.53
1854 -292185707305.4515 63.54
1855 -301354273925.7301 63.55
1856 -311345699687.7789 63.56
1857 -394539836959.4846 63.57
1858 -471325766525.1068 63.58
1859 -768631644769.2524 63.59
1860 -863264452160.0573 63.6
1861 -232171492361.657 63.61
1862 -265505232858.2262 63.62
1863 -220497200395.6396 63.63
1864 -110519981115.7523 63.64
1865 -54546946813.70836 63.65
1866 -101257884426.6334 63.66
1867 -169239682612.8246 63.67
1868 -75383238435.14409 63.68
1869 -83719909016.41122 63.69
1870 -97417199681.62607 63.7
1871 -92622930867.66933 63.71
1872 -44775847044.23243 63.72
1873 -119890750537.5856 63.73
1874 -70582488296.50018 63.74
1875 -123911923361.5459 63.75
1876 -89323491951.10193 63.76
1877 -62755214496.22021 63.77
1878 -109593398142.8905 63.78
1879 -200851176431.4692 63.79
1880 -113902717155.6408 63.8
1881 -197567462752.3734 63.81
1882 -221373282728.4699 63.82
1883 -59678269967.98059 63.83
1884 -223859188747.3135 63.84
1885 -108632566964.2858 63.85
1886 -112534537251.3172 63.86
1887 -113127628259.4551 63.87
1888 -112239746176.608 63.88
1889 -74562465444.81238 63.89
1890 -68378016723.96478 63.9
1891 -72688490058.92157 63.91
1892 -72972664203.39171 63.92
1893 -80093942878.70799 63.93
1894 -63768275827.85076 63.94
1895 -88638618047.99266 63.95
1896 29993592807.90064 63.96
1897 -104652453216.0033 63.97
1898 -66508341321.79688 63.98
1899 -60503661286.94241 63.99
1900 -312159542828.9603 64
1901 -419521273879.8973 64.01000000000001
1902 -106902738787.469 64.02
1903 -59681183362.4345 64.03
1904 -106440847302.0302 64.04000000000001
1905 -119521314775.0782 64.05
1906 -116139492339.0905 64.06
1907 -88035473960.09021 64.06999999999999
1908 -68031591047.7092 64.08
1909 -52444924901.55456 64.09
1910 -41420530082.52827 64.09999999999999
1911 -33850291065.45849 64.11
1912 -30266123711.90328 64.12
1913 -27131503873.04848 64.13
1914 -23305345881.16574 64.14
1915 -25390811060.57157 64.15000000000001
1916 -21179918603.98691 64.16
1917 -18958251360.50186 64.17
1918 -18128077273.64721 64.18000000000001
1919 -21483263375.64067 64.19
1920 -29164445296.39926 64.2
1921 -19223029229.10934 64.21000000000001
1922 -18167462130.4631 64.22
1923 -20466421153.1535 64.23
1924 -19071055726.02841 64.23999999999999
1925 -17946274852.20478 64.25
1926 -17807441825.66696 64.26000000000001
1927 -19655104735.77528 64.27
1928 -19712014226.59532 64.28
1929 -18303993580.72527 64.29000000000001
1930 -17257744094.21661 64.3
1931 -17937560075.60306 64.31
1932 -18119498333.93776 64.31999999999999
1933 -18277092794.54343 64.33
1934 -19191033876.98713 64.34
1935 -17262576989.61673 64.34999999999999
1936 -18389547417.83305 64.36
1937 -18936804925.9974 64.37
1938 -19631486309.67705 64.38
1939 -19725142098.14396 64.39
1940 -20635999731.85766 64.40000000000001
1941 -20405691879.70882 64.41
1942 -18829282341.97939 64.42
1943 -19941996804.58813 64.43000000000001
1944 -15627629166.97815 64.44
1945 -14715580447.53872 64.45
1946 -12683986334.84508 64.46000000000001
1947 -12049332882.35917 64.47
1948 -13704975952.74619 64.48
1949 -17271430898.06144 64.48999999999999
1950 -23209316381.43701 64.5
1951 -23554470027.04051 64.51000000000001
1952 -25148740832.63267 64.52
1953 -23573441255.83211 64.53
1954 -20911071716.63075 64.54000000000001
1955 -18380832754.6272 64.55
1956 -19118864152.97852 64.56
1957 -19694892732.62223 64.56999999999999
1958 -21053541208.94035 64.58
1959 -26720385153.89698 64.59
1960 -24054554804.39711 64.59999999999999
1961 -23377033525.57896 64.61
1962 -23703694372.22019 64.62
1963 -25795167652.0327 64.63
1964 -27419160706.56706 64.64
1965 -26183606589.72424 64.65000000000001
1966 -26973146755.12029 64.66
1967 -30283546751.51961 64.67
1968 -33193682771.67753 64.68000000000001
1969 -33397914415.87222 64.69
1970 -31580030336.41077 64.7
1971 -30790954044.74174 64.71000000000001
1972 -33891952762.16756 64.72
1973 -39644225023.4269 64.73
1974 -37944025510.76876 64.73999999999999
1975 -39047377334.2438 64.75
1976 -39835131589.38885 64.76000000000001
1977 -40159207923.39493 64.77
1978 -42086672053.61115 64.78
1979 -43268199110.64565 64.79000000000001
1980 -54204876138.71091 64.8
1981 -53726645914.41887 64.81
1982 -50787513653.92416 64.81999999999999
1983 -46412308444.32592 64.83
1984 -48191517858.53187 64.84
1985 -54795237164.4661 64.84999999999999
1986 -60514222098.06251 64.86
1987 -58813463375.18845 64.87
1988 -66760283940.78217 64.88
1989 -61387297937.12676 64.89
1990 -67251579776.8079 64.90000000000001
1991 -68022240476.5117 64.91
1992 -67922016647.68833 64.92
1993 -70955660454.06779 64.93000000000001
1994 -88379451738.71181 64.94
1995 -94891088219.59358 64.95
1996 -79721331345.99974 64.96000000000001
1997 -78505647017.12807 64.97
1998 -85240473522.19995 64.98
1999 -86508099942.16518 64.98999999999999
2000 -92487478459.51125 65
