"temperatura-rfile"
"Time Step" "temperatura etc.."
("Time Step" "temperatura" "flow-time")
0 341.3207096845347 0
1 334.1092755498877 0.1
2 340.6695369179817 0.2
3 353.1051583495847 0.3
4 367.6351877763449 0.4
5 384.5268740611923 0.5
6 406.8119480000355 0.6000000000000001
7 434.3291679446161 0.7000000000000001
8 461.302586010738 0.8
9 485.3092492439403 0.9
10 506.966340880794 1
11 526.4148773028073 1.1
12 544.539485511007 1.2
13 562.5037484118726 1.3
14 580.3013671569321 1.4
15 598.1443921578738 1.5
16 612.799240722265 1.6
17 629.3311604416573 1.7
18 645.6674759096455 1.8
19 661.303992893402 1.9
20 672.67923111679 2
21 686.4767343532096 2.1
22 695.4145967842911 2.2
23 706.9475331592839 2.3
24 715.1996413967098 2.4
25 722.5105379396917 2.5
26 729.1112205961489 2.6
27 735.2244286056002 2.7
28 740.9502608837249 2.8
29 746.266770446707 2.9
30 751.1733104157834 3
31 755.6974933336514 3.1
32 759.8926093871922 3.2
33 763.7523519177057 3.3
34 767.326920452611 3.4
35 770.6185431900745 3.5
36 773.7007999311588 3.6
37 776.5979998761387 3.7
38 779.4034631700353 3.8
39 782.0828719312415 3.9
40 784.6890441395498 4
41 787.233185196356 4.100000000000001
42 789.7453277066397 4.2
43 792.2362992025623 4.3
44 794.7298339274859 4.4
45 797.2082243499178 4.5
46 799.6747139239333 4.600000000000001
47 802.1113212217751 4.7
48 804.5538430931941 4.800000000000001
49 806.9962361243392 4.9
50 809.4452731845928 5
51 811.8941449247684 5.100000000000001
52 814.2880351445619 5.2
53 816.7604646789218 5.300000000000001
54 819.18005333774 5.4
55 821.5950854318844 5.5
56 823.9985721498762 5.600000000000001
57 826.3907981628842 5.7
58 828.7664281105148 5.800000000000001
59 831.1269699661316 5.9
60 833.4654403529972 6
61 835.7820135924942 6.100000000000001
62 838.081334468875 6.2
63 840.3669122283212 6.300000000000001
64 842.6384920922719 6.4
65 844.8903890625206 6.5
66 847.1199980755515 6.600000000000001
67 849.3415576993989 6.7
68 851.5497948746339 6.800000000000001
69 853.7394585579756 6.9
70 855.915214478818 7
71 858.0733128288181 7.100000000000001
72 860.2133528155192 7.2
73 862.3340999965698 7.300000000000001
74 864.4371106166304 7.4
75 866.5265786955472 7.5
76 868.5919376762275 7.600000000000001
77 870.6423103248292 7.7
78 872.6644661827216 7.800000000000001
79 874.6671260414927 7.9
80 876.6473615859533 8
81 878.6091962537886 8.1
82 880.5528412812887 8.200000000000001
83 882.4834686604917 8.300000000000001
84 884.3481612394389 8.4
85 886.3330266581139 8.5
86 887.7523639846635 8.6
87 889.0331331213481 8.700000000000001
88 890.6748847099377 8.800000000000001
89 891.8553481870605 8.9
90 893.1328927740146 9
91 894.0598478518652 9.1
92 895.208943616651 9.200000000000001
93 895.996388786944 9.300000000000001
94 897.1111408407116 9.4
95 897.8052607900208 9.5
96 898.9153964960717 9.600000000000001
97 899.5573595161743 9.700000000000001
98 900.6247265922874 9.800000000000001
99 901.2185970570562 9.9
100 901.8764755795992 10
101 902.9630964380217 10.1
102 903.4949512453525 10.2
103 904.5633764801318 10.3
104 905.0250135617512 10.4
105 905.6522520371529 10.5
106 906.10593962197 10.6
107 906.6910926591989 10.7
108 907.83086219635 10.8
109 908.0841306680068 10.9
110 907.9946354550334 11
111 908.3141967503335 11.1
112 907.9363154362699 11.2
113 908.0392070935933 11.3
114 907.2257020420411 11.4
115 907.0938040752824 11.5
116 905.7982004347143 11.6
117 905.4529675027542 11.7
118 904.0933283302126 11.8
119 903.6465685014736 11.9
120 902.3766197977126 12
121 901.8956491849173 12.1
122 901.3574931460087 12.2
123 900.4237318463902 12.3
124 900.1913236396072 12.4
125 899.7662721437184 12.5
126 898.7964834797132 12.6
127 898.668901350076 12.7
128 897.2044965503515 12.8
129 893.3721205447921 12.9
130 890.6084020399496 13
131 888.8959570569907 13.1
132 887.8113513941624 13.2
133 887.1234860116314 13.3
134 886.6627751024793 13.4
135 886.3351946007622 13.5
136 886.0623180481837 13.6
137 885.8058483053572 13.7
138 885.5835088111705 13.8
139 885.4006211487214 13.9
140 885.2304683379558 14
141 885.0862995980731 14.1
142 884.9623796286807 14.2
143 884.8292191997766 14.3
144 884.6785778793343 14.4
145 884.7371186998643 14.5
146 884.8045634951487 14.6
147 884.8544478911519 14.7
148 884.8904392570106 14.8
149 884.9135927681591 14.9
150 884.9224254235663 15
151 884.9265557086144 15.1
152 884.9281594006835 15.2
153 884.9284279457864 15.3
154 884.9275909404253 15.4
155 884.9265558838202 15.5
156 884.9194918086605 15.6
157 884.913410511154 15.7
158 884.9086084310138 15.8
159 884.9046930960508 15.9
160 884.9013006497267 16
161 884.8988760003288 16.1
162 884.8909528236139 16.2
163 884.8850170355114 16.3
164 884.8804608328848 16.4
165 884.8771349481635 16.5
166 884.8750261012749 16.6
167 884.8737300063062 16.7
168 884.8669790242147 16.8
169 884.8616944940782 16.9
170 884.8578493580292 17
171 884.8555719490392 17.1
172 884.8541660646995 17.2
173 884.8538192354306 17.3
174 884.8476355339182 17.4
175 884.8431885903784 17.5
176 884.8402533893448 17.6
177 884.8382304775919 17.7
178 884.8373665867216 17.8
179 884.8369839112893 17.9
180 884.8315024721934 18
181 884.8276588693105 18.1
182 884.8247375642103 18.2
183 884.8233059633117 18.3
184 884.8224000723583 18.4
185 884.82197323433 18.5
186 884.8163938317409 18.6
187 884.8125175449596 18.7
188 884.8096586933194 18.8
189 884.8081973765543 18.9
190 884.8069871770047 19
191 884.8067057774123 19.1
192 884.8010178894948 19.2
193 884.7966538439405 19.3
194 884.7936961115855 19.4
195 884.7919732522349 19.5
196 884.7908018356165 19.6
197 884.790185146553 19.7
198 884.7844183426313 19.8
199 884.7796276626829 19.9
200 884.7767658524861 20
201 884.7747200382149 20.1
202 884.7733258106221 20.2
203 884.7725196912145 20.3
204 884.7662620772829 20.4
205 884.7615655099028 20.5
206 884.7579505974237 20.6
207 884.7559082071023 20.7
208 884.7542875248892 20.8
209 884.7533134195529 20.9
210 884.7471727666543 21
211 884.7420489581035 21.1
212 884.7385907359788 21.2
213 884.7362112188259 21.3
214 884.7343372568437 21.4
215 884.7329001598164 21.5
216 884.7265505436905 21.6
217 884.7214056799938 21.7
218 884.7177980729459 21.8
219 884.7150127927273 21.9
220 884.7117667958056 22
221 884.7098689656706 22.1
222 884.7024898923806 22.2
223 884.6967952719687 22.3
224 884.6926489293737 22.4
225 884.6897989622321 22.5
226 884.6876325343508 22.6
227 884.6861611880176 22.7
228 884.679381208061 22.8
229 884.6741937081799 22.9
230 884.6702810049078 23
231 884.6674955758651 23.1
232 884.6655502143311 23.2
233 884.6639066045517 23.3
234 884.6568180951524 23.4
235 884.6517772443486 23.5
236 884.6478313467602 23.6
237 884.6450179708033 23.7
238 884.6429774516596 23.8
239 884.6414671346932 23.9
240 884.6346632437777 24
241 884.629141129453 24.1
242 884.6248972442958 24.2
243 884.6220833338688 24.3
244 884.6197718248561 24.4
245 884.618206853798 24.5
246 884.6116288677 24.6
247 884.6060656282268 24.7
248 884.6018841767129 24.8
249 884.5990449026218 24.9
250 884.5969191860004 25
251 884.5949300730459 25.1
252 884.5878334114017 25.2
253 884.5823653392349 25.3
254 884.5778787683587 25.4
255 884.5748469670959 25.5
256 884.5723101433618 25.6
257 884.5705410734198 25.7
258 884.563455046673 25.8
259 884.5580862638657 25.9
260 884.5537878663317 26
261 884.5505057809961 26.1
262 884.5481748062881 26.2
263 884.5463993282846 26.3
264 884.5391805483713 26.4
265 884.5332123089127 26.5
266 884.528781590644 26.6
267 884.5255180063957 26.7
268 884.5229737902182 26.8
269 884.5211282844928 26.9
270 884.5133012244939 27
271 884.5074798235945 27.1
272 884.5029559224884 27.2
273 884.4995664776417 27.3
274 884.4971002912245 27.4
275 884.4948057268557 27.5
276 884.4872923257259 27.6
277 884.481350800206 27.7
278 884.4768267643293 27.8
279 884.4732952620252 27.9
280 884.4707504089158 28
281 884.4687463308499 28.1
282 884.4611433317752 28.2
283 884.4548590497427 28.3
284 884.4501163744628 28.4
285 884.4466069896255 28.5
286 884.444036583195 28.6
287 884.4418570689745 28.7
288 884.4340649458645 28.8
289 884.4276980058875 28.9
290 884.4227215859036 29
291 884.4192519359275 29.1
292 884.4165820571953 29.2
293 884.4144642158492 29.3
294 884.4066913632622 29.4
295 884.4004798408776 29.5
296 884.3954363331576 29.6
297 884.3917169792495 29.7
298 884.3888805958959 29.8
299 884.3866677017328 29.9
300 884.3790104742457 30
301 884.3729041452136 30.1
302 884.3679917657232 30.2
303 884.3643531783256 30.3
304 884.3616146636253 30.4
305 884.359481577637 30.5
306 884.3517467797743 30.6
307 884.3453669119724 30.7
308 884.340370956817 30.8
309 884.336582302846 30.9
310 884.3337773702474 31
311 884.3314774901255 31.1
312 884.3236143052483 31.2
313 884.3172314029924 31.3
314 884.3123807496997 31.4
315 884.308774848488 31.5
316 884.3059630868897 31.6
317 884.3038308500741 31.7
318 884.2961242545866 31.8
319 884.2898839982645 31.9
320 884.2847504457759 32
321 884.2809303033855 32.1
322 884.2780205563921 32.2
323 884.2757442039822 32.3
324 884.2677980031913 32.4
325 884.2614425675552 32.5
326 884.2564586396005 32.6
327 884.2527569524824 32.7
328 884.2498707929258 32.8
329 884.2476323274076 32.9
330 884.2397617544474 33
331 884.2334842037324 33.1
332 884.2284729021183 33.2
333 884.2248870978683 33.3
334 884.2220119161602 33.4
335 884.2198764917027 33.5
336 884.2119266888094 33.6
337 884.2056416257308 33.7
338 884.2006987150132 33.8
339 884.1970097234465 33.9
340 884.1941993155378 34
341 884.1920006677134 34.1
342 884.1841442914898 34.2
343 884.1779402290443 34.3
344 884.1729865786463 34.4
345 884.1693339077596 34.5
346 884.166403339201 34.6
347 884.1641870428806 34.7
348 884.1562701085767 34.8
349 884.1499092778369 34.9
350 884.1451065053328 35
351 884.1416537382712 35.1
352 884.1387777028829 35.2
353 884.1366223280089 35.3
354 884.1286685464535 35.4
355 884.1222636467461 35.5
356 884.1172201605439 35.6
357 884.1135200995592 35.7
358 884.110701051995 35.8
359 884.1086729241728 35.9
360 884.1007300138626 36
361 884.0944032415457 36.1
362 884.0894724568614 36.2
363 884.0857582933049 36.3
364 884.0829450745625 36.4
365 884.0808294303991 36.5
366 884.072945840059 36.6
367 884.0666980260895 36.7
368 884.0617604021334 36.8
369 884.0580475489428 36.9
370 884.0553347569822 37
371 884.0532159084058 37.1
372 884.045361384426 37.2
373 884.0390900975362 37.3
374 884.0341442188334 37.4
375 884.0304552560472 37.5
376 884.0277041450942 37.6
377 884.0256480733874 37.7
378 884.0177573993744 37.8
379 884.0115457745693 37.9
380 884.0066275971819 38
381 884.0028677690257 38.1
382 884.0001140429491 38.2
383 883.9980726650275 38.3
384 883.9902362822189 38.40000000000001
385 883.9839295988887 38.5
386 883.979159685862 38.6
387 883.9754590074294 38.7
388 883.9726822209769 38.8
389 883.9706379075376 38.90000000000001
390 883.9628528891328 39
391 883.9564977129438 39.1
392 883.9516480689883 39.2
393 883.9479172920398 39.3
394 883.9451362249193 39.40000000000001
395 883.943097970004 39.5
396 883.9352167669367 39.6
397 883.928879011151 39.7
398 883.9238645518237 39.8
399 883.9201805210052 39.90000000000001
400 883.9174587879002 40
401 883.9154617940112 40.1
402 883.9077294688199 40.2
403 883.9014076885314 40.3
404 883.8964763767599 40.40000000000001
405 883.8927361862125 40.5
406 883.8898375728617 40.6
407 883.8876894228948 40.7
408 883.8799204734997 40.8
409 883.8736956990176 40.90000000000001
410 883.8687431093524 41
411 883.8649641401194 41.1
412 883.8620647834673 41.2
413 883.8599619303855 41.3
414 883.8522020037004 41.40000000000001
415 883.8458566749121 41.5
416 883.841032281565 41.6
417 883.8374569459912 41.7
418 883.8345111181061 41.8
419 883.8323383890267 41.90000000000001
420 883.8244062358141 42
421 883.8181703615857 42.1
422 883.8131713534826 42.2
423 883.8095249487319 42.3
424 883.8067382275449 42.40000000000001
425 883.8044948912175 42.5
426 883.7965558705339 42.6
427 883.7903209117377 42.7
428 883.7855228670736 42.8
429 883.7818023411087 42.90000000000001
430 883.7788750918471 43
431 883.7766325781309 43.1
432 883.7687302392171 43.2
433 883.7622335089033 43.3
434 883.7572012395513 43.40000000000001
435 883.7534483457238 43.5
436 883.7506684779744 43.6
437 883.7483723090405 43.7
438 883.7405072455624 43.8
439 883.7342912773017 43.90000000000001
440 883.7292099260493 44
441 883.7254862192399 44.1
442 883.7225739220162 44.2
443 883.720408209409 44.3
444 883.7126226141238 44.40000000000001
445 883.7062717121969 44.5
446 883.7011939757454 44.6
447 883.6972432634781 44.7
448 883.694289068001 44.8
449 883.6920963715049 44.90000000000001
450 883.6841603560323 45
451 883.6779105468048 45.1
452 883.6728821016915 45.2
453 883.6690301459646 45.3
454 883.6659889555791 45.40000000000001
455 883.6637142166961 45.5
456 883.6557453440049 45.6
457 883.6493747167609 45.7
458 883.6443572052744 45.8
459 883.6404897212426 45.90000000000001
460 883.6374663084461 46
461 883.6352125014308 46.1
462 883.6272743304633 46.2
463 883.6207841879925 46.3
464 883.6155781474926 46.40000000000001
465 883.611686248022 46.5
466 883.6086984602556 46.6
467 883.6063743423855 46.7
468 883.5984240958057 46.8
469 883.5918292676655 46.90000000000001
470 883.5867493554357 47
471 883.5829062450894 47.1
472 883.5798906359774 47.2
473 883.5773986819412 47.3
474 883.5693923295661 47.40000000000001
475 883.5628207365519 47.5
476 883.5576199036515 47.6
477 883.5536874430486 47.7
478 883.5505023557515 47.8
479 883.5480640145613 47.90000000000001
480 883.5401924883324 48
481 883.5337460697381 48.1
482 883.5285318933576 48.2
483 883.524593600299 48.3
484 883.5213554085999 48.40000000000001
485 883.5189734088386 48.5
486 883.5109289899352 48.6
487 883.5044432672605 48.7
488 883.4991430435425 48.8
489 883.4950614216065 48.90000000000001
490 883.4919682525186 49
491 883.4895658265128 49.1
492 883.481558151468 49.2
493 883.4751194776462 49.3
494 883.46985123402 49.40000000000001
495 883.4658119065539 49.5
496 883.4626196897608 49.6
497 883.460120259574 49.7
498 883.4520961945616 49.8
499 883.4454568258258 49.90000000000001
500 883.4401879534452 50
501 880.9959770473381 50.01
502 877.853389905934 50.02
503 874.6456984246875 50.03
504 874.3124857038733 50.04
505 878.232303268972 50.05
506 885.1960699914939 50.06
507 892.7983546843697 50.07
508 900.9955175145702 50.08
509 908.5392678258472 50.09
510 915.8883647337296 50.1
511 922.625378555166 50.11
512 928.3548575682174 50.12
513 933.2520376476473 50.13
514 937.9592036300597 50.14
515 941.5002018754519 50.15
516 945.3116585503939 50.16
517 947.7672430079106 50.17
518 949.9722867103089 50.18
519 952.3864366822886 50.19
520 953.7634017477524 50.2
521 954.8491860406255 50.21
522 955.6277501073229 50.22
523 956.6502654185895 50.23
524 957.9454677420807 50.24
525 958.5282222973851 50.25
526 959.2628671797841 50.26
527 960.2409504800618 50.27
528 960.9048112702168 50.28
529 961.6299374094169 50.29
530 961.7717118946748 50.3
531 961.8135350951108 50.31
532 962.0835434724783 50.32
533 962.0487710874302 50.33
534 962.0155108031508 50.34
535 962.0681676121628 50.35
536 961.6930494899127 50.36
537 961.2389177879294 50.37
538 961.1763668303713 50.38
539 960.411574519538 50.39
540 959.8541120766537 50.4
541 959.2265653588588 50.41
542 958.3332515285347 50.42
543 957.5646009447094 50.43
544 956.574504979539 50.44
545 955.6804515006783 50.45
546 954.6524410996354 50.46
547 953.7951911136904 50.47
548 952.8394574946944 50.48
549 952.5966083884653 50.49
550 952.1800663625257 50.5
551 952.5099235814963 50.51
552 952.1597454879435 50.52
553 951.9437188207365 50.53
554 951.5507188999835 50.54
555 951.3289921796566 50.55
556 951.0242493827719 50.56
557 950.3016616878012 50.57
558 949.9492561269435 50.58
559 949.3521616971688 50.59
560 948.7685011115482 50.6
561 947.9273683984035 50.61
562 947.2606341881935 50.62
563 946.4644874228411 50.63
564 945.9115093557591 50.64
565 945.1698044355925 50.65
566 944.2852370177387 50.66
567 943.4440639175581 50.67
568 942.5963120315392 50.68
569 941.8232319478637 50.69
570 941.0181509342956 50.7
571 940.1666908983418 50.71
572 939.384803818495 50.72
573 938.4857839227942 50.73
574 937.7036038431266 50.74
575 936.8103927634787 50.75
576 936.2091801215543 50.76
577 935.2396695610631 50.77
578 934.3609189514685 50.78
579 933.539424791748 50.79
580 932.6521951286987 50.8
581 931.9340830091137 50.81
582 931.1318372493139 50.82
583 930.4759557687451 50.83
584 929.7092685873041 50.84
585 929.0234897795007 50.85
586 928.349644451287 50.86
587 927.6647323228888 50.87
588 927.0573427285308 50.88
589 926.2281914074584 50.89
590 925.832848345148 50.9
591 925.1095109771663 50.91
592 924.4082191560318 50.92
593 923.7128990562252 50.93
594 922.9848629156671 50.94
595 922.3014990017269 50.95
596 921.6184736319511 50.96
597 921.0364953653058 50.97
598 920.3651792739565 50.98
599 919.7897740676382 50.99
600 919.015137405797 51
601 918.2568930412066 51.01
602 917.5775638691194 51.02
603 916.8792105752598 51.03
604 916.2712007968546 51.04
605 915.4401815794466 51.05
606 914.6132092500201 51.06
607 913.9079931737281 51.07
608 913.5068417830423 51.08
609 912.7868338836256 51.09
610 912.1047984007198 51.1
611 911.6129457838216 51.11
612 910.8747016421661 51.12
613 910.1092821713291 51.13
614 909.351871219672 51.14
615 908.5934545754775 51.15
616 907.8729763368285 51.16
617 907.1449770648233 51.17
618 906.744201658707 51.18
619 906.1366704593461 51.19
620 905.4971957720082 51.2
621 904.9272548830071 51.21
622 904.3149710454528 51.22
623 903.8148488055009 51.23
624 903.250648656528 51.24
625 902.8762754491833 51.25
626 902.237534552632 51.26
627 901.6353453474075 51.27
628 901.1354753490449 51.28
629 900.6162261730469 51.29
630 899.9112764884927 51.3
631 899.3839209017168 51.31
632 898.7906555073228 51.32
633 898.1297398268242 51.33
634 897.5519940946192 51.34
635 896.9608300759932 51.35
636 896.4444713053008 51.36
637 895.8496201463937 51.37
638 895.3158824695055 51.38
639 894.803656387183 51.39
640 894.237284670887 51.4
641 893.697692720495 51.41
642 893.1172197646878 51.42
643 892.7478135379149 51.43
644 892.0471556868303 51.44
645 891.5363520838008 51.45
646 891.0275139077607 51.46
647 890.4646944369974 51.47
648 890.3253456098372 51.48
649 889.7749831709255 51.49
650 889.5096961751181 51.5
651 888.9083870880942 51.51
652 888.4329467411218 51.52
653 887.8343554614097 51.53
654 887.2921851139506 51.54
655 886.7794508518783 51.55
656 886.1846285798808 51.56
657 885.80528888735 51.57
658 885.2235795675001 51.58
659 884.6831368394199 51.59
660 884.1953248604522 51.6
661 883.6208729183098 51.61
662 883.046310075613 51.62
663 882.6020013729803 51.63
664 882.1083271859536 51.64
665 881.7197422788194 51.65
666 881.1197421414379 51.66
667 880.6882576073272 51.67
668 880.065128979542 51.68
669 879.3431186294004 51.69
670 878.7967827689206 51.7
671 878.2074919945306 51.71
672 877.9412598928068 51.72
673 877.7545412686404 51.73
674 877.3298666671067 51.74
675 876.777562962494 51.75
676 876.4289929611122 51.76
677 876.3672460386821 51.77
678 876.0022443864945 51.78
679 875.8972237156554 51.79
680 875.6075121246722 51.8
681 875.2942405594633 51.81
682 874.8971379178423 51.82
683 874.7539415959948 51.83
684 874.4619122989617 51.84
685 874.0411042182171 51.85
686 873.6661863126956 51.86
687 873.4840986752678 51.87
688 873.1200800079292 51.88
689 872.7683552608943 51.89
690 872.5382506912455 51.9
691 872.2063676439874 51.91
692 871.720183358809 51.92
693 871.2545593251792 51.93
694 871.0408757251359 51.94
695 870.9478180453576 51.95
696 870.674479479094 51.96
697 870.5763730709305 51.97
698 870.2603853590581 51.98
699 870.1959938002869 51.99
700 870.0163007780573 52
701 869.6718270671346 52.01
702 869.5542628414844 52.02
703 869.4529549172927 52.03
704 869.0234691401146 52.04
705 868.7863893407534 52.05
706 868.6745767285645 52.06
707 868.1581932982582 52.07
708 867.8220691063987 52.08
709 867.7759541826423 52.09
710 867.4485185365708 52.1
711 867.0094906469769 52.11
712 866.8506787901521 52.12
713 866.4178881328525 52.13
714 866.1180946763648 52.14
715 865.7288201328197 52.15
716 865.5049289594872 52.16
717 865.224887179117 52.17
718 865.2592696958328 52.18
719 865.1491025710635 52.19
720 865.1450879330703 52.2
721 864.8401790095263 52.21
722 864.6952910969674 52.22
723 864.5388826930258 52.23
724 864.2451679417111 52.24
725 863.9424774524617 52.25
726 863.6182910818037 52.26
727 863.38988173521 52.27
728 863.1374176103768 52.28
729 863.0915826490832 52.29
730 862.8322607444526 52.3
731 862.6985228421499 52.31
732 862.4610079559405 52.32
733 862.3097544527756 52.33
734 862.2215747270361 52.34
735 862.218545753806 52.35
736 862.1994030287991 52.36
737 861.925232136352 52.37
738 861.6993841940381 52.38
739 861.48538949832 52.39
740 861.2839842751882 52.4
741 861.0469196468656 52.41
742 861.1254631906519 52.42
743 860.8583841865008 52.43
744 860.8218022359848 52.44
745 860.6689196915837 52.45
746 860.6048657685183 52.46
747 860.4168408968619 52.47
748 860.282787471248 52.48
749 860.1411346587423 52.49
750 859.8352654062481 52.5
751 859.7533008369506 52.51
752 859.5892808603766 52.52
753 859.2183494389668 52.53
754 859.0850774640726 52.54
755 858.7342055032555 52.55
756 858.7606901583752 52.56
757 858.8335831200851 52.57
758 858.8654652832897 52.58
759 858.781929705836 52.59
760 858.3577667597445 52.6
761 858.2173414506567 52.61
762 858.0775413282889 52.62
763 857.9258760441551 52.63
764 857.7801791919327 52.64
765 857.6455893424341 52.65
766 857.6297860332003 52.66
767 857.6036242318889 52.67
768 857.5299904735646 52.68
769 857.7850815008493 52.69
770 857.661512306157 52.7
771 857.7023275481477 52.71
772 856.8396932395584 52.72
773 856.9026793645216 52.73
774 856.8757658148918 52.74
775 855.9819249689785 52.75
776 856.2925534394885 52.76
777 857.2825174529975 52.77
778 857.4221048080516 52.78
779 857.5753393184164 52.79
780 856.939427568505 52.8
781 857.0457645792693 52.81
782 856.9829837915627 52.82
783 856.865668392477 52.83
784 856.7533783028415 52.84
785 856.8128375020807 52.85
786 857.0530683394321 52.86
787 856.8437770501697 52.87
788 856.7500876998271 52.88
789 856.5248046598754 52.89
790 856.4383203270494 52.9
791 856.5918336528687 52.91
792 856.7698880002166 52.92
793 856.6750146491819 52.93
794 856.5752797921889 52.94
795 856.4202554431046 52.95
796 856.3399259738851 52.96
797 856.2369245410232 52.97
798 856.2643731884798 52.98
799 856.3145638931331 52.99
800 856.3867815059803 53
801 856.2437002967316 53.01
802 856.2545850042462 53.02
803 856.2598293208021 53.03
804 856.2493459351473 53.04
805 856.2636825219741 53.05
806 856.3386431817435 53.06
807 856.2908503485249 53.07
808 856.3557712854632 53.08
809 856.3625452808914 53.09
810 856.4336043879711 53.1
811 856.5270459467793 53.11
812 856.5386705047106 53.12
813 856.634238374299 53.13
814 856.5962159890394 53.14
815 856.7351347087351 53.15
816 856.6581421678744 53.16
817 856.6876460322541 53.17
818 856.7570973101804 53.18
819 856.8155012094741 53.19
820 856.7934993783439 53.2
821 856.9203466002664 53.21
822 856.9966249423172 53.22
823 857.0035199874264 53.23
824 857.335827142888 53.24
825 857.8153728851674 53.25
826 857.6560246946444 53.26
827 858.1317993399296 53.27
828 859.3134520606808 53.28
829 859.8210266228385 53.29
830 859.8419295220384 53.3
831 859.8304245386145 53.31
832 859.2858594667071 53.32
833 859.3271496187173 53.33
834 859.0708405249076 53.34
835 859.3496697598075 53.35
836 859.6017725909117 53.36
837 859.4532969841225 53.37
838 860.3627015176305 53.38
839 858.2687517008779 53.39
840 859.3697061050507 53.4
841 860.6655614379711 53.41
842 862.1329425740776 53.42
843 863.0323877148231 53.43
844 863.4479670538175 53.44
845 864.0175453892435 53.45
846 864.9531752132897 53.46
847 866.1470929454621 53.47
848 866.0924177678194 53.48
849 866.7445163267543 53.49
850 866.9709853307836 53.5
851 867.9343635855492 53.51
852 868.9741307635999 53.52
853 869.6173297288375 53.53
854 870.2833645892116 53.54
855 870.97786382511 53.55
856 872.0008727092419 53.56
857 872.5055692841324 53.57
858 873.5955705383445 53.58
859 874.5417697827636 53.59
860 875.7707946272204 53.6
861 876.6593378249092 53.61
862 878.290713738064 53.62
863 879.6778249604605 53.63
864 880.4301180164258 53.64
865 879.7544929648728 53.65
866 881.9891574371723 53.66
867 884.1432870774161 53.67
868 886.3358589582791 53.68
869 887.5778251050468 53.69
870 890.0761409089566 53.7
871 891.7807487919555 53.71
872 890.1307810174741 53.72
873 893.3092891399007 53.73
874 896.5854226679904 53.74
875 898.866300434015 53.75
876 901.3931363863587 53.76
877 902.2439183628137 53.77
878 904.1128115602838 53.78
879 899.7748796476213 53.79
880 900.1007179035075 53.8
881 894.3007157225035 53.81
882 896.3730197175738 53.82
883 920.3122315290816 53.83
884 923.0373565675092 53.84
885 927.317861654543 53.85
886 933.7972303720446 53.86
887 945.5701234670422 53.87
888 938.7852008446187 53.88
889 941.6663885107336 53.89
890 944.9443570730414 53.9
891 941.5045863134918 53.91
892 941.667324170991 53.92
893 945.7694108309458 53.93
894 950.0656863377587 53.94
895 947.5736230706931 53.95
896 948.9522110269287 53.96
897 940.3440901573939 53.97
898 940.2320919867637 53.98
899 930.9970733955739 53.99
900 929.7588995829626 54
901 918.5936935619757 54.01
902 918.7397295924743 54.02
903 908.2206964015377 54.03
904 912.5876557304551 54.04
905 918.8369118198787 54.05
906 905.2917052899273 54.06
907 905.9256581280454 54.07
908 906.6426074128636 54.08
909 900.4617941298922 54.09
910 901.2867382758087 54.1
911 893.5982194904053 54.11
912 896.7963132174907 54.12
913 881.993040347706 54.13
914 887.466296012642 54.14
915 890.4102106984056 54.15
916 874.3580261170271 54.16
917 876.7420207896383 54.17
918 883.9213839696827 54.18
919 864.1269362816802 54.19
920 856.5377151130489 54.2
921 843.7613703839828 54.21
922 815.7459217055026 54.22
923 812.7342465406937 54.23
924 810.2202732797177 54.24
925 788.5049334609014 54.25
926 779.7716744334524 54.26
927 767.5921019837823 54.27
928 765.9598143116759 54.28
929 751.4853389165061 54.29
930 749.6132716890837 54.3
931 738.045701071979 54.31
932 729.5129379047238 54.32
933 717.3472319678938 54.33
934 717.598336787213 54.34
935 720.5446961960814 54.35
936 724.7154704575538 54.36
937 729.1877655725893 54.37
938 737.1126175493096 54.38
939 745.8417756758022 54.39
940 758.6828281226603 54.4
941 772.1394444111168 54.41
942 784.8855316699938 54.42
943 797.657690075126 54.43
944 815.0383649710466 54.44
945 829.5804196531916 54.45
946 846.2635564698791 54.46
947 846.1831846688274 54.47
948 866.7224259061583 54.48
949 855.1562945321218 54.49
950 871.5251483877075 54.5
951 884.3490794208694 54.51
952 901.4694211747608 54.52
953 920.8517719517462 54.53
954 914.1614774000842 54.54
955 933.785453399433 54.55
956 953.2213586593685 54.56
957 967.6490573855067 54.57
958 981.8172305900187 54.58
959 999.8550327892802 54.59
960 1019.221504729171 54.6
961 982.2648014906739 54.61
962 980.3951332067046 54.62
963 988.9972440762128 54.63
964 998.7500684355739 54.64
965 1010.120096857383 54.65
966 1023.969621145594 54.66
967 1009.10223965356 54.67
968 1005.27119805469 54.68
969 987.66128743858 54.69
970 1013.913222600576 54.7
971 1024.482627115108 54.71
972 1019.62465413778 54.72
973 1036.880200116575 54.73
974 1030.820001374303 54.74
975 1034.508563629833 54.75
976 1022.585160261909 54.76
977 1009.126452984957 54.77
978 1015.65315408058 54.78
979 1030.378164630688 54.79
980 1048.470171563984 54.8
981 1065.196782678679 54.81
982 1082.069628813458 54.82
983 1028.230104506124 54.83
984 1036.81195763125 54.84
985 1025.356570963095 54.85
986 1032.684835021119 54.86
987 1040.825736889195 54.87
988 1048.5305360387 54.88
989 1051.2007281561 54.89
990 1001.40456111406 54.9
991 1005.682140705996 54.91
992 1030.427711864182 54.92
993 1037.257202178497 54.93
994 1037.688325447412 54.94
995 1055.062021735107 54.95
996 1082.427918339068 54.96
997 1088.197771017066 54.97
998 1074.975578714363 54.98
999 1061.499318433861 54.99
1000 1044.825050776649 55
1001 1044.569601917245 55.01
1002 1054.699070432486 55.02
1003 1039.878212319208 55.03
1004 1037.228955321169 55.04
1005 1045.683155661093 55.05
1006 1034.014425763688 55.06
1007 1034.667275707417 55.07
1008 1065.65643264167 55.08
1009 1059.510349064442 55.09
1010 1084.257839818503 55.1
1011 1076.842138421932 55.11
1012 1086.804103597654 55.12
1013 1102.38900561801 55.13
1014 1098.350693626116 55.14
1015 1078.4981763657 55.15
1016 1055.988752034255 55.16
1017 1052.737403037791 55.17
1018 1043.832501685661 55.18
1019 1041.72488160873 55.19
1020 1020.804385924659 55.2
1021 1017.574868684323 55.21
1022 1013.739150004192 55.22
1023 999.1805406963335 55.23
1024 993.0310711044926 55.24
1025 985.3981522802665 55.25
1026 988.4923635822274 55.26
1027 1063.609057378321 55.27
1028 1122.156925062627 55.28
1029 1178.538273888458 55.29
1030 1276.768568439674 55.3
1031 1357.671973154455 55.31
1032 1407.50006576804 55.32
1033 1710.012410915705 55.33
1034 1777.676486372724 55.34
1035 1794.790683722292 55.35
1036 1790.529814839702 55.36
1037 1777.956886724891 55.37
1038 1760.190513919177 55.38
1039 1739.981794868927 55.39
1040 1717.021837227999 55.4
1041 1691.742796087568 55.41
1042 1663.698952275957 55.42
1043 1645.774880692625 55.43
1044 1677.493781458058 55.44
1045 1739.725535392885 55.45
1046 1794.791455544917 55.46
1047 1851.916062079353 55.47
1048 1849.998895364408 55.48
1049 1879.737765617755 55.49
1050 1869.111700644154 55.5
1051 1867.547552488821 55.51
1052 1855.111824753001 55.52
1053 1848.541873440343 55.53
1054 1840.777296643736 55.54
1055 1835.701203546856 55.55
1056 1829.324731048231 55.56
1057 1797.959258015515 55.57
1058 1768.559838715743 55.58
1059 1743.947900963344 55.59
1060 1720.683210679635 55.6
1061 1695.111069544407 55.61
1062 1661.348785332714 55.62
1063 1638.731931711017 55.63
1064 1608.867315460363 55.64
1065 1575.561484260311 55.65
1066 1546.648481842698 55.66
1067 1519.549798341097 55.67
1068 1504.894587961292 55.68
1069 1489.456017077902 55.69
1070 1464.642237866655 55.7
1071 1434.085304079378 55.71
1072 1404.062411516035 55.72
1073 1375.980562794019 55.73
1074 1367.201145712587 55.74
1075 1335.237877663219 55.75
1076 1306.566003288859 55.76
1077 1281.676433653895 55.77
1078 1258.582563008687 55.78
1079 1236.87886426398 55.79
1080 1214.314442847035 55.8
1081 1193.592906455371 55.81
1082 1174.708964603142 55.82
1083 1154.681166120409 55.83
1084 1137.287176403489 55.84
1085 1121.945301555387 55.85
1086 1098.693747456598 55.86
1087 1077.5776240332 55.87
1088 1058.345264015001 55.88
1089 1044.401744918066 55.89
1090 1022.251925666334 55.9
1091 1004.382146982832 55.91
1092 987.9468040663062 55.92
1093 968.2775029590348 55.93
1094 949.6373087160129 55.94
1095 931.8541635861612 55.95
1096 916.1792387530692 55.96
1097 899.8440895848556 55.97
1098 882.1666037083645 55.98
1099 866.2938736313141 55.99
1100 850.0108467262399 56
1101 833.2652131237872 56.01
1102 816.1457597108067 56.02
1103 799.7385680337146 56.03
1104 783.4749525049174 56.04
1105 767.9473333129273 56.05
1106 752.5102246471695 56.06
1107 737.8212921408859 56.07
1108 723.3283101751276 56.08
1109 708.9119814189519 56.09
1110 694.6982065846837 56.1
1111 680.8252346695514 56.11
1112 667.0443569708677 56.12
1113 653.3676709298484 56.13
1114 640.0465539908002 56.14
1115 626.92900441651 56.15
1116 614.0298862519662 56.16
1117 601.4450494945811 56.17
1118 589.0499755078928 56.18
1119 576.8826784479586 56.19
1120 564.9803997629026 56.2
1121 553.2778004806419 56.21
1122 541.8594476174363 56.22
1123 530.6851598800758 56.23
1124 519.6782536650458 56.24
1125 508.8959831433579 56.25
1126 498.3656577127075 56.26
1127 488.0424009750982 56.27
1128 477.9530253036942 56.28
1129 468.1210548755811 56.29
1130 458.4554493449972 56.3
1131 449.0033297319119 56.31
1132 439.7713454994123 56.32
1133 430.7562873957282 56.33
1134 421.9542287312012 56.34
1135 413.372430297973 56.35
1136 404.9050053231522 56.36
1137 396.6467944488853 56.37
1138 388.5930860189539 56.38
1139 380.7000960707699 56.39
1140 373.0116748108565 56.4
1141 365.7045127059872 56.41
1142 358.3969576486044 56.42
1143 351.198008163284 56.43
1144 344.3752840399767 56.44
1145 337.5795883419912 56.45
1146 331.034966563155 56.46
1147 324.6689641539774 56.47
1148 318.3960991529426 56.48
1149 312.2379966283004 56.49
1150 304.2999191252389 56.5
1151 296.5549135249027 56.51
1152 290.5090130698798 56.52
1153 285.8104492040851 56.53
1154 280.4810172797851 56.54
1155 274.8808733977807 56.55
1156 270.026027111821 56.56
1157 266.424089547712 56.57
1158 263.7380350233994 56.58
1159 261.3925708318334 56.59
1160 258.1768521008036 56.6
1161 254.9511582470707 56.61
1162 251.6065148904845 56.62
1163 247.9835539285849 56.63
1164 244.2437139884074 56.64
1165 240.5681486803929 56.65
1166 236.9437652582926 56.66
1167 233.3741675675391 56.67
1168 229.9020242249086 56.68
1169 226.6449961590064 56.69
1170 222.9976144564094 56.7
1171 219.5219769422688 56.71
1172 216.3406688689127 56.72
1173 212.6867546359515 56.73
1174 209.3186068634854 56.74
1175 206.8229008249803 56.75
1176 202.6144734920499 56.76
1177 199.920831499024 56.77
1178 197.5030406844318 56.78
1179 194.7990877715055 56.79
1180 193.6226731396454 56.8
1181 190.7655962997453 56.81
1182 190.2763742803459 56.82
1183 188.7883879983904 56.83
1184 186.6518666571762 56.84
1185 360.7824432884083 56.85
1186 434.2423869354738 56.86
1187 475.8424960088186 56.87
1188 489.7393766072308 56.88
1189 427.3563729765335 56.89
1190 245.9661919922937 56.9
1191 112.7677061817567 56.91
1192 91.19038508653361 56.92
1193 115.1277111128189 56.93
1194 250.1015290363298 56.94
1195 565.4343542586439 56.95
1196 976.5407036880115 56.96
1197 1565.631893248503 56.97
1198 2094.941780001951 56.98
1199 2587.169987386369 56.99
1200 2859.751493493889 57
1201 3110.827138690396 57.01
1202 3479.184295371486 57.02
1203 3458.016322963594 57.03
1204 3389.013652088657 57.04
1205 3866.693869375243 57.05
1206 4218.800265380327 57.06
1207 4502.90800166285 57.07
1208 4750.89731313592 57.08
1209 4836.274043628844 57.09
1210 4855.431362476514 57.1
1211 4445.942311348407 57.11
1212 4357.516384897136 57.12
1213 4495.194389714589 57.13
1214 4661.053076174307 57.14
1215 4769.862744525999 57.15
1216 4479.781098996322 57.16
1217 4542.34221171645 57.17
1218 4197.809916355681 57.18
1219 4238.683885674012 57.19
1220 4399.358537601664 57.2
1221 4550.311110958047 57.21
1222 4556.82324669352 57.22
1223 4417.90813764915 57.23
1224 4543.856506630876 57.24
1225 4624.570946629344 57.25
1226 4707.399898067893 57.26
1227 4707.051473807823 57.27
1228 4761.305486151313 57.28
1229 4838.088936983976 57.29
1230 4854.096593944098 57.3
1231 4838.4779688217 57.31
1232 4852.226271183338 57.32
1233 4862.38581621088 57.33
1234 4856.889501135447 57.34
1235 4855.310192554722 57.35
1236 4854.515331579755 57.36
1237 4744.862728488767 57.37
1238 4761.698692738585 57.38
1239 4788.749214158235 57.39
1240 4678.552139449873 57.4
1241 4569.247624296167 57.41
1242 4257.946132187111 57.42
1243 4588.276469287932 57.43
1244 4475.051916570783 57.44
1245 4473.242070270878 57.45
1246 3804.781501079084 57.46
1247 3638.856332343893 57.47
1248 3626.475169841138 57.48
1249 3671.669162221832 57.49
1250 3637.219184707786 57.5
1251 3505.264549009649 57.51
1252 3751.572795632761 57.52
1253 3822.12660781611 57.53
1254 3742.814716793339 57.54
1255 3848.669418268745 57.55
1256 2722.811231006735 57.56
1257 2311.143169513521 57.57
1258 2340.44514025288 57.58
1259 2399.865593689832 57.59
1260 2446.794867516448 57.6
1261 2264.501536465228 57.61
1262 2128.908055030332 57.62
1263 2195.774930472728 57.63
1264 2712.606025805674 57.64
1265 3123.383806171965 57.65
1266 3404.712992155644 57.66
1267 3559.515300475807 57.67
1268 3621.400170714644 57.68
1269 3628.72447647441 57.69
1270 3597.660763112555 57.7
1271 3560.213387812108 57.71
1272 3528.520120967865 57.72
1273 3540.900582381022 57.73
1274 3536.464069465055 57.74
1275 3234.697319402564 57.75
1276 3305.097178199131 57.76
1277 3265.211137801122 57.77
1278 3257.138965323432 57.78
1279 3262.622014114235 57.79
1280 3223.093410160391 57.8
1281 3271.132228279463 57.81
1282 3378.490548523639 57.82
1283 3461.138109357257 57.83
1284 3520.750500525041 57.84
1285 3489.111313999204 57.85
1286 3446.050741764863 57.86
1287 3405.867256918497 57.87
1288 3392.704219399986 57.88
1289 3397.1606111591 57.89
1290 3413.859307891499 57.9
1291 3456.916723358176 57.91
1292 3451.205093777526 57.92
1293 3371.795802995492 57.93
1294 3393.476824697708 57.94
1295 3459.160573681816 57.95
1296 3439.533457063648 57.96
1297 3336.447152577356 57.97
1298 3218.560020931723 57.98
1299 3151.755074155478 57.99
1300 3139.362515979329 58
1301 3250.740255861157 58.01
1302 3365.255103375144 58.02
1303 3378.977120596359 58.03
1304 3414.80392450108 58.04
1305 3440.779975536476 58.05
1306 3509.033454143566 58.06
1307 3472.68245725594 58.07
1308 3435.815479166571 58.08
1309 3452.644639328609 58.09
1310 3429.596484404671 58.1
1311 3377.397901155708 58.11
1312 3355.02439418621 58.12
1313 3322.231850970417 58.13
1314 3270.102700677954 58.14
1315 3261.746297067176 58.15
1316 3332.100115812455 58.16
1317 3399.440354907941 58.17
1318 3343.245479986405 58.18
1319 3441.922630506102 58.19
1320 3471.772335256097 58.2
1321 3475.437721389759 58.21
1322 3447.202094912047 58.22
1323 3284.134841201212 58.23
1324 3296.048664746137 58.24
1325 3255.405495814314 58.25
1326 3191.908344862311 58.26
1327 3175.358599385301 58.27
1328 3146.349520105264 58.28
1329 3163.284576947462 58.29
1330 3211.521292890806 58.3
1331 3235.368680377729 58.31
1332 3239.641209303319 58.32
1333 3240.512296393468 58.33
1334 3229.95954426348 58.34
1335 3210.845082232506 58.35
1336 3196.301179713288 58.36
1337 3224.462842190478 58.37
1338 3280.59916392989 58.38
1339 3439.922131348786 58.39
1340 3651.821616118772 58.4
1341 3699.200260253653 58.41
1342 3778.633437859606 58.42
1343 3790.143680761938 58.43
1344 3783.499866092202 58.44
1345 3788.083775908426 58.45
1346 3885.293425827698 58.46
1347 3950.072332046496 58.47
1348 3947.564211528865 58.48
1349 3908.947947306887 58.49
1350 3917.154669492557 58.5
1351 3954.120414398998 58.51
1352 3952.607038376769 58.52
1353 3941.110207984421 58.53
1354 3922.437105015236 58.54
1355 3966.576953259178 58.55
1356 3938.219799680965 58.56
1357 4050.040734463797 58.57
1358 4140.506252491059 58.58
1359 4221.280929402025 58.59
1360 4267.333932662233 58.6
1361 4300.908766128724 58.61
1362 4322.281969101879 58.62
1363 4418.596351817582 58.63
1364 4566.02115813117 58.64
1365 4562.72782362789 58.65
1366 4560.599876483941 58.66
1367 4599.319130884189 58.67
1368 4652.408433668787 58.68
1369 4659.660667958949 58.69
1370 4685.891908436515 58.7
1371 4693.870121910432 58.71
1372 4736.018635120293 58.72
1373 4716.083988247981 58.73
1374 4666.434294489228 58.74
1375 4708.87793334424 58.75
1376 4720.39557689995 58.76
1377 4729.411765515945 58.77
1378 4738.86034803531 58.78
1379 4755.668533430499 58.79
1380 4751.074556163243 58.8
1381 4730.970229159633 58.81
1382 4724.199392975458 58.82
1383 4735.075618800896 58.83
1384 4757.649147652171 58.84
1385 4760.923433035791 58.85
1386 4750.312046937852 58.86
1387 4749.862844697648 58.87
1388 4758.83193903458 58.88
1389 4743.836767490639 58.89
1390 4705.088460689174 58.9
1391 4682.681890406501 58.91
1392 4650.880108175113 58.92
1393 4617.936412035458 58.93
1394 4591.748251116813 58.94
1395 4578.855814096515 58.95
1396 4567.474962891089 58.96
1397 4556.560170742108 58.97
1398 4535.937982866988 58.98
1399 4516.278442823412 58.99
1400 4495.89559709383 59
1401 4490.447839282786 59.01
1402 4476.753643336397 59.02
1403 4444.755686721445 59.03
1404 4427.839040156737 59.04
1405 4414.144137584833 59.05
1406 4400.223179240532 59.06
1407 4370.436225708841 59.07
1408 4335.504271389012 59.08
1409 4287.957867223867 59.09
1410 4296.294495703084 59.1
1411 4290.8045454801 59.11
1412 4282.461245487618 59.12
1413 4270.741841508041 59.13
1414 4360.396324414579 59.14
1415 4444.009105046599 59.15
1416 4465.912321985021 59.16
1417 4445.773402266748 59.17
1418 4480.613118545023 59.18
1419 4515.232305091085 59.19
1420 4549.27081754797 59.2
1421 4561.019438259443 59.21
1422 4586.512414778522 59.22
1423 4600.99243231493 59.23
1424 4637.021156515955 59.24
1425 4643.451541268136 59.25
1426 4668.917420587231 59.26
1427 4716.038396166157 59.27
1428 4745.901477015069 59.28
1429 4774.185049537265 59.29
1430 4808.912552946816 59.3
1431 4847.272392590024 59.31
1432 4862.977332424031 59.32
1433 4887.201530331731 59.33
1434 4882.417175090776 59.34
1435 4885.830551865131 59.35
1436 4927.140106233282 59.36
1437 4931.122777535512 59.37
1438 4931.308278701922 59.38
1439 4923.634059802604 59.39
1440 4924.639238660818 59.4
1441 4914.058977481421 59.41
1442 4921.72594401502 59.42
1443 4928.683753683782 59.43
1444 4935.209193674706 59.44
1445 4938.211748591191 59.45
1446 4939.575463292278 59.46
1447 4937.18420406255 59.47
1448 4935.115938812852 59.48
1449 4940.52622748336 59.49
1450 4949.278596157453 59.5
1451 4944.52482727995 59.51
1452 4925.159130005825 59.52
1453 4918.978055670151 59.53
1454 4921.38661027017 59.54
1455 4910.563855598622 59.55
1456 4899.321700745376 59.56
1457 4895.712201671266 59.57
1458 4897.278595124442 59.58
1459 4897.693274038371 59.59
1460 4897.174430259208 59.6
1461 4895.528862097852 59.61
1462 4895.047260768844 59.62
1463 4888.563858438962 59.63
1464 4880.235258154929 59.64
1465 4869.241563622822 59.65
1466 4862.850721688438 59.66
1467 4863.806665115177 59.67
1468 4866.527191900768 59.68
1469 4867.461316369106 59.69
1470 4870.411213099438 59.7
1471 4858.24304928754 59.71
1472 4865.301038677333 59.72
1473 4868.381942078001 59.73
1474 4858.758458697745 59.74
1475 4860.330556198966 59.75
1476 4845.949567337309 59.76
1477 4835.543001295441 59.77
1478 4822.865831525532 59.78
1479 4804.439917183933 59.79
1480 4802.946197071939 59.8
1481 4805.816536412452 59.81
1482 4802.190937009992 59.82
1483 4822.218456871816 59.83
1484 4837.295335105398 59.84
1485 4857.236453975683 59.85
1486 4864.242226188046 59.86
1487 4864.177530575232 59.87
1488 4855.634078224204 59.88
1489 4850.051829083609 59.89
1490 4788.335052430345 59.9
1491 4749.203714558047 59.91
1492 4738.318098776615 59.92
1493 4793.063232057253 59.93
1494 4787.8201320891 59.94
1495 4781.032809281589 59.95
1496 4769.13893441705 59.96
1497 4749.079370360155 59.97
1498 4753.397357145271 59.98
1499 4747.348200483169 59.99
1500 4754.925423816127 60
1501 4740.658597115821 60.01
1502 4844.842022181241 60.02
1503 4858.240230166858 60.03
1504 4844.196533340003 60.04
1505 4849.268802783646 60.05
1506 4845.310546043979 60.06
1507 4840.531298428275 60.07
1508 4870.289333830685 60.08
1509 4902.381217781559 60.09
1510 4903.41191093158 60.1
1511 4891.328485676762 60.11
1512 4895.936670423616 60.12
1513 4888.547633181689 60.13
1514 4895.595232922697 60.14
1515 4891.227350578447 60.15
1516 4893.605486163702 60.16
1517 4905.117955257447 60.17
1518 4907.626980542925 60.18
1519 4903.023459117108 60.19
1520 4903.691548176732 60.2
1521 4907.808047808206 60.21
1522 4909.22103098246 60.22
1523 4912.187401597868 60.23
1524 4916.131150229456 60.24
1525 4918.466100567247 60.25
1526 4913.498528699066 60.26
1527 4913.588270198101 60.27
1528 4913.400832400129 60.28
1529 4915.368798941087 60.29
1530 4918.049621318403 60.3
1531 4922.599719661874 60.31
1532 4926.031917381667 60.32
1533 4923.315707204607 60.33
1534 4928.920185131814 60.34
1535 4934.463702047137 60.35
1536 4929.2477780896 60.36
1537 4938.652657152699 60.37
1538 4934.974414367691 60.38
1539 4934.394445728558 60.39
1540 4940.097950599963 60.4
1541 4948.927764671875 60.41
1542 4951.659700335663 60.42
1543 4957.478841622647 60.43
1544 4944.487675705343 60.44
1545 4950.902798079982 60.45
1546 4964.922203730471 60.46
1547 4970.768833326973 60.47
1548 4972.165081480477 60.48
1549 4964.932101787557 60.49
1550 4972.250481163397 60.5
1551 4974.723937684776 60.51
1552 4966.075908319712 60.52
1553 4974.145234358772 60.53
1554 4976.637798310409 60.54
1555 4980.667710094494 60.55
1556 4975.085262402888 60.56
1557 4984.128589401931 60.57
1558 4990.242237773755 60.58
1559 4991.984477711479 60.59
1560 4991.730039754433 60.6
1561 4987.084096493406 60.61
1562 4993.210027916788 60.62
1563 4993.770622297307 60.63
1564 4994.550221474292 60.64
1565 4994.920017508217 60.65
1566 4995.617423378893 60.66
1567 4995.832185896836 60.67
1568 4995.700557173966 60.68
1569 4995.689149786452 60.69
1570 4995.547365703496 60.7
1571 4995.805095242824 60.71
1572 4992.96212608556 60.72
1573 4994.442902704757 60.73
1574 4994.843723899213 60.74
1575 4995.697277960348 60.75
1576 4995.537128188785 60.76
1577 4996.023444493011 60.77
1578 4996.436390074015 60.78
1579 4996.964453461334 60.79
1580 4997.434905150817 60.8
1581 4997.433650649887 60.81
1582 4997.39841108345 60.82
1583 4997.303206264031 60.83
1584 4997.282575548747 60.84
1585 4995.80181805717 60.85
1586 4996.085701032954 60.86
1587 4996.454016446708 60.87
1588 4997.19815021525 60.88
1589 4997.302730206139 60.89
1590 4997.378670358968 60.9
1591 4997.539541579793 60.91
1592 4997.764906925985 60.92
1593 4995.363666056988 60.93
1594 4996.305861147679 60.94
1595 4996.967937749865 60.95
1596 4996.985498486706 60.96
1597 4996.814872228091 60.97
1598 4996.918630231027 60.98
1599 4996.92027254109 60.99
1600 4997.045112152347 61
1601 4996.814045746841 61.01
1602 4996.883104542617 61.02
1603 4997.020126556186 61.03
1604 4997.204619559234 61.04
1605 4997.303653430597 61.05
1606 4996.897332870139 61.06
1607 4996.51522899304 61.07
1608 4997.021596579544 61.08
1609 4997.181802471401 61.09
1610 4997.286016112384 61.1
1611 4996.528751778188 61.11
1612 4996.577147915884 61.12
1613 4996.903047557471 61.13
1614 4997.612276934441 61.14
1615 4995.168567544356 61.15
1616 4994.844108726808 61.16
1617 4995.542254847331 61.17
1618 4996.741049213892 61.18
1619 4996.229085385478 61.19
1620 4994.304499695966 61.2
1621 4995.325897367432 61.21
1622 4996.789253171059 61.22
1623 4996.142245541472 61.23
1624 4996.592039611794 61.24
1625 4996.847648262694 61.25
1626 4995.325135160952 61.26
1627 4995.89113134448 61.27
1628 4995.831110352318 61.28
1629 4996.077862790728 61.29
1630 4993.620653261246 61.3
1631 4993.062627544041 61.31
1632 4992.734455469664 61.32
1633 4995.021883235449 61.33
1634 4994.908530933561 61.34
1635 4994.831274527429 61.35
1636 4994.317556713238 61.36
1637 4991.206702389612 61.37
1638 4989.564694303405 61.38
1639 4992.790720981909 61.39
1640 4993.175803290096 61.4
1641 4990.970854976191 61.41
1642 4987.212349813572 61.42
1643 4994.792504172453 61.43
1644 4994.419929762636 61.44
1645 4993.284437501961 61.45
1646 4994.369086885748 61.46
1647 4994.652254089689 61.47
1648 4994.83549504313 61.48
1649 4994.587052827364 61.49
1650 4994.538847390028 61.5
1651 4994.948031468332 61.51
1652 4995.088002342606 61.52
1653 4994.830394649509 61.53
1654 4994.011720518113 61.54
1655 4994.059593289785 61.55
1656 4993.332157824602 61.56
1657 4992.981981843454 61.57
1658 4993.83527500582 61.58
1659 4994.372707306667 61.59
1660 4994.959014843903 61.6
1661 4994.842434786779 61.61
1662 4992.290984483365 61.62
1663 4987.030456006771 61.63
1664 4987.505918250827 61.64
1665 4987.748668740981 61.65
1666 4989.306787294484 61.66
1667 4990.012678609884 61.67
1668 4989.828428009118 61.68
1669 4991.620881828037 61.69
1670 4992.678131336294 61.7
1671 4992.772365533058 61.71
1672 4993.410467959277 61.72
1673 4993.045763176061 61.73
1674 4993.200177343354 61.74
1675 4992.848975145022 61.75
1676 4992.110166697786 61.76
1677 4992.68319567799 61.77
1678 4992.825094271889 61.78
1679 4992.323749039152 61.79
1680 4992.067860871892 61.8
1681 4992.808425929646 61.81
1682 4993.353536829635 61.82
1683 4993.288091278868 61.83
1684 4993.527876071151 61.84
1685 4993.85221735295 61.85
1686 4993.761763165753 61.86
1687 4992.438502304141 61.87
1688 4991.616600554751 61.88
1689 4991.722034591758 61.89
1690 4991.864754446132 61.9
1691 4991.647982801597 61.91
1692 4991.676161539613 61.92
1693 4991.869367215649 61.93
1694 4992.098666645735 61.94
1695 4991.881742342905 61.95
1696 4992.079176281939 61.96
1697 4991.705114661039 61.97
1698 4991.785174714845 61.98
1699 4991.296638790844 61.99
1700 4991.263843444684 62
1701 4991.242823996231 62.01
1702 4991.345892478171 62.02
1703 4991.468603583685 62.03
1704 4991.902208610778 62.04
1705 4992.359086223777 62.05
1706 4992.429581803879 62.06
1707 4986.187407096276 62.07
1708 4979.650489311713 62.08
1709 4992.348567108219 62.09
1710 4950.573347798158 62.1
1711 4992.297278201071 62.11
1712 4992.70555912953 62.12
1713 4993.315967369779 62.13
1714 4992.547358747705 62.14
1715 4985.686389589636 62.15
1716 4962.104825372404 62.16
1717 4857.673761921255 62.17
1718 4977.646617508727 62.18
1719 4992.675332387875 62.19
1720 4991.704657403699 62.2
1721 4990.876056504742 62.21
1722 4990.441191582522 62.22
1723 4989.449066387167 62.23
1724 4989.237541860193 62.24
1725 4989.592179805718 62.25
1726 4990.320188040133 62.26
1727 4990.388221759204 62.27
1728 4988.99345289234 62.28
1729 4989.097313661924 62.29
1730 4989.473601453366 62.3
1731 4989.870446142838 62.31
1732 4989.767958974399 62.32
1733 4990.039237384608 62.33
1734 4988.769678153591 62.34
1735 4983.895903654057 62.35
1736 4986.398035823006 62.36
1737 4988.891506818516 62.37
1738 4983.338534836788 62.38
1739 4989.63601313323 62.39
1740 4989.73149693995 62.4
1741 4988.785828547549 62.41
1742 4971.502093927829 62.42
1743 4979.417797515295 62.43
1744 4985.657613449077 62.44
1745 4986.581496428932 62.45
1746 4987.524107600416 62.46
1747 4986.374259760475 62.47
1748 4985.472958436861 62.48
1749 4985.245042016834 62.49
1750 4960.581126665511 62.5
1751 4979.155357150081 62.51
1752 4974.340876553154 62.52
1753 4984.281443835493 62.53
1754 4987.343499921852 62.54
1755 4988.356843767152 62.55
1756 4988.420004298663 62.56
1757 4988.531173534937 62.57
1758 4986.89348012443 62.58
1759 4987.010500794495 62.59
1760 4987.997933729553 62.6
1761 4988.566712362568 62.61
1762 4988.563671746699 62.62
1763 4988.571337302335 62.63
1764 4988.941559507336 62.64
1765 4989.433497421309 62.65
1766 4988.998579039278 62.66
1767 4989.171933936095 62.67
1768 4989.89540763605 62.68
1769 4989.463420298489 62.69
1770 4990.044894009548 62.7
1771 4990.465238400053 62.71
1772 4991.68460487822 62.72
1773 4992.289659949756 62.73
1774 4992.632169226957 62.74
1775 4992.045974772032 62.75
1776 4990.553832425068 62.76
1777 4990.192502799002 62.77
1778 4990.616196690074 62.78
1779 4990.902638272138 62.79
1780 4991.762517298115 62.8
1781 4992.545739420634 62.81
1782 4993.254382414772 62.82
1783 4992.170728424504 62.83
1784 4991.861430798109 62.84
1785 4989.19584515801 62.85
1786 4989.818159908498 62.86
1787 4991.0042573224 62.87
1788 4992.640097325494 62.88
1789 4993.223966700513 62.89
1790 4990.448633537316 62.9
1791 4989.722840962603 62.91
1792 4989.106053811091 62.92
1793 4990.916173787585 62.93
1794 4990.756124303026 62.94
1795 4988.863373324612 62.95
1796 4988.797684755966 62.96
1797 4988.979394610864 62.97
1798 4989.410251195149 62.98
1799 4989.868587377183 62.99
1800 4989.738810839341 63
1801 4989.160052556152 63.01
1802 4988.894370889194 63.02
1803 4989.082599739158 63.03
1804 4989.492446586048 63.04
1805 4989.467353597938 63.05
1806 4989.219488143152 63.06
1807 4989.034825325673 63.07
1808 4989.255130813983 63.08
1809 4989.56696497147 63.09
1810 4989.638701975047 63.1
1811 4989.196564456725 63.11
1812 4989.185653482987 63.12
1813 4990.104604731051 63.13
1814 4989.095018699406 63.14
1815 4988.888053751427 63.15
1816 4988.694559886973 63.16
1817 4989.420997407608 63.17
1818 4988.21974384778 63.18
1819 4987.936697153552 63.19
1820 4988.521760332618 63.2
1821 4988.381478037102 63.21
1822 4988.727523220955 63.22
1823 4989.540418717691 63.23
1824 4989.913167751134 63.24
1825 4989.942884194202 63.25
1826 4989.70511910298 63.26
1827 4989.943668613982 63.27
1828 4990.157091716464 63.28
1829 4990.19019912403 63.29
1830 4990.66171733001 63.3
1831 4991.243097565827 63.31
1832 4991.228127850136 63.32
1833 4991.664278095716 63.33
1834 4991.617346763014 63.34
1835 4991.829918714769 63.35
1836 4991.479000448458 63.36
1837 4992.006287931815 63.37
1838 4992.639570432954 63.38
1839 4991.88177950935 63.39
1840 4991.798860807402 63.4
1841 4991.867493931855 63.41
1842 4992.050313603704 63.42
1843 4992.53611733897 63.43
1844 4992.607517959291 63.44
1845 4992.661741568193 63.45
1846 4991.301689055053 63.46
1847 4991.364975192029 63.47
1848 4992.170178214277 63.48
1849 4992.731822569411 63.49
1850 4992.494274911227 63.5
1851 4992.172627474416 63.51
1852 4992.183799263546 63.52
1853 4992.732308083424 63.53
1854 4993.200618903435 63.54
1855 4993.22609834573 63.55
1856 4992.792351788531 63.56
1857 4992.427266334704 63.57
1858 4991.854495286247 63.58
1859 4991.836002906959 63.59
1860 4992.553515199838 63.6
1861 4992.382679768811 63.61
1862 4992.428359308951 63.62
1863 4993.381762999821 63.63
1864 4993.85051765445 63.64
1865 4994.534695428438 63.65
1866 4995.459522079202 63.66
1867 4995.971421188222 63.67
1868 4996.293269361412 63.68
1869 4996.615960374888 63.69
1870 4997.032236220999 63.7
1871 4996.865158439959 63.71
1872 4996.850731349407 63.72
1873 4996.658133853837 63.73
1874 4997.277503322262 63.74
1875 4997.261252711307 63.75
1876 4996.178465170951 63.76
1877 4997.288976235896 63.77
1878 4997.550706635514 63.78
1879 4998.515856651954 63.79
1880 4998.45379801256 63.8
1881 4998.240313890218 63.81
1882 4998.579924524889 63.82
1883 4998.971285377389 63.83
1884 4999.026515280509 63.84
1885 4999.045670019582 63.85
1886 4999.092232593947 63.86
1887 4999.159735176193 63.87
1888 4999.197686512006 63.88
1889 4999.190323268636 63.89
1890 4999.185662090893 63.9
1891 4999.178596069388 63.91
1892 4999.198461692867 63.92
1893 4999.206276347957 63.93
1894 4999.17602794317 63.94
1895 4999.189972912068 63.95
1896 4951.912733759979 63.96
1897 4999.180043687712 63.97
1898 4999.175676732336 63.98
1899 4999.147564757423 63.99
1900 4998.92959452107 64
1901 4999.141122280572 64.01000000000001
1902 4998.71042190955 64.02
1903 4998.541849498742 64.03
1904 4998.579297570053 64.04000000000001
1905 4998.624474441353 64.05
1906 4998.329721229015 64.06
1907 4901.501320284589 64.06999999999999
1908 4877.207570205867 64.08
1909 4846.903021615291 64.09
1910 4823.119004836815 64.09999999999999
1911 4819.757639950218 64.11
1912 4830.891501304554 64.12
1913 4841.636997079363 64.13
1914 4850.9196714526 64.14
1915 4792.025932107679 64.15000000000001
1916 4771.809793736537 64.16
1917 4754.417585026778 64.17
1918 4725.802707100544 64.18000000000001
1919 4708.531762637302 64.19
1920 4704.327700237871 64.2
1921 4668.077394376369 64.21000000000001
1922 4899.658836804862 64.22
1923 4929.94673723834 64.23
1924 4949.124455644896 64.23999999999999
1925 4951.585597182343 64.25
1926 4953.074602496198 64.26000000000001
1927 4954.096696047081 64.27
1928 4917.975565898836 64.28
1929 4931.942533620286 64.29000000000001
1930 4893.215693632196 64.3
1931 4912.03317393293 64.31
1932 4908.989817432293 64.31999999999999
1933 4931.558697214698 64.33
1934 4937.598966261056 64.34
1935 4043.037712215169 64.34999999999999
1936 4790.209776790792 64.36
1937 4833.34228773625 64.37
1938 4959.703852280769 64.38
1939 4948.131512259538 64.39
1940 4909.50302870932 64.40000000000001
1941 4944.273514859183 64.41
1942 4561.442557734096 64.42
1943 4931.33619316283 64.43000000000001
1944 4928.270710462499 64.44
1945 4932.777029675687 64.45
1946 4938.491183772057 64.46000000000001
1947 4940.172562894181 64.47
1948 4940.054144387014 64.48
1949 4936.421829413764 64.48999999999999
1950 4925.310159159654 64.5
1951 4920.480022745134 64.51000000000001
1952 4921.338394721836 64.52
1953 4929.708628426109 64.53
1954 4934.138453986344 64.54000000000001
1955 4934.01394929108 64.55
1956 4937.253037325961 64.56
1957 4938.404863611946 64.56999999999999
1958 4939.811963057085 64.58
1959 4940.001670609083 64.59
1960 4943.064149412409 64.59999999999999
1961 4947.500721259493 64.61
1962 4953.239505455852 64.62
1963 4958.572874259531 64.63
1964 4961.36166894189 64.64
1965 4960.548253988763 64.65000000000001
1966 4959.798166433967 64.66
1967 4957.851164727818 64.67
1968 4958.665040960948 64.68000000000001
1969 4962.311854327229 64.69
1970 4962.027407162514 64.7
1971 4965.119327253273 64.71000000000001
1972 4967.044565656853 64.72
1973 4978.02418693011 64.73
1974 4973.633470578796 64.73999999999999
1975 4978.04512046023 64.75
1976 4974.891735052565 64.76000000000001
1977 4980.890178204732 64.77
1978 4981.645953183245 64.78
1979 4984.364652006134 64.79000000000001
1980 4985.089927214576 64.8
1981 4984.469299341252 64.81
1982 4982.611016211155 64.81999999999999
1983 4984.347537831505 64.83
1984 4986.047537401156 64.84
1985 4986.922130958405 64.84999999999999
1986 4986.629606948485 64.86
1987 4986.999276922301 64.87
1988 4985.251660440062 64.88
1989 4983.786165152312 64.89
1990 4985.909827503492 64.90000000000001
1991 4983.03561274067 64.91
1992 4982.122051387073 64.92
1993 4985.57564669926 64.93000000000001
1994 4984.327485190694 64.94
1995 4984.242461946469 64.95
1996 4983.706818534668 64.96000000000001
1997 4987.23445213299 64.97
1998 4987.555147690442 64.98
1999 4987.622308370673 64.98999999999999
2000 4988.796234927754 65
